[DEBUG] 2019-05-04 18:05:52.583 [http-nio-8080-exec-2] SignInUser - User:gbitzer
[DEBUG] 2019-05-04 18:05:54.432 [http-nio-8080-exec-2] GenericDao - Searching for ** with userName = null
[DEBUG] 2019-05-04 18:14:10.213 [http-nio-8080-exec-1] SignInUser - User:gbitzer
[DEBUG] 2019-05-04 18:14:12.229 [http-nio-8080-exec-1] GenericDao - Searching for ** with userName = gbitzer
[DEBUG] 2019-05-04 18:14:12.460 [http-nio-8080-exec-1] PlayerInfo - current user steamId : 4765894
[DEBUG] 2019-05-04 18:14:13.306 [http-nio-8080-exec-1] PlayerInfo - current user steamId : 4765894
[DEBUG] 2019-05-04 18:19:17.921 [http-nio-8080-exec-1] SignInUser - User:gbitzer
[DEBUG] 2019-05-04 18:19:19.706 [http-nio-8080-exec-1] GenericDao - Searching for ** with userName = gbitzer
[DEBUG] 2019-05-04 18:19:19.917 [http-nio-8080-exec-1] PlayerInfo - current user steamId : 4765894
[DEBUG] 2019-05-04 18:19:20.762 [http-nio-8080-exec-1] PlayerInfo - current user steamId : 4765894
[DEBUG] 2019-05-04 18:19:35.872 [http-nio-8080-exec-7] SignInUser - User:gbitzer
[DEBUG] 2019-05-04 18:19:35.873 [http-nio-8080-exec-7] GenericDao - Searching for ** with userName = gbitzer
[DEBUG] 2019-05-04 18:19:35.881 [http-nio-8080-exec-7] PlayerInfo - current user steamId : 4765894
[DEBUG] 2019-05-04 18:19:36.138 [http-nio-8080-exec-7] PlayerInfo - current user steamId : 4765894
[DEBUG] 2019-05-05 10:45:31.799 [http-nio-8080-exec-1] SignInUser - User:gbitzer
[DEBUG] 2019-05-05 10:45:35.323 [http-nio-8080-exec-1] GenericDao - Searching for ** with userName = gbitzer
[DEBUG] 2019-05-05 10:45:35.604 [http-nio-8080-exec-1] PlayerInfo - current user steamId : 4765894
[DEBUG] 2019-05-05 10:45:36.608 [http-nio-8080-exec-1] PlayerInfo - current user steamId : 4765894
[DEBUG] 2019-05-05 10:56:05.442 [http-nio-8080-exec-3] GenericDao - Searching for ** with username = gbitzer
[DEBUG] 2019-05-05 10:57:10.969 [http-nio-8080-exec-3] GenericDao - Searching for ** with user_name = gbitzer
[DEBUG] 2019-05-05 10:58:29.644 [http-nio-8080-exec-2] GenericDao - Searching for ** with userName = gbitzer
[DEBUG] 2019-05-05 10:59:22.926 [http-nio-8080-exec-3] GenericDao - Searching for ** with userName = gbitzer
[DEBUG] 2019-05-05 11:00:29.331 [http-nio-8080-exec-6] GenericDao - Searching for ** with userName = gbitzer
[DEBUG] 2019-05-05 11:07:18.559 [http-nio-8080-exec-3] GenericDao - Searching for ** with userName = gbitzer
[DEBUG] 2019-05-05 11:13:19.717 [http-nio-8080-exec-1] GenericDao - Searching for ** with userName = gbitzer
[DEBUG] 2019-05-05 12:24:46.614 [http-nio-8080-exec-2] GenericDao - Searching for ** with role = admin
[DEBUG] 2019-05-05 12:24:46.639 [http-nio-8080-exec-2] GenericDao - Searching for ** with role = admin
[DEBUG] 2019-05-05 12:24:46.643 [http-nio-8080-exec-2] GenericDao - Searching for ** with role = admin
[DEBUG] 2019-05-05 12:24:46.648 [http-nio-8080-exec-2] GenericDao - Searching for ** with role = admin
[DEBUG] 2019-05-05 12:24:46.652 [http-nio-8080-exec-2] GenericDao - Searching for ** with role = admin
[DEBUG] 2019-05-05 12:24:46.655 [http-nio-8080-exec-2] GenericDao - Searching for ** with role = admin
[DEBUG] 2019-05-05 12:24:46.660 [http-nio-8080-exec-2] GenericDao - Searching for ** with role = admin
[DEBUG] 2019-05-05 12:29:52.667 [http-nio-8080-exec-3] GenericDao - Searching for ** with role = admin
[DEBUG] 2019-05-05 12:29:52.687 [http-nio-8080-exec-3] GenericDao - Searching for ** with role = admin
[DEBUG] 2019-05-05 12:29:52.691 [http-nio-8080-exec-3] GenericDao - Searching for ** with role = admin
[DEBUG] 2019-05-05 12:29:52.695 [http-nio-8080-exec-3] GenericDao - Searching for ** with role = admin
[DEBUG] 2019-05-05 12:29:52.699 [http-nio-8080-exec-3] GenericDao - Searching for ** with role = admin
[DEBUG] 2019-05-05 12:29:52.703 [http-nio-8080-exec-3] GenericDao - Searching for ** with role = admin
[DEBUG] 2019-05-05 12:29:52.707 [http-nio-8080-exec-3] GenericDao - Searching for ** with role = admin
[DEBUG] 2019-05-05 12:32:18.828 [http-nio-8080-exec-2] GenericDao - Searching for ** with role = admin
[DEBUG] 2019-05-05 12:32:18.850 [http-nio-8080-exec-2] GenericDao - Searching for ** with role = admin
[DEBUG] 2019-05-05 12:32:18.854 [http-nio-8080-exec-2] GenericDao - Searching for ** with role = admin
[DEBUG] 2019-05-05 12:32:18.860 [http-nio-8080-exec-2] GenericDao - Searching for ** with role = admin
[DEBUG] 2019-05-05 12:32:18.865 [http-nio-8080-exec-2] GenericDao - Searching for ** with role = admin
[DEBUG] 2019-05-05 12:32:18.873 [http-nio-8080-exec-2] GenericDao - Searching for ** with role = admin
[DEBUG] 2019-05-05 12:32:18.882 [http-nio-8080-exec-2] GenericDao - Searching for ** with role = admin
[DEBUG] 2019-05-05 12:33:26.327 [http-nio-8080-exec-3] GenericDao - Searching for ** with role = admin
[DEBUG] 2019-05-05 12:33:26.367 [http-nio-8080-exec-3] GenericDao - Searching for ** with role = admin
[DEBUG] 2019-05-05 12:33:26.376 [http-nio-8080-exec-3] GenericDao - Searching for ** with role = admin
[DEBUG] 2019-05-05 12:33:26.382 [http-nio-8080-exec-3] GenericDao - Searching for ** with role = admin
[DEBUG] 2019-05-05 12:33:26.388 [http-nio-8080-exec-3] GenericDao - Searching for ** with role = admin
[DEBUG] 2019-05-05 12:33:26.393 [http-nio-8080-exec-3] GenericDao - Searching for ** with role = admin
[DEBUG] 2019-05-05 12:33:26.399 [http-nio-8080-exec-3] GenericDao - Searching for ** with role = admin
[DEBUG] 2019-05-05 12:36:07.464 [http-nio-8080-exec-3] GenericDao - Searching for ** with role = admin
[DEBUG] 2019-05-05 12:36:07.498 [http-nio-8080-exec-3] GenericDao - Searching for ** with role = admin
[DEBUG] 2019-05-05 12:36:07.525 [http-nio-8080-exec-3] GenericDao - Searching for ** with role = admin
[DEBUG] 2019-05-05 12:36:07.536 [http-nio-8080-exec-3] GenericDao - Searching for ** with role = admin
[DEBUG] 2019-05-05 12:36:07.554 [http-nio-8080-exec-3] GenericDao - Searching for ** with role = admin
[DEBUG] 2019-05-05 12:36:07.565 [http-nio-8080-exec-3] GenericDao - Searching for ** with role = admin
[DEBUG] 2019-05-05 12:36:07.578 [http-nio-8080-exec-3] GenericDao - Searching for ** with role = admin
[DEBUG] 2019-05-05 12:37:46.395 [http-nio-8080-exec-4] GenericDao - Searching for ** with role = admin
[DEBUG] 2019-05-05 12:37:46.452 [http-nio-8080-exec-4] GenericDao - Searching for ** with role = admin
[DEBUG] 2019-05-05 12:37:46.460 [http-nio-8080-exec-4] GenericDao - Searching for ** with role = admin
[DEBUG] 2019-05-05 12:37:46.467 [http-nio-8080-exec-4] GenericDao - Searching for ** with role = admin
[DEBUG] 2019-05-05 12:37:46.474 [http-nio-8080-exec-4] GenericDao - Searching for ** with role = admin
[DEBUG] 2019-05-05 12:37:46.480 [http-nio-8080-exec-4] GenericDao - Searching for ** with role = admin
[DEBUG] 2019-05-05 12:37:46.486 [http-nio-8080-exec-4] GenericDao - Searching for ** with role = admin
[DEBUG] 2019-05-05 12:38:28.850 [http-nio-8080-exec-2] GenericDao - Searching for ** with role = admin
[DEBUG] 2019-05-05 12:38:28.872 [http-nio-8080-exec-2] GenericDao - Searching for ** with role = admin
[DEBUG] 2019-05-05 12:38:28.877 [http-nio-8080-exec-2] GenericDao - Searching for ** with role = admin
[DEBUG] 2019-05-05 12:38:28.881 [http-nio-8080-exec-2] GenericDao - Searching for ** with role = admin
[DEBUG] 2019-05-05 12:38:28.886 [http-nio-8080-exec-2] GenericDao - Searching for ** with role = admin
[DEBUG] 2019-05-05 12:38:28.890 [http-nio-8080-exec-2] GenericDao - Searching for ** with role = admin
[DEBUG] 2019-05-05 12:38:28.895 [http-nio-8080-exec-2] GenericDao - Searching for ** with role = admin
[DEBUG] 2019-05-05 12:59:05.232 [http-nio-8080-exec-2] GenericDao - Searching for ** with role = admin
[DEBUG] 2019-05-05 12:59:05.255 [http-nio-8080-exec-2] GenericDao - Searching for ** with role = admin
[DEBUG] 2019-05-05 12:59:05.260 [http-nio-8080-exec-2] GenericDao - Searching for ** with role = admin
[DEBUG] 2019-05-05 12:59:05.264 [http-nio-8080-exec-2] GenericDao - Searching for ** with role = admin
[DEBUG] 2019-05-05 12:59:05.269 [http-nio-8080-exec-2] GenericDao - Searching for ** with role = admin
[DEBUG] 2019-05-05 12:59:05.273 [http-nio-8080-exec-2] GenericDao - Searching for ** with role = admin
[DEBUG] 2019-05-05 12:59:05.279 [http-nio-8080-exec-2] GenericDao - Searching for ** with role = admin
[DEBUG] 2019-05-05 13:15:35.271 [http-nio-8080-exec-2] GenericDao - Searching for ** with role = admin
[DEBUG] 2019-05-05 13:15:35.293 [http-nio-8080-exec-2] GenericDao - Searching for ** with role = admin
[DEBUG] 2019-05-05 13:15:35.297 [http-nio-8080-exec-2] GenericDao - Searching for ** with role = admin
[DEBUG] 2019-05-05 13:15:35.301 [http-nio-8080-exec-2] GenericDao - Searching for ** with role = admin
[DEBUG] 2019-05-05 13:15:35.305 [http-nio-8080-exec-2] GenericDao - Searching for ** with role = admin
[DEBUG] 2019-05-05 13:15:35.309 [http-nio-8080-exec-2] GenericDao - Searching for ** with role = admin
[DEBUG] 2019-05-05 13:15:35.313 [http-nio-8080-exec-2] GenericDao - Searching for ** with role = admin
[DEBUG] 2019-05-05 13:17:14.570 [http-nio-8080-exec-2] GenericDao - Searching for ** with role = admin
[DEBUG] 2019-05-05 13:17:14.591 [http-nio-8080-exec-2] GenericDao - Searching for ** with role = admin
[DEBUG] 2019-05-05 13:17:14.595 [http-nio-8080-exec-2] GenericDao - Searching for ** with role = admin
[DEBUG] 2019-05-05 13:17:14.599 [http-nio-8080-exec-2] GenericDao - Searching for ** with role = admin
[DEBUG] 2019-05-05 13:17:14.603 [http-nio-8080-exec-2] GenericDao - Searching for ** with role = admin
[DEBUG] 2019-05-05 13:17:14.606 [http-nio-8080-exec-2] GenericDao - Searching for ** with role = admin
[DEBUG] 2019-05-05 13:17:14.610 [http-nio-8080-exec-2] GenericDao - Searching for ** with role = admin
[DEBUG] 2019-05-05 13:19:10.390 [http-nio-8080-exec-1] GenericDao - Searching for ** with role = admin
[DEBUG] 2019-05-05 13:19:10.413 [http-nio-8080-exec-1] GenericDao - Searching for ** with role = admin
[DEBUG] 2019-05-05 13:19:10.417 [http-nio-8080-exec-1] GenericDao - Searching for ** with role = admin
[DEBUG] 2019-05-05 13:19:10.421 [http-nio-8080-exec-1] GenericDao - Searching for ** with role = admin
[DEBUG] 2019-05-05 13:19:10.425 [http-nio-8080-exec-1] GenericDao - Searching for ** with role = admin
[DEBUG] 2019-05-05 13:19:10.429 [http-nio-8080-exec-1] GenericDao - Searching for ** with role = admin
[DEBUG] 2019-05-05 13:19:10.433 [http-nio-8080-exec-1] GenericDao - Searching for ** with role = admin
[DEBUG] 2019-05-05 13:19:15.989 [http-nio-8080-exec-4] GenericDao - Searching for ** with userName = test
