[DEBUG] 2019-03-03 19:58:48.960 [main] IntegratorServiceImpl - Adding Integrator [org.hibernate.cfg.beanvalidation.BeanValidationIntegrator].
[DEBUG] 2019-03-03 19:58:48.965 [main] IntegratorServiceImpl - Adding Integrator [org.hibernate.secure.spi.JaccIntegrator].
[DEBUG] 2019-03-03 19:58:48.968 [main] IntegratorServiceImpl - Adding Integrator [org.hibernate.cache.internal.CollectionCacheInvalidator].
[INFO ] 2019-03-03 19:58:49.052 [main] Version - HHH000412: Hibernate Core {5.2.12.Final}
[INFO ] 2019-03-03 19:58:49.057 [main] Environment - HHH000206: hibernate.properties not found
[DEBUG] 2019-03-03 19:58:49.095 [main] LocalXmlResourceResolver - Interpreting public/system identifier : [-//Hibernate/Hibernate Configuration DTD//EN] - [http://www.hibernate.org/dtd/hibernate-configuration-3.0.dtd]
[DEBUG] 2019-03-03 19:58:49.095 [main] LocalXmlResourceResolver - Recognized hibernate-configuration identifier; attempting to resolve on classpath under org/hibernate/
[DEBUG] 2019-03-03 19:58:49.099 [main] JaxbCfgProcessor - cfg.xml document did not define namespaces; wrapping in custom event reader to introduce namespace information
[DEBUG] 2019-03-03 19:58:49.219 [main] ServiceBinding - Overriding existing service binding [org.hibernate.secure.spi.JaccService]
[DEBUG] 2019-03-03 19:58:49.235 [main] RegionFactoryInitiator - Cache region factory : org.hibernate.cache.internal.NoCachingRegionFactory
[INFO ] 2019-03-03 19:58:49.241 [main] Version - HCANN000001: Hibernate Commons Annotations {5.0.1.Final}
[DEBUG] 2019-03-03 19:58:49.258 [main] BasicTypeRegistry - Adding type registration boolean -> org.hibernate.type.BooleanType@446a1e84
[DEBUG] 2019-03-03 19:58:49.258 [main] BasicTypeRegistry - Adding type registration boolean -> org.hibernate.type.BooleanType@446a1e84
[DEBUG] 2019-03-03 19:58:49.258 [main] BasicTypeRegistry - Adding type registration java.lang.Boolean -> org.hibernate.type.BooleanType@446a1e84
[DEBUG] 2019-03-03 19:58:49.258 [main] BasicTypeRegistry - Adding type registration numeric_boolean -> org.hibernate.type.NumericBooleanType@7139992f
[DEBUG] 2019-03-03 19:58:49.259 [main] BasicTypeRegistry - Adding type registration true_false -> org.hibernate.type.TrueFalseType@57db2b13
[DEBUG] 2019-03-03 19:58:49.260 [main] BasicTypeRegistry - Adding type registration yes_no -> org.hibernate.type.YesNoType@5c7bfdc1
[DEBUG] 2019-03-03 19:58:49.261 [main] BasicTypeRegistry - Adding type registration byte -> org.hibernate.type.ByteType@6a4f1a55
[DEBUG] 2019-03-03 19:58:49.261 [main] BasicTypeRegistry - Adding type registration byte -> org.hibernate.type.ByteType@6a4f1a55
[DEBUG] 2019-03-03 19:58:49.261 [main] BasicTypeRegistry - Adding type registration java.lang.Byte -> org.hibernate.type.ByteType@6a4f1a55
[DEBUG] 2019-03-03 19:58:49.267 [main] BasicTypeRegistry - Adding type registration character -> org.hibernate.type.CharacterType@7d3e8655
[DEBUG] 2019-03-03 19:58:49.267 [main] BasicTypeRegistry - Adding type registration char -> org.hibernate.type.CharacterType@7d3e8655
[DEBUG] 2019-03-03 19:58:49.267 [main] BasicTypeRegistry - Adding type registration java.lang.Character -> org.hibernate.type.CharacterType@7d3e8655
[DEBUG] 2019-03-03 19:58:49.268 [main] BasicTypeRegistry - Adding type registration short -> org.hibernate.type.ShortType@46d59067
[DEBUG] 2019-03-03 19:58:49.269 [main] BasicTypeRegistry - Adding type registration short -> org.hibernate.type.ShortType@46d59067
[DEBUG] 2019-03-03 19:58:49.269 [main] BasicTypeRegistry - Adding type registration java.lang.Short -> org.hibernate.type.ShortType@46d59067
[DEBUG] 2019-03-03 19:58:49.269 [main] BasicTypeRegistry - Adding type registration integer -> org.hibernate.type.IntegerType@5dafbe45
[DEBUG] 2019-03-03 19:58:49.269 [main] BasicTypeRegistry - Adding type registration int -> org.hibernate.type.IntegerType@5dafbe45
[DEBUG] 2019-03-03 19:58:49.269 [main] BasicTypeRegistry - Adding type registration java.lang.Integer -> org.hibernate.type.IntegerType@5dafbe45
[DEBUG] 2019-03-03 19:58:49.270 [main] BasicTypeRegistry - Adding type registration long -> org.hibernate.type.LongType@12591ac8
[DEBUG] 2019-03-03 19:58:49.271 [main] BasicTypeRegistry - Adding type registration long -> org.hibernate.type.LongType@12591ac8
[DEBUG] 2019-03-03 19:58:49.271 [main] BasicTypeRegistry - Adding type registration java.lang.Long -> org.hibernate.type.LongType@12591ac8
[DEBUG] 2019-03-03 19:58:49.272 [main] BasicTypeRegistry - Adding type registration float -> org.hibernate.type.FloatType@1e4f4a5c
[DEBUG] 2019-03-03 19:58:49.272 [main] BasicTypeRegistry - Adding type registration float -> org.hibernate.type.FloatType@1e4f4a5c
[DEBUG] 2019-03-03 19:58:49.272 [main] BasicTypeRegistry - Adding type registration java.lang.Float -> org.hibernate.type.FloatType@1e4f4a5c
[DEBUG] 2019-03-03 19:58:49.273 [main] BasicTypeRegistry - Adding type registration double -> org.hibernate.type.DoubleType@660acfb
[DEBUG] 2019-03-03 19:58:49.273 [main] BasicTypeRegistry - Adding type registration double -> org.hibernate.type.DoubleType@660acfb
[DEBUG] 2019-03-03 19:58:49.273 [main] BasicTypeRegistry - Adding type registration java.lang.Double -> org.hibernate.type.DoubleType@660acfb
[DEBUG] 2019-03-03 19:58:49.274 [main] BasicTypeRegistry - Adding type registration big_decimal -> org.hibernate.type.BigDecimalType@6e2aa843
[DEBUG] 2019-03-03 19:58:49.274 [main] BasicTypeRegistry - Adding type registration java.math.BigDecimal -> org.hibernate.type.BigDecimalType@6e2aa843
[DEBUG] 2019-03-03 19:58:49.275 [main] BasicTypeRegistry - Adding type registration big_integer -> org.hibernate.type.BigIntegerType@700fb871
[DEBUG] 2019-03-03 19:58:49.275 [main] BasicTypeRegistry - Adding type registration java.math.BigInteger -> org.hibernate.type.BigIntegerType@700fb871
[DEBUG] 2019-03-03 19:58:49.275 [main] BasicTypeRegistry - Adding type registration string -> org.hibernate.type.StringType@565f390
[DEBUG] 2019-03-03 19:58:49.277 [main] BasicTypeRegistry - Adding type registration java.lang.String -> org.hibernate.type.StringType@565f390
[DEBUG] 2019-03-03 19:58:49.278 [main] BasicTypeRegistry - Adding type registration nstring -> org.hibernate.type.StringNVarcharType@49b2a47d
[DEBUG] 2019-03-03 19:58:49.279 [main] BasicTypeRegistry - Adding type registration ncharacter -> org.hibernate.type.CharacterNCharType@642a7222
[DEBUG] 2019-03-03 19:58:49.279 [main] BasicTypeRegistry - Adding type registration url -> org.hibernate.type.UrlType@147e2ae7
[DEBUG] 2019-03-03 19:58:49.279 [main] BasicTypeRegistry - Adding type registration java.net.URL -> org.hibernate.type.UrlType@147e2ae7
[DEBUG] 2019-03-03 19:58:49.280 [main] BasicTypeRegistry - Adding type registration Duration -> org.hibernate.type.DurationType@503f91c3
[DEBUG] 2019-03-03 19:58:49.280 [main] BasicTypeRegistry - Adding type registration java.time.Duration -> org.hibernate.type.DurationType@503f91c3
[DEBUG] 2019-03-03 19:58:49.293 [main] BasicTypeRegistry - Adding type registration Instant -> org.hibernate.type.InstantType@50f6ac94
[DEBUG] 2019-03-03 19:58:49.293 [main] BasicTypeRegistry - Adding type registration java.time.Instant -> org.hibernate.type.InstantType@50f6ac94
[DEBUG] 2019-03-03 19:58:49.294 [main] BasicTypeRegistry - Adding type registration LocalDateTime -> org.hibernate.type.LocalDateTimeType@5038d0b5
[DEBUG] 2019-03-03 19:58:49.294 [main] BasicTypeRegistry - Adding type registration java.time.LocalDateTime -> org.hibernate.type.LocalDateTimeType@5038d0b5
[DEBUG] 2019-03-03 19:58:49.295 [main] BasicTypeRegistry - Adding type registration LocalDate -> org.hibernate.type.LocalDateType@61710c6
[DEBUG] 2019-03-03 19:58:49.296 [main] BasicTypeRegistry - Adding type registration java.time.LocalDate -> org.hibernate.type.LocalDateType@61710c6
[DEBUG] 2019-03-03 19:58:49.297 [main] BasicTypeRegistry - Adding type registration LocalTime -> org.hibernate.type.LocalTimeType@5f9edf14
[DEBUG] 2019-03-03 19:58:49.297 [main] BasicTypeRegistry - Adding type registration java.time.LocalTime -> org.hibernate.type.LocalTimeType@5f9edf14
[DEBUG] 2019-03-03 19:58:49.298 [main] BasicTypeRegistry - Adding type registration OffsetDateTime -> org.hibernate.type.OffsetDateTimeType@a8ef162
[DEBUG] 2019-03-03 19:58:49.298 [main] BasicTypeRegistry - Adding type registration java.time.OffsetDateTime -> org.hibernate.type.OffsetDateTimeType@a8ef162
[DEBUG] 2019-03-03 19:58:49.299 [main] BasicTypeRegistry - Adding type registration OffsetTime -> org.hibernate.type.OffsetTimeType@78fa769e
[DEBUG] 2019-03-03 19:58:49.299 [main] BasicTypeRegistry - Adding type registration java.time.OffsetTime -> org.hibernate.type.OffsetTimeType@78fa769e
[DEBUG] 2019-03-03 19:58:49.301 [main] BasicTypeRegistry - Adding type registration ZonedDateTime -> org.hibernate.type.ZonedDateTimeType@34129c78
[DEBUG] 2019-03-03 19:58:49.301 [main] BasicTypeRegistry - Adding type registration java.time.ZonedDateTime -> org.hibernate.type.ZonedDateTimeType@34129c78
[DEBUG] 2019-03-03 19:58:49.302 [main] BasicTypeRegistry - Adding type registration date -> org.hibernate.type.DateType@7283d3eb
[DEBUG] 2019-03-03 19:58:49.303 [main] BasicTypeRegistry - Adding type registration java.sql.Date -> org.hibernate.type.DateType@7283d3eb
[DEBUG] 2019-03-03 19:58:49.303 [main] BasicTypeRegistry - Adding type registration time -> org.hibernate.type.TimeType@47c81abf
[DEBUG] 2019-03-03 19:58:49.303 [main] BasicTypeRegistry - Adding type registration java.sql.Time -> org.hibernate.type.TimeType@47c81abf
[DEBUG] 2019-03-03 19:58:49.304 [main] BasicTypeRegistry - Adding type registration timestamp -> org.hibernate.type.TimestampType@3cce57c7
[DEBUG] 2019-03-03 19:58:49.304 [main] BasicTypeRegistry - Adding type registration java.sql.Timestamp -> org.hibernate.type.TimestampType@3cce57c7
[DEBUG] 2019-03-03 19:58:49.304 [main] BasicTypeRegistry - Adding type registration java.util.Date -> org.hibernate.type.TimestampType@3cce57c7
[DEBUG] 2019-03-03 19:58:49.306 [main] BasicTypeRegistry - Adding type registration dbtimestamp -> org.hibernate.type.DbTimestampType@4c5ae43b
[DEBUG] 2019-03-03 19:58:49.306 [main] BasicTypeRegistry - Adding type registration calendar -> org.hibernate.type.CalendarType@b86de0d
[DEBUG] 2019-03-03 19:58:49.306 [main] BasicTypeRegistry - Adding type registration java.util.Calendar -> org.hibernate.type.CalendarType@b86de0d
[DEBUG] 2019-03-03 19:58:49.306 [main] BasicTypeRegistry - Adding type registration java.util.GregorianCalendar -> org.hibernate.type.CalendarType@b86de0d
[DEBUG] 2019-03-03 19:58:49.307 [main] BasicTypeRegistry - Adding type registration calendar_date -> org.hibernate.type.CalendarDateType@1169afe1
[DEBUG] 2019-03-03 19:58:49.308 [main] BasicTypeRegistry - Adding type registration locale -> org.hibernate.type.LocaleType@13df2a8c
[DEBUG] 2019-03-03 19:58:49.308 [main] BasicTypeRegistry - Adding type registration java.util.Locale -> org.hibernate.type.LocaleType@13df2a8c
[DEBUG] 2019-03-03 19:58:49.309 [main] BasicTypeRegistry - Adding type registration currency -> org.hibernate.type.CurrencyType@163370c2
[DEBUG] 2019-03-03 19:58:49.309 [main] BasicTypeRegistry - Adding type registration java.util.Currency -> org.hibernate.type.CurrencyType@163370c2
[DEBUG] 2019-03-03 19:58:49.309 [main] BasicTypeRegistry - Adding type registration timezone -> org.hibernate.type.TimeZoneType@13d9cbf5
[DEBUG] 2019-03-03 19:58:49.309 [main] BasicTypeRegistry - Adding type registration java.util.TimeZone -> org.hibernate.type.TimeZoneType@13d9cbf5
[DEBUG] 2019-03-03 19:58:49.310 [main] BasicTypeRegistry - Adding type registration class -> org.hibernate.type.ClassType@7b50df34
[DEBUG] 2019-03-03 19:58:49.310 [main] BasicTypeRegistry - Adding type registration java.lang.Class -> org.hibernate.type.ClassType@7b50df34
[DEBUG] 2019-03-03 19:58:49.311 [main] BasicTypeRegistry - Adding type registration uuid-binary -> org.hibernate.type.UUIDBinaryType@452e19ca
[DEBUG] 2019-03-03 19:58:49.311 [main] BasicTypeRegistry - Adding type registration java.util.UUID -> org.hibernate.type.UUIDBinaryType@452e19ca
[DEBUG] 2019-03-03 19:58:49.312 [main] BasicTypeRegistry - Adding type registration uuid-char -> org.hibernate.type.UUIDCharType@3cfdd820
[DEBUG] 2019-03-03 19:58:49.313 [main] BasicTypeRegistry - Adding type registration binary -> org.hibernate.type.BinaryType@dc9876b
[DEBUG] 2019-03-03 19:58:49.313 [main] BasicTypeRegistry - Adding type registration byte[] -> org.hibernate.type.BinaryType@dc9876b
[DEBUG] 2019-03-03 19:58:49.313 [main] BasicTypeRegistry - Adding type registration [B -> org.hibernate.type.BinaryType@dc9876b
[DEBUG] 2019-03-03 19:58:49.313 [main] BasicTypeRegistry - Adding type registration wrapper-binary -> org.hibernate.type.WrapperBinaryType@57a3e26a
[DEBUG] 2019-03-03 19:58:49.313 [main] BasicTypeRegistry - Adding type registration Byte[] -> org.hibernate.type.WrapperBinaryType@57a3e26a
[DEBUG] 2019-03-03 19:58:49.313 [main] BasicTypeRegistry - Adding type registration [Ljava.lang.Byte; -> org.hibernate.type.WrapperBinaryType@57a3e26a
[DEBUG] 2019-03-03 19:58:49.314 [main] BasicTypeRegistry - Adding type registration row_version -> org.hibernate.type.RowVersionType@3b5fad2d
[DEBUG] 2019-03-03 19:58:49.315 [main] BasicTypeRegistry - Adding type registration image -> org.hibernate.type.ImageType@74f6c5d8
[DEBUG] 2019-03-03 19:58:49.315 [main] BasicTypeRegistry - Adding type registration characters -> org.hibernate.type.CharArrayType@4bbf6d0e
[DEBUG] 2019-03-03 19:58:49.315 [main] BasicTypeRegistry - Adding type registration char[] -> org.hibernate.type.CharArrayType@4bbf6d0e
[DEBUG] 2019-03-03 19:58:49.315 [main] BasicTypeRegistry - Adding type registration [C -> org.hibernate.type.CharArrayType@4bbf6d0e
[DEBUG] 2019-03-03 19:58:49.316 [main] BasicTypeRegistry - Adding type registration wrapper-characters -> org.hibernate.type.CharacterArrayType@13bc8645
[DEBUG] 2019-03-03 19:58:49.316 [main] BasicTypeRegistry - Adding type registration [Ljava.lang.Character; -> org.hibernate.type.CharacterArrayType@13bc8645
[DEBUG] 2019-03-03 19:58:49.316 [main] BasicTypeRegistry - Adding type registration Character[] -> org.hibernate.type.CharacterArrayType@13bc8645
[DEBUG] 2019-03-03 19:58:49.317 [main] BasicTypeRegistry - Adding type registration text -> org.hibernate.type.TextType@1890516e
[DEBUG] 2019-03-03 19:58:49.317 [main] BasicTypeRegistry - Adding type registration ntext -> org.hibernate.type.NTextType@26adfd2d
[DEBUG] 2019-03-03 19:58:49.320 [main] BasicTypeRegistry - Adding type registration blob -> org.hibernate.type.BlobType@23202fce
[DEBUG] 2019-03-03 19:58:49.320 [main] BasicTypeRegistry - Adding type registration java.sql.Blob -> org.hibernate.type.BlobType@23202fce
[DEBUG] 2019-03-03 19:58:49.320 [main] BasicTypeRegistry - Adding type registration materialized_blob -> org.hibernate.type.MaterializedBlobType@6f1c29b7
[DEBUG] 2019-03-03 19:58:49.323 [main] BasicTypeRegistry - Adding type registration clob -> org.hibernate.type.ClobType@5f77d0f9
[DEBUG] 2019-03-03 19:58:49.323 [main] BasicTypeRegistry - Adding type registration java.sql.Clob -> org.hibernate.type.ClobType@5f77d0f9
[DEBUG] 2019-03-03 19:58:49.325 [main] BasicTypeRegistry - Adding type registration nclob -> org.hibernate.type.NClobType@4d518b32
[DEBUG] 2019-03-03 19:58:49.325 [main] BasicTypeRegistry - Adding type registration java.sql.NClob -> org.hibernate.type.NClobType@4d518b32
[DEBUG] 2019-03-03 19:58:49.326 [main] BasicTypeRegistry - Adding type registration materialized_clob -> org.hibernate.type.MaterializedClobType@329dbdbf
[DEBUG] 2019-03-03 19:58:49.326 [main] BasicTypeRegistry - Adding type registration materialized_nclob -> org.hibernate.type.MaterializedNClobType@4ef782af
[DEBUG] 2019-03-03 19:58:49.327 [main] BasicTypeRegistry - Adding type registration serializable -> org.hibernate.type.SerializableType@12299890
[DEBUG] 2019-03-03 19:58:49.329 [main] BasicTypeRegistry - Adding type registration object -> org.hibernate.type.ObjectType@51c693d
[DEBUG] 2019-03-03 19:58:49.329 [main] BasicTypeRegistry - Adding type registration java.lang.Object -> org.hibernate.type.ObjectType@51c693d
[DEBUG] 2019-03-03 19:58:49.329 [main] BasicTypeRegistry - Adding type registration imm_date -> org.hibernate.type.AdaptedImmutableType@4e07b95f
[DEBUG] 2019-03-03 19:58:49.329 [main] BasicTypeRegistry - Adding type registration imm_time -> org.hibernate.type.AdaptedImmutableType@28b46423
[DEBUG] 2019-03-03 19:58:49.329 [main] BasicTypeRegistry - Adding type registration imm_timestamp -> org.hibernate.type.AdaptedImmutableType@7fc4780b
[DEBUG] 2019-03-03 19:58:49.329 [main] BasicTypeRegistry - Adding type registration imm_dbtimestamp -> org.hibernate.type.AdaptedImmutableType@3b79fd76
[DEBUG] 2019-03-03 19:58:49.329 [main] BasicTypeRegistry - Adding type registration imm_calendar -> org.hibernate.type.AdaptedImmutableType@48c76607
[DEBUG] 2019-03-03 19:58:49.329 [main] BasicTypeRegistry - Adding type registration imm_calendar_date -> org.hibernate.type.AdaptedImmutableType@43599640
[DEBUG] 2019-03-03 19:58:49.329 [main] BasicTypeRegistry - Adding type registration imm_binary -> org.hibernate.type.AdaptedImmutableType@1f81aa00
[DEBUG] 2019-03-03 19:58:49.330 [main] BasicTypeRegistry - Adding type registration imm_serializable -> org.hibernate.type.AdaptedImmutableType@6b6776cb
[INFO ] 2019-03-03 19:58:49.374 [main] C3P0ConnectionProvider - HHH010002: C3P0 using driver: com.mysql.jdbc.Driver at URL: jdbc:mysql://localhost:3306/testDotaStats
[INFO ] 2019-03-03 19:58:49.375 [main] C3P0ConnectionProvider - HHH10001001: Connection properties: {user=root, password=****}
[INFO ] 2019-03-03 19:58:49.375 [main] C3P0ConnectionProvider - HHH10001003: Autocommit mode: false
[INFO ] 2019-03-03 19:58:49.485 [main] C3P0ConnectionProvider - HHH10001007: JDBC isolation level: <unknown>
[DEBUG] 2019-03-03 19:58:49.809 [main] JdbcEnvironmentInitiator - Database ->
       name : MySQL
    version : 5.7.25-0ubuntu0.16.04.2
      major : 5
      minor : 7
[DEBUG] 2019-03-03 19:58:49.809 [main] JdbcEnvironmentInitiator - Driver ->
       name : MySQL Connector Java
    version : mysql-connector-java-5.1.39 ( Revision: 3289a357af6d09ecc1a10fd3c26e95183e5790ad )
      major : 5
      minor : 1
[DEBUG] 2019-03-03 19:58:49.809 [main] JdbcEnvironmentInitiator - JDBC version : 4.0
[INFO ] 2019-03-03 19:58:49.818 [main] Dialect - HHH000400: Using dialect: org.hibernate.dialect.MySQL5Dialect
[DEBUG] 2019-03-03 19:58:49.849 [main] IdentifierHelperBuilder - JDBC driver metadata reported database stores quoted identifiers in more than one case
[DEBUG] 2019-03-03 19:58:49.852 [main] IdentifierHelperBuilder - IdentifierCaseStrategy for both quoted and unquoted identifiers was set to the same strategy [MIXED]; that will likely lead to problems in schema update and validation if using quoted identifiers
[DEBUG] 2019-03-03 19:58:49.906 [main] DefaultIdentifierGeneratorFactory - Registering IdentifierGenerator strategy [uuid2] -> [org.hibernate.id.UUIDGenerator]
[DEBUG] 2019-03-03 19:58:49.907 [main] DefaultIdentifierGeneratorFactory - Registering IdentifierGenerator strategy [guid] -> [org.hibernate.id.GUIDGenerator]
[DEBUG] 2019-03-03 19:58:49.907 [main] DefaultIdentifierGeneratorFactory - Registering IdentifierGenerator strategy [uuid] -> [org.hibernate.id.UUIDHexGenerator]
[DEBUG] 2019-03-03 19:58:49.907 [main] DefaultIdentifierGeneratorFactory - Registering IdentifierGenerator strategy [uuid.hex] -> [org.hibernate.id.UUIDHexGenerator]
[DEBUG] 2019-03-03 19:58:49.909 [main] DefaultIdentifierGeneratorFactory - Registering IdentifierGenerator strategy [assigned] -> [org.hibernate.id.Assigned]
[DEBUG] 2019-03-03 19:58:49.910 [main] DefaultIdentifierGeneratorFactory - Registering IdentifierGenerator strategy [identity] -> [org.hibernate.id.IdentityGenerator]
[DEBUG] 2019-03-03 19:58:49.910 [main] DefaultIdentifierGeneratorFactory - Registering IdentifierGenerator strategy [select] -> [org.hibernate.id.SelectGenerator]
[DEBUG] 2019-03-03 19:58:49.911 [main] DefaultIdentifierGeneratorFactory - Registering IdentifierGenerator strategy [sequence] -> [org.hibernate.id.enhanced.SequenceStyleGenerator]
[DEBUG] 2019-03-03 19:58:49.912 [main] DefaultIdentifierGeneratorFactory - Registering IdentifierGenerator strategy [seqhilo] -> [org.hibernate.id.SequenceHiLoGenerator]
[DEBUG] 2019-03-03 19:58:49.912 [main] DefaultIdentifierGeneratorFactory - Registering IdentifierGenerator strategy [increment] -> [org.hibernate.id.IncrementGenerator]
[DEBUG] 2019-03-03 19:58:49.912 [main] DefaultIdentifierGeneratorFactory - Registering IdentifierGenerator strategy [foreign] -> [org.hibernate.id.ForeignGenerator]
[DEBUG] 2019-03-03 19:58:49.913 [main] DefaultIdentifierGeneratorFactory - Registering IdentifierGenerator strategy [sequence-identity] -> [org.hibernate.id.SequenceIdentityGenerator]
[DEBUG] 2019-03-03 19:58:49.913 [main] DefaultIdentifierGeneratorFactory - Registering IdentifierGenerator strategy [enhanced-sequence] -> [org.hibernate.id.enhanced.SequenceStyleGenerator]
[DEBUG] 2019-03-03 19:58:49.914 [main] DefaultIdentifierGeneratorFactory - Registering IdentifierGenerator strategy [enhanced-table] -> [org.hibernate.id.enhanced.TableGenerator]
[DEBUG] 2019-03-03 19:58:49.937 [main] Namespace - Created database namespace [logicalName=Name{catalog=null, schema=null}, physicalName=Name{catalog=null, schema=null}]
[DEBUG] 2019-03-03 19:58:49.955 [main] AnnotationBinder - Binding entity from annotated class: edu.matc.entity.User
[DEBUG] 2019-03-03 19:58:49.971 [main] Ejb3Column - Binding column: Ejb3DiscriminatorColumn{logicalColumnName'DTYPE', discriminatorTypeName='string'}
[DEBUG] 2019-03-03 19:58:49.975 [main] EntityBinder - Import with entity name User
[DEBUG] 2019-03-03 19:58:49.977 [main] EntityBinder - Bind entity edu.matc.entity.User on table users
[DEBUG] 2019-03-03 19:58:49.996 [main] Ejb3Column - Binding column: Ejb3Column{table=org.hibernate.mapping.Table(users), mappingColumn=id, insertable=true, updatable=true, unique=false}
[DEBUG] 2019-03-03 19:58:49.998 [main] PropertyBinder - MetadataSourceProcessor property id with lazy=false
[DEBUG] 2019-03-03 19:58:49.999 [main] AbstractPropertyHolder - Attempting to locate auto-apply AttributeConverter for property [edu.matc.entity.User:id]
[DEBUG] 2019-03-03 19:58:50.000 [main] SimpleValueBinder - building SimpleValue for id
[DEBUG] 2019-03-03 19:58:50.002 [main] PropertyBinder - Building property id
[DEBUG] 2019-03-03 19:58:50.005 [main] Ejb3Column - Binding column: Ejb3Column{table=org.hibernate.mapping.Table(users), mappingColumn=first_name, insertable=true, updatable=true, unique=false}
[DEBUG] 2019-03-03 19:58:50.005 [main] PropertyBinder - MetadataSourceProcessor property firstName with lazy=false
[DEBUG] 2019-03-03 19:58:50.006 [main] AbstractPropertyHolder - Attempting to locate auto-apply AttributeConverter for property [edu.matc.entity.User:firstName]
[DEBUG] 2019-03-03 19:58:50.006 [main] SimpleValueBinder - building SimpleValue for firstName
[DEBUG] 2019-03-03 19:58:50.006 [main] PropertyBinder - Building property firstName
[DEBUG] 2019-03-03 19:58:50.006 [main] Ejb3Column - Binding column: Ejb3Column{table=org.hibernate.mapping.Table(users), mappingColumn=last_name, insertable=true, updatable=true, unique=false}
[DEBUG] 2019-03-03 19:58:50.006 [main] PropertyBinder - MetadataSourceProcessor property lastName with lazy=false
[DEBUG] 2019-03-03 19:58:50.006 [main] AbstractPropertyHolder - Attempting to locate auto-apply AttributeConverter for property [edu.matc.entity.User:lastName]
[DEBUG] 2019-03-03 19:58:50.006 [main] SimpleValueBinder - building SimpleValue for lastName
[DEBUG] 2019-03-03 19:58:50.006 [main] PropertyBinder - Building property lastName
[DEBUG] 2019-03-03 19:58:50.006 [main] Ejb3Column - Binding column: Ejb3Column{table=org.hibernate.mapping.Table(users), mappingColumn=password, insertable=true, updatable=true, unique=false}
[DEBUG] 2019-03-03 19:58:50.006 [main] PropertyBinder - MetadataSourceProcessor property password with lazy=false
[DEBUG] 2019-03-03 19:58:50.006 [main] AbstractPropertyHolder - Attempting to locate auto-apply AttributeConverter for property [edu.matc.entity.User:password]
[DEBUG] 2019-03-03 19:58:50.007 [main] SimpleValueBinder - building SimpleValue for password
[DEBUG] 2019-03-03 19:58:50.007 [main] PropertyBinder - Building property password
[DEBUG] 2019-03-03 19:58:50.007 [main] Ejb3Column - Binding column: Ejb3Column{table=org.hibernate.mapping.Table(users), mappingColumn=steamid, insertable=true, updatable=true, unique=false}
[DEBUG] 2019-03-03 19:58:50.007 [main] PropertyBinder - MetadataSourceProcessor property steamID with lazy=false
[DEBUG] 2019-03-03 19:58:50.007 [main] AbstractPropertyHolder - Attempting to locate auto-apply AttributeConverter for property [edu.matc.entity.User:steamID]
[DEBUG] 2019-03-03 19:58:50.007 [main] SimpleValueBinder - building SimpleValue for steamID
[DEBUG] 2019-03-03 19:58:50.007 [main] PropertyBinder - Building property steamID
[DEBUG] 2019-03-03 19:58:50.007 [main] Ejb3Column - Binding column: Ejb3Column{table=org.hibernate.mapping.Table(users), mappingColumn=user_name, insertable=true, updatable=true, unique=false}
[DEBUG] 2019-03-03 19:58:50.007 [main] PropertyBinder - MetadataSourceProcessor property userName with lazy=false
[DEBUG] 2019-03-03 19:58:50.007 [main] AbstractPropertyHolder - Attempting to locate auto-apply AttributeConverter for property [edu.matc.entity.User:userName]
[DEBUG] 2019-03-03 19:58:50.007 [main] SimpleValueBinder - building SimpleValue for userName
[DEBUG] 2019-03-03 19:58:50.007 [main] PropertyBinder - Building property userName
[DEBUG] 2019-03-03 19:58:50.008 [main] AnnotationBinder - Binding entity from annotated class: edu.matc.entity.Role
[DEBUG] 2019-03-03 19:58:50.008 [main] Ejb3Column - Binding column: Ejb3DiscriminatorColumn{logicalColumnName'DTYPE', discriminatorTypeName='string'}
[DEBUG] 2019-03-03 19:58:50.008 [main] EntityBinder - Import with entity name Role
[DEBUG] 2019-03-03 19:58:50.008 [main] EntityBinder - Bind entity edu.matc.entity.Role on table roles
[DEBUG] 2019-03-03 19:58:50.010 [main] Ejb3Column - Binding column: Ejb3Column{table=org.hibernate.mapping.Table(roles), mappingColumn=id, insertable=true, updatable=true, unique=false}
[DEBUG] 2019-03-03 19:58:50.010 [main] PropertyBinder - MetadataSourceProcessor property id with lazy=false
[DEBUG] 2019-03-03 19:58:50.011 [main] AbstractPropertyHolder - Attempting to locate auto-apply AttributeConverter for property [edu.matc.entity.Role:id]
[DEBUG] 2019-03-03 19:58:50.011 [main] SimpleValueBinder - building SimpleValue for id
[DEBUG] 2019-03-03 19:58:50.011 [main] PropertyBinder - Building property id
[DEBUG] 2019-03-03 19:58:50.011 [main] Ejb3Column - Binding column: Ejb3Column{table=org.hibernate.mapping.Table(roles), mappingColumn=role_title, insertable=true, updatable=true, unique=false}
[DEBUG] 2019-03-03 19:58:50.011 [main] PropertyBinder - MetadataSourceProcessor property role with lazy=false
[DEBUG] 2019-03-03 19:58:50.011 [main] AbstractPropertyHolder - Attempting to locate auto-apply AttributeConverter for property [edu.matc.entity.Role:role]
[DEBUG] 2019-03-03 19:58:50.011 [main] SimpleValueBinder - building SimpleValue for role
[DEBUG] 2019-03-03 19:58:50.011 [main] PropertyBinder - Building property role
[DEBUG] 2019-03-03 19:58:50.012 [main] Ejb3Column - Binding column: Ejb3JoinColumn{logicalColumnName='null', referencedColumn='null', mappedBy='null'}
[DEBUG] 2019-03-03 19:58:50.012 [main] Ejb3Column - Binding column: Ejb3Column{table=org.hibernate.mapping.Table(roles), mappingColumn=user, insertable=true, updatable=true, unique=false}
[DEBUG] 2019-03-03 19:58:50.014 [main] PropertyBinder - Building property user
[DEBUG] 2019-03-03 19:58:50.015 [main] SimpleValueBinder - Starting fillSimpleValue for id
[DEBUG] 2019-03-03 19:58:50.015 [main] SimpleValueBinder - Starting fillSimpleValue for firstName
[DEBUG] 2019-03-03 19:58:50.015 [main] SimpleValueBinder - Starting fillSimpleValue for lastName
[DEBUG] 2019-03-03 19:58:50.015 [main] SimpleValueBinder - Starting fillSimpleValue for password
[DEBUG] 2019-03-03 19:58:50.015 [main] SimpleValueBinder - Starting fillSimpleValue for steamID
[DEBUG] 2019-03-03 19:58:50.015 [main] SimpleValueBinder - Starting fillSimpleValue for userName
[DEBUG] 2019-03-03 19:58:50.015 [main] SimpleValueBinder - Starting fillSimpleValue for id
[DEBUG] 2019-03-03 19:58:50.015 [main] SimpleValueBinder - Starting fillSimpleValue for role
[DEBUG] 2019-03-03 19:58:50.019 [main] PrimaryKey - Forcing column [id] to be non-null as it is part of the primary key for table [users]
[DEBUG] 2019-03-03 19:58:50.019 [main] PrimaryKey - Forcing column [id] to be non-null as it is part of the primary key for table [roles]
[DEBUG] 2019-03-03 19:58:50.019 [main] InFlightMetadataCollectorImpl - Resolving reference to class: edu.matc.entity.User
[DEBUG] 2019-03-03 19:58:50.021 [main] InFlightMetadataCollectorImpl - Resolving reference to class: edu.matc.entity.User
[DEBUG] 2019-03-03 19:58:50.050 [main] SessionFactoryImpl - Building session factory
[DEBUG] 2019-03-03 19:58:50.051 [main] Settings - SessionFactory name : null
[DEBUG] 2019-03-03 19:58:50.051 [main] Settings - Automatic flush during beforeCompletion(): enabled
[DEBUG] 2019-03-03 19:58:50.051 [main] Settings - Automatic session close at end of transaction: disabled
[DEBUG] 2019-03-03 19:58:50.051 [main] Settings - Statistics: disabled
[DEBUG] 2019-03-03 19:58:50.051 [main] Settings - Deleted entity synthetic identifier rollback: disabled
[DEBUG] 2019-03-03 19:58:50.051 [main] Settings - Default entity-mode: pojo
[DEBUG] 2019-03-03 19:58:50.051 [main] Settings - Check Nullability in Core (should be disabled when Bean Validation is on): enabled
[DEBUG] 2019-03-03 19:58:50.051 [main] Settings - Allow initialization of lazy state outside session : disabled
[DEBUG] 2019-03-03 19:58:50.051 [main] Settings - Using BatchFetchStyle : LEGACY
[DEBUG] 2019-03-03 19:58:50.051 [main] Settings - Default batch fetch size: -1
[DEBUG] 2019-03-03 19:58:50.051 [main] Settings - Maximum outer join fetch depth: 2
[DEBUG] 2019-03-03 19:58:50.051 [main] Settings - Default null ordering: NONE
[DEBUG] 2019-03-03 19:58:50.051 [main] Settings - Order SQL updates by primary key: disabled
[DEBUG] 2019-03-03 19:58:50.052 [main] Settings - Order SQL inserts for batching: disabled
[DEBUG] 2019-03-03 19:58:50.052 [main] Settings - multi-tenancy strategy : NONE
[DEBUG] 2019-03-03 19:58:50.052 [main] Settings - JTA Track by Thread: enabled
[DEBUG] 2019-03-03 19:58:50.052 [main] Settings - Query language substitutions: {}
[DEBUG] 2019-03-03 19:58:50.052 [main] Settings - JPA query language strict compliance: disabled
[DEBUG] 2019-03-03 19:58:50.052 [main] Settings - Named query checking : enabled
[DEBUG] 2019-03-03 19:58:50.052 [main] Settings - Second-level cache: enabled
[DEBUG] 2019-03-03 19:58:50.052 [main] Settings - Second-level query cache: disabled
[DEBUG] 2019-03-03 19:58:50.052 [main] Settings - Second-level query cache factory: org.hibernate.cache.internal.StandardQueryCacheFactory@bcec031
[DEBUG] 2019-03-03 19:58:50.052 [main] Settings - Second-level cache region prefix: null
[DEBUG] 2019-03-03 19:58:50.052 [main] Settings - Optimize second-level cache for minimal puts: disabled
[DEBUG] 2019-03-03 19:58:50.052 [main] Settings - Structured second-level cache entries: disabled
[DEBUG] 2019-03-03 19:58:50.052 [main] Settings - Second-level cache direct-reference entries: disabled
[DEBUG] 2019-03-03 19:58:50.052 [main] Settings - Automatic eviction of collection cache: disabled
[DEBUG] 2019-03-03 19:58:50.052 [main] Settings - JDBC batch size: 15
[DEBUG] 2019-03-03 19:58:50.052 [main] Settings - JDBC batch updates for versioned data: enabled
[DEBUG] 2019-03-03 19:58:50.052 [main] Settings - Scrollable result sets: enabled
[DEBUG] 2019-03-03 19:58:50.052 [main] Settings - Wrap result sets: disabled
[DEBUG] 2019-03-03 19:58:50.052 [main] Settings - JDBC3 getGeneratedKeys(): enabled
[DEBUG] 2019-03-03 19:58:50.053 [main] Settings - JDBC result set fetch size: null
[DEBUG] 2019-03-03 19:58:50.053 [main] Settings - Connection release mode: AFTER_TRANSACTION
[DEBUG] 2019-03-03 19:58:50.053 [main] Settings - Generate SQL with comments: disabled
[DEBUG] 2019-03-03 19:58:50.104 [main] SessionFactoryImpl - Session factory constructed with filter configurations : {}
[DEBUG] 2019-03-03 19:58:50.104 [main] SessionFactoryImpl - Instantiating session factory with properties: {sun.desktop=gnome, awt.toolkit=sun.awt.X11.XToolkit, file.encoding.pkg=sun.io, java.specification.version=1.8, hibernate.c3p0.idle_test_period=3000, sun.cpu.isalist=, sun.jnu.encoding=UTF-8, hibernate.c3p0.min_size=5, java.class.path=/home/student/intellij/lib/idea_rt.jar:/home/student/intellij/plugins/junit/lib/junit-rt.jar:/home/student/intellij/plugins/junit/lib/junit5-rt.jar:/usr/lib/jvm/java-8-oracle/jre/lib/charsets.jar:/usr/lib/jvm/java-8-oracle/jre/lib/deploy.jar:/usr/lib/jvm/java-8-oracle/jre/lib/ext/cldrdata.jar:/usr/lib/jvm/java-8-oracle/jre/lib/ext/dnsns.jar:/usr/lib/jvm/java-8-oracle/jre/lib/ext/jaccess.jar:/usr/lib/jvm/java-8-oracle/jre/lib/ext/jfxrt.jar:/usr/lib/jvm/java-8-oracle/jre/lib/ext/localedata.jar:/usr/lib/jvm/java-8-oracle/jre/lib/ext/nashorn.jar:/usr/lib/jvm/java-8-oracle/jre/lib/ext/sunec.jar:/usr/lib/jvm/java-8-oracle/jre/lib/ext/sunjce_provider.jar:/usr/lib/jvm/java-8-oracle/jre/lib/ext/sunpkcs11.jar:/usr/lib/jvm/java-8-oracle/jre/lib/ext/zipfs.jar:/usr/lib/jvm/java-8-oracle/jre/lib/javaws.jar:/usr/lib/jvm/java-8-oracle/jre/lib/jce.jar:/usr/lib/jvm/java-8-oracle/jre/lib/jfr.jar:/usr/lib/jvm/java-8-oracle/jre/lib/jfxswt.jar:/usr/lib/jvm/java-8-oracle/jre/lib/jsse.jar:/usr/lib/jvm/java-8-oracle/jre/lib/management-agent.jar:/usr/lib/jvm/java-8-oracle/jre/lib/plugin.jar:/usr/lib/jvm/java-8-oracle/jre/lib/resources.jar:/usr/lib/jvm/java-8-oracle/jre/lib/rt.jar:/home/student/IdeaProjects/dotaStats/target/test-classes:/home/student/IdeaProjects/dotaStats/target/classes:/home/student/.m2/repository/org/junit/jupiter/junit-jupiter-engine/5.0.0/junit-jupiter-engine-5.0.0.jar:/home/student/.m2/repository/org/apiguardian/apiguardian-api/1.0.0/apiguardian-api-1.0.0.jar:/home/student/.m2/repository/org/junit/platform/junit-platform-engine/1.0.0/junit-platform-engine-1.0.0.jar:/home/student/.m2/repository/org/junit/platform/junit-platform-commons/1.0.0/junit-platform-commons-1.0.0.jar:/home/student/.m2/repository/org/opentest4j/opentest4j/1.0.0/opentest4j-1.0.0.jar:/home/student/.m2/repository/org/junit/jupiter/junit-jupiter-api/5.0.0/junit-jupiter-api-5.0.0.jar:/home/student/.m2/repository/junit/junit/4.12/junit-4.12.jar:/home/student/.m2/repository/org/hamcrest/hamcrest-core/1.3/hamcrest-core-1.3.jar:/home/student/.m2/repository/org/junit/platform/junit-platform-runner/1.0.0/junit-platform-runner-1.0.0.jar:/home/student/.m2/repository/org/junit/platform/junit-platform-launcher/1.0.0/junit-platform-launcher-1.0.0.jar:/home/student/.m2/repository/org/junit/platform/junit-platform-suite-api/1.0.0/junit-platform-suite-api-1.0.0.jar:/home/student/.m2/repository/org/junit/vintage/junit-vintage-engine/4.12.0/junit-vintage-engine-4.12.0.jar:/home/student/.m2/repository/javax/javaee-web-api/7.0/javaee-web-api-7.0.jar:/home/student/.m2/repository/org/apache/logging/log4j/log4j-api/2.10.0/log4j-api-2.10.0.jar:/home/student/.m2/repository/org/apache/logging/log4j/log4j-core/2.10.0/log4j-core-2.10.0.jar:/home/student/.m2/repository/org/hibernate/hibernate-core/5.2.12.Final/hibernate-core-5.2.12.Final.jar:/home/student/.m2/repository/org/jboss/logging/jboss-logging/3.3.0.Final/jboss-logging-3.3.0.Final.jar:/home/student/.m2/repository/org/hibernate/javax/persistence/hibernate-jpa-2.1-api/1.0.0.Final/hibernate-jpa-2.1-api-1.0.0.Final.jar:/home/student/.m2/repository/org/javassist/javassist/3.20.0-GA/javassist-3.20.0-GA.jar:/home/student/.m2/repository/antlr/antlr/2.7.7/antlr-2.7.7.jar:/home/student/.m2/repository/org/jboss/spec/javax/transaction/jboss-transaction-api_1.2_spec/1.0.1.Final/jboss-transaction-api_1.2_spec-1.0.1.Final.jar:/home/student/.m2/repository/org/jboss/jandex/2.0.3.Final/jandex-2.0.3.Final.jar:/home/student/.m2/repository/com/fasterxml/classmate/1.3.0/classmate-1.3.0.jar:/home/student/.m2/repository/dom4j/dom4j/1.6.1/dom4j-1.6.1.jar:/home/student/.m2/repository/org/hibernate/common/hibernate-commons-annotations/5.0.1.Final/hibernate-commons-annotations-5.0.1.Final.jar:/home/student/.m2/repository/org/hibernate/hibernate-c3p0/5.2.12.Final/hibernate-c3p0-5.2.12.Final.jar:/home/student/.m2/repository/com/mchange/c3p0/0.9.5.2/c3p0-0.9.5.2.jar:/home/student/.m2/repository/com/mchange/mchange-commons-java/0.2.11/mchange-commons-java-0.2.11.jar:/home/student/.m2/repository/mysql/mysql-connector-java/5.1.39/mysql-connector-java-5.1.39.jar:/home/student/.m2/repository/jstl/jstl/1.2/jstl-1.2.jar:/home/student/intellij/lib/idea_rt.jar, java.vm.vendor=Oracle Corporation, sun.arch.data.model=64, idea.test.cyclic.buffer.size=1048576, java.vendor.url=http://java.oracle.com/, user.timezone=America/Chicago, os.name=Linux, java.vm.specification.version=1.8, user.country=US, sun.java.launcher=SUN_STANDARD, sun.boot.library.path=/usr/lib/jvm/java-8-oracle/jre/lib/amd64, sun.java.command=com.intellij.rt.execution.junit.JUnitStarter -ideVersion5 -junit5 edu.matc.persistence.RoleDaoTest,updateRoleTest, sun.cpu.endian=little, hibernate.c3p0.max_statements=50, user.home=/home/student, user.language=en, java.specification.vendor=Oracle Corporation, java.home=/usr/lib/jvm/java-8-oracle/jre, file.separator=/, line.separator=
, hibernate.c3p0.timeout=300, java.vm.specification.vendor=Oracle Corporation, java.specification.name=Java Platform API Specification, java.awt.graphicsenv=sun.awt.X11GraphicsEnvironment, sun.boot.class.path=/usr/lib/jvm/java-8-oracle/jre/lib/resources.jar:/usr/lib/jvm/java-8-oracle/jre/lib/rt.jar:/usr/lib/jvm/java-8-oracle/jre/lib/sunrsasign.jar:/usr/lib/jvm/java-8-oracle/jre/lib/jsse.jar:/usr/lib/jvm/java-8-oracle/jre/lib/jce.jar:/usr/lib/jvm/java-8-oracle/jre/lib/charsets.jar:/usr/lib/jvm/java-8-oracle/jre/lib/jfr.jar:/usr/lib/jvm/java-8-oracle/jre/classes, connection.password=student, sun.management.compiler=HotSpot 64-Bit Tiered Compilers, hibernate.c3p0.max_size=20, java.runtime.version=1.8.0_144-b01, user.name=student, path.separator=:, hibernate.connection.username=root, os.version=4.4.0-57-generic, java.endorsed.dirs=/usr/lib/jvm/java-8-oracle/jre/lib/endorsed, java.runtime.name=Java(TM) SE Runtime Environment, hibernate.connection.url=jdbc:mysql://localhost:3306/testDotaStats, file.encoding=UTF-8, java.vm.name=Java HotSpot(TM) 64-Bit Server VM, hibernate.connection.driver_class=com.mysql.jdbc.Driver, java.vendor.url.bug=http://bugreport.sun.com/bugreport/, java.io.tmpdir=/tmp, java.version=1.8.0_144, user.dir=/home/student/IdeaProjects/dotaStats, os.arch=amd64, connection.username=root, java.vm.specification.name=Java Virtual Machine Specification, hibernate.connection.password=****, java.awt.printerjob=sun.print.PSPrinterJob, sun.os.patch.level=unknown, connection.driver_class=com.mysql.jdbc.Driver, hibernate.boot.CfgXmlAccessService.key=org.hibernate.boot.cfgxml.spi.LoadedConfig@7de0c6ae, java.library.path=/home/student/intellij/bin::/usr/java/packages/lib/amd64:/usr/lib64:/lib64:/lib:/usr/lib, java.vm.info=mixed mode, java.vendor=Oracle Corporation, java.vm.version=25.144-b01, hibernate.bytecode.use_reflection_optimizer=false, java.ext.dirs=/usr/lib/jvm/java-8-oracle/jre/lib/ext:/usr/java/packages/lib/ext, sun.io.unicode.encoding=UnicodeLittle, connection.url=jdbc:mysql://localhost:3306/testDotaStats, java.class.version=52.0}
[DEBUG] 2019-03-03 19:58:50.117 [main] TypeSafeActivator - Unable to acquire Bean Validation ValidatorFactory, skipping activation
[DEBUG] 2019-03-03 19:58:50.117 [main] JaccIntegrator - Skipping JACC integration as it was not enabled
[DEBUG] 2019-03-03 19:58:50.118 [main] SessionFactoryImpl - Instantiated session factory
[DEBUG] 2019-03-03 19:58:50.151 [main] ClassLoaderAccessImpl - Not known whether passed class name [edu.matc.entity.User] is safe
[DEBUG] 2019-03-03 19:58:50.151 [main] ClassLoaderAccessImpl - No temp ClassLoader provided; using live ClassLoader for loading potentially unsafe class : edu.matc.entity.User
[DEBUG] 2019-03-03 19:58:50.163 [main] ClassLoaderAccessImpl - Not known whether passed class name [edu.matc.entity.User] is safe
[DEBUG] 2019-03-03 19:58:50.163 [main] ClassLoaderAccessImpl - No temp ClassLoader provided; using live ClassLoader for loading potentially unsafe class : edu.matc.entity.User
[DEBUG] 2019-03-03 19:58:50.206 [main] ClassLoaderAccessImpl - Not known whether passed class name [edu.matc.entity.Role] is safe
[DEBUG] 2019-03-03 19:58:50.206 [main] ClassLoaderAccessImpl - No temp ClassLoader provided; using live ClassLoader for loading potentially unsafe class : edu.matc.entity.Role
[DEBUG] 2019-03-03 19:58:50.207 [main] ClassLoaderAccessImpl - Not known whether passed class name [edu.matc.entity.Role] is safe
[DEBUG] 2019-03-03 19:58:50.208 [main] ClassLoaderAccessImpl - No temp ClassLoader provided; using live ClassLoader for loading potentially unsafe class : edu.matc.entity.Role
[DEBUG] 2019-03-03 19:58:50.214 [main] AbstractEntityPersister - Static SQL for entity: edu.matc.entity.User
[DEBUG] 2019-03-03 19:58:50.214 [main] AbstractEntityPersister -  Version select: select id from users where id =?
[DEBUG] 2019-03-03 19:58:50.214 [main] AbstractEntityPersister -  Snapshot select: select user_.id, user_.first_name as first_na2_1_, user_.last_name as last_nam3_1_, user_.password as password4_1_, user_.steamid as steamid5_1_, user_.user_name as user_nam6_1_ from users user_ where user_.id=?
[DEBUG] 2019-03-03 19:58:50.214 [main] AbstractEntityPersister -  Insert 0: insert into users (first_name, last_name, password, steamid, user_name, id) values (?, ?, ?, ?, ?, ?)
[DEBUG] 2019-03-03 19:58:50.214 [main] AbstractEntityPersister -  Update 0: update users set first_name=?, last_name=?, password=?, steamid=?, user_name=? where id=?
[DEBUG] 2019-03-03 19:58:50.214 [main] AbstractEntityPersister -  Delete 0: delete from users where id=?
[DEBUG] 2019-03-03 19:58:50.214 [main] AbstractEntityPersister -  Identity insert: insert into users (first_name, last_name, password, steamid, user_name) values (?, ?, ?, ?, ?)
[DEBUG] 2019-03-03 19:58:50.229 [main] QuerySpacesImpl - Adding QuerySpace : uid = <gen:0> -> org.hibernate.loader.plan.build.internal.spaces.EntityQuerySpaceImpl@3fcdcf]
[DEBUG] 2019-03-03 19:58:50.230 [main] MetamodelGraphWalker - Visiting attribute path : firstName
[DEBUG] 2019-03-03 19:58:50.230 [main] MetamodelGraphWalker - Visiting attribute path : lastName
[DEBUG] 2019-03-03 19:58:50.231 [main] MetamodelGraphWalker - Visiting attribute path : password
[DEBUG] 2019-03-03 19:58:50.231 [main] MetamodelGraphWalker - Visiting attribute path : steamID
[DEBUG] 2019-03-03 19:58:50.231 [main] MetamodelGraphWalker - Visiting attribute path : userName
[DEBUG] 2019-03-03 19:58:50.231 [main] FetchStyleLoadPlanBuildingAssociationVisitationStrategy - Building LoadPlan...
[DEBUG] 2019-03-03 19:58:50.240 [main] LoadQueryJoinAndFetchProcessor - processing queryspace <gen:0>
[DEBUG] 2019-03-03 19:58:50.243 [main] LoadPlanTreePrinter - LoadPlan(entity=edu.matc.entity.User)
    - Returns
       - EntityReturnImpl(entity=edu.matc.entity.User, querySpaceUid=<gen:0>, path=edu.matc.entity.User)
    - QuerySpaces
       - EntityQuerySpaceImpl(uid=<gen:0>, entity=edu.matc.entity.User)
          - SQL table alias mapping - user0_
          - alias suffix - 0_
          - suffixed key columns - {id1_1_0_}

[DEBUG] 2019-03-03 19:58:50.244 [main] EntityLoader - Static select for entity edu.matc.entity.User [NONE]: select user0_.id as id1_1_0_, user0_.first_name as first_na2_1_0_, user0_.last_name as last_nam3_1_0_, user0_.password as password4_1_0_, user0_.steamid as steamid5_1_0_, user0_.user_name as user_nam6_1_0_ from users user0_ where user0_.id=?
[DEBUG] 2019-03-03 19:58:50.244 [main] QuerySpacesImpl - Adding QuerySpace : uid = <gen:0> -> org.hibernate.loader.plan.build.internal.spaces.EntityQuerySpaceImpl@3b0f7d9d]
[DEBUG] 2019-03-03 19:58:50.245 [main] MetamodelGraphWalker - Visiting attribute path : firstName
[DEBUG] 2019-03-03 19:58:50.245 [main] MetamodelGraphWalker - Visiting attribute path : lastName
[DEBUG] 2019-03-03 19:58:50.245 [main] MetamodelGraphWalker - Visiting attribute path : password
[DEBUG] 2019-03-03 19:58:50.245 [main] MetamodelGraphWalker - Visiting attribute path : steamID
[DEBUG] 2019-03-03 19:58:50.245 [main] MetamodelGraphWalker - Visiting attribute path : userName
[DEBUG] 2019-03-03 19:58:50.245 [main] FetchStyleLoadPlanBuildingAssociationVisitationStrategy - Building LoadPlan...
[DEBUG] 2019-03-03 19:58:50.245 [main] LoadQueryJoinAndFetchProcessor - processing queryspace <gen:0>
[DEBUG] 2019-03-03 19:58:50.245 [main] LoadPlanTreePrinter - LoadPlan(entity=edu.matc.entity.User)
    - Returns
       - EntityReturnImpl(entity=edu.matc.entity.User, querySpaceUid=<gen:0>, path=edu.matc.entity.User)
    - QuerySpaces
       - EntityQuerySpaceImpl(uid=<gen:0>, entity=edu.matc.entity.User)
          - SQL table alias mapping - user0_
          - alias suffix - 0_
          - suffixed key columns - {id1_1_0_}

[DEBUG] 2019-03-03 19:58:50.245 [main] EntityLoader - Static select for entity edu.matc.entity.User [READ]: select user0_.id as id1_1_0_, user0_.first_name as first_na2_1_0_, user0_.last_name as last_nam3_1_0_, user0_.password as password4_1_0_, user0_.steamid as steamid5_1_0_, user0_.user_name as user_nam6_1_0_ from users user0_ where user0_.id=?
[DEBUG] 2019-03-03 19:58:50.245 [main] QuerySpacesImpl - Adding QuerySpace : uid = <gen:0> -> org.hibernate.loader.plan.build.internal.spaces.EntityQuerySpaceImpl@5c84624f]
[DEBUG] 2019-03-03 19:58:50.245 [main] MetamodelGraphWalker - Visiting attribute path : firstName
[DEBUG] 2019-03-03 19:58:50.245 [main] MetamodelGraphWalker - Visiting attribute path : lastName
[DEBUG] 2019-03-03 19:58:50.245 [main] MetamodelGraphWalker - Visiting attribute path : password
[DEBUG] 2019-03-03 19:58:50.245 [main] MetamodelGraphWalker - Visiting attribute path : steamID
[DEBUG] 2019-03-03 19:58:50.245 [main] MetamodelGraphWalker - Visiting attribute path : userName
[DEBUG] 2019-03-03 19:58:50.246 [main] FetchStyleLoadPlanBuildingAssociationVisitationStrategy - Building LoadPlan...
[DEBUG] 2019-03-03 19:58:50.246 [main] LoadQueryJoinAndFetchProcessor - processing queryspace <gen:0>
[DEBUG] 2019-03-03 19:58:50.246 [main] LoadPlanTreePrinter - LoadPlan(entity=edu.matc.entity.User)
    - Returns
       - EntityReturnImpl(entity=edu.matc.entity.User, querySpaceUid=<gen:0>, path=edu.matc.entity.User)
    - QuerySpaces
       - EntityQuerySpaceImpl(uid=<gen:0>, entity=edu.matc.entity.User)
          - SQL table alias mapping - user0_
          - alias suffix - 0_
          - suffixed key columns - {id1_1_0_}

[DEBUG] 2019-03-03 19:58:50.246 [main] EntityLoader - Static select for entity edu.matc.entity.User [UPGRADE]: select user0_.id as id1_1_0_, user0_.first_name as first_na2_1_0_, user0_.last_name as last_nam3_1_0_, user0_.password as password4_1_0_, user0_.steamid as steamid5_1_0_, user0_.user_name as user_nam6_1_0_ from users user0_ where user0_.id=? for update
[DEBUG] 2019-03-03 19:58:50.246 [main] QuerySpacesImpl - Adding QuerySpace : uid = <gen:0> -> org.hibernate.loader.plan.build.internal.spaces.EntityQuerySpaceImpl@232024b9]
[DEBUG] 2019-03-03 19:58:50.246 [main] MetamodelGraphWalker - Visiting attribute path : firstName
[DEBUG] 2019-03-03 19:58:50.246 [main] MetamodelGraphWalker - Visiting attribute path : lastName
[DEBUG] 2019-03-03 19:58:50.246 [main] MetamodelGraphWalker - Visiting attribute path : password
[DEBUG] 2019-03-03 19:58:50.246 [main] MetamodelGraphWalker - Visiting attribute path : steamID
[DEBUG] 2019-03-03 19:58:50.246 [main] MetamodelGraphWalker - Visiting attribute path : userName
[DEBUG] 2019-03-03 19:58:50.246 [main] FetchStyleLoadPlanBuildingAssociationVisitationStrategy - Building LoadPlan...
[DEBUG] 2019-03-03 19:58:50.246 [main] LoadQueryJoinAndFetchProcessor - processing queryspace <gen:0>
[DEBUG] 2019-03-03 19:58:50.246 [main] LoadPlanTreePrinter - LoadPlan(entity=edu.matc.entity.User)
    - Returns
       - EntityReturnImpl(entity=edu.matc.entity.User, querySpaceUid=<gen:0>, path=edu.matc.entity.User)
    - QuerySpaces
       - EntityQuerySpaceImpl(uid=<gen:0>, entity=edu.matc.entity.User)
          - SQL table alias mapping - user0_
          - alias suffix - 0_
          - suffixed key columns - {id1_1_0_}

[DEBUG] 2019-03-03 19:58:50.247 [main] EntityLoader - Static select for entity edu.matc.entity.User [UPGRADE_NOWAIT]: select user0_.id as id1_1_0_, user0_.first_name as first_na2_1_0_, user0_.last_name as last_nam3_1_0_, user0_.password as password4_1_0_, user0_.steamid as steamid5_1_0_, user0_.user_name as user_nam6_1_0_ from users user0_ where user0_.id=? for update
[DEBUG] 2019-03-03 19:58:50.247 [main] QuerySpacesImpl - Adding QuerySpace : uid = <gen:0> -> org.hibernate.loader.plan.build.internal.spaces.EntityQuerySpaceImpl@2a415aa9]
[DEBUG] 2019-03-03 19:58:50.247 [main] MetamodelGraphWalker - Visiting attribute path : firstName
[DEBUG] 2019-03-03 19:58:50.247 [main] MetamodelGraphWalker - Visiting attribute path : lastName
[DEBUG] 2019-03-03 19:58:50.247 [main] MetamodelGraphWalker - Visiting attribute path : password
[DEBUG] 2019-03-03 19:58:50.247 [main] MetamodelGraphWalker - Visiting attribute path : steamID
[DEBUG] 2019-03-03 19:58:50.247 [main] MetamodelGraphWalker - Visiting attribute path : userName
[DEBUG] 2019-03-03 19:58:50.247 [main] FetchStyleLoadPlanBuildingAssociationVisitationStrategy - Building LoadPlan...
[DEBUG] 2019-03-03 19:58:50.247 [main] LoadQueryJoinAndFetchProcessor - processing queryspace <gen:0>
[DEBUG] 2019-03-03 19:58:50.247 [main] LoadPlanTreePrinter - LoadPlan(entity=edu.matc.entity.User)
    - Returns
       - EntityReturnImpl(entity=edu.matc.entity.User, querySpaceUid=<gen:0>, path=edu.matc.entity.User)
    - QuerySpaces
       - EntityQuerySpaceImpl(uid=<gen:0>, entity=edu.matc.entity.User)
          - SQL table alias mapping - user0_
          - alias suffix - 0_
          - suffixed key columns - {id1_1_0_}

[DEBUG] 2019-03-03 19:58:50.247 [main] EntityLoader - Static select for entity edu.matc.entity.User [UPGRADE_SKIPLOCKED]: select user0_.id as id1_1_0_, user0_.first_name as first_na2_1_0_, user0_.last_name as last_nam3_1_0_, user0_.password as password4_1_0_, user0_.steamid as steamid5_1_0_, user0_.user_name as user_nam6_1_0_ from users user0_ where user0_.id=? for update
[DEBUG] 2019-03-03 19:58:50.247 [main] QuerySpacesImpl - Adding QuerySpace : uid = <gen:0> -> org.hibernate.loader.plan.build.internal.spaces.EntityQuerySpaceImpl@71ea1fda]
[DEBUG] 2019-03-03 19:58:50.247 [main] MetamodelGraphWalker - Visiting attribute path : firstName
[DEBUG] 2019-03-03 19:58:50.247 [main] MetamodelGraphWalker - Visiting attribute path : lastName
[DEBUG] 2019-03-03 19:58:50.247 [main] MetamodelGraphWalker - Visiting attribute path : password
[DEBUG] 2019-03-03 19:58:50.247 [main] MetamodelGraphWalker - Visiting attribute path : steamID
[DEBUG] 2019-03-03 19:58:50.248 [main] MetamodelGraphWalker - Visiting attribute path : userName
[DEBUG] 2019-03-03 19:58:50.248 [main] FetchStyleLoadPlanBuildingAssociationVisitationStrategy - Building LoadPlan...
[DEBUG] 2019-03-03 19:58:50.248 [main] LoadQueryJoinAndFetchProcessor - processing queryspace <gen:0>
[DEBUG] 2019-03-03 19:58:50.248 [main] LoadPlanTreePrinter - LoadPlan(entity=edu.matc.entity.User)
    - Returns
       - EntityReturnImpl(entity=edu.matc.entity.User, querySpaceUid=<gen:0>, path=edu.matc.entity.User)
    - QuerySpaces
       - EntityQuerySpaceImpl(uid=<gen:0>, entity=edu.matc.entity.User)
          - SQL table alias mapping - user0_
          - alias suffix - 0_
          - suffixed key columns - {id1_1_0_}

[DEBUG] 2019-03-03 19:58:50.248 [main] EntityLoader - Static select for entity edu.matc.entity.User [FORCE]: select user0_.id as id1_1_0_, user0_.first_name as first_na2_1_0_, user0_.last_name as last_nam3_1_0_, user0_.password as password4_1_0_, user0_.steamid as steamid5_1_0_, user0_.user_name as user_nam6_1_0_ from users user0_ where user0_.id=? for update
[DEBUG] 2019-03-03 19:58:50.248 [main] QuerySpacesImpl - Adding QuerySpace : uid = <gen:0> -> org.hibernate.loader.plan.build.internal.spaces.EntityQuerySpaceImpl@420745d7]
[DEBUG] 2019-03-03 19:58:50.248 [main] MetamodelGraphWalker - Visiting attribute path : firstName
[DEBUG] 2019-03-03 19:58:50.248 [main] MetamodelGraphWalker - Visiting attribute path : lastName
[DEBUG] 2019-03-03 19:58:50.248 [main] MetamodelGraphWalker - Visiting attribute path : password
[DEBUG] 2019-03-03 19:58:50.248 [main] MetamodelGraphWalker - Visiting attribute path : steamID
[DEBUG] 2019-03-03 19:58:50.248 [main] MetamodelGraphWalker - Visiting attribute path : userName
[DEBUG] 2019-03-03 19:58:50.248 [main] FetchStyleLoadPlanBuildingAssociationVisitationStrategy - Building LoadPlan...
[DEBUG] 2019-03-03 19:58:50.248 [main] LoadQueryJoinAndFetchProcessor - processing queryspace <gen:0>
[DEBUG] 2019-03-03 19:58:50.249 [main] LoadPlanTreePrinter - LoadPlan(entity=edu.matc.entity.User)
    - Returns
       - EntityReturnImpl(entity=edu.matc.entity.User, querySpaceUid=<gen:0>, path=edu.matc.entity.User)
    - QuerySpaces
       - EntityQuerySpaceImpl(uid=<gen:0>, entity=edu.matc.entity.User)
          - SQL table alias mapping - user0_
          - alias suffix - 0_
          - suffixed key columns - {id1_1_0_}

[DEBUG] 2019-03-03 19:58:50.249 [main] EntityLoader - Static select for entity edu.matc.entity.User [PESSIMISTIC_READ]: select user0_.id as id1_1_0_, user0_.first_name as first_na2_1_0_, user0_.last_name as last_nam3_1_0_, user0_.password as password4_1_0_, user0_.steamid as steamid5_1_0_, user0_.user_name as user_nam6_1_0_ from users user0_ where user0_.id=? lock in share mode
[DEBUG] 2019-03-03 19:58:50.249 [main] QuerySpacesImpl - Adding QuerySpace : uid = <gen:0> -> org.hibernate.loader.plan.build.internal.spaces.EntityQuerySpaceImpl@5fa47fea]
[DEBUG] 2019-03-03 19:58:50.249 [main] MetamodelGraphWalker - Visiting attribute path : firstName
[DEBUG] 2019-03-03 19:58:50.249 [main] MetamodelGraphWalker - Visiting attribute path : lastName
[DEBUG] 2019-03-03 19:58:50.249 [main] MetamodelGraphWalker - Visiting attribute path : password
[DEBUG] 2019-03-03 19:58:50.249 [main] MetamodelGraphWalker - Visiting attribute path : steamID
[DEBUG] 2019-03-03 19:58:50.249 [main] MetamodelGraphWalker - Visiting attribute path : userName
[DEBUG] 2019-03-03 19:58:50.249 [main] FetchStyleLoadPlanBuildingAssociationVisitationStrategy - Building LoadPlan...
[DEBUG] 2019-03-03 19:58:50.249 [main] LoadQueryJoinAndFetchProcessor - processing queryspace <gen:0>
[DEBUG] 2019-03-03 19:58:50.249 [main] LoadPlanTreePrinter - LoadPlan(entity=edu.matc.entity.User)
    - Returns
       - EntityReturnImpl(entity=edu.matc.entity.User, querySpaceUid=<gen:0>, path=edu.matc.entity.User)
    - QuerySpaces
       - EntityQuerySpaceImpl(uid=<gen:0>, entity=edu.matc.entity.User)
          - SQL table alias mapping - user0_
          - alias suffix - 0_
          - suffixed key columns - {id1_1_0_}

[DEBUG] 2019-03-03 19:58:50.249 [main] EntityLoader - Static select for entity edu.matc.entity.User [PESSIMISTIC_WRITE]: select user0_.id as id1_1_0_, user0_.first_name as first_na2_1_0_, user0_.last_name as last_nam3_1_0_, user0_.password as password4_1_0_, user0_.steamid as steamid5_1_0_, user0_.user_name as user_nam6_1_0_ from users user0_ where user0_.id=? for update
[DEBUG] 2019-03-03 19:58:50.249 [main] QuerySpacesImpl - Adding QuerySpace : uid = <gen:0> -> org.hibernate.loader.plan.build.internal.spaces.EntityQuerySpaceImpl@5b43e173]
[DEBUG] 2019-03-03 19:58:50.249 [main] MetamodelGraphWalker - Visiting attribute path : firstName
[DEBUG] 2019-03-03 19:58:50.250 [main] MetamodelGraphWalker - Visiting attribute path : lastName
[DEBUG] 2019-03-03 19:58:50.250 [main] MetamodelGraphWalker - Visiting attribute path : password
[DEBUG] 2019-03-03 19:58:50.250 [main] MetamodelGraphWalker - Visiting attribute path : steamID
[DEBUG] 2019-03-03 19:58:50.250 [main] MetamodelGraphWalker - Visiting attribute path : userName
[DEBUG] 2019-03-03 19:58:50.250 [main] FetchStyleLoadPlanBuildingAssociationVisitationStrategy - Building LoadPlan...
[DEBUG] 2019-03-03 19:58:50.250 [main] LoadQueryJoinAndFetchProcessor - processing queryspace <gen:0>
[DEBUG] 2019-03-03 19:58:50.250 [main] LoadPlanTreePrinter - LoadPlan(entity=edu.matc.entity.User)
    - Returns
       - EntityReturnImpl(entity=edu.matc.entity.User, querySpaceUid=<gen:0>, path=edu.matc.entity.User)
    - QuerySpaces
       - EntityQuerySpaceImpl(uid=<gen:0>, entity=edu.matc.entity.User)
          - SQL table alias mapping - user0_
          - alias suffix - 0_
          - suffixed key columns - {id1_1_0_}

[DEBUG] 2019-03-03 19:58:50.250 [main] EntityLoader - Static select for entity edu.matc.entity.User [PESSIMISTIC_FORCE_INCREMENT]: select user0_.id as id1_1_0_, user0_.first_name as first_na2_1_0_, user0_.last_name as last_nam3_1_0_, user0_.password as password4_1_0_, user0_.steamid as steamid5_1_0_, user0_.user_name as user_nam6_1_0_ from users user0_ where user0_.id=? for update
[DEBUG] 2019-03-03 19:58:50.250 [main] QuerySpacesImpl - Adding QuerySpace : uid = <gen:0> -> org.hibernate.loader.plan.build.internal.spaces.EntityQuerySpaceImpl@545f80bf]
[DEBUG] 2019-03-03 19:58:50.250 [main] MetamodelGraphWalker - Visiting attribute path : firstName
[DEBUG] 2019-03-03 19:58:50.250 [main] MetamodelGraphWalker - Visiting attribute path : lastName
[DEBUG] 2019-03-03 19:58:50.250 [main] MetamodelGraphWalker - Visiting attribute path : password
[DEBUG] 2019-03-03 19:58:50.251 [main] MetamodelGraphWalker - Visiting attribute path : steamID
[DEBUG] 2019-03-03 19:58:50.251 [main] MetamodelGraphWalker - Visiting attribute path : userName
[DEBUG] 2019-03-03 19:58:50.251 [main] FetchStyleLoadPlanBuildingAssociationVisitationStrategy - Building LoadPlan...
[DEBUG] 2019-03-03 19:58:50.251 [main] LoadQueryJoinAndFetchProcessor - processing queryspace <gen:0>
[DEBUG] 2019-03-03 19:58:50.251 [main] LoadPlanTreePrinter - LoadPlan(entity=edu.matc.entity.User)
    - Returns
       - EntityReturnImpl(entity=edu.matc.entity.User, querySpaceUid=<gen:0>, path=edu.matc.entity.User)
    - QuerySpaces
       - EntityQuerySpaceImpl(uid=<gen:0>, entity=edu.matc.entity.User)
          - SQL table alias mapping - user0_
          - alias suffix - 0_
          - suffixed key columns - {id1_1_0_}

[DEBUG] 2019-03-03 19:58:50.251 [main] EntityLoader - Static select for entity edu.matc.entity.User [OPTIMISTIC]: select user0_.id as id1_1_0_, user0_.first_name as first_na2_1_0_, user0_.last_name as last_nam3_1_0_, user0_.password as password4_1_0_, user0_.steamid as steamid5_1_0_, user0_.user_name as user_nam6_1_0_ from users user0_ where user0_.id=?
[DEBUG] 2019-03-03 19:58:50.251 [main] QuerySpacesImpl - Adding QuerySpace : uid = <gen:0> -> org.hibernate.loader.plan.build.internal.spaces.EntityQuerySpaceImpl@22fa55b2]
[DEBUG] 2019-03-03 19:58:50.251 [main] MetamodelGraphWalker - Visiting attribute path : firstName
[DEBUG] 2019-03-03 19:58:50.251 [main] MetamodelGraphWalker - Visiting attribute path : lastName
[DEBUG] 2019-03-03 19:58:50.251 [main] MetamodelGraphWalker - Visiting attribute path : password
[DEBUG] 2019-03-03 19:58:50.251 [main] MetamodelGraphWalker - Visiting attribute path : steamID
[DEBUG] 2019-03-03 19:58:50.251 [main] MetamodelGraphWalker - Visiting attribute path : userName
[DEBUG] 2019-03-03 19:58:50.251 [main] FetchStyleLoadPlanBuildingAssociationVisitationStrategy - Building LoadPlan...
[DEBUG] 2019-03-03 19:58:50.251 [main] LoadQueryJoinAndFetchProcessor - processing queryspace <gen:0>
[DEBUG] 2019-03-03 19:58:50.251 [main] LoadPlanTreePrinter - LoadPlan(entity=edu.matc.entity.User)
    - Returns
       - EntityReturnImpl(entity=edu.matc.entity.User, querySpaceUid=<gen:0>, path=edu.matc.entity.User)
    - QuerySpaces
       - EntityQuerySpaceImpl(uid=<gen:0>, entity=edu.matc.entity.User)
          - SQL table alias mapping - user0_
          - alias suffix - 0_
          - suffixed key columns - {id1_1_0_}

[DEBUG] 2019-03-03 19:58:50.252 [main] EntityLoader - Static select for entity edu.matc.entity.User [OPTIMISTIC_FORCE_INCREMENT]: select user0_.id as id1_1_0_, user0_.first_name as first_na2_1_0_, user0_.last_name as last_nam3_1_0_, user0_.password as password4_1_0_, user0_.steamid as steamid5_1_0_, user0_.user_name as user_nam6_1_0_ from users user0_ where user0_.id=?
[DEBUG] 2019-03-03 19:58:50.261 [main] Loader - Static select for action ACTION_MERGE on entity edu.matc.entity.User: select user0_.id as id1_1_0_, user0_.first_name as first_na2_1_0_, user0_.last_name as last_nam3_1_0_, user0_.password as password4_1_0_, user0_.steamid as steamid5_1_0_, user0_.user_name as user_nam6_1_0_ from users user0_ where user0_.id=?
[DEBUG] 2019-03-03 19:58:50.261 [main] Loader - Static select for action ACTION_REFRESH on entity edu.matc.entity.User: select user0_.id as id1_1_0_, user0_.first_name as first_na2_1_0_, user0_.last_name as last_nam3_1_0_, user0_.password as password4_1_0_, user0_.steamid as steamid5_1_0_, user0_.user_name as user_nam6_1_0_ from users user0_ where user0_.id=?
[DEBUG] 2019-03-03 19:58:50.262 [main] AbstractEntityPersister - Static SQL for entity: edu.matc.entity.Role
[DEBUG] 2019-03-03 19:58:50.262 [main] AbstractEntityPersister -  Version select: select id from roles where id =?
[DEBUG] 2019-03-03 19:58:50.262 [main] AbstractEntityPersister -  Snapshot select: select role_.id, role_.role_title as role_tit2_0_, role_.user_id as user_id3_0_ from roles role_ where role_.id=?
[DEBUG] 2019-03-03 19:58:50.262 [main] AbstractEntityPersister -  Insert 0: insert into roles (role_title, user_id, id) values (?, ?, ?)
[DEBUG] 2019-03-03 19:58:50.262 [main] AbstractEntityPersister -  Update 0: update roles set role_title=?, user_id=? where id=?
[DEBUG] 2019-03-03 19:58:50.262 [main] AbstractEntityPersister -  Delete 0: delete from roles where id=?
[DEBUG] 2019-03-03 19:58:50.262 [main] AbstractEntityPersister -  Identity insert: insert into roles (role_title, user_id) values (?, ?)
[DEBUG] 2019-03-03 19:58:50.262 [main] QuerySpacesImpl - Adding QuerySpace : uid = <gen:0> -> org.hibernate.loader.plan.build.internal.spaces.EntityQuerySpaceImpl@7cf7aee]
[DEBUG] 2019-03-03 19:58:50.262 [main] MetamodelGraphWalker - Visiting attribute path : role
[DEBUG] 2019-03-03 19:58:50.262 [main] MetamodelGraphWalker - Visiting attribute path : user
[DEBUG] 2019-03-03 19:58:50.265 [main] QuerySpacesImpl - Adding QuerySpace : uid = <gen:1> -> org.hibernate.loader.plan.build.internal.spaces.EntityQuerySpaceImpl@125c082e]
[DEBUG] 2019-03-03 19:58:50.266 [main] MetamodelGraphWalker - Visiting attribute path : user.firstName
[DEBUG] 2019-03-03 19:58:50.266 [main] MetamodelGraphWalker - Visiting attribute path : user.lastName
[DEBUG] 2019-03-03 19:58:50.266 [main] MetamodelGraphWalker - Visiting attribute path : user.password
[DEBUG] 2019-03-03 19:58:50.266 [main] MetamodelGraphWalker - Visiting attribute path : user.steamID
[DEBUG] 2019-03-03 19:58:50.266 [main] MetamodelGraphWalker - Visiting attribute path : user.userName
[DEBUG] 2019-03-03 19:58:50.266 [main] FetchStyleLoadPlanBuildingAssociationVisitationStrategy - Building LoadPlan...
[DEBUG] 2019-03-03 19:58:50.266 [main] LoadQueryJoinAndFetchProcessor - processing queryspace <gen:0>
[DEBUG] 2019-03-03 19:58:50.267 [main] LoadPlanTreePrinter - LoadPlan(entity=edu.matc.entity.Role)
    - Returns
       - EntityReturnImpl(entity=edu.matc.entity.Role, querySpaceUid=<gen:0>, path=edu.matc.entity.Role)
          - EntityAttributeFetchImpl(entity=edu.matc.entity.User, querySpaceUid=<gen:1>, path=edu.matc.entity.Role.user)
    - QuerySpaces
       - EntityQuerySpaceImpl(uid=<gen:0>, entity=edu.matc.entity.Role)
          - SQL table alias mapping - role0_
          - alias suffix - 0_
          - suffixed key columns - {id1_0_0_}
          - JOIN (JoinDefinedByMetadata(user)) : <gen:0> -> <gen:1>
             - EntityQuerySpaceImpl(uid=<gen:1>, entity=edu.matc.entity.User)
                - SQL table alias mapping - user1_
                - alias suffix - 1_
                - suffixed key columns - {id1_1_1_}

[DEBUG] 2019-03-03 19:58:50.267 [main] EntityLoader - Static select for entity edu.matc.entity.Role [NONE]: select role0_.id as id1_0_0_, role0_.role_title as role_tit2_0_0_, role0_.user_id as user_id3_0_0_, user1_.id as id1_1_1_, user1_.first_name as first_na2_1_1_, user1_.last_name as last_nam3_1_1_, user1_.password as password4_1_1_, user1_.steamid as steamid5_1_1_, user1_.user_name as user_nam6_1_1_ from roles role0_ left outer join users user1_ on role0_.user_id=user1_.id where role0_.id=?
[DEBUG] 2019-03-03 19:58:50.267 [main] QuerySpacesImpl - Adding QuerySpace : uid = <gen:0> -> org.hibernate.loader.plan.build.internal.spaces.EntityQuerySpaceImpl@2fb69ff6]
[DEBUG] 2019-03-03 19:58:50.267 [main] MetamodelGraphWalker - Visiting attribute path : role
[DEBUG] 2019-03-03 19:58:50.267 [main] MetamodelGraphWalker - Visiting attribute path : user
[DEBUG] 2019-03-03 19:58:50.267 [main] QuerySpacesImpl - Adding QuerySpace : uid = <gen:1> -> org.hibernate.loader.plan.build.internal.spaces.EntityQuerySpaceImpl@7f4d9395]
[DEBUG] 2019-03-03 19:58:50.267 [main] MetamodelGraphWalker - Visiting attribute path : user.firstName
[DEBUG] 2019-03-03 19:58:50.267 [main] MetamodelGraphWalker - Visiting attribute path : user.lastName
[DEBUG] 2019-03-03 19:58:50.267 [main] MetamodelGraphWalker - Visiting attribute path : user.password
[DEBUG] 2019-03-03 19:58:50.268 [main] MetamodelGraphWalker - Visiting attribute path : user.steamID
[DEBUG] 2019-03-03 19:58:50.268 [main] MetamodelGraphWalker - Visiting attribute path : user.userName
[DEBUG] 2019-03-03 19:58:50.268 [main] FetchStyleLoadPlanBuildingAssociationVisitationStrategy - Building LoadPlan...
[DEBUG] 2019-03-03 19:58:50.268 [main] LoadQueryJoinAndFetchProcessor - processing queryspace <gen:0>
[DEBUG] 2019-03-03 19:58:50.268 [main] LoadPlanTreePrinter - LoadPlan(entity=edu.matc.entity.Role)
    - Returns
       - EntityReturnImpl(entity=edu.matc.entity.Role, querySpaceUid=<gen:0>, path=edu.matc.entity.Role)
          - EntityAttributeFetchImpl(entity=edu.matc.entity.User, querySpaceUid=<gen:1>, path=edu.matc.entity.Role.user)
    - QuerySpaces
       - EntityQuerySpaceImpl(uid=<gen:0>, entity=edu.matc.entity.Role)
          - SQL table alias mapping - role0_
          - alias suffix - 0_
          - suffixed key columns - {id1_0_0_}
          - JOIN (JoinDefinedByMetadata(user)) : <gen:0> -> <gen:1>
             - EntityQuerySpaceImpl(uid=<gen:1>, entity=edu.matc.entity.User)
                - SQL table alias mapping - user1_
                - alias suffix - 1_
                - suffixed key columns - {id1_1_1_}

[DEBUG] 2019-03-03 19:58:50.268 [main] EntityLoader - Static select for entity edu.matc.entity.Role [READ]: select role0_.id as id1_0_0_, role0_.role_title as role_tit2_0_0_, role0_.user_id as user_id3_0_0_, user1_.id as id1_1_1_, user1_.first_name as first_na2_1_1_, user1_.last_name as last_nam3_1_1_, user1_.password as password4_1_1_, user1_.steamid as steamid5_1_1_, user1_.user_name as user_nam6_1_1_ from roles role0_ left outer join users user1_ on role0_.user_id=user1_.id where role0_.id=?
[DEBUG] 2019-03-03 19:58:50.268 [main] QuerySpacesImpl - Adding QuerySpace : uid = <gen:0> -> org.hibernate.loader.plan.build.internal.spaces.EntityQuerySpaceImpl@344b8190]
[DEBUG] 2019-03-03 19:58:50.268 [main] MetamodelGraphWalker - Visiting attribute path : role
[DEBUG] 2019-03-03 19:58:50.268 [main] MetamodelGraphWalker - Visiting attribute path : user
[DEBUG] 2019-03-03 19:58:50.268 [main] QuerySpacesImpl - Adding QuerySpace : uid = <gen:1> -> org.hibernate.loader.plan.build.internal.spaces.EntityQuerySpaceImpl@79c5636f]
[DEBUG] 2019-03-03 19:58:50.268 [main] FetchStyleLoadPlanBuildingAssociationVisitationStrategy - Building LoadPlan...
[DEBUG] 2019-03-03 19:58:50.268 [main] LoadQueryJoinAndFetchProcessor - processing queryspace <gen:0>
[DEBUG] 2019-03-03 19:58:50.269 [main] LoadPlanTreePrinter - LoadPlan(entity=edu.matc.entity.Role)
    - Returns
       - EntityReturnImpl(entity=edu.matc.entity.Role, querySpaceUid=<gen:0>, path=edu.matc.entity.Role)
          - EntityAttributeFetchImpl(entity=edu.matc.entity.User, querySpaceUid=<gen:1>, path=edu.matc.entity.Role.user)
    - QuerySpaces
       - EntityQuerySpaceImpl(uid=<gen:0>, entity=edu.matc.entity.Role)
          - SQL table alias mapping - role0_
          - alias suffix - 0_
          - suffixed key columns - {id1_0_0_}

[DEBUG] 2019-03-03 19:58:50.269 [main] EntityLoader - Static select for entity edu.matc.entity.Role [UPGRADE]: select role0_.id as id1_0_0_, role0_.role_title as role_tit2_0_0_, role0_.user_id as user_id3_0_0_ from roles role0_ where role0_.id=? for update
[DEBUG] 2019-03-03 19:58:50.269 [main] QuerySpacesImpl - Adding QuerySpace : uid = <gen:0> -> org.hibernate.loader.plan.build.internal.spaces.EntityQuerySpaceImpl@1929425f]
[DEBUG] 2019-03-03 19:58:50.269 [main] MetamodelGraphWalker - Visiting attribute path : role
[DEBUG] 2019-03-03 19:58:50.269 [main] MetamodelGraphWalker - Visiting attribute path : user
[DEBUG] 2019-03-03 19:58:50.269 [main] QuerySpacesImpl - Adding QuerySpace : uid = <gen:1> -> org.hibernate.loader.plan.build.internal.spaces.EntityQuerySpaceImpl@27f3b6d6]
[DEBUG] 2019-03-03 19:58:50.269 [main] FetchStyleLoadPlanBuildingAssociationVisitationStrategy - Building LoadPlan...
[DEBUG] 2019-03-03 19:58:50.269 [main] LoadQueryJoinAndFetchProcessor - processing queryspace <gen:0>
[DEBUG] 2019-03-03 19:58:50.269 [main] LoadPlanTreePrinter - LoadPlan(entity=edu.matc.entity.Role)
    - Returns
       - EntityReturnImpl(entity=edu.matc.entity.Role, querySpaceUid=<gen:0>, path=edu.matc.entity.Role)
          - EntityAttributeFetchImpl(entity=edu.matc.entity.User, querySpaceUid=<gen:1>, path=edu.matc.entity.Role.user)
    - QuerySpaces
       - EntityQuerySpaceImpl(uid=<gen:0>, entity=edu.matc.entity.Role)
          - SQL table alias mapping - role0_
          - alias suffix - 0_
          - suffixed key columns - {id1_0_0_}

[DEBUG] 2019-03-03 19:58:50.269 [main] EntityLoader - Static select for entity edu.matc.entity.Role [UPGRADE_NOWAIT]: select role0_.id as id1_0_0_, role0_.role_title as role_tit2_0_0_, role0_.user_id as user_id3_0_0_ from roles role0_ where role0_.id=? for update
[DEBUG] 2019-03-03 19:58:50.269 [main] QuerySpacesImpl - Adding QuerySpace : uid = <gen:0> -> org.hibernate.loader.plan.build.internal.spaces.EntityQuerySpaceImpl@757f675c]
[DEBUG] 2019-03-03 19:58:50.269 [main] MetamodelGraphWalker - Visiting attribute path : role
[DEBUG] 2019-03-03 19:58:50.270 [main] MetamodelGraphWalker - Visiting attribute path : user
[DEBUG] 2019-03-03 19:58:50.270 [main] QuerySpacesImpl - Adding QuerySpace : uid = <gen:1> -> org.hibernate.loader.plan.build.internal.spaces.EntityQuerySpaceImpl@676f0a60]
[DEBUG] 2019-03-03 19:58:50.270 [main] FetchStyleLoadPlanBuildingAssociationVisitationStrategy - Building LoadPlan...
[DEBUG] 2019-03-03 19:58:50.270 [main] LoadQueryJoinAndFetchProcessor - processing queryspace <gen:0>
[DEBUG] 2019-03-03 19:58:50.270 [main] LoadPlanTreePrinter - LoadPlan(entity=edu.matc.entity.Role)
    - Returns
       - EntityReturnImpl(entity=edu.matc.entity.Role, querySpaceUid=<gen:0>, path=edu.matc.entity.Role)
          - EntityAttributeFetchImpl(entity=edu.matc.entity.User, querySpaceUid=<gen:1>, path=edu.matc.entity.Role.user)
    - QuerySpaces
       - EntityQuerySpaceImpl(uid=<gen:0>, entity=edu.matc.entity.Role)
          - SQL table alias mapping - role0_
          - alias suffix - 0_
          - suffixed key columns - {id1_0_0_}

[DEBUG] 2019-03-03 19:58:50.270 [main] EntityLoader - Static select for entity edu.matc.entity.Role [UPGRADE_SKIPLOCKED]: select role0_.id as id1_0_0_, role0_.role_title as role_tit2_0_0_, role0_.user_id as user_id3_0_0_ from roles role0_ where role0_.id=? for update
[DEBUG] 2019-03-03 19:58:50.270 [main] QuerySpacesImpl - Adding QuerySpace : uid = <gen:0> -> org.hibernate.loader.plan.build.internal.spaces.EntityQuerySpaceImpl@5d10455d]
[DEBUG] 2019-03-03 19:58:50.270 [main] MetamodelGraphWalker - Visiting attribute path : role
[DEBUG] 2019-03-03 19:58:50.270 [main] MetamodelGraphWalker - Visiting attribute path : user
[DEBUG] 2019-03-03 19:58:50.270 [main] QuerySpacesImpl - Adding QuerySpace : uid = <gen:1> -> org.hibernate.loader.plan.build.internal.spaces.EntityQuerySpaceImpl@4a951911]
[DEBUG] 2019-03-03 19:58:50.270 [main] FetchStyleLoadPlanBuildingAssociationVisitationStrategy - Building LoadPlan...
[DEBUG] 2019-03-03 19:58:50.270 [main] LoadQueryJoinAndFetchProcessor - processing queryspace <gen:0>
[DEBUG] 2019-03-03 19:58:50.271 [main] LoadPlanTreePrinter - LoadPlan(entity=edu.matc.entity.Role)
    - Returns
       - EntityReturnImpl(entity=edu.matc.entity.Role, querySpaceUid=<gen:0>, path=edu.matc.entity.Role)
          - EntityAttributeFetchImpl(entity=edu.matc.entity.User, querySpaceUid=<gen:1>, path=edu.matc.entity.Role.user)
    - QuerySpaces
       - EntityQuerySpaceImpl(uid=<gen:0>, entity=edu.matc.entity.Role)
          - SQL table alias mapping - role0_
          - alias suffix - 0_
          - suffixed key columns - {id1_0_0_}

[DEBUG] 2019-03-03 19:58:50.271 [main] EntityLoader - Static select for entity edu.matc.entity.Role [FORCE]: select role0_.id as id1_0_0_, role0_.role_title as role_tit2_0_0_, role0_.user_id as user_id3_0_0_ from roles role0_ where role0_.id=? for update
[DEBUG] 2019-03-03 19:58:50.271 [main] QuerySpacesImpl - Adding QuerySpace : uid = <gen:0> -> org.hibernate.loader.plan.build.internal.spaces.EntityQuerySpaceImpl@55b62629]
[DEBUG] 2019-03-03 19:58:50.271 [main] MetamodelGraphWalker - Visiting attribute path : role
[DEBUG] 2019-03-03 19:58:50.271 [main] MetamodelGraphWalker - Visiting attribute path : user
[DEBUG] 2019-03-03 19:58:50.271 [main] QuerySpacesImpl - Adding QuerySpace : uid = <gen:1> -> org.hibernate.loader.plan.build.internal.spaces.EntityQuerySpaceImpl@5e63cad]
[DEBUG] 2019-03-03 19:58:50.271 [main] FetchStyleLoadPlanBuildingAssociationVisitationStrategy - Building LoadPlan...
[DEBUG] 2019-03-03 19:58:50.271 [main] LoadQueryJoinAndFetchProcessor - processing queryspace <gen:0>
[DEBUG] 2019-03-03 19:58:50.271 [main] LoadPlanTreePrinter - LoadPlan(entity=edu.matc.entity.Role)
    - Returns
       - EntityReturnImpl(entity=edu.matc.entity.Role, querySpaceUid=<gen:0>, path=edu.matc.entity.Role)
          - EntityAttributeFetchImpl(entity=edu.matc.entity.User, querySpaceUid=<gen:1>, path=edu.matc.entity.Role.user)
    - QuerySpaces
       - EntityQuerySpaceImpl(uid=<gen:0>, entity=edu.matc.entity.Role)
          - SQL table alias mapping - role0_
          - alias suffix - 0_
          - suffixed key columns - {id1_0_0_}

[DEBUG] 2019-03-03 19:58:50.271 [main] EntityLoader - Static select for entity edu.matc.entity.Role [PESSIMISTIC_READ]: select role0_.id as id1_0_0_, role0_.role_title as role_tit2_0_0_, role0_.user_id as user_id3_0_0_ from roles role0_ where role0_.id=? lock in share mode
[DEBUG] 2019-03-03 19:58:50.271 [main] QuerySpacesImpl - Adding QuerySpace : uid = <gen:0> -> org.hibernate.loader.plan.build.internal.spaces.EntityQuerySpaceImpl@6759f091]
[DEBUG] 2019-03-03 19:58:50.271 [main] MetamodelGraphWalker - Visiting attribute path : role
[DEBUG] 2019-03-03 19:58:50.271 [main] MetamodelGraphWalker - Visiting attribute path : user
[DEBUG] 2019-03-03 19:58:50.272 [main] QuerySpacesImpl - Adding QuerySpace : uid = <gen:1> -> org.hibernate.loader.plan.build.internal.spaces.EntityQuerySpaceImpl@14a54ef6]
[DEBUG] 2019-03-03 19:58:50.272 [main] FetchStyleLoadPlanBuildingAssociationVisitationStrategy - Building LoadPlan...
[DEBUG] 2019-03-03 19:58:50.272 [main] LoadQueryJoinAndFetchProcessor - processing queryspace <gen:0>
[DEBUG] 2019-03-03 19:58:50.272 [main] LoadPlanTreePrinter - LoadPlan(entity=edu.matc.entity.Role)
    - Returns
       - EntityReturnImpl(entity=edu.matc.entity.Role, querySpaceUid=<gen:0>, path=edu.matc.entity.Role)
          - EntityAttributeFetchImpl(entity=edu.matc.entity.User, querySpaceUid=<gen:1>, path=edu.matc.entity.Role.user)
    - QuerySpaces
       - EntityQuerySpaceImpl(uid=<gen:0>, entity=edu.matc.entity.Role)
          - SQL table alias mapping - role0_
          - alias suffix - 0_
          - suffixed key columns - {id1_0_0_}

[DEBUG] 2019-03-03 19:58:50.272 [main] EntityLoader - Static select for entity edu.matc.entity.Role [PESSIMISTIC_WRITE]: select role0_.id as id1_0_0_, role0_.role_title as role_tit2_0_0_, role0_.user_id as user_id3_0_0_ from roles role0_ where role0_.id=? for update
[DEBUG] 2019-03-03 19:58:50.272 [main] QuerySpacesImpl - Adding QuerySpace : uid = <gen:0> -> org.hibernate.loader.plan.build.internal.spaces.EntityQuerySpaceImpl@20921b9b]
[DEBUG] 2019-03-03 19:58:50.272 [main] MetamodelGraphWalker - Visiting attribute path : role
[DEBUG] 2019-03-03 19:58:50.272 [main] MetamodelGraphWalker - Visiting attribute path : user
[DEBUG] 2019-03-03 19:58:50.272 [main] QuerySpacesImpl - Adding QuerySpace : uid = <gen:1> -> org.hibernate.loader.plan.build.internal.spaces.EntityQuerySpaceImpl@5ba745bc]
[DEBUG] 2019-03-03 19:58:50.272 [main] FetchStyleLoadPlanBuildingAssociationVisitationStrategy - Building LoadPlan...
[DEBUG] 2019-03-03 19:58:50.272 [main] LoadQueryJoinAndFetchProcessor - processing queryspace <gen:0>
[DEBUG] 2019-03-03 19:58:50.273 [main] LoadPlanTreePrinter - LoadPlan(entity=edu.matc.entity.Role)
    - Returns
       - EntityReturnImpl(entity=edu.matc.entity.Role, querySpaceUid=<gen:0>, path=edu.matc.entity.Role)
          - EntityAttributeFetchImpl(entity=edu.matc.entity.User, querySpaceUid=<gen:1>, path=edu.matc.entity.Role.user)
    - QuerySpaces
       - EntityQuerySpaceImpl(uid=<gen:0>, entity=edu.matc.entity.Role)
          - SQL table alias mapping - role0_
          - alias suffix - 0_
          - suffixed key columns - {id1_0_0_}

[DEBUG] 2019-03-03 19:58:50.273 [main] EntityLoader - Static select for entity edu.matc.entity.Role [PESSIMISTIC_FORCE_INCREMENT]: select role0_.id as id1_0_0_, role0_.role_title as role_tit2_0_0_, role0_.user_id as user_id3_0_0_ from roles role0_ where role0_.id=? for update
[DEBUG] 2019-03-03 19:58:50.273 [main] QuerySpacesImpl - Adding QuerySpace : uid = <gen:0> -> org.hibernate.loader.plan.build.internal.spaces.EntityQuerySpaceImpl@654b72c0]
[DEBUG] 2019-03-03 19:58:50.273 [main] MetamodelGraphWalker - Visiting attribute path : role
[DEBUG] 2019-03-03 19:58:50.273 [main] MetamodelGraphWalker - Visiting attribute path : user
[DEBUG] 2019-03-03 19:58:50.273 [main] QuerySpacesImpl - Adding QuerySpace : uid = <gen:1> -> org.hibernate.loader.plan.build.internal.spaces.EntityQuerySpaceImpl@6034e75d]
[DEBUG] 2019-03-03 19:58:50.273 [main] FetchStyleLoadPlanBuildingAssociationVisitationStrategy - Building LoadPlan...
[DEBUG] 2019-03-03 19:58:50.273 [main] LoadQueryJoinAndFetchProcessor - processing queryspace <gen:0>
[DEBUG] 2019-03-03 19:58:50.273 [main] LoadPlanTreePrinter - LoadPlan(entity=edu.matc.entity.Role)
    - Returns
       - EntityReturnImpl(entity=edu.matc.entity.Role, querySpaceUid=<gen:0>, path=edu.matc.entity.Role)
          - EntityAttributeFetchImpl(entity=edu.matc.entity.User, querySpaceUid=<gen:1>, path=edu.matc.entity.Role.user)
    - QuerySpaces
       - EntityQuerySpaceImpl(uid=<gen:0>, entity=edu.matc.entity.Role)
          - SQL table alias mapping - role0_
          - alias suffix - 0_
          - suffixed key columns - {id1_0_0_}

[DEBUG] 2019-03-03 19:58:50.273 [main] EntityLoader - Static select for entity edu.matc.entity.Role [OPTIMISTIC]: select role0_.id as id1_0_0_, role0_.role_title as role_tit2_0_0_, role0_.user_id as user_id3_0_0_ from roles role0_ where role0_.id=?
[DEBUG] 2019-03-03 19:58:50.273 [main] QuerySpacesImpl - Adding QuerySpace : uid = <gen:0> -> org.hibernate.loader.plan.build.internal.spaces.EntityQuerySpaceImpl@15fc442]
[DEBUG] 2019-03-03 19:58:50.273 [main] MetamodelGraphWalker - Visiting attribute path : role
[DEBUG] 2019-03-03 19:58:50.274 [main] MetamodelGraphWalker - Visiting attribute path : user
[DEBUG] 2019-03-03 19:58:50.274 [main] QuerySpacesImpl - Adding QuerySpace : uid = <gen:1> -> org.hibernate.loader.plan.build.internal.spaces.EntityQuerySpaceImpl@456abb66]
[DEBUG] 2019-03-03 19:58:50.274 [main] FetchStyleLoadPlanBuildingAssociationVisitationStrategy - Building LoadPlan...
[DEBUG] 2019-03-03 19:58:50.277 [main] LoadQueryJoinAndFetchProcessor - processing queryspace <gen:0>
[DEBUG] 2019-03-03 19:58:50.278 [main] LoadPlanTreePrinter - LoadPlan(entity=edu.matc.entity.Role)
    - Returns
       - EntityReturnImpl(entity=edu.matc.entity.Role, querySpaceUid=<gen:0>, path=edu.matc.entity.Role)
          - EntityAttributeFetchImpl(entity=edu.matc.entity.User, querySpaceUid=<gen:1>, path=edu.matc.entity.Role.user)
    - QuerySpaces
       - EntityQuerySpaceImpl(uid=<gen:0>, entity=edu.matc.entity.Role)
          - SQL table alias mapping - role0_
          - alias suffix - 0_
          - suffixed key columns - {id1_0_0_}

[DEBUG] 2019-03-03 19:58:50.278 [main] EntityLoader - Static select for entity edu.matc.entity.Role [OPTIMISTIC_FORCE_INCREMENT]: select role0_.id as id1_0_0_, role0_.role_title as role_tit2_0_0_, role0_.user_id as user_id3_0_0_ from roles role0_ where role0_.id=?
[DEBUG] 2019-03-03 19:58:50.279 [main] Loader - Static select for action ACTION_MERGE on entity edu.matc.entity.Role: select role0_.id as id1_0_0_, role0_.role_title as role_tit2_0_0_, role0_.user_id as user_id3_0_0_ from roles role0_ where role0_.id=?
[DEBUG] 2019-03-03 19:58:50.279 [main] Loader - Static select for action ACTION_REFRESH on entity edu.matc.entity.Role: select role0_.id as id1_0_0_, role0_.role_title as role_tit2_0_0_, role0_.user_id as user_id3_0_0_ from roles role0_ where role0_.id=?
[DEBUG] 2019-03-03 19:58:50.316 [main] SchemaManagementToolCoordinator - No actions specified; doing nothing
[DEBUG] 2019-03-03 19:58:50.316 [main] JtaPlatformInitiator - No JtaPlatform was specified, checking resolver
[DEBUG] 2019-03-03 19:58:50.316 [main] JtaPlatformResolverInitiator - No JtaPlatformResolver was specified, using default [org.hibernate.engine.transaction.jta.platform.internal.StandardJtaPlatformResolver]
[DEBUG] 2019-03-03 19:58:50.319 [main] StandardJtaPlatformResolver - Could not resolve JtaPlatform, using default [org.hibernate.engine.transaction.jta.platform.internal.NoJtaPlatform]
[DEBUG] 2019-03-03 19:58:50.320 [main] NamedQueryRepository - Checking 0 named HQL queries
[DEBUG] 2019-03-03 19:58:50.320 [main] NamedQueryRepository - Checking 0 named SQL queries
[DEBUG] 2019-03-03 19:58:50.321 [main] SessionFactoryRegistry - Initializing SessionFactoryRegistry : org.hibernate.internal.SessionFactoryRegistry@5bdaf2ce
[DEBUG] 2019-03-03 19:58:50.323 [main] SessionFactoryRegistry - Registering SessionFactory: 76492637-40e9-4b17-84ec-780306d56130 (<unnamed>)
[DEBUG] 2019-03-03 19:58:50.323 [main] SessionFactoryRegistry - Not binding SessionFactory to JNDI, no JNDI name configured
[DEBUG] 2019-03-03 19:58:50.391 [main] StatisticsInitiator - Statistics initialized [enabled=false]
[DEBUG] 2019-03-03 19:58:50.403 [main] SQL - select role0_.id as id1_0_0_, role0_.role_title as role_tit2_0_0_, role0_.user_id as user_id3_0_0_, user1_.id as id1_1_1_, user1_.first_name as first_na2_1_1_, user1_.last_name as last_nam3_1_1_, user1_.password as password4_1_1_, user1_.steamid as steamid5_1_1_, user1_.user_name as user_nam6_1_1_ from roles role0_ left outer join users user1_ on role0_.user_id=user1_.id where role0_.id=?
[DEBUG] 2019-03-03 19:58:50.421 [main] ResultSetProcessorImpl - Starting ResultSet row #0
[DEBUG] 2019-03-03 19:58:50.423 [main] EntityReferenceInitializerImpl - On call to EntityIdentifierReaderImpl#resolve, EntityKey was already known; should only happen on root returns with an optional identifier specified
[DEBUG] 2019-03-03 19:58:50.431 [main] TwoPhaseLoad - Resolving associations for [edu.matc.entity.Role#3]
[DEBUG] 2019-03-03 19:58:50.433 [main] TwoPhaseLoad - Done materializing entity [edu.matc.entity.Role#3]
[DEBUG] 2019-03-03 19:58:50.433 [main] TwoPhaseLoad - Resolving associations for [edu.matc.entity.User#2]
[DEBUG] 2019-03-03 19:58:50.433 [main] TwoPhaseLoad - Done materializing entity [edu.matc.entity.User#2]
[DEBUG] 2019-03-03 19:58:50.433 [main] ResourceRegistryStandardImpl - HHH000387: ResultSet's statement was not registered
[DEBUG] 2019-03-03 19:58:50.433 [main] AbstractLoadPlanBasedEntityLoader - Done entity load : edu.matc.entity.Role#3
[DEBUG] 2019-03-03 19:58:50.434 [main] LogicalConnectionManagedImpl - Initiating JDBC connection release from afterTransaction
[DEBUG] 2019-03-03 19:58:50.438 [main] TransactionImpl - begin
[DEBUG] 2019-03-03 19:58:50.443 [main] TransactionImpl - committing
[DEBUG] 2019-03-03 19:58:50.444 [main] AbstractFlushingEventListener - Processing flush-time cascades
[DEBUG] 2019-03-03 19:58:50.445 [main] AbstractFlushingEventListener - Dirty checking collections
[DEBUG] 2019-03-03 19:58:50.451 [main] AbstractFlushingEventListener - Flushed: 0 insertions, 1 updates, 0 deletions to 1 objects
[DEBUG] 2019-03-03 19:58:50.456 [main] AbstractFlushingEventListener - Flushed: 0 (re)creations, 0 updates, 0 removals to 0 collections
[DEBUG] 2019-03-03 19:58:50.457 [main] EntityPrinter - Listing entities:
[DEBUG] 2019-03-03 19:58:50.457 [main] EntityPrinter - edu.matc.entity.Role{role=admin, id=3, user=edu.matc.entity.User#2}
[DEBUG] 2019-03-03 19:58:50.465 [main] SQL - update roles set role_title=?, user_id=? where id=?
[DEBUG] 2019-03-03 19:58:50.469 [main] LogicalConnectionManagedImpl - Initiating JDBC connection release from afterTransaction
[DEBUG] 2019-03-03 19:58:50.470 [main] LogicalConnectionManagedImpl - Initiating JDBC connection release from afterTransaction
[DEBUG] 2019-03-03 19:58:50.470 [main] JdbcCoordinatorImpl - HHH000420: Closing un-released batch
[DEBUG] 2019-03-03 19:58:50.471 [main] SQL - select role0_.id as id1_0_0_, role0_.role_title as role_tit2_0_0_, role0_.user_id as user_id3_0_0_, user1_.id as id1_1_1_, user1_.first_name as first_na2_1_1_, user1_.last_name as last_nam3_1_1_, user1_.password as password4_1_1_, user1_.steamid as steamid5_1_1_, user1_.user_name as user_nam6_1_1_ from roles role0_ left outer join users user1_ on role0_.user_id=user1_.id where role0_.id=?
[DEBUG] 2019-03-03 19:58:50.472 [main] ResultSetProcessorImpl - Starting ResultSet row #0
[DEBUG] 2019-03-03 19:58:50.474 [main] EntityReferenceInitializerImpl - On call to EntityIdentifierReaderImpl#resolve, EntityKey was already known; should only happen on root returns with an optional identifier specified
[DEBUG] 2019-03-03 19:58:50.475 [main] TwoPhaseLoad - Resolving associations for [edu.matc.entity.Role#1]
[DEBUG] 2019-03-03 19:58:50.475 [main] TwoPhaseLoad - Done materializing entity [edu.matc.entity.Role#1]
[DEBUG] 2019-03-03 19:58:50.475 [main] TwoPhaseLoad - Resolving associations for [edu.matc.entity.User#1]
[DEBUG] 2019-03-03 19:58:50.475 [main] TwoPhaseLoad - Done materializing entity [edu.matc.entity.User#1]
[DEBUG] 2019-03-03 19:58:50.475 [main] ResourceRegistryStandardImpl - HHH000387: ResultSet's statement was not registered
[DEBUG] 2019-03-03 19:58:50.475 [main] AbstractLoadPlanBasedEntityLoader - Done entity load : edu.matc.entity.Role#1
[DEBUG] 2019-03-03 19:58:50.475 [main] LogicalConnectionManagedImpl - Initiating JDBC connection release from afterTransaction
