[DEBUG] 2019-03-30 19:15:29.081 [http-nio-8080-exec-6] IntegratorServiceImpl - Adding Integrator [org.hibernate.cfg.beanvalidation.BeanValidationIntegrator].
[DEBUG] 2019-03-30 19:15:29.089 [http-nio-8080-exec-6] IntegratorServiceImpl - Adding Integrator [org.hibernate.secure.spi.JaccIntegrator].
[DEBUG] 2019-03-30 19:15:29.093 [http-nio-8080-exec-6] IntegratorServiceImpl - Adding Integrator [org.hibernate.cache.internal.CollectionCacheInvalidator].
[INFO ] 2019-03-30 19:15:29.181 [http-nio-8080-exec-6] Version - HHH000412: Hibernate Core {5.2.12.Final}
[INFO ] 2019-03-30 19:15:29.183 [http-nio-8080-exec-6] Environment - HHH000206: hibernate.properties not found
[DEBUG] 2019-03-30 19:15:29.244 [http-nio-8080-exec-6] LocalXmlResourceResolver - Interpreting public/system identifier : [-//Hibernate/Hibernate Configuration DTD//EN] - [http://www.hibernate.org/dtd/hibernate-configuration-3.0.dtd]
[DEBUG] 2019-03-30 19:15:29.244 [http-nio-8080-exec-6] LocalXmlResourceResolver - Recognized hibernate-configuration identifier; attempting to resolve on classpath under org/hibernate/
[DEBUG] 2019-03-30 19:15:29.268 [http-nio-8080-exec-6] JaxbCfgProcessor - cfg.xml document did not define namespaces; wrapping in custom event reader to introduce namespace information
[DEBUG] 2019-03-30 19:15:29.409 [http-nio-8080-exec-6] ServiceBinding - Overriding existing service binding [org.hibernate.secure.spi.JaccService]
[DEBUG] 2019-03-30 19:15:29.434 [http-nio-8080-exec-6] RegionFactoryInitiator - Cache region factory : org.hibernate.cache.internal.NoCachingRegionFactory
[INFO ] 2019-03-30 19:15:29.446 [http-nio-8080-exec-6] Version - HCANN000001: Hibernate Commons Annotations {5.0.1.Final}
[DEBUG] 2019-03-30 19:15:29.470 [http-nio-8080-exec-6] BasicTypeRegistry - Adding type registration boolean -> org.hibernate.type.BooleanType@30c5a0d5
[DEBUG] 2019-03-30 19:15:29.470 [http-nio-8080-exec-6] BasicTypeRegistry - Adding type registration boolean -> org.hibernate.type.BooleanType@30c5a0d5
[DEBUG] 2019-03-30 19:15:29.470 [http-nio-8080-exec-6] BasicTypeRegistry - Adding type registration java.lang.Boolean -> org.hibernate.type.BooleanType@30c5a0d5
[DEBUG] 2019-03-30 19:15:29.471 [http-nio-8080-exec-6] BasicTypeRegistry - Adding type registration numeric_boolean -> org.hibernate.type.NumericBooleanType@34bfb622
[DEBUG] 2019-03-30 19:15:29.472 [http-nio-8080-exec-6] BasicTypeRegistry - Adding type registration true_false -> org.hibernate.type.TrueFalseType@4eccd7d2
[DEBUG] 2019-03-30 19:15:29.472 [http-nio-8080-exec-6] BasicTypeRegistry - Adding type registration yes_no -> org.hibernate.type.YesNoType@1395ef3d
[DEBUG] 2019-03-30 19:15:29.474 [http-nio-8080-exec-6] BasicTypeRegistry - Adding type registration byte -> org.hibernate.type.ByteType@7ce54c22
[DEBUG] 2019-03-30 19:15:29.474 [http-nio-8080-exec-6] BasicTypeRegistry - Adding type registration byte -> org.hibernate.type.ByteType@7ce54c22
[DEBUG] 2019-03-30 19:15:29.474 [http-nio-8080-exec-6] BasicTypeRegistry - Adding type registration java.lang.Byte -> org.hibernate.type.ByteType@7ce54c22
[DEBUG] 2019-03-30 19:15:29.475 [http-nio-8080-exec-6] BasicTypeRegistry - Adding type registration character -> org.hibernate.type.CharacterType@4bc98c8a
[DEBUG] 2019-03-30 19:15:29.475 [http-nio-8080-exec-6] BasicTypeRegistry - Adding type registration char -> org.hibernate.type.CharacterType@4bc98c8a
[DEBUG] 2019-03-30 19:15:29.475 [http-nio-8080-exec-6] BasicTypeRegistry - Adding type registration java.lang.Character -> org.hibernate.type.CharacterType@4bc98c8a
[DEBUG] 2019-03-30 19:15:29.476 [http-nio-8080-exec-6] BasicTypeRegistry - Adding type registration short -> org.hibernate.type.ShortType@5dd1eb2e
[DEBUG] 2019-03-30 19:15:29.477 [http-nio-8080-exec-6] BasicTypeRegistry - Adding type registration short -> org.hibernate.type.ShortType@5dd1eb2e
[DEBUG] 2019-03-30 19:15:29.477 [http-nio-8080-exec-6] BasicTypeRegistry - Adding type registration java.lang.Short -> org.hibernate.type.ShortType@5dd1eb2e
[DEBUG] 2019-03-30 19:15:29.478 [http-nio-8080-exec-6] BasicTypeRegistry - Adding type registration integer -> org.hibernate.type.IntegerType@87b1a31
[DEBUG] 2019-03-30 19:15:29.478 [http-nio-8080-exec-6] BasicTypeRegistry - Adding type registration int -> org.hibernate.type.IntegerType@87b1a31
[DEBUG] 2019-03-30 19:15:29.478 [http-nio-8080-exec-6] BasicTypeRegistry - Adding type registration java.lang.Integer -> org.hibernate.type.IntegerType@87b1a31
[DEBUG] 2019-03-30 19:15:29.479 [http-nio-8080-exec-6] BasicTypeRegistry - Adding type registration long -> org.hibernate.type.LongType@5e0ce8c0
[DEBUG] 2019-03-30 19:15:29.479 [http-nio-8080-exec-6] BasicTypeRegistry - Adding type registration long -> org.hibernate.type.LongType@5e0ce8c0
[DEBUG] 2019-03-30 19:15:29.479 [http-nio-8080-exec-6] BasicTypeRegistry - Adding type registration java.lang.Long -> org.hibernate.type.LongType@5e0ce8c0
[DEBUG] 2019-03-30 19:15:29.480 [http-nio-8080-exec-6] BasicTypeRegistry - Adding type registration float -> org.hibernate.type.FloatType@5321e534
[DEBUG] 2019-03-30 19:15:29.480 [http-nio-8080-exec-6] BasicTypeRegistry - Adding type registration float -> org.hibernate.type.FloatType@5321e534
[DEBUG] 2019-03-30 19:15:29.480 [http-nio-8080-exec-6] BasicTypeRegistry - Adding type registration java.lang.Float -> org.hibernate.type.FloatType@5321e534
[DEBUG] 2019-03-30 19:15:29.482 [http-nio-8080-exec-6] BasicTypeRegistry - Adding type registration double -> org.hibernate.type.DoubleType@65e95ec0
[DEBUG] 2019-03-30 19:15:29.482 [http-nio-8080-exec-6] BasicTypeRegistry - Adding type registration double -> org.hibernate.type.DoubleType@65e95ec0
[DEBUG] 2019-03-30 19:15:29.482 [http-nio-8080-exec-6] BasicTypeRegistry - Adding type registration java.lang.Double -> org.hibernate.type.DoubleType@65e95ec0
[DEBUG] 2019-03-30 19:15:29.483 [http-nio-8080-exec-6] BasicTypeRegistry - Adding type registration big_decimal -> org.hibernate.type.BigDecimalType@7ada2dd1
[DEBUG] 2019-03-30 19:15:29.483 [http-nio-8080-exec-6] BasicTypeRegistry - Adding type registration java.math.BigDecimal -> org.hibernate.type.BigDecimalType@7ada2dd1
[DEBUG] 2019-03-30 19:15:29.484 [http-nio-8080-exec-6] BasicTypeRegistry - Adding type registration big_integer -> org.hibernate.type.BigIntegerType@666dc7fa
[DEBUG] 2019-03-30 19:15:29.484 [http-nio-8080-exec-6] BasicTypeRegistry - Adding type registration java.math.BigInteger -> org.hibernate.type.BigIntegerType@666dc7fa
[DEBUG] 2019-03-30 19:15:29.485 [http-nio-8080-exec-6] BasicTypeRegistry - Adding type registration string -> org.hibernate.type.StringType@3ff7c83b
[DEBUG] 2019-03-30 19:15:29.485 [http-nio-8080-exec-6] BasicTypeRegistry - Adding type registration java.lang.String -> org.hibernate.type.StringType@3ff7c83b
[DEBUG] 2019-03-30 19:15:29.486 [http-nio-8080-exec-6] BasicTypeRegistry - Adding type registration nstring -> org.hibernate.type.StringNVarcharType@46f9432a
[DEBUG] 2019-03-30 19:15:29.487 [http-nio-8080-exec-6] BasicTypeRegistry - Adding type registration ncharacter -> org.hibernate.type.CharacterNCharType@204e16af
[DEBUG] 2019-03-30 19:15:29.488 [http-nio-8080-exec-6] BasicTypeRegistry - Adding type registration url -> org.hibernate.type.UrlType@1e21cbc3
[DEBUG] 2019-03-30 19:15:29.488 [http-nio-8080-exec-6] BasicTypeRegistry - Adding type registration java.net.URL -> org.hibernate.type.UrlType@1e21cbc3
[DEBUG] 2019-03-30 19:15:29.489 [http-nio-8080-exec-6] BasicTypeRegistry - Adding type registration Duration -> org.hibernate.type.DurationType@757f65a3
[DEBUG] 2019-03-30 19:15:29.489 [http-nio-8080-exec-6] BasicTypeRegistry - Adding type registration java.time.Duration -> org.hibernate.type.DurationType@757f65a3
[DEBUG] 2019-03-30 19:15:29.505 [http-nio-8080-exec-6] BasicTypeRegistry - Adding type registration Instant -> org.hibernate.type.InstantType@d0af97e
[DEBUG] 2019-03-30 19:15:29.505 [http-nio-8080-exec-6] BasicTypeRegistry - Adding type registration java.time.Instant -> org.hibernate.type.InstantType@d0af97e
[DEBUG] 2019-03-30 19:15:29.507 [http-nio-8080-exec-6] BasicTypeRegistry - Adding type registration LocalDateTime -> org.hibernate.type.LocalDateTimeType@234d5435
[DEBUG] 2019-03-30 19:15:29.507 [http-nio-8080-exec-6] BasicTypeRegistry - Adding type registration java.time.LocalDateTime -> org.hibernate.type.LocalDateTimeType@234d5435
[DEBUG] 2019-03-30 19:15:29.508 [http-nio-8080-exec-6] BasicTypeRegistry - Adding type registration LocalDate -> org.hibernate.type.LocalDateType@6849329a
[DEBUG] 2019-03-30 19:15:29.508 [http-nio-8080-exec-6] BasicTypeRegistry - Adding type registration java.time.LocalDate -> org.hibernate.type.LocalDateType@6849329a
[DEBUG] 2019-03-30 19:15:29.510 [http-nio-8080-exec-6] BasicTypeRegistry - Adding type registration LocalTime -> org.hibernate.type.LocalTimeType@2a2dd15e
[DEBUG] 2019-03-30 19:15:29.510 [http-nio-8080-exec-6] BasicTypeRegistry - Adding type registration java.time.LocalTime -> org.hibernate.type.LocalTimeType@2a2dd15e
[DEBUG] 2019-03-30 19:15:29.511 [http-nio-8080-exec-6] BasicTypeRegistry - Adding type registration OffsetDateTime -> org.hibernate.type.OffsetDateTimeType@472e2ebb
[DEBUG] 2019-03-30 19:15:29.512 [http-nio-8080-exec-6] BasicTypeRegistry - Adding type registration java.time.OffsetDateTime -> org.hibernate.type.OffsetDateTimeType@472e2ebb
[DEBUG] 2019-03-30 19:15:29.513 [http-nio-8080-exec-6] BasicTypeRegistry - Adding type registration OffsetTime -> org.hibernate.type.OffsetTimeType@1643c07
[DEBUG] 2019-03-30 19:15:29.513 [http-nio-8080-exec-6] BasicTypeRegistry - Adding type registration java.time.OffsetTime -> org.hibernate.type.OffsetTimeType@1643c07
[DEBUG] 2019-03-30 19:15:29.518 [http-nio-8080-exec-6] BasicTypeRegistry - Adding type registration ZonedDateTime -> org.hibernate.type.ZonedDateTimeType@1b570022
[DEBUG] 2019-03-30 19:15:29.518 [http-nio-8080-exec-6] BasicTypeRegistry - Adding type registration java.time.ZonedDateTime -> org.hibernate.type.ZonedDateTimeType@1b570022
[DEBUG] 2019-03-30 19:15:29.520 [http-nio-8080-exec-6] BasicTypeRegistry - Adding type registration date -> org.hibernate.type.DateType@72b3ed8b
[DEBUG] 2019-03-30 19:15:29.520 [http-nio-8080-exec-6] BasicTypeRegistry - Adding type registration java.sql.Date -> org.hibernate.type.DateType@72b3ed8b
[DEBUG] 2019-03-30 19:15:29.521 [http-nio-8080-exec-6] BasicTypeRegistry - Adding type registration time -> org.hibernate.type.TimeType@36b7f010
[DEBUG] 2019-03-30 19:15:29.521 [http-nio-8080-exec-6] BasicTypeRegistry - Adding type registration java.sql.Time -> org.hibernate.type.TimeType@36b7f010
[DEBUG] 2019-03-30 19:15:29.522 [http-nio-8080-exec-6] BasicTypeRegistry - Adding type registration timestamp -> org.hibernate.type.TimestampType@f7d3d85
[DEBUG] 2019-03-30 19:15:29.522 [http-nio-8080-exec-6] BasicTypeRegistry - Adding type registration java.sql.Timestamp -> org.hibernate.type.TimestampType@f7d3d85
[DEBUG] 2019-03-30 19:15:29.522 [http-nio-8080-exec-6] BasicTypeRegistry - Adding type registration java.util.Date -> org.hibernate.type.TimestampType@f7d3d85
[DEBUG] 2019-03-30 19:15:29.524 [http-nio-8080-exec-6] BasicTypeRegistry - Adding type registration dbtimestamp -> org.hibernate.type.DbTimestampType@2c3dcc81
[DEBUG] 2019-03-30 19:15:29.525 [http-nio-8080-exec-6] BasicTypeRegistry - Adding type registration calendar -> org.hibernate.type.CalendarType@46cb2bbc
[DEBUG] 2019-03-30 19:15:29.525 [http-nio-8080-exec-6] BasicTypeRegistry - Adding type registration java.util.Calendar -> org.hibernate.type.CalendarType@46cb2bbc
[DEBUG] 2019-03-30 19:15:29.525 [http-nio-8080-exec-6] BasicTypeRegistry - Adding type registration java.util.GregorianCalendar -> org.hibernate.type.CalendarType@46cb2bbc
[DEBUG] 2019-03-30 19:15:29.525 [http-nio-8080-exec-6] BasicTypeRegistry - Adding type registration calendar_date -> org.hibernate.type.CalendarDateType@1f417050
[DEBUG] 2019-03-30 19:15:29.526 [http-nio-8080-exec-6] BasicTypeRegistry - Adding type registration locale -> org.hibernate.type.LocaleType@63154b61
[DEBUG] 2019-03-30 19:15:29.526 [http-nio-8080-exec-6] BasicTypeRegistry - Adding type registration java.util.Locale -> org.hibernate.type.LocaleType@63154b61
[DEBUG] 2019-03-30 19:15:29.527 [http-nio-8080-exec-6] BasicTypeRegistry - Adding type registration currency -> org.hibernate.type.CurrencyType@545ff88f
[DEBUG] 2019-03-30 19:15:29.527 [http-nio-8080-exec-6] BasicTypeRegistry - Adding type registration java.util.Currency -> org.hibernate.type.CurrencyType@545ff88f
[DEBUG] 2019-03-30 19:15:29.528 [http-nio-8080-exec-6] BasicTypeRegistry - Adding type registration timezone -> org.hibernate.type.TimeZoneType@15fc3122
[DEBUG] 2019-03-30 19:15:29.528 [http-nio-8080-exec-6] BasicTypeRegistry - Adding type registration java.util.TimeZone -> org.hibernate.type.TimeZoneType@15fc3122
[DEBUG] 2019-03-30 19:15:29.529 [http-nio-8080-exec-6] BasicTypeRegistry - Adding type registration class -> org.hibernate.type.ClassType@689504f5
[DEBUG] 2019-03-30 19:15:29.529 [http-nio-8080-exec-6] BasicTypeRegistry - Adding type registration java.lang.Class -> org.hibernate.type.ClassType@689504f5
[DEBUG] 2019-03-30 19:15:29.531 [http-nio-8080-exec-6] BasicTypeRegistry - Adding type registration uuid-binary -> org.hibernate.type.UUIDBinaryType@69a15c9
[DEBUG] 2019-03-30 19:15:29.531 [http-nio-8080-exec-6] BasicTypeRegistry - Adding type registration java.util.UUID -> org.hibernate.type.UUIDBinaryType@69a15c9
[DEBUG] 2019-03-30 19:15:29.531 [http-nio-8080-exec-6] BasicTypeRegistry - Adding type registration uuid-char -> org.hibernate.type.UUIDCharType@2352c510
[DEBUG] 2019-03-30 19:15:29.533 [http-nio-8080-exec-6] BasicTypeRegistry - Adding type registration binary -> org.hibernate.type.BinaryType@812249
[DEBUG] 2019-03-30 19:15:29.533 [http-nio-8080-exec-6] BasicTypeRegistry - Adding type registration byte[] -> org.hibernate.type.BinaryType@812249
[DEBUG] 2019-03-30 19:15:29.533 [http-nio-8080-exec-6] BasicTypeRegistry - Adding type registration [B -> org.hibernate.type.BinaryType@812249
[DEBUG] 2019-03-30 19:15:29.535 [http-nio-8080-exec-6] BasicTypeRegistry - Adding type registration wrapper-binary -> org.hibernate.type.WrapperBinaryType@4f3492bd
[DEBUG] 2019-03-30 19:15:29.535 [http-nio-8080-exec-6] BasicTypeRegistry - Adding type registration Byte[] -> org.hibernate.type.WrapperBinaryType@4f3492bd
[DEBUG] 2019-03-30 19:15:29.535 [http-nio-8080-exec-6] BasicTypeRegistry - Adding type registration [Ljava.lang.Byte; -> org.hibernate.type.WrapperBinaryType@4f3492bd
[DEBUG] 2019-03-30 19:15:29.536 [http-nio-8080-exec-6] BasicTypeRegistry - Adding type registration row_version -> org.hibernate.type.RowVersionType@332cde1d
[DEBUG] 2019-03-30 19:15:29.537 [http-nio-8080-exec-6] BasicTypeRegistry - Adding type registration image -> org.hibernate.type.ImageType@66ac31d3
[DEBUG] 2019-03-30 19:15:29.538 [http-nio-8080-exec-6] BasicTypeRegistry - Adding type registration characters -> org.hibernate.type.CharArrayType@2ada018c
[DEBUG] 2019-03-30 19:15:29.538 [http-nio-8080-exec-6] BasicTypeRegistry - Adding type registration char[] -> org.hibernate.type.CharArrayType@2ada018c
[DEBUG] 2019-03-30 19:15:29.538 [http-nio-8080-exec-6] BasicTypeRegistry - Adding type registration [C -> org.hibernate.type.CharArrayType@2ada018c
[DEBUG] 2019-03-30 19:15:29.539 [http-nio-8080-exec-6] BasicTypeRegistry - Adding type registration wrapper-characters -> org.hibernate.type.CharacterArrayType@7fed800f
[DEBUG] 2019-03-30 19:15:29.539 [http-nio-8080-exec-6] BasicTypeRegistry - Adding type registration [Ljava.lang.Character; -> org.hibernate.type.CharacterArrayType@7fed800f
[DEBUG] 2019-03-30 19:15:29.539 [http-nio-8080-exec-6] BasicTypeRegistry - Adding type registration Character[] -> org.hibernate.type.CharacterArrayType@7fed800f
[DEBUG] 2019-03-30 19:15:29.540 [http-nio-8080-exec-6] BasicTypeRegistry - Adding type registration text -> org.hibernate.type.TextType@22a792cd
[DEBUG] 2019-03-30 19:15:29.540 [http-nio-8080-exec-6] BasicTypeRegistry - Adding type registration ntext -> org.hibernate.type.NTextType@26af323
[DEBUG] 2019-03-30 19:15:29.545 [http-nio-8080-exec-6] BasicTypeRegistry - Adding type registration blob -> org.hibernate.type.BlobType@31222d6
[DEBUG] 2019-03-30 19:15:29.545 [http-nio-8080-exec-6] BasicTypeRegistry - Adding type registration java.sql.Blob -> org.hibernate.type.BlobType@31222d6
[DEBUG] 2019-03-30 19:15:29.545 [http-nio-8080-exec-6] BasicTypeRegistry - Adding type registration materialized_blob -> org.hibernate.type.MaterializedBlobType@3ebc6f40
[DEBUG] 2019-03-30 19:15:29.550 [http-nio-8080-exec-6] BasicTypeRegistry - Adding type registration clob -> org.hibernate.type.ClobType@56be311f
[DEBUG] 2019-03-30 19:15:29.550 [http-nio-8080-exec-6] BasicTypeRegistry - Adding type registration java.sql.Clob -> org.hibernate.type.ClobType@56be311f
[DEBUG] 2019-03-30 19:15:29.553 [http-nio-8080-exec-6] BasicTypeRegistry - Adding type registration nclob -> org.hibernate.type.NClobType@274ca077
[DEBUG] 2019-03-30 19:15:29.553 [http-nio-8080-exec-6] BasicTypeRegistry - Adding type registration java.sql.NClob -> org.hibernate.type.NClobType@274ca077
[DEBUG] 2019-03-30 19:15:29.554 [http-nio-8080-exec-6] BasicTypeRegistry - Adding type registration materialized_clob -> org.hibernate.type.MaterializedClobType@38f4e0b
[DEBUG] 2019-03-30 19:15:29.554 [http-nio-8080-exec-6] BasicTypeRegistry - Adding type registration materialized_nclob -> org.hibernate.type.MaterializedNClobType@74572b97
[DEBUG] 2019-03-30 19:15:29.556 [http-nio-8080-exec-6] BasicTypeRegistry - Adding type registration serializable -> org.hibernate.type.SerializableType@47e963e1
[DEBUG] 2019-03-30 19:15:29.559 [http-nio-8080-exec-6] BasicTypeRegistry - Adding type registration object -> org.hibernate.type.ObjectType@6639e7ff
[DEBUG] 2019-03-30 19:15:29.559 [http-nio-8080-exec-6] BasicTypeRegistry - Adding type registration java.lang.Object -> org.hibernate.type.ObjectType@6639e7ff
[DEBUG] 2019-03-30 19:15:29.560 [http-nio-8080-exec-6] BasicTypeRegistry - Adding type registration imm_date -> org.hibernate.type.AdaptedImmutableType@1b92c9e4
[DEBUG] 2019-03-30 19:15:29.560 [http-nio-8080-exec-6] BasicTypeRegistry - Adding type registration imm_time -> org.hibernate.type.AdaptedImmutableType@32bdd376
[DEBUG] 2019-03-30 19:15:29.560 [http-nio-8080-exec-6] BasicTypeRegistry - Adding type registration imm_timestamp -> org.hibernate.type.AdaptedImmutableType@4901f966
[DEBUG] 2019-03-30 19:15:29.560 [http-nio-8080-exec-6] BasicTypeRegistry - Adding type registration imm_dbtimestamp -> org.hibernate.type.AdaptedImmutableType@4e84eac9
[DEBUG] 2019-03-30 19:15:29.560 [http-nio-8080-exec-6] BasicTypeRegistry - Adding type registration imm_calendar -> org.hibernate.type.AdaptedImmutableType@43d4c714
[DEBUG] 2019-03-30 19:15:29.560 [http-nio-8080-exec-6] BasicTypeRegistry - Adding type registration imm_calendar_date -> org.hibernate.type.AdaptedImmutableType@1f2e8a7b
[DEBUG] 2019-03-30 19:15:29.560 [http-nio-8080-exec-6] BasicTypeRegistry - Adding type registration imm_binary -> org.hibernate.type.AdaptedImmutableType@59a29a31
[DEBUG] 2019-03-30 19:15:29.560 [http-nio-8080-exec-6] BasicTypeRegistry - Adding type registration imm_serializable -> org.hibernate.type.AdaptedImmutableType@3099f16e
[INFO ] 2019-03-30 19:15:29.572 [http-nio-8080-exec-6] C3P0ConnectionProvider - HHH010002: C3P0 using driver: com.mysql.jdbc.Driver at URL: jdbc:mysql://localhost:3306/dotaStats
[INFO ] 2019-03-30 19:15:29.572 [http-nio-8080-exec-6] C3P0ConnectionProvider - HHH10001001: Connection properties: {user=root, password=****}
[INFO ] 2019-03-30 19:15:29.573 [http-nio-8080-exec-6] C3P0ConnectionProvider - HHH10001003: Autocommit mode: false
[INFO ] 2019-03-30 19:15:29.786 [http-nio-8080-exec-6] C3P0ConnectionProvider - HHH10001007: JDBC isolation level: <unknown>
[DEBUG] 2019-03-30 19:15:30.219 [http-nio-8080-exec-6] JdbcEnvironmentInitiator - Database ->
       name : MySQL
    version : 5.7.25-0ubuntu0.16.04.2
      major : 5
      minor : 7
[DEBUG] 2019-03-30 19:15:30.219 [http-nio-8080-exec-6] JdbcEnvironmentInitiator - Driver ->
       name : MySQL Connector Java
    version : mysql-connector-java-5.1.39 ( Revision: 3289a357af6d09ecc1a10fd3c26e95183e5790ad )
      major : 5
      minor : 1
[DEBUG] 2019-03-30 19:15:30.219 [http-nio-8080-exec-6] JdbcEnvironmentInitiator - JDBC version : 4.0
[INFO ] 2019-03-30 19:15:30.233 [http-nio-8080-exec-6] Dialect - HHH000400: Using dialect: org.hibernate.dialect.MySQL5Dialect
[DEBUG] 2019-03-30 19:15:30.323 [http-nio-8080-exec-6] IdentifierHelperBuilder - JDBC driver metadata reported database stores quoted identifiers in more than one case
[DEBUG] 2019-03-30 19:15:30.332 [http-nio-8080-exec-6] IdentifierHelperBuilder - IdentifierCaseStrategy for both quoted and unquoted identifiers was set to the same strategy [MIXED]; that will likely lead to problems in schema update and validation if using quoted identifiers
[DEBUG] 2019-03-30 19:15:30.438 [http-nio-8080-exec-6] DefaultIdentifierGeneratorFactory - Registering IdentifierGenerator strategy [uuid2] -> [org.hibernate.id.UUIDGenerator]
[DEBUG] 2019-03-30 19:15:30.439 [http-nio-8080-exec-6] DefaultIdentifierGeneratorFactory - Registering IdentifierGenerator strategy [guid] -> [org.hibernate.id.GUIDGenerator]
[DEBUG] 2019-03-30 19:15:30.440 [http-nio-8080-exec-6] DefaultIdentifierGeneratorFactory - Registering IdentifierGenerator strategy [uuid] -> [org.hibernate.id.UUIDHexGenerator]
[DEBUG] 2019-03-30 19:15:30.440 [http-nio-8080-exec-6] DefaultIdentifierGeneratorFactory - Registering IdentifierGenerator strategy [uuid.hex] -> [org.hibernate.id.UUIDHexGenerator]
[DEBUG] 2019-03-30 19:15:30.440 [http-nio-8080-exec-6] DefaultIdentifierGeneratorFactory - Registering IdentifierGenerator strategy [assigned] -> [org.hibernate.id.Assigned]
[DEBUG] 2019-03-30 19:15:30.441 [http-nio-8080-exec-6] DefaultIdentifierGeneratorFactory - Registering IdentifierGenerator strategy [identity] -> [org.hibernate.id.IdentityGenerator]
[DEBUG] 2019-03-30 19:15:30.441 [http-nio-8080-exec-6] DefaultIdentifierGeneratorFactory - Registering IdentifierGenerator strategy [select] -> [org.hibernate.id.SelectGenerator]
[DEBUG] 2019-03-30 19:15:30.442 [http-nio-8080-exec-6] DefaultIdentifierGeneratorFactory - Registering IdentifierGenerator strategy [sequence] -> [org.hibernate.id.enhanced.SequenceStyleGenerator]
[DEBUG] 2019-03-30 19:15:30.443 [http-nio-8080-exec-6] DefaultIdentifierGeneratorFactory - Registering IdentifierGenerator strategy [seqhilo] -> [org.hibernate.id.SequenceHiLoGenerator]
[DEBUG] 2019-03-30 19:15:30.443 [http-nio-8080-exec-6] DefaultIdentifierGeneratorFactory - Registering IdentifierGenerator strategy [increment] -> [org.hibernate.id.IncrementGenerator]
[DEBUG] 2019-03-30 19:15:30.444 [http-nio-8080-exec-6] DefaultIdentifierGeneratorFactory - Registering IdentifierGenerator strategy [foreign] -> [org.hibernate.id.ForeignGenerator]
[DEBUG] 2019-03-30 19:15:30.444 [http-nio-8080-exec-6] DefaultIdentifierGeneratorFactory - Registering IdentifierGenerator strategy [sequence-identity] -> [org.hibernate.id.SequenceIdentityGenerator]
[DEBUG] 2019-03-30 19:15:30.444 [http-nio-8080-exec-6] DefaultIdentifierGeneratorFactory - Registering IdentifierGenerator strategy [enhanced-sequence] -> [org.hibernate.id.enhanced.SequenceStyleGenerator]
[DEBUG] 2019-03-30 19:15:30.445 [http-nio-8080-exec-6] DefaultIdentifierGeneratorFactory - Registering IdentifierGenerator strategy [enhanced-table] -> [org.hibernate.id.enhanced.TableGenerator]
[DEBUG] 2019-03-30 19:15:30.516 [http-nio-8080-exec-6] Namespace - Created database namespace [logicalName=Name{catalog=null, schema=null}, physicalName=Name{catalog=null, schema=null}]
[DEBUG] 2019-03-30 19:15:30.572 [http-nio-8080-exec-6] AnnotationBinder - Binding entity from annotated class: edu.matc.entity.User
[DEBUG] 2019-03-30 19:15:30.697 [http-nio-8080-exec-6] Ejb3Column - Binding column: Ejb3DiscriminatorColumn{logicalColumnName'DTYPE', discriminatorTypeName='string'}
[DEBUG] 2019-03-30 19:15:30.705 [http-nio-8080-exec-6] EntityBinder - Import with entity name User
[DEBUG] 2019-03-30 19:15:30.708 [http-nio-8080-exec-6] EntityBinder - Bind entity edu.matc.entity.User on table users
[DEBUG] 2019-03-30 19:15:30.748 [http-nio-8080-exec-6] Ejb3Column - Binding column: Ejb3Column{table=org.hibernate.mapping.Table(users), mappingColumn=id, insertable=true, updatable=true, unique=false}
[DEBUG] 2019-03-30 19:15:30.804 [http-nio-8080-exec-6] PropertyBinder - MetadataSourceProcessor property id with lazy=false
[DEBUG] 2019-03-30 19:15:30.809 [http-nio-8080-exec-6] AbstractPropertyHolder - Attempting to locate auto-apply AttributeConverter for property [edu.matc.entity.User:id]
[DEBUG] 2019-03-30 19:15:30.812 [http-nio-8080-exec-6] SimpleValueBinder - building SimpleValue for id
[DEBUG] 2019-03-30 19:15:30.818 [http-nio-8080-exec-6] PropertyBinder - Building property id
[DEBUG] 2019-03-30 19:15:30.826 [http-nio-8080-exec-6] Ejb3Column - Binding column: Ejb3Column{table=org.hibernate.mapping.Table(users), mappingColumn=first_name, insertable=true, updatable=true, unique=false}
[DEBUG] 2019-03-30 19:15:30.826 [http-nio-8080-exec-6] PropertyBinder - MetadataSourceProcessor property firstName with lazy=false
[DEBUG] 2019-03-30 19:15:30.826 [http-nio-8080-exec-6] AbstractPropertyHolder - Attempting to locate auto-apply AttributeConverter for property [edu.matc.entity.User:firstName]
[DEBUG] 2019-03-30 19:15:30.826 [http-nio-8080-exec-6] SimpleValueBinder - building SimpleValue for firstName
[DEBUG] 2019-03-30 19:15:30.827 [http-nio-8080-exec-6] PropertyBinder - Building property firstName
[DEBUG] 2019-03-30 19:15:30.827 [http-nio-8080-exec-6] Ejb3Column - Binding column: Ejb3Column{table=org.hibernate.mapping.Table(users), mappingColumn=last_name, insertable=true, updatable=true, unique=false}
[DEBUG] 2019-03-30 19:15:30.827 [http-nio-8080-exec-6] PropertyBinder - MetadataSourceProcessor property lastName with lazy=false
[DEBUG] 2019-03-30 19:15:30.827 [http-nio-8080-exec-6] AbstractPropertyHolder - Attempting to locate auto-apply AttributeConverter for property [edu.matc.entity.User:lastName]
[DEBUG] 2019-03-30 19:15:30.827 [http-nio-8080-exec-6] SimpleValueBinder - building SimpleValue for lastName
[DEBUG] 2019-03-30 19:15:30.827 [http-nio-8080-exec-6] PropertyBinder - Building property lastName
[DEBUG] 2019-03-30 19:15:30.827 [http-nio-8080-exec-6] Ejb3Column - Binding column: Ejb3Column{table=org.hibernate.mapping.Table(users), mappingColumn=password, insertable=true, updatable=true, unique=false}
[DEBUG] 2019-03-30 19:15:30.827 [http-nio-8080-exec-6] PropertyBinder - MetadataSourceProcessor property password with lazy=false
[DEBUG] 2019-03-30 19:15:30.827 [http-nio-8080-exec-6] AbstractPropertyHolder - Attempting to locate auto-apply AttributeConverter for property [edu.matc.entity.User:password]
[DEBUG] 2019-03-30 19:15:30.828 [http-nio-8080-exec-6] SimpleValueBinder - building SimpleValue for password
[DEBUG] 2019-03-30 19:15:30.828 [http-nio-8080-exec-6] PropertyBinder - Building property password
[DEBUG] 2019-03-30 19:15:30.828 [http-nio-8080-exec-6] Ejb3Column - Binding column: Ejb3Column{table=org.hibernate.mapping.Table(users), mappingColumn=steamid, insertable=true, updatable=true, unique=false}
[DEBUG] 2019-03-30 19:15:30.828 [http-nio-8080-exec-6] PropertyBinder - MetadataSourceProcessor property steamID with lazy=false
[DEBUG] 2019-03-30 19:15:30.828 [http-nio-8080-exec-6] AbstractPropertyHolder - Attempting to locate auto-apply AttributeConverter for property [edu.matc.entity.User:steamID]
[DEBUG] 2019-03-30 19:15:30.828 [http-nio-8080-exec-6] SimpleValueBinder - building SimpleValue for steamID
[DEBUG] 2019-03-30 19:15:30.828 [http-nio-8080-exec-6] PropertyBinder - Building property steamID
[DEBUG] 2019-03-30 19:15:30.828 [http-nio-8080-exec-6] Ejb3Column - Binding column: Ejb3Column{table=org.hibernate.mapping.Table(users), mappingColumn=user_name, insertable=true, updatable=true, unique=false}
[DEBUG] 2019-03-30 19:15:30.828 [http-nio-8080-exec-6] PropertyBinder - MetadataSourceProcessor property userName with lazy=false
[DEBUG] 2019-03-30 19:15:30.828 [http-nio-8080-exec-6] AbstractPropertyHolder - Attempting to locate auto-apply AttributeConverter for property [edu.matc.entity.User:userName]
[DEBUG] 2019-03-30 19:15:30.828 [http-nio-8080-exec-6] SimpleValueBinder - building SimpleValue for userName
[DEBUG] 2019-03-30 19:15:30.829 [http-nio-8080-exec-6] PropertyBinder - Building property userName
[DEBUG] 2019-03-30 19:15:30.829 [http-nio-8080-exec-6] AnnotationBinder - Binding entity from annotated class: edu.matc.entity.Role
[DEBUG] 2019-03-30 19:15:30.829 [http-nio-8080-exec-6] Ejb3Column - Binding column: Ejb3DiscriminatorColumn{logicalColumnName'DTYPE', discriminatorTypeName='string'}
[DEBUG] 2019-03-30 19:15:30.830 [http-nio-8080-exec-6] EntityBinder - Import with entity name Role
[DEBUG] 2019-03-30 19:15:30.830 [http-nio-8080-exec-6] EntityBinder - Bind entity edu.matc.entity.Role on table roles
[DEBUG] 2019-03-30 19:15:30.835 [http-nio-8080-exec-6] Ejb3Column - Binding column: Ejb3Column{table=org.hibernate.mapping.Table(roles), mappingColumn=id, insertable=true, updatable=true, unique=false}
[DEBUG] 2019-03-30 19:15:30.835 [http-nio-8080-exec-6] PropertyBinder - MetadataSourceProcessor property id with lazy=false
[DEBUG] 2019-03-30 19:15:30.835 [http-nio-8080-exec-6] AbstractPropertyHolder - Attempting to locate auto-apply AttributeConverter for property [edu.matc.entity.Role:id]
[DEBUG] 2019-03-30 19:15:30.835 [http-nio-8080-exec-6] SimpleValueBinder - building SimpleValue for id
[DEBUG] 2019-03-30 19:15:30.836 [http-nio-8080-exec-6] PropertyBinder - Building property id
[DEBUG] 2019-03-30 19:15:30.836 [http-nio-8080-exec-6] Ejb3Column - Binding column: Ejb3Column{table=org.hibernate.mapping.Table(roles), mappingColumn=role_title, insertable=true, updatable=true, unique=false}
[DEBUG] 2019-03-30 19:15:30.837 [http-nio-8080-exec-6] PropertyBinder - MetadataSourceProcessor property role with lazy=false
[DEBUG] 2019-03-30 19:15:30.837 [http-nio-8080-exec-6] AbstractPropertyHolder - Attempting to locate auto-apply AttributeConverter for property [edu.matc.entity.Role:role]
[DEBUG] 2019-03-30 19:15:30.837 [http-nio-8080-exec-6] SimpleValueBinder - building SimpleValue for role
[DEBUG] 2019-03-30 19:15:30.837 [http-nio-8080-exec-6] PropertyBinder - Building property role
[DEBUG] 2019-03-30 19:15:30.841 [http-nio-8080-exec-6] Ejb3Column - Binding column: Ejb3JoinColumn{logicalColumnName='null', referencedColumn='null', mappedBy='null'}
[DEBUG] 2019-03-30 19:15:30.841 [http-nio-8080-exec-6] Ejb3Column - Binding column: Ejb3Column{table=org.hibernate.mapping.Table(roles), mappingColumn=user, insertable=true, updatable=true, unique=false}
[DEBUG] 2019-03-30 19:15:30.848 [http-nio-8080-exec-6] PropertyBinder - Building property user
[DEBUG] 2019-03-30 19:15:30.850 [http-nio-8080-exec-6] SimpleValueBinder - Starting fillSimpleValue for id
[DEBUG] 2019-03-30 19:15:30.850 [http-nio-8080-exec-6] SimpleValueBinder - Starting fillSimpleValue for firstName
[DEBUG] 2019-03-30 19:15:30.851 [http-nio-8080-exec-6] SimpleValueBinder - Starting fillSimpleValue for lastName
[DEBUG] 2019-03-30 19:15:30.851 [http-nio-8080-exec-6] SimpleValueBinder - Starting fillSimpleValue for password
[DEBUG] 2019-03-30 19:15:30.851 [http-nio-8080-exec-6] SimpleValueBinder - Starting fillSimpleValue for steamID
[DEBUG] 2019-03-30 19:15:30.851 [http-nio-8080-exec-6] SimpleValueBinder - Starting fillSimpleValue for userName
[DEBUG] 2019-03-30 19:15:30.851 [http-nio-8080-exec-6] SimpleValueBinder - Starting fillSimpleValue for id
[DEBUG] 2019-03-30 19:15:30.851 [http-nio-8080-exec-6] SimpleValueBinder - Starting fillSimpleValue for role
[DEBUG] 2019-03-30 19:15:30.900 [http-nio-8080-exec-6] PrimaryKey - Forcing column [id] to be non-null as it is part of the primary key for table [users]
[DEBUG] 2019-03-30 19:15:30.901 [http-nio-8080-exec-6] PrimaryKey - Forcing column [id] to be non-null as it is part of the primary key for table [roles]
[DEBUG] 2019-03-30 19:15:30.901 [http-nio-8080-exec-6] InFlightMetadataCollectorImpl - Resolving reference to class: edu.matc.entity.User
[DEBUG] 2019-03-30 19:15:30.904 [http-nio-8080-exec-6] InFlightMetadataCollectorImpl - Resolving reference to class: edu.matc.entity.User
[DEBUG] 2019-03-30 19:15:31.000 [http-nio-8080-exec-6] SessionFactoryImpl - Building session factory
[DEBUG] 2019-03-30 19:15:31.001 [http-nio-8080-exec-6] Settings - SessionFactory name : null
[DEBUG] 2019-03-30 19:15:31.001 [http-nio-8080-exec-6] Settings - Automatic flush during beforeCompletion(): enabled
[DEBUG] 2019-03-30 19:15:31.001 [http-nio-8080-exec-6] Settings - Automatic session close at end of transaction: disabled
[DEBUG] 2019-03-30 19:15:31.001 [http-nio-8080-exec-6] Settings - Statistics: disabled
[DEBUG] 2019-03-30 19:15:31.001 [http-nio-8080-exec-6] Settings - Deleted entity synthetic identifier rollback: disabled
[DEBUG] 2019-03-30 19:15:31.002 [http-nio-8080-exec-6] Settings - Default entity-mode: pojo
[DEBUG] 2019-03-30 19:15:31.002 [http-nio-8080-exec-6] Settings - Check Nullability in Core (should be disabled when Bean Validation is on): enabled
[DEBUG] 2019-03-30 19:15:31.002 [http-nio-8080-exec-6] Settings - Allow initialization of lazy state outside session : disabled
[DEBUG] 2019-03-30 19:15:31.002 [http-nio-8080-exec-6] Settings - Using BatchFetchStyle : LEGACY
[DEBUG] 2019-03-30 19:15:31.002 [http-nio-8080-exec-6] Settings - Default batch fetch size: -1
[DEBUG] 2019-03-30 19:15:31.002 [http-nio-8080-exec-6] Settings - Maximum outer join fetch depth: 2
[DEBUG] 2019-03-30 19:15:31.002 [http-nio-8080-exec-6] Settings - Default null ordering: NONE
[DEBUG] 2019-03-30 19:15:31.002 [http-nio-8080-exec-6] Settings - Order SQL updates by primary key: disabled
[DEBUG] 2019-03-30 19:15:31.002 [http-nio-8080-exec-6] Settings - Order SQL inserts for batching: disabled
[DEBUG] 2019-03-30 19:15:31.002 [http-nio-8080-exec-6] Settings - multi-tenancy strategy : NONE
[DEBUG] 2019-03-30 19:15:31.002 [http-nio-8080-exec-6] Settings - JTA Track by Thread: enabled
[DEBUG] 2019-03-30 19:15:31.002 [http-nio-8080-exec-6] Settings - Query language substitutions: {}
[DEBUG] 2019-03-30 19:15:31.002 [http-nio-8080-exec-6] Settings - JPA query language strict compliance: disabled
[DEBUG] 2019-03-30 19:15:31.002 [http-nio-8080-exec-6] Settings - Named query checking : enabled
[DEBUG] 2019-03-30 19:15:31.002 [http-nio-8080-exec-6] Settings - Second-level cache: enabled
[DEBUG] 2019-03-30 19:15:31.002 [http-nio-8080-exec-6] Settings - Second-level query cache: disabled
[DEBUG] 2019-03-30 19:15:31.002 [http-nio-8080-exec-6] Settings - Second-level query cache factory: org.hibernate.cache.internal.StandardQueryCacheFactory@4b21501e
[DEBUG] 2019-03-30 19:15:31.002 [http-nio-8080-exec-6] Settings - Second-level cache region prefix: null
[DEBUG] 2019-03-30 19:15:31.002 [http-nio-8080-exec-6] Settings - Optimize second-level cache for minimal puts: disabled
[DEBUG] 2019-03-30 19:15:31.002 [http-nio-8080-exec-6] Settings - Structured second-level cache entries: disabled
[DEBUG] 2019-03-30 19:15:31.003 [http-nio-8080-exec-6] Settings - Second-level cache direct-reference entries: disabled
[DEBUG] 2019-03-30 19:15:31.003 [http-nio-8080-exec-6] Settings - Automatic eviction of collection cache: disabled
[DEBUG] 2019-03-30 19:15:31.003 [http-nio-8080-exec-6] Settings - JDBC batch size: 15
[DEBUG] 2019-03-30 19:15:31.003 [http-nio-8080-exec-6] Settings - JDBC batch updates for versioned data: enabled
[DEBUG] 2019-03-30 19:15:31.003 [http-nio-8080-exec-6] Settings - Scrollable result sets: enabled
[DEBUG] 2019-03-30 19:15:31.003 [http-nio-8080-exec-6] Settings - Wrap result sets: disabled
[DEBUG] 2019-03-30 19:15:31.003 [http-nio-8080-exec-6] Settings - JDBC3 getGeneratedKeys(): enabled
[DEBUG] 2019-03-30 19:15:31.004 [http-nio-8080-exec-6] Settings - JDBC result set fetch size: null
[DEBUG] 2019-03-30 19:15:31.004 [http-nio-8080-exec-6] Settings - Connection release mode: AFTER_TRANSACTION
[DEBUG] 2019-03-30 19:15:31.004 [http-nio-8080-exec-6] Settings - Generate SQL with comments: disabled
[DEBUG] 2019-03-30 19:15:31.285 [http-nio-8080-exec-6] SessionFactoryImpl - Session factory constructed with filter configurations : {}
[DEBUG] 2019-03-30 19:15:31.285 [http-nio-8080-exec-6] SessionFactoryImpl - Instantiating session factory with properties: {awt.toolkit=sun.awt.X11.XToolkit, java.specification.version=1.8, sun.cpu.isalist=, hibernate.c3p0.idle_test_period=3000, sun.jnu.encoding=UTF-8, hibernate.c3p0.min_size=5, sun.arch.data.model=64, catalina.useNaming=true, java.vendor.url=http://java.oracle.com/, openejb.provider.default=org.apache.tomee, sun.boot.library.path=/usr/lib/jvm/java-8-oracle/jre/lib/amd64, com.sun.management.jmxremote.ssl=false, sun.java.command=org.apache.catalina.startup.Bootstrap start, java.specification.vendor=Oracle Corporation, openejb.embedder.source=ServerListener, java.naming.factory.url.pkgs=org.apache.naming:org.apache.openejb.core.ivm.naming, java.home=/usr/lib/jvm/java-8-oracle/jre, file.separator=/, line.separator=
, hibernate.c3p0.timeout=300, java.vm.specification.vendor=Oracle Corporation, java.specification.name=Java Platform API Specification, package.definition=sun.,java.,org.apache.catalina.,org.apache.coyote.,org.apache.jasper.,org.apache.naming.,org.apache.tomcat., openejb.deployments.classpath.filter.systemapps=false, sun.boot.class.path=/usr/lib/jvm/java-8-oracle/jre/lib/resources.jar:/usr/lib/jvm/java-8-oracle/jre/lib/rt.jar:/usr/lib/jvm/java-8-oracle/jre/lib/sunrsasign.jar:/usr/lib/jvm/java-8-oracle/jre/lib/jsse.jar:/usr/lib/jvm/java-8-oracle/jre/lib/jce.jar:/usr/lib/jvm/java-8-oracle/jre/lib/charsets.jar:/usr/lib/jvm/java-8-oracle/jre/lib/jfr.jar:/usr/lib/jvm/java-8-oracle/jre/classes, jdk.tls.ephemeralDHKeySize=2048, java.util.logging.config.file=/home/student/.IntelliJIdea2017.2/system/tomcat/Unnamed_dotaStats/conf/logging.properties, connection.password=student, sun.management.compiler=HotSpot 64-Bit Tiered Compilers, java.runtime.version=1.8.0_144-b01, user.name=student, org.apache.johnzon.max-string-length=8192, file.encoding=UTF-8, derby.system.home=/home/student/tomcat/bin, hibernate.connection.driver_class=com.mysql.jdbc.Driver, java.io.tmpdir=/home/student/tomcat/temp, tomcat.util.scan.StandardJarScanFilter.jarsToScan=log4j-core*.jar,log4j-taglib*.jar,log4javascript*.jar,slf4j-taglib*.jar, com.sun.management.jmxremote.port=1099, java.version=1.8.0_144, tomcat.util.scan.StandardJarScanFilter.jarsToSkip=bootstrap.jar,commons-daemon.jar,tomcat-juli.jar,annotations-api.jar,el-api.jar,jsp-api.jar,servlet-api.jar,websocket-api.jar,jaspic-api.jar,catalina.jar,catalina-ant.jar,catalina-ha.jar,catalina-storeconfig.jar,catalina-tribes.jar,jasper.jar,jasper-el.jar,ecj-*.jar,tomcat-api.jar,tomcat-util.jar,tomcat-util-scan.jar,tomcat-coyote.jar,tomcat-dbcp.jar,tomcat-jni.jar,tomcat-websocket.jar,tomcat-i18n-en.jar,tomcat-i18n-es.jar,tomcat-i18n-fr.jar,tomcat-i18n-ja.jar,tomcat-juli-adapters.jar,catalina-jmx-remote.jar,catalina-ws.jar,tomcat-jdbc.jar,tools.jar,commons-beanutils*.jar,commons-codec*.jar,commons-collections*.jar,commons-dbcp*.jar,commons-digester*.jar,commons-fileupload*.jar,commons-httpclient*.jar,commons-io*.jar,commons-lang*.jar,commons-logging*.jar,commons-math*.jar,commons-pool*.jar,jstl.jar,taglibs-standard-spec-*.jar,geronimo-spec-jaxrpc*.jar,wsdl4j*.jar,ant.jar,ant-junit*.jar,aspectj*.jar,jmx.jar,h2*.jar,hibernate*.jar,httpclient*.jar,jmx-tools.jar,jta*.jar,log4j*.jar,mail*.jar,slf4j*.jar,xercesImpl.jar,xmlParserAPIs.jar,xml-apis.jar,junit.jar,junit-*.jar,ant-launcher.jar,cobertura-*.jar,asm-*.jar,dom4j-*.jar,icu4j-*.jar,jaxen-*.jar,jdom-*.jar,jetty-*.jar,oro-*.jar,servlet-api-*.jar,tagsoup-*.jar,xmlParserAPIs-*.jar,xom-*.jar, connection.username=root, java.vm.specification.name=Java Virtual Machine Specification, java.awt.printerjob=sun.print.PSPrinterJob, sun.os.patch.level=unknown, connection.driver_class=com.mysql.jdbc.Driver, tomcat.built=Jun 9 2016 11:16:29 UTC, java.library.path=/home/student/intellij/bin::/usr/java/packages/lib/amd64:/usr/lib64:/lib64:/lib:/usr/lib, java.vendor=Oracle Corporation, tomee.version=7.0.1, java.rmi.server.randomIDs=true, sun.io.unicode.encoding=UnicodeLittle, tomcat.util.buf.StringCache.byte.enabled=true, sun.desktop=gnome, file.encoding.pkg=sun.io, com.sun.management.jmxremote.authenticate=false, java.class.path=/home/student/tomcat/bin/bootstrap.jar:/home/student/tomcat/bin/tomcat-juli.jar:/home/student/tomcat/lib/openejb-javaagent.jar, tomcat.version=8.5.3.0, java.vm.vendor=Oracle Corporation, openejb.home=/home/student/tomcat, openejb.system.apps=true, user.timezone=America/Chicago, os.name=Linux, java.vm.specification.version=1.8, sun.java.launcher=SUN_STANDARD, user.country=US, openejb.base=/home/student/.IntelliJIdea2017.2/system/tomcat/Unnamed_dotaStats, com.sun.management.jmxremote=, sun.cpu.endian=little, user.home=/home/student, hibernate.c3p0.max_statements=50, user.language=en, openejb.deployments.classpath=false, java.awt.graphicsenv=sun.awt.X11GraphicsEnvironment, package.access=sun.,org.apache.catalina.,org.apache.coyote.,org.apache.jasper.,org.apache.tomcat., openejb.loader=tomcat-system, server.loader=, hibernate.c3p0.max_size=20, java.naming.factory.initial=org.apache.naming.java.javaURLContextFactory, org.apache.openejb.core.security.JaccProvider=org.apache.openejb.core.security.jacc.BasicJaccProvider, path.separator=:, hibernate.connection.username=root, common.loader="/home/student/tomcat/lib","/home/student/tomcat/lib/*.jar","/home/student/tomcat/lib","/home/student/tomcat/lib/*.jar", openejb.java9.hack=false, os.version=4.4.0-57-generic, openejb.version=7.0.1, java.endorsed.dirs=/usr/lib/jvm/java-8-oracle/jre/lib/endorsed, org.apache.security.jacc.EJBMethodPermission.methodInterfaces=BusinessLocalHome,BusinessRemoteHome,BusinessRemote,BusinessLocal, java.runtime.name=Java(TM) SE Runtime Environment, hibernate.connection.url=jdbc:mysql://localhost:3306/dotaStats, java.vm.name=Java HotSpot(TM) 64-Bit Server VM, tomee.remote.support=true, java.vendor.url.bug=http://bugreport.sun.com/bugreport/, catalina.home=/home/student/tomcat, bval.in-container=true, user.dir=/home/student/tomcat/bin, os.arch=amd64, openjpa.Log=org.apache.openejb.openjpa.JULOpenJPALogFactory, hibernate.connection.password=****, tomee.serialization.class.blacklist=-, tomee.serialization.class.whitelist=, catalina.base=/home/student/.IntelliJIdea2017.2/system/tomcat/Unnamed_dotaStats, shared.loader=, hibernate.boot.CfgXmlAccessService.key=org.hibernate.boot.cfgxml.spi.LoadedConfig@e1a2a70, java.util.logging.manager=org.apache.juli.ClassLoaderLogManager, noBanner=true, org.apache.webbeans.logger.WebBeansLoggerFacade=org.apache.openejb.cdi.logging.ContainerJULLoggerFactory, java.vm.info=mixed mode, java.vm.version=25.144-b01, hibernate.bytecode.use_reflection_optimizer=false, java.rmi.server.hostname=127.0.0.1, javax.security.jacc.PolicyConfigurationFactory.provider=org.apache.openejb.core.security.JaccProvider$Factory, java.ext.dirs=/usr/lib/jvm/java-8-oracle/jre/lib/ext:/usr/java/packages/lib/ext, connection.url=jdbc:mysql://localhost:3306/dotaStats, java.class.version=52.0, authconfigprovider.factory=false}
[DEBUG] 2019-03-30 19:15:31.344 [http-nio-8080-exec-6] ClassLoaderAccessImpl - Not known whether passed class name [edu.matc.entity.User] is safe
[DEBUG] 2019-03-30 19:15:31.344 [http-nio-8080-exec-6] ClassLoaderAccessImpl - No temp ClassLoader provided; using live ClassLoader for loading potentially unsafe class : edu.matc.entity.User
[DEBUG] 2019-03-30 19:15:31.387 [http-nio-8080-exec-6] ClassLoaderAccessImpl - Not known whether passed class name [edu.matc.entity.Role] is safe
[DEBUG] 2019-03-30 19:15:31.387 [http-nio-8080-exec-6] ClassLoaderAccessImpl - No temp ClassLoader provided; using live ClassLoader for loading potentially unsafe class : edu.matc.entity.Role
[DEBUG] 2019-03-30 19:15:31.390 [http-nio-8080-exec-6] JaccIntegrator - Skipping JACC integration as it was not enabled
[DEBUG] 2019-03-30 19:15:31.428 [http-nio-8080-exec-6] SessionFactoryImpl - Instantiated session factory
[DEBUG] 2019-03-30 19:15:32.305 [http-nio-8080-exec-6] ClassLoaderAccessImpl - Not known whether passed class name [edu.matc.entity.User] is safe
[DEBUG] 2019-03-30 19:15:32.305 [http-nio-8080-exec-6] ClassLoaderAccessImpl - No temp ClassLoader provided; using live ClassLoader for loading potentially unsafe class : edu.matc.entity.User
[DEBUG] 2019-03-30 19:15:32.320 [http-nio-8080-exec-6] ClassLoaderAccessImpl - Not known whether passed class name [edu.matc.entity.User] is safe
[DEBUG] 2019-03-30 19:15:32.320 [http-nio-8080-exec-6] ClassLoaderAccessImpl - No temp ClassLoader provided; using live ClassLoader for loading potentially unsafe class : edu.matc.entity.User
[DEBUG] 2019-03-30 19:15:32.372 [http-nio-8080-exec-6] ClassLoaderAccessImpl - Not known whether passed class name [edu.matc.entity.Role] is safe
[DEBUG] 2019-03-30 19:15:32.372 [http-nio-8080-exec-6] ClassLoaderAccessImpl - No temp ClassLoader provided; using live ClassLoader for loading potentially unsafe class : edu.matc.entity.Role
[DEBUG] 2019-03-30 19:15:32.374 [http-nio-8080-exec-6] ClassLoaderAccessImpl - Not known whether passed class name [edu.matc.entity.Role] is safe
[DEBUG] 2019-03-30 19:15:32.374 [http-nio-8080-exec-6] ClassLoaderAccessImpl - No temp ClassLoader provided; using live ClassLoader for loading potentially unsafe class : edu.matc.entity.Role
[DEBUG] 2019-03-30 19:15:32.382 [http-nio-8080-exec-6] AbstractEntityPersister - Static SQL for entity: edu.matc.entity.User
[DEBUG] 2019-03-30 19:15:32.382 [http-nio-8080-exec-6] AbstractEntityPersister -  Version select: select id from users where id =?
[DEBUG] 2019-03-30 19:15:32.382 [http-nio-8080-exec-6] AbstractEntityPersister -  Snapshot select: select user_.id, user_.first_name as first_na2_1_, user_.last_name as last_nam3_1_, user_.password as password4_1_, user_.steamid as steamid5_1_, user_.user_name as user_nam6_1_ from users user_ where user_.id=?
[DEBUG] 2019-03-30 19:15:32.382 [http-nio-8080-exec-6] AbstractEntityPersister -  Insert 0: insert into users (first_name, last_name, password, steamid, user_name, id) values (?, ?, ?, ?, ?, ?)
[DEBUG] 2019-03-30 19:15:32.382 [http-nio-8080-exec-6] AbstractEntityPersister -  Update 0: update users set first_name=?, last_name=?, password=?, steamid=?, user_name=? where id=?
[DEBUG] 2019-03-30 19:15:32.382 [http-nio-8080-exec-6] AbstractEntityPersister -  Delete 0: delete from users where id=?
[DEBUG] 2019-03-30 19:15:32.382 [http-nio-8080-exec-6] AbstractEntityPersister -  Identity insert: insert into users (first_name, last_name, password, steamid, user_name) values (?, ?, ?, ?, ?)
[DEBUG] 2019-03-30 19:15:32.402 [http-nio-8080-exec-6] QuerySpacesImpl - Adding QuerySpace : uid = <gen:0> -> org.hibernate.loader.plan.build.internal.spaces.EntityQuerySpaceImpl@5e88e10f]
[DEBUG] 2019-03-30 19:15:32.405 [http-nio-8080-exec-6] MetamodelGraphWalker - Visiting attribute path : firstName
[DEBUG] 2019-03-30 19:15:32.405 [http-nio-8080-exec-6] MetamodelGraphWalker - Visiting attribute path : lastName
[DEBUG] 2019-03-30 19:15:32.405 [http-nio-8080-exec-6] MetamodelGraphWalker - Visiting attribute path : password
[DEBUG] 2019-03-30 19:15:32.405 [http-nio-8080-exec-6] MetamodelGraphWalker - Visiting attribute path : steamID
[DEBUG] 2019-03-30 19:15:32.405 [http-nio-8080-exec-6] MetamodelGraphWalker - Visiting attribute path : userName
[DEBUG] 2019-03-30 19:15:32.406 [http-nio-8080-exec-6] FetchStyleLoadPlanBuildingAssociationVisitationStrategy - Building LoadPlan...
[DEBUG] 2019-03-30 19:15:32.417 [http-nio-8080-exec-6] LoadQueryJoinAndFetchProcessor - processing queryspace <gen:0>
[DEBUG] 2019-03-30 19:15:32.421 [http-nio-8080-exec-6] LoadPlanTreePrinter - LoadPlan(entity=edu.matc.entity.User)
    - Returns
       - EntityReturnImpl(entity=edu.matc.entity.User, querySpaceUid=<gen:0>, path=edu.matc.entity.User)
    - QuerySpaces
       - EntityQuerySpaceImpl(uid=<gen:0>, entity=edu.matc.entity.User)
          - SQL table alias mapping - user0_
          - alias suffix - 0_
          - suffixed key columns - {id1_1_0_}

[DEBUG] 2019-03-30 19:15:32.423 [http-nio-8080-exec-6] EntityLoader - Static select for entity edu.matc.entity.User [NONE]: select user0_.id as id1_1_0_, user0_.first_name as first_na2_1_0_, user0_.last_name as last_nam3_1_0_, user0_.password as password4_1_0_, user0_.steamid as steamid5_1_0_, user0_.user_name as user_nam6_1_0_ from users user0_ where user0_.id=?
[DEBUG] 2019-03-30 19:15:32.423 [http-nio-8080-exec-6] QuerySpacesImpl - Adding QuerySpace : uid = <gen:0> -> org.hibernate.loader.plan.build.internal.spaces.EntityQuerySpaceImpl@32a5f176]
[DEBUG] 2019-03-30 19:15:32.423 [http-nio-8080-exec-6] MetamodelGraphWalker - Visiting attribute path : firstName
[DEBUG] 2019-03-30 19:15:32.424 [http-nio-8080-exec-6] MetamodelGraphWalker - Visiting attribute path : lastName
[DEBUG] 2019-03-30 19:15:32.424 [http-nio-8080-exec-6] MetamodelGraphWalker - Visiting attribute path : password
[DEBUG] 2019-03-30 19:15:32.424 [http-nio-8080-exec-6] MetamodelGraphWalker - Visiting attribute path : steamID
[DEBUG] 2019-03-30 19:15:32.424 [http-nio-8080-exec-6] MetamodelGraphWalker - Visiting attribute path : userName
[DEBUG] 2019-03-30 19:15:32.424 [http-nio-8080-exec-6] FetchStyleLoadPlanBuildingAssociationVisitationStrategy - Building LoadPlan...
[DEBUG] 2019-03-30 19:15:32.424 [http-nio-8080-exec-6] LoadQueryJoinAndFetchProcessor - processing queryspace <gen:0>
[DEBUG] 2019-03-30 19:15:32.424 [http-nio-8080-exec-6] LoadPlanTreePrinter - LoadPlan(entity=edu.matc.entity.User)
    - Returns
       - EntityReturnImpl(entity=edu.matc.entity.User, querySpaceUid=<gen:0>, path=edu.matc.entity.User)
    - QuerySpaces
       - EntityQuerySpaceImpl(uid=<gen:0>, entity=edu.matc.entity.User)
          - SQL table alias mapping - user0_
          - alias suffix - 0_
          - suffixed key columns - {id1_1_0_}

[DEBUG] 2019-03-30 19:15:32.424 [http-nio-8080-exec-6] EntityLoader - Static select for entity edu.matc.entity.User [READ]: select user0_.id as id1_1_0_, user0_.first_name as first_na2_1_0_, user0_.last_name as last_nam3_1_0_, user0_.password as password4_1_0_, user0_.steamid as steamid5_1_0_, user0_.user_name as user_nam6_1_0_ from users user0_ where user0_.id=?
[DEBUG] 2019-03-30 19:15:32.425 [http-nio-8080-exec-6] QuerySpacesImpl - Adding QuerySpace : uid = <gen:0> -> org.hibernate.loader.plan.build.internal.spaces.EntityQuerySpaceImpl@2c80c6a8]
[DEBUG] 2019-03-30 19:15:32.425 [http-nio-8080-exec-6] MetamodelGraphWalker - Visiting attribute path : firstName
[DEBUG] 2019-03-30 19:15:32.425 [http-nio-8080-exec-6] MetamodelGraphWalker - Visiting attribute path : lastName
[DEBUG] 2019-03-30 19:15:32.425 [http-nio-8080-exec-6] MetamodelGraphWalker - Visiting attribute path : password
[DEBUG] 2019-03-30 19:15:32.425 [http-nio-8080-exec-6] MetamodelGraphWalker - Visiting attribute path : steamID
[DEBUG] 2019-03-30 19:15:32.425 [http-nio-8080-exec-6] MetamodelGraphWalker - Visiting attribute path : userName
[DEBUG] 2019-03-30 19:15:32.425 [http-nio-8080-exec-6] FetchStyleLoadPlanBuildingAssociationVisitationStrategy - Building LoadPlan...
[DEBUG] 2019-03-30 19:15:32.425 [http-nio-8080-exec-6] LoadQueryJoinAndFetchProcessor - processing queryspace <gen:0>
[DEBUG] 2019-03-30 19:15:32.425 [http-nio-8080-exec-6] LoadPlanTreePrinter - LoadPlan(entity=edu.matc.entity.User)
    - Returns
       - EntityReturnImpl(entity=edu.matc.entity.User, querySpaceUid=<gen:0>, path=edu.matc.entity.User)
    - QuerySpaces
       - EntityQuerySpaceImpl(uid=<gen:0>, entity=edu.matc.entity.User)
          - SQL table alias mapping - user0_
          - alias suffix - 0_
          - suffixed key columns - {id1_1_0_}

[DEBUG] 2019-03-30 19:15:32.425 [http-nio-8080-exec-6] EntityLoader - Static select for entity edu.matc.entity.User [UPGRADE]: select user0_.id as id1_1_0_, user0_.first_name as first_na2_1_0_, user0_.last_name as last_nam3_1_0_, user0_.password as password4_1_0_, user0_.steamid as steamid5_1_0_, user0_.user_name as user_nam6_1_0_ from users user0_ where user0_.id=? for update
[DEBUG] 2019-03-30 19:15:32.425 [http-nio-8080-exec-6] QuerySpacesImpl - Adding QuerySpace : uid = <gen:0> -> org.hibernate.loader.plan.build.internal.spaces.EntityQuerySpaceImpl@5b524217]
[DEBUG] 2019-03-30 19:15:32.425 [http-nio-8080-exec-6] MetamodelGraphWalker - Visiting attribute path : firstName
[DEBUG] 2019-03-30 19:15:32.425 [http-nio-8080-exec-6] MetamodelGraphWalker - Visiting attribute path : lastName
[DEBUG] 2019-03-30 19:15:32.425 [http-nio-8080-exec-6] MetamodelGraphWalker - Visiting attribute path : password
[DEBUG] 2019-03-30 19:15:32.425 [http-nio-8080-exec-6] MetamodelGraphWalker - Visiting attribute path : steamID
[DEBUG] 2019-03-30 19:15:32.425 [http-nio-8080-exec-6] MetamodelGraphWalker - Visiting attribute path : userName
[DEBUG] 2019-03-30 19:15:32.426 [http-nio-8080-exec-6] FetchStyleLoadPlanBuildingAssociationVisitationStrategy - Building LoadPlan...
[DEBUG] 2019-03-30 19:15:32.426 [http-nio-8080-exec-6] LoadQueryJoinAndFetchProcessor - processing queryspace <gen:0>
[DEBUG] 2019-03-30 19:15:32.426 [http-nio-8080-exec-6] LoadPlanTreePrinter - LoadPlan(entity=edu.matc.entity.User)
    - Returns
       - EntityReturnImpl(entity=edu.matc.entity.User, querySpaceUid=<gen:0>, path=edu.matc.entity.User)
    - QuerySpaces
       - EntityQuerySpaceImpl(uid=<gen:0>, entity=edu.matc.entity.User)
          - SQL table alias mapping - user0_
          - alias suffix - 0_
          - suffixed key columns - {id1_1_0_}

[DEBUG] 2019-03-30 19:15:32.426 [http-nio-8080-exec-6] EntityLoader - Static select for entity edu.matc.entity.User [UPGRADE_NOWAIT]: select user0_.id as id1_1_0_, user0_.first_name as first_na2_1_0_, user0_.last_name as last_nam3_1_0_, user0_.password as password4_1_0_, user0_.steamid as steamid5_1_0_, user0_.user_name as user_nam6_1_0_ from users user0_ where user0_.id=? for update
[DEBUG] 2019-03-30 19:15:32.426 [http-nio-8080-exec-6] QuerySpacesImpl - Adding QuerySpace : uid = <gen:0> -> org.hibernate.loader.plan.build.internal.spaces.EntityQuerySpaceImpl@4dbba33b]
[DEBUG] 2019-03-30 19:15:32.426 [http-nio-8080-exec-6] MetamodelGraphWalker - Visiting attribute path : firstName
[DEBUG] 2019-03-30 19:15:32.426 [http-nio-8080-exec-6] MetamodelGraphWalker - Visiting attribute path : lastName
[DEBUG] 2019-03-30 19:15:32.426 [http-nio-8080-exec-6] MetamodelGraphWalker - Visiting attribute path : password
[DEBUG] 2019-03-30 19:15:32.426 [http-nio-8080-exec-6] MetamodelGraphWalker - Visiting attribute path : steamID
[DEBUG] 2019-03-30 19:15:32.426 [http-nio-8080-exec-6] MetamodelGraphWalker - Visiting attribute path : userName
[DEBUG] 2019-03-30 19:15:32.426 [http-nio-8080-exec-6] FetchStyleLoadPlanBuildingAssociationVisitationStrategy - Building LoadPlan...
[DEBUG] 2019-03-30 19:15:32.426 [http-nio-8080-exec-6] LoadQueryJoinAndFetchProcessor - processing queryspace <gen:0>
[DEBUG] 2019-03-30 19:15:32.427 [http-nio-8080-exec-6] LoadPlanTreePrinter - LoadPlan(entity=edu.matc.entity.User)
    - Returns
       - EntityReturnImpl(entity=edu.matc.entity.User, querySpaceUid=<gen:0>, path=edu.matc.entity.User)
    - QuerySpaces
       - EntityQuerySpaceImpl(uid=<gen:0>, entity=edu.matc.entity.User)
          - SQL table alias mapping - user0_
          - alias suffix - 0_
          - suffixed key columns - {id1_1_0_}

[DEBUG] 2019-03-30 19:15:32.427 [http-nio-8080-exec-6] EntityLoader - Static select for entity edu.matc.entity.User [UPGRADE_SKIPLOCKED]: select user0_.id as id1_1_0_, user0_.first_name as first_na2_1_0_, user0_.last_name as last_nam3_1_0_, user0_.password as password4_1_0_, user0_.steamid as steamid5_1_0_, user0_.user_name as user_nam6_1_0_ from users user0_ where user0_.id=? for update
[DEBUG] 2019-03-30 19:15:32.427 [http-nio-8080-exec-6] QuerySpacesImpl - Adding QuerySpace : uid = <gen:0> -> org.hibernate.loader.plan.build.internal.spaces.EntityQuerySpaceImpl@4b31199f]
[DEBUG] 2019-03-30 19:15:32.427 [http-nio-8080-exec-6] MetamodelGraphWalker - Visiting attribute path : firstName
[DEBUG] 2019-03-30 19:15:32.427 [http-nio-8080-exec-6] MetamodelGraphWalker - Visiting attribute path : lastName
[DEBUG] 2019-03-30 19:15:32.427 [http-nio-8080-exec-6] MetamodelGraphWalker - Visiting attribute path : password
[DEBUG] 2019-03-30 19:15:32.427 [http-nio-8080-exec-6] MetamodelGraphWalker - Visiting attribute path : steamID
[DEBUG] 2019-03-30 19:15:32.427 [http-nio-8080-exec-6] MetamodelGraphWalker - Visiting attribute path : userName
[DEBUG] 2019-03-30 19:15:32.427 [http-nio-8080-exec-6] FetchStyleLoadPlanBuildingAssociationVisitationStrategy - Building LoadPlan...
[DEBUG] 2019-03-30 19:15:32.427 [http-nio-8080-exec-6] LoadQueryJoinAndFetchProcessor - processing queryspace <gen:0>
[DEBUG] 2019-03-30 19:15:32.427 [http-nio-8080-exec-6] LoadPlanTreePrinter - LoadPlan(entity=edu.matc.entity.User)
    - Returns
       - EntityReturnImpl(entity=edu.matc.entity.User, querySpaceUid=<gen:0>, path=edu.matc.entity.User)
    - QuerySpaces
       - EntityQuerySpaceImpl(uid=<gen:0>, entity=edu.matc.entity.User)
          - SQL table alias mapping - user0_
          - alias suffix - 0_
          - suffixed key columns - {id1_1_0_}

[DEBUG] 2019-03-30 19:15:32.427 [http-nio-8080-exec-6] EntityLoader - Static select for entity edu.matc.entity.User [FORCE]: select user0_.id as id1_1_0_, user0_.first_name as first_na2_1_0_, user0_.last_name as last_nam3_1_0_, user0_.password as password4_1_0_, user0_.steamid as steamid5_1_0_, user0_.user_name as user_nam6_1_0_ from users user0_ where user0_.id=? for update
[DEBUG] 2019-03-30 19:15:32.427 [http-nio-8080-exec-6] QuerySpacesImpl - Adding QuerySpace : uid = <gen:0> -> org.hibernate.loader.plan.build.internal.spaces.EntityQuerySpaceImpl@18039f5a]
[DEBUG] 2019-03-30 19:15:32.427 [http-nio-8080-exec-6] MetamodelGraphWalker - Visiting attribute path : firstName
[DEBUG] 2019-03-30 19:15:32.428 [http-nio-8080-exec-6] MetamodelGraphWalker - Visiting attribute path : lastName
[DEBUG] 2019-03-30 19:15:32.428 [http-nio-8080-exec-6] MetamodelGraphWalker - Visiting attribute path : password
[DEBUG] 2019-03-30 19:15:32.428 [http-nio-8080-exec-6] MetamodelGraphWalker - Visiting attribute path : steamID
[DEBUG] 2019-03-30 19:15:32.428 [http-nio-8080-exec-6] MetamodelGraphWalker - Visiting attribute path : userName
[DEBUG] 2019-03-30 19:15:32.428 [http-nio-8080-exec-6] FetchStyleLoadPlanBuildingAssociationVisitationStrategy - Building LoadPlan...
[DEBUG] 2019-03-30 19:15:32.428 [http-nio-8080-exec-6] LoadQueryJoinAndFetchProcessor - processing queryspace <gen:0>
[DEBUG] 2019-03-30 19:15:32.428 [http-nio-8080-exec-6] LoadPlanTreePrinter - LoadPlan(entity=edu.matc.entity.User)
    - Returns
       - EntityReturnImpl(entity=edu.matc.entity.User, querySpaceUid=<gen:0>, path=edu.matc.entity.User)
    - QuerySpaces
       - EntityQuerySpaceImpl(uid=<gen:0>, entity=edu.matc.entity.User)
          - SQL table alias mapping - user0_
          - alias suffix - 0_
          - suffixed key columns - {id1_1_0_}

[DEBUG] 2019-03-30 19:15:32.428 [http-nio-8080-exec-6] EntityLoader - Static select for entity edu.matc.entity.User [PESSIMISTIC_READ]: select user0_.id as id1_1_0_, user0_.first_name as first_na2_1_0_, user0_.last_name as last_nam3_1_0_, user0_.password as password4_1_0_, user0_.steamid as steamid5_1_0_, user0_.user_name as user_nam6_1_0_ from users user0_ where user0_.id=? lock in share mode
[DEBUG] 2019-03-30 19:15:32.428 [http-nio-8080-exec-6] QuerySpacesImpl - Adding QuerySpace : uid = <gen:0> -> org.hibernate.loader.plan.build.internal.spaces.EntityQuerySpaceImpl@c592374]
[DEBUG] 2019-03-30 19:15:32.428 [http-nio-8080-exec-6] MetamodelGraphWalker - Visiting attribute path : firstName
[DEBUG] 2019-03-30 19:15:32.428 [http-nio-8080-exec-6] MetamodelGraphWalker - Visiting attribute path : lastName
[DEBUG] 2019-03-30 19:15:32.428 [http-nio-8080-exec-6] MetamodelGraphWalker - Visiting attribute path : password
[DEBUG] 2019-03-30 19:15:32.428 [http-nio-8080-exec-6] MetamodelGraphWalker - Visiting attribute path : steamID
[DEBUG] 2019-03-30 19:15:32.428 [http-nio-8080-exec-6] MetamodelGraphWalker - Visiting attribute path : userName
[DEBUG] 2019-03-30 19:15:32.428 [http-nio-8080-exec-6] FetchStyleLoadPlanBuildingAssociationVisitationStrategy - Building LoadPlan...
[DEBUG] 2019-03-30 19:15:32.429 [http-nio-8080-exec-6] LoadQueryJoinAndFetchProcessor - processing queryspace <gen:0>
[DEBUG] 2019-03-30 19:15:32.429 [http-nio-8080-exec-6] LoadPlanTreePrinter - LoadPlan(entity=edu.matc.entity.User)
    - Returns
       - EntityReturnImpl(entity=edu.matc.entity.User, querySpaceUid=<gen:0>, path=edu.matc.entity.User)
    - QuerySpaces
       - EntityQuerySpaceImpl(uid=<gen:0>, entity=edu.matc.entity.User)
          - SQL table alias mapping - user0_
          - alias suffix - 0_
          - suffixed key columns - {id1_1_0_}

[DEBUG] 2019-03-30 19:15:32.429 [http-nio-8080-exec-6] EntityLoader - Static select for entity edu.matc.entity.User [PESSIMISTIC_WRITE]: select user0_.id as id1_1_0_, user0_.first_name as first_na2_1_0_, user0_.last_name as last_nam3_1_0_, user0_.password as password4_1_0_, user0_.steamid as steamid5_1_0_, user0_.user_name as user_nam6_1_0_ from users user0_ where user0_.id=? for update
[DEBUG] 2019-03-30 19:15:32.429 [http-nio-8080-exec-6] QuerySpacesImpl - Adding QuerySpace : uid = <gen:0> -> org.hibernate.loader.plan.build.internal.spaces.EntityQuerySpaceImpl@a2fab1b]
[DEBUG] 2019-03-30 19:15:32.429 [http-nio-8080-exec-6] MetamodelGraphWalker - Visiting attribute path : firstName
[DEBUG] 2019-03-30 19:15:32.429 [http-nio-8080-exec-6] MetamodelGraphWalker - Visiting attribute path : lastName
[DEBUG] 2019-03-30 19:15:32.429 [http-nio-8080-exec-6] MetamodelGraphWalker - Visiting attribute path : password
[DEBUG] 2019-03-30 19:15:32.429 [http-nio-8080-exec-6] MetamodelGraphWalker - Visiting attribute path : steamID
[DEBUG] 2019-03-30 19:15:32.429 [http-nio-8080-exec-6] MetamodelGraphWalker - Visiting attribute path : userName
[DEBUG] 2019-03-30 19:15:32.429 [http-nio-8080-exec-6] FetchStyleLoadPlanBuildingAssociationVisitationStrategy - Building LoadPlan...
[DEBUG] 2019-03-30 19:15:32.429 [http-nio-8080-exec-6] LoadQueryJoinAndFetchProcessor - processing queryspace <gen:0>
[DEBUG] 2019-03-30 19:15:32.430 [http-nio-8080-exec-6] LoadPlanTreePrinter - LoadPlan(entity=edu.matc.entity.User)
    - Returns
       - EntityReturnImpl(entity=edu.matc.entity.User, querySpaceUid=<gen:0>, path=edu.matc.entity.User)
    - QuerySpaces
       - EntityQuerySpaceImpl(uid=<gen:0>, entity=edu.matc.entity.User)
          - SQL table alias mapping - user0_
          - alias suffix - 0_
          - suffixed key columns - {id1_1_0_}

[DEBUG] 2019-03-30 19:15:32.430 [http-nio-8080-exec-6] EntityLoader - Static select for entity edu.matc.entity.User [PESSIMISTIC_FORCE_INCREMENT]: select user0_.id as id1_1_0_, user0_.first_name as first_na2_1_0_, user0_.last_name as last_nam3_1_0_, user0_.password as password4_1_0_, user0_.steamid as steamid5_1_0_, user0_.user_name as user_nam6_1_0_ from users user0_ where user0_.id=? for update
[DEBUG] 2019-03-30 19:15:32.430 [http-nio-8080-exec-6] QuerySpacesImpl - Adding QuerySpace : uid = <gen:0> -> org.hibernate.loader.plan.build.internal.spaces.EntityQuerySpaceImpl@390e32c8]
[DEBUG] 2019-03-30 19:15:32.430 [http-nio-8080-exec-6] MetamodelGraphWalker - Visiting attribute path : firstName
[DEBUG] 2019-03-30 19:15:32.430 [http-nio-8080-exec-6] MetamodelGraphWalker - Visiting attribute path : lastName
[DEBUG] 2019-03-30 19:15:32.430 [http-nio-8080-exec-6] MetamodelGraphWalker - Visiting attribute path : password
[DEBUG] 2019-03-30 19:15:32.430 [http-nio-8080-exec-6] MetamodelGraphWalker - Visiting attribute path : steamID
[DEBUG] 2019-03-30 19:15:32.430 [http-nio-8080-exec-6] MetamodelGraphWalker - Visiting attribute path : userName
[DEBUG] 2019-03-30 19:15:32.430 [http-nio-8080-exec-6] FetchStyleLoadPlanBuildingAssociationVisitationStrategy - Building LoadPlan...
[DEBUG] 2019-03-30 19:15:32.430 [http-nio-8080-exec-6] LoadQueryJoinAndFetchProcessor - processing queryspace <gen:0>
[DEBUG] 2019-03-30 19:15:32.430 [http-nio-8080-exec-6] LoadPlanTreePrinter - LoadPlan(entity=edu.matc.entity.User)
    - Returns
       - EntityReturnImpl(entity=edu.matc.entity.User, querySpaceUid=<gen:0>, path=edu.matc.entity.User)
    - QuerySpaces
       - EntityQuerySpaceImpl(uid=<gen:0>, entity=edu.matc.entity.User)
          - SQL table alias mapping - user0_
          - alias suffix - 0_
          - suffixed key columns - {id1_1_0_}

[DEBUG] 2019-03-30 19:15:32.430 [http-nio-8080-exec-6] EntityLoader - Static select for entity edu.matc.entity.User [OPTIMISTIC]: select user0_.id as id1_1_0_, user0_.first_name as first_na2_1_0_, user0_.last_name as last_nam3_1_0_, user0_.password as password4_1_0_, user0_.steamid as steamid5_1_0_, user0_.user_name as user_nam6_1_0_ from users user0_ where user0_.id=?
[DEBUG] 2019-03-30 19:15:32.430 [http-nio-8080-exec-6] QuerySpacesImpl - Adding QuerySpace : uid = <gen:0> -> org.hibernate.loader.plan.build.internal.spaces.EntityQuerySpaceImpl@50a4ad9d]
[DEBUG] 2019-03-30 19:15:32.431 [http-nio-8080-exec-6] MetamodelGraphWalker - Visiting attribute path : firstName
[DEBUG] 2019-03-30 19:15:32.431 [http-nio-8080-exec-6] MetamodelGraphWalker - Visiting attribute path : lastName
[DEBUG] 2019-03-30 19:15:32.431 [http-nio-8080-exec-6] MetamodelGraphWalker - Visiting attribute path : password
[DEBUG] 2019-03-30 19:15:32.431 [http-nio-8080-exec-6] MetamodelGraphWalker - Visiting attribute path : steamID
[DEBUG] 2019-03-30 19:15:32.431 [http-nio-8080-exec-6] MetamodelGraphWalker - Visiting attribute path : userName
[DEBUG] 2019-03-30 19:15:32.431 [http-nio-8080-exec-6] FetchStyleLoadPlanBuildingAssociationVisitationStrategy - Building LoadPlan...
[DEBUG] 2019-03-30 19:15:32.431 [http-nio-8080-exec-6] LoadQueryJoinAndFetchProcessor - processing queryspace <gen:0>
[DEBUG] 2019-03-30 19:15:32.431 [http-nio-8080-exec-6] LoadPlanTreePrinter - LoadPlan(entity=edu.matc.entity.User)
    - Returns
       - EntityReturnImpl(entity=edu.matc.entity.User, querySpaceUid=<gen:0>, path=edu.matc.entity.User)
    - QuerySpaces
       - EntityQuerySpaceImpl(uid=<gen:0>, entity=edu.matc.entity.User)
          - SQL table alias mapping - user0_
          - alias suffix - 0_
          - suffixed key columns - {id1_1_0_}

[DEBUG] 2019-03-30 19:15:32.431 [http-nio-8080-exec-6] EntityLoader - Static select for entity edu.matc.entity.User [OPTIMISTIC_FORCE_INCREMENT]: select user0_.id as id1_1_0_, user0_.first_name as first_na2_1_0_, user0_.last_name as last_nam3_1_0_, user0_.password as password4_1_0_, user0_.steamid as steamid5_1_0_, user0_.user_name as user_nam6_1_0_ from users user0_ where user0_.id=?
[DEBUG] 2019-03-30 19:15:32.444 [http-nio-8080-exec-6] Loader - Static select for action ACTION_MERGE on entity edu.matc.entity.User: select user0_.id as id1_1_0_, user0_.first_name as first_na2_1_0_, user0_.last_name as last_nam3_1_0_, user0_.password as password4_1_0_, user0_.steamid as steamid5_1_0_, user0_.user_name as user_nam6_1_0_ from users user0_ where user0_.id=?
[DEBUG] 2019-03-30 19:15:32.444 [http-nio-8080-exec-6] Loader - Static select for action ACTION_REFRESH on entity edu.matc.entity.User: select user0_.id as id1_1_0_, user0_.first_name as first_na2_1_0_, user0_.last_name as last_nam3_1_0_, user0_.password as password4_1_0_, user0_.steamid as steamid5_1_0_, user0_.user_name as user_nam6_1_0_ from users user0_ where user0_.id=?
[DEBUG] 2019-03-30 19:15:32.445 [http-nio-8080-exec-6] AbstractEntityPersister - Static SQL for entity: edu.matc.entity.Role
[DEBUG] 2019-03-30 19:15:32.445 [http-nio-8080-exec-6] AbstractEntityPersister -  Version select: select id from roles where id =?
[DEBUG] 2019-03-30 19:15:32.445 [http-nio-8080-exec-6] AbstractEntityPersister -  Snapshot select: select role_.id, role_.role_title as role_tit2_0_, role_.user_id as user_id3_0_ from roles role_ where role_.id=?
[DEBUG] 2019-03-30 19:15:32.445 [http-nio-8080-exec-6] AbstractEntityPersister -  Insert 0: insert into roles (role_title, user_id, id) values (?, ?, ?)
[DEBUG] 2019-03-30 19:15:32.445 [http-nio-8080-exec-6] AbstractEntityPersister -  Update 0: update roles set role_title=?, user_id=? where id=?
[DEBUG] 2019-03-30 19:15:32.445 [http-nio-8080-exec-6] AbstractEntityPersister -  Delete 0: delete from roles where id=?
[DEBUG] 2019-03-30 19:15:32.445 [http-nio-8080-exec-6] AbstractEntityPersister -  Identity insert: insert into roles (role_title, user_id) values (?, ?)
[DEBUG] 2019-03-30 19:15:32.445 [http-nio-8080-exec-6] QuerySpacesImpl - Adding QuerySpace : uid = <gen:0> -> org.hibernate.loader.plan.build.internal.spaces.EntityQuerySpaceImpl@e8a4e7d]
[DEBUG] 2019-03-30 19:15:32.445 [http-nio-8080-exec-6] MetamodelGraphWalker - Visiting attribute path : role
[DEBUG] 2019-03-30 19:15:32.445 [http-nio-8080-exec-6] MetamodelGraphWalker - Visiting attribute path : user
[DEBUG] 2019-03-30 19:15:32.449 [http-nio-8080-exec-6] QuerySpacesImpl - Adding QuerySpace : uid = <gen:1> -> org.hibernate.loader.plan.build.internal.spaces.EntityQuerySpaceImpl@18a5399]
[DEBUG] 2019-03-30 19:15:32.450 [http-nio-8080-exec-6] MetamodelGraphWalker - Visiting attribute path : user.firstName
[DEBUG] 2019-03-30 19:15:32.450 [http-nio-8080-exec-6] MetamodelGraphWalker - Visiting attribute path : user.lastName
[DEBUG] 2019-03-30 19:15:32.450 [http-nio-8080-exec-6] MetamodelGraphWalker - Visiting attribute path : user.password
[DEBUG] 2019-03-30 19:15:32.450 [http-nio-8080-exec-6] MetamodelGraphWalker - Visiting attribute path : user.steamID
[DEBUG] 2019-03-30 19:15:32.450 [http-nio-8080-exec-6] MetamodelGraphWalker - Visiting attribute path : user.userName
[DEBUG] 2019-03-30 19:15:32.450 [http-nio-8080-exec-6] FetchStyleLoadPlanBuildingAssociationVisitationStrategy - Building LoadPlan...
[DEBUG] 2019-03-30 19:15:32.450 [http-nio-8080-exec-6] LoadQueryJoinAndFetchProcessor - processing queryspace <gen:0>
[DEBUG] 2019-03-30 19:15:32.451 [http-nio-8080-exec-6] LoadPlanTreePrinter - LoadPlan(entity=edu.matc.entity.Role)
    - Returns
       - EntityReturnImpl(entity=edu.matc.entity.Role, querySpaceUid=<gen:0>, path=edu.matc.entity.Role)
          - EntityAttributeFetchImpl(entity=edu.matc.entity.User, querySpaceUid=<gen:1>, path=edu.matc.entity.Role.user)
    - QuerySpaces
       - EntityQuerySpaceImpl(uid=<gen:0>, entity=edu.matc.entity.Role)
          - SQL table alias mapping - role0_
          - alias suffix - 0_
          - suffixed key columns - {id1_0_0_}
          - JOIN (JoinDefinedByMetadata(user)) : <gen:0> -> <gen:1>
             - EntityQuerySpaceImpl(uid=<gen:1>, entity=edu.matc.entity.User)
                - SQL table alias mapping - user1_
                - alias suffix - 1_
                - suffixed key columns - {id1_1_1_}

[DEBUG] 2019-03-30 19:15:32.451 [http-nio-8080-exec-6] EntityLoader - Static select for entity edu.matc.entity.Role [NONE]: select role0_.id as id1_0_0_, role0_.role_title as role_tit2_0_0_, role0_.user_id as user_id3_0_0_, user1_.id as id1_1_1_, user1_.first_name as first_na2_1_1_, user1_.last_name as last_nam3_1_1_, user1_.password as password4_1_1_, user1_.steamid as steamid5_1_1_, user1_.user_name as user_nam6_1_1_ from roles role0_ left outer join users user1_ on role0_.user_id=user1_.id where role0_.id=?
[DEBUG] 2019-03-30 19:15:32.451 [http-nio-8080-exec-6] QuerySpacesImpl - Adding QuerySpace : uid = <gen:0> -> org.hibernate.loader.plan.build.internal.spaces.EntityQuerySpaceImpl@2f66a6f]
[DEBUG] 2019-03-30 19:15:32.452 [http-nio-8080-exec-6] MetamodelGraphWalker - Visiting attribute path : role
[DEBUG] 2019-03-30 19:15:32.452 [http-nio-8080-exec-6] MetamodelGraphWalker - Visiting attribute path : user
[DEBUG] 2019-03-30 19:15:32.452 [http-nio-8080-exec-6] QuerySpacesImpl - Adding QuerySpace : uid = <gen:1> -> org.hibernate.loader.plan.build.internal.spaces.EntityQuerySpaceImpl@2af6c8a6]
[DEBUG] 2019-03-30 19:15:32.452 [http-nio-8080-exec-6] MetamodelGraphWalker - Visiting attribute path : user.firstName
[DEBUG] 2019-03-30 19:15:32.452 [http-nio-8080-exec-6] MetamodelGraphWalker - Visiting attribute path : user.lastName
[DEBUG] 2019-03-30 19:15:32.452 [http-nio-8080-exec-6] MetamodelGraphWalker - Visiting attribute path : user.password
[DEBUG] 2019-03-30 19:15:32.452 [http-nio-8080-exec-6] MetamodelGraphWalker - Visiting attribute path : user.steamID
[DEBUG] 2019-03-30 19:15:32.452 [http-nio-8080-exec-6] MetamodelGraphWalker - Visiting attribute path : user.userName
[DEBUG] 2019-03-30 19:15:32.452 [http-nio-8080-exec-6] FetchStyleLoadPlanBuildingAssociationVisitationStrategy - Building LoadPlan...
[DEBUG] 2019-03-30 19:15:32.452 [http-nio-8080-exec-6] LoadQueryJoinAndFetchProcessor - processing queryspace <gen:0>
[DEBUG] 2019-03-30 19:15:32.452 [http-nio-8080-exec-6] LoadPlanTreePrinter - LoadPlan(entity=edu.matc.entity.Role)
    - Returns
       - EntityReturnImpl(entity=edu.matc.entity.Role, querySpaceUid=<gen:0>, path=edu.matc.entity.Role)
          - EntityAttributeFetchImpl(entity=edu.matc.entity.User, querySpaceUid=<gen:1>, path=edu.matc.entity.Role.user)
    - QuerySpaces
       - EntityQuerySpaceImpl(uid=<gen:0>, entity=edu.matc.entity.Role)
          - SQL table alias mapping - role0_
          - alias suffix - 0_
          - suffixed key columns - {id1_0_0_}
          - JOIN (JoinDefinedByMetadata(user)) : <gen:0> -> <gen:1>
             - EntityQuerySpaceImpl(uid=<gen:1>, entity=edu.matc.entity.User)
                - SQL table alias mapping - user1_
                - alias suffix - 1_
                - suffixed key columns - {id1_1_1_}

[DEBUG] 2019-03-30 19:15:32.452 [http-nio-8080-exec-6] EntityLoader - Static select for entity edu.matc.entity.Role [READ]: select role0_.id as id1_0_0_, role0_.role_title as role_tit2_0_0_, role0_.user_id as user_id3_0_0_, user1_.id as id1_1_1_, user1_.first_name as first_na2_1_1_, user1_.last_name as last_nam3_1_1_, user1_.password as password4_1_1_, user1_.steamid as steamid5_1_1_, user1_.user_name as user_nam6_1_1_ from roles role0_ left outer join users user1_ on role0_.user_id=user1_.id where role0_.id=?
[DEBUG] 2019-03-30 19:15:32.453 [http-nio-8080-exec-6] QuerySpacesImpl - Adding QuerySpace : uid = <gen:0> -> org.hibernate.loader.plan.build.internal.spaces.EntityQuerySpaceImpl@593f1e26]
[DEBUG] 2019-03-30 19:15:32.453 [http-nio-8080-exec-6] MetamodelGraphWalker - Visiting attribute path : role
[DEBUG] 2019-03-30 19:15:32.453 [http-nio-8080-exec-6] MetamodelGraphWalker - Visiting attribute path : user
[DEBUG] 2019-03-30 19:15:32.453 [http-nio-8080-exec-6] QuerySpacesImpl - Adding QuerySpace : uid = <gen:1> -> org.hibernate.loader.plan.build.internal.spaces.EntityQuerySpaceImpl@51cfb82f]
[DEBUG] 2019-03-30 19:15:32.453 [http-nio-8080-exec-6] FetchStyleLoadPlanBuildingAssociationVisitationStrategy - Building LoadPlan...
[DEBUG] 2019-03-30 19:15:32.453 [http-nio-8080-exec-6] LoadQueryJoinAndFetchProcessor - processing queryspace <gen:0>
[DEBUG] 2019-03-30 19:15:32.453 [http-nio-8080-exec-6] LoadPlanTreePrinter - LoadPlan(entity=edu.matc.entity.Role)
    - Returns
       - EntityReturnImpl(entity=edu.matc.entity.Role, querySpaceUid=<gen:0>, path=edu.matc.entity.Role)
          - EntityAttributeFetchImpl(entity=edu.matc.entity.User, querySpaceUid=<gen:1>, path=edu.matc.entity.Role.user)
    - QuerySpaces
       - EntityQuerySpaceImpl(uid=<gen:0>, entity=edu.matc.entity.Role)
          - SQL table alias mapping - role0_
          - alias suffix - 0_
          - suffixed key columns - {id1_0_0_}

[DEBUG] 2019-03-30 19:15:32.453 [http-nio-8080-exec-6] EntityLoader - Static select for entity edu.matc.entity.Role [UPGRADE]: select role0_.id as id1_0_0_, role0_.role_title as role_tit2_0_0_, role0_.user_id as user_id3_0_0_ from roles role0_ where role0_.id=? for update
[DEBUG] 2019-03-30 19:15:32.453 [http-nio-8080-exec-6] QuerySpacesImpl - Adding QuerySpace : uid = <gen:0> -> org.hibernate.loader.plan.build.internal.spaces.EntityQuerySpaceImpl@64737f9c]
[DEBUG] 2019-03-30 19:15:32.453 [http-nio-8080-exec-6] MetamodelGraphWalker - Visiting attribute path : role
[DEBUG] 2019-03-30 19:15:32.453 [http-nio-8080-exec-6] MetamodelGraphWalker - Visiting attribute path : user
[DEBUG] 2019-03-30 19:15:32.453 [http-nio-8080-exec-6] QuerySpacesImpl - Adding QuerySpace : uid = <gen:1> -> org.hibernate.loader.plan.build.internal.spaces.EntityQuerySpaceImpl@f603f66]
[DEBUG] 2019-03-30 19:15:32.453 [http-nio-8080-exec-6] FetchStyleLoadPlanBuildingAssociationVisitationStrategy - Building LoadPlan...
[DEBUG] 2019-03-30 19:15:32.453 [http-nio-8080-exec-6] LoadQueryJoinAndFetchProcessor - processing queryspace <gen:0>
[DEBUG] 2019-03-30 19:15:32.454 [http-nio-8080-exec-6] LoadPlanTreePrinter - LoadPlan(entity=edu.matc.entity.Role)
    - Returns
       - EntityReturnImpl(entity=edu.matc.entity.Role, querySpaceUid=<gen:0>, path=edu.matc.entity.Role)
          - EntityAttributeFetchImpl(entity=edu.matc.entity.User, querySpaceUid=<gen:1>, path=edu.matc.entity.Role.user)
    - QuerySpaces
       - EntityQuerySpaceImpl(uid=<gen:0>, entity=edu.matc.entity.Role)
          - SQL table alias mapping - role0_
          - alias suffix - 0_
          - suffixed key columns - {id1_0_0_}

[DEBUG] 2019-03-30 19:15:32.454 [http-nio-8080-exec-6] EntityLoader - Static select for entity edu.matc.entity.Role [UPGRADE_NOWAIT]: select role0_.id as id1_0_0_, role0_.role_title as role_tit2_0_0_, role0_.user_id as user_id3_0_0_ from roles role0_ where role0_.id=? for update
[DEBUG] 2019-03-30 19:15:32.454 [http-nio-8080-exec-6] QuerySpacesImpl - Adding QuerySpace : uid = <gen:0> -> org.hibernate.loader.plan.build.internal.spaces.EntityQuerySpaceImpl@2342e065]
[DEBUG] 2019-03-30 19:15:32.454 [http-nio-8080-exec-6] MetamodelGraphWalker - Visiting attribute path : role
[DEBUG] 2019-03-30 19:15:32.454 [http-nio-8080-exec-6] MetamodelGraphWalker - Visiting attribute path : user
[DEBUG] 2019-03-30 19:15:32.454 [http-nio-8080-exec-6] QuerySpacesImpl - Adding QuerySpace : uid = <gen:1> -> org.hibernate.loader.plan.build.internal.spaces.EntityQuerySpaceImpl@7d1728d1]
[DEBUG] 2019-03-30 19:15:32.454 [http-nio-8080-exec-6] FetchStyleLoadPlanBuildingAssociationVisitationStrategy - Building LoadPlan...
[DEBUG] 2019-03-30 19:15:32.454 [http-nio-8080-exec-6] LoadQueryJoinAndFetchProcessor - processing queryspace <gen:0>
[DEBUG] 2019-03-30 19:15:32.454 [http-nio-8080-exec-6] LoadPlanTreePrinter - LoadPlan(entity=edu.matc.entity.Role)
    - Returns
       - EntityReturnImpl(entity=edu.matc.entity.Role, querySpaceUid=<gen:0>, path=edu.matc.entity.Role)
          - EntityAttributeFetchImpl(entity=edu.matc.entity.User, querySpaceUid=<gen:1>, path=edu.matc.entity.Role.user)
    - QuerySpaces
       - EntityQuerySpaceImpl(uid=<gen:0>, entity=edu.matc.entity.Role)
          - SQL table alias mapping - role0_
          - alias suffix - 0_
          - suffixed key columns - {id1_0_0_}

[DEBUG] 2019-03-30 19:15:32.454 [http-nio-8080-exec-6] EntityLoader - Static select for entity edu.matc.entity.Role [UPGRADE_SKIPLOCKED]: select role0_.id as id1_0_0_, role0_.role_title as role_tit2_0_0_, role0_.user_id as user_id3_0_0_ from roles role0_ where role0_.id=? for update
[DEBUG] 2019-03-30 19:15:32.454 [http-nio-8080-exec-6] QuerySpacesImpl - Adding QuerySpace : uid = <gen:0> -> org.hibernate.loader.plan.build.internal.spaces.EntityQuerySpaceImpl@7302a31a]
[DEBUG] 2019-03-30 19:15:32.454 [http-nio-8080-exec-6] MetamodelGraphWalker - Visiting attribute path : role
[DEBUG] 2019-03-30 19:15:32.454 [http-nio-8080-exec-6] MetamodelGraphWalker - Visiting attribute path : user
[DEBUG] 2019-03-30 19:15:32.455 [http-nio-8080-exec-6] QuerySpacesImpl - Adding QuerySpace : uid = <gen:1> -> org.hibernate.loader.plan.build.internal.spaces.EntityQuerySpaceImpl@c2e3ab3]
[DEBUG] 2019-03-30 19:15:32.455 [http-nio-8080-exec-6] FetchStyleLoadPlanBuildingAssociationVisitationStrategy - Building LoadPlan...
[DEBUG] 2019-03-30 19:15:32.455 [http-nio-8080-exec-6] LoadQueryJoinAndFetchProcessor - processing queryspace <gen:0>
[DEBUG] 2019-03-30 19:15:32.455 [http-nio-8080-exec-6] LoadPlanTreePrinter - LoadPlan(entity=edu.matc.entity.Role)
    - Returns
       - EntityReturnImpl(entity=edu.matc.entity.Role, querySpaceUid=<gen:0>, path=edu.matc.entity.Role)
          - EntityAttributeFetchImpl(entity=edu.matc.entity.User, querySpaceUid=<gen:1>, path=edu.matc.entity.Role.user)
    - QuerySpaces
       - EntityQuerySpaceImpl(uid=<gen:0>, entity=edu.matc.entity.Role)
          - SQL table alias mapping - role0_
          - alias suffix - 0_
          - suffixed key columns - {id1_0_0_}

[DEBUG] 2019-03-30 19:15:32.455 [http-nio-8080-exec-6] EntityLoader - Static select for entity edu.matc.entity.Role [FORCE]: select role0_.id as id1_0_0_, role0_.role_title as role_tit2_0_0_, role0_.user_id as user_id3_0_0_ from roles role0_ where role0_.id=? for update
[DEBUG] 2019-03-30 19:15:32.455 [http-nio-8080-exec-6] QuerySpacesImpl - Adding QuerySpace : uid = <gen:0> -> org.hibernate.loader.plan.build.internal.spaces.EntityQuerySpaceImpl@483bda47]
[DEBUG] 2019-03-30 19:15:32.455 [http-nio-8080-exec-6] MetamodelGraphWalker - Visiting attribute path : role
[DEBUG] 2019-03-30 19:15:32.455 [http-nio-8080-exec-6] MetamodelGraphWalker - Visiting attribute path : user
[DEBUG] 2019-03-30 19:15:32.455 [http-nio-8080-exec-6] QuerySpacesImpl - Adding QuerySpace : uid = <gen:1> -> org.hibernate.loader.plan.build.internal.spaces.EntityQuerySpaceImpl@50e8f2aa]
[DEBUG] 2019-03-30 19:15:32.455 [http-nio-8080-exec-6] FetchStyleLoadPlanBuildingAssociationVisitationStrategy - Building LoadPlan...
[DEBUG] 2019-03-30 19:15:32.455 [http-nio-8080-exec-6] LoadQueryJoinAndFetchProcessor - processing queryspace <gen:0>
[DEBUG] 2019-03-30 19:15:32.456 [http-nio-8080-exec-6] LoadPlanTreePrinter - LoadPlan(entity=edu.matc.entity.Role)
    - Returns
       - EntityReturnImpl(entity=edu.matc.entity.Role, querySpaceUid=<gen:0>, path=edu.matc.entity.Role)
          - EntityAttributeFetchImpl(entity=edu.matc.entity.User, querySpaceUid=<gen:1>, path=edu.matc.entity.Role.user)
    - QuerySpaces
       - EntityQuerySpaceImpl(uid=<gen:0>, entity=edu.matc.entity.Role)
          - SQL table alias mapping - role0_
          - alias suffix - 0_
          - suffixed key columns - {id1_0_0_}

[DEBUG] 2019-03-30 19:15:32.456 [http-nio-8080-exec-6] EntityLoader - Static select for entity edu.matc.entity.Role [PESSIMISTIC_READ]: select role0_.id as id1_0_0_, role0_.role_title as role_tit2_0_0_, role0_.user_id as user_id3_0_0_ from roles role0_ where role0_.id=? lock in share mode
[DEBUG] 2019-03-30 19:15:32.456 [http-nio-8080-exec-6] QuerySpacesImpl - Adding QuerySpace : uid = <gen:0> -> org.hibernate.loader.plan.build.internal.spaces.EntityQuerySpaceImpl@2deeb1a6]
[DEBUG] 2019-03-30 19:15:32.456 [http-nio-8080-exec-6] MetamodelGraphWalker - Visiting attribute path : role
[DEBUG] 2019-03-30 19:15:32.456 [http-nio-8080-exec-6] MetamodelGraphWalker - Visiting attribute path : user
[DEBUG] 2019-03-30 19:15:32.456 [http-nio-8080-exec-6] QuerySpacesImpl - Adding QuerySpace : uid = <gen:1> -> org.hibernate.loader.plan.build.internal.spaces.EntityQuerySpaceImpl@28944c17]
[DEBUG] 2019-03-30 19:15:32.456 [http-nio-8080-exec-6] FetchStyleLoadPlanBuildingAssociationVisitationStrategy - Building LoadPlan...
[DEBUG] 2019-03-30 19:15:32.456 [http-nio-8080-exec-6] LoadQueryJoinAndFetchProcessor - processing queryspace <gen:0>
[DEBUG] 2019-03-30 19:15:32.456 [http-nio-8080-exec-6] LoadPlanTreePrinter - LoadPlan(entity=edu.matc.entity.Role)
    - Returns
       - EntityReturnImpl(entity=edu.matc.entity.Role, querySpaceUid=<gen:0>, path=edu.matc.entity.Role)
          - EntityAttributeFetchImpl(entity=edu.matc.entity.User, querySpaceUid=<gen:1>, path=edu.matc.entity.Role.user)
    - QuerySpaces
       - EntityQuerySpaceImpl(uid=<gen:0>, entity=edu.matc.entity.Role)
          - SQL table alias mapping - role0_
          - alias suffix - 0_
          - suffixed key columns - {id1_0_0_}

[DEBUG] 2019-03-30 19:15:32.456 [http-nio-8080-exec-6] EntityLoader - Static select for entity edu.matc.entity.Role [PESSIMISTIC_WRITE]: select role0_.id as id1_0_0_, role0_.role_title as role_tit2_0_0_, role0_.user_id as user_id3_0_0_ from roles role0_ where role0_.id=? for update
[DEBUG] 2019-03-30 19:15:32.456 [http-nio-8080-exec-6] QuerySpacesImpl - Adding QuerySpace : uid = <gen:0> -> org.hibernate.loader.plan.build.internal.spaces.EntityQuerySpaceImpl@3f7e860d]
[DEBUG] 2019-03-30 19:15:32.457 [http-nio-8080-exec-6] MetamodelGraphWalker - Visiting attribute path : role
[DEBUG] 2019-03-30 19:15:32.457 [http-nio-8080-exec-6] MetamodelGraphWalker - Visiting attribute path : user
[DEBUG] 2019-03-30 19:15:32.457 [http-nio-8080-exec-6] QuerySpacesImpl - Adding QuerySpace : uid = <gen:1> -> org.hibernate.loader.plan.build.internal.spaces.EntityQuerySpaceImpl@511fccdc]
[DEBUG] 2019-03-30 19:15:32.457 [http-nio-8080-exec-6] FetchStyleLoadPlanBuildingAssociationVisitationStrategy - Building LoadPlan...
[DEBUG] 2019-03-30 19:15:32.457 [http-nio-8080-exec-6] LoadQueryJoinAndFetchProcessor - processing queryspace <gen:0>
[DEBUG] 2019-03-30 19:15:32.457 [http-nio-8080-exec-6] LoadPlanTreePrinter - LoadPlan(entity=edu.matc.entity.Role)
    - Returns
       - EntityReturnImpl(entity=edu.matc.entity.Role, querySpaceUid=<gen:0>, path=edu.matc.entity.Role)
          - EntityAttributeFetchImpl(entity=edu.matc.entity.User, querySpaceUid=<gen:1>, path=edu.matc.entity.Role.user)
    - QuerySpaces
       - EntityQuerySpaceImpl(uid=<gen:0>, entity=edu.matc.entity.Role)
          - SQL table alias mapping - role0_
          - alias suffix - 0_
          - suffixed key columns - {id1_0_0_}

[DEBUG] 2019-03-30 19:15:32.457 [http-nio-8080-exec-6] EntityLoader - Static select for entity edu.matc.entity.Role [PESSIMISTIC_FORCE_INCREMENT]: select role0_.id as id1_0_0_, role0_.role_title as role_tit2_0_0_, role0_.user_id as user_id3_0_0_ from roles role0_ where role0_.id=? for update
[DEBUG] 2019-03-30 19:15:32.457 [http-nio-8080-exec-6] QuerySpacesImpl - Adding QuerySpace : uid = <gen:0> -> org.hibernate.loader.plan.build.internal.spaces.EntityQuerySpaceImpl@5be1d61c]
[DEBUG] 2019-03-30 19:15:32.457 [http-nio-8080-exec-6] MetamodelGraphWalker - Visiting attribute path : role
[DEBUG] 2019-03-30 19:15:32.457 [http-nio-8080-exec-6] MetamodelGraphWalker - Visiting attribute path : user
[DEBUG] 2019-03-30 19:15:32.457 [http-nio-8080-exec-6] QuerySpacesImpl - Adding QuerySpace : uid = <gen:1> -> org.hibernate.loader.plan.build.internal.spaces.EntityQuerySpaceImpl@5c737f01]
[DEBUG] 2019-03-30 19:15:32.457 [http-nio-8080-exec-6] FetchStyleLoadPlanBuildingAssociationVisitationStrategy - Building LoadPlan...
[DEBUG] 2019-03-30 19:15:32.458 [http-nio-8080-exec-6] LoadQueryJoinAndFetchProcessor - processing queryspace <gen:0>
[DEBUG] 2019-03-30 19:15:32.458 [http-nio-8080-exec-6] LoadPlanTreePrinter - LoadPlan(entity=edu.matc.entity.Role)
    - Returns
       - EntityReturnImpl(entity=edu.matc.entity.Role, querySpaceUid=<gen:0>, path=edu.matc.entity.Role)
          - EntityAttributeFetchImpl(entity=edu.matc.entity.User, querySpaceUid=<gen:1>, path=edu.matc.entity.Role.user)
    - QuerySpaces
       - EntityQuerySpaceImpl(uid=<gen:0>, entity=edu.matc.entity.Role)
          - SQL table alias mapping - role0_
          - alias suffix - 0_
          - suffixed key columns - {id1_0_0_}

[DEBUG] 2019-03-30 19:15:32.458 [http-nio-8080-exec-6] EntityLoader - Static select for entity edu.matc.entity.Role [OPTIMISTIC]: select role0_.id as id1_0_0_, role0_.role_title as role_tit2_0_0_, role0_.user_id as user_id3_0_0_ from roles role0_ where role0_.id=?
[DEBUG] 2019-03-30 19:15:32.458 [http-nio-8080-exec-6] QuerySpacesImpl - Adding QuerySpace : uid = <gen:0> -> org.hibernate.loader.plan.build.internal.spaces.EntityQuerySpaceImpl@7325217f]
[DEBUG] 2019-03-30 19:15:32.458 [http-nio-8080-exec-6] MetamodelGraphWalker - Visiting attribute path : role
[DEBUG] 2019-03-30 19:15:32.458 [http-nio-8080-exec-6] MetamodelGraphWalker - Visiting attribute path : user
[DEBUG] 2019-03-30 19:15:32.458 [http-nio-8080-exec-6] QuerySpacesImpl - Adding QuerySpace : uid = <gen:1> -> org.hibernate.loader.plan.build.internal.spaces.EntityQuerySpaceImpl@159a2113]
[DEBUG] 2019-03-30 19:15:32.458 [http-nio-8080-exec-6] FetchStyleLoadPlanBuildingAssociationVisitationStrategy - Building LoadPlan...
[DEBUG] 2019-03-30 19:15:32.458 [http-nio-8080-exec-6] LoadQueryJoinAndFetchProcessor - processing queryspace <gen:0>
[DEBUG] 2019-03-30 19:15:32.458 [http-nio-8080-exec-6] LoadPlanTreePrinter - LoadPlan(entity=edu.matc.entity.Role)
    - Returns
       - EntityReturnImpl(entity=edu.matc.entity.Role, querySpaceUid=<gen:0>, path=edu.matc.entity.Role)
          - EntityAttributeFetchImpl(entity=edu.matc.entity.User, querySpaceUid=<gen:1>, path=edu.matc.entity.Role.user)
    - QuerySpaces
       - EntityQuerySpaceImpl(uid=<gen:0>, entity=edu.matc.entity.Role)
          - SQL table alias mapping - role0_
          - alias suffix - 0_
          - suffixed key columns - {id1_0_0_}

[DEBUG] 2019-03-30 19:15:32.458 [http-nio-8080-exec-6] EntityLoader - Static select for entity edu.matc.entity.Role [OPTIMISTIC_FORCE_INCREMENT]: select role0_.id as id1_0_0_, role0_.role_title as role_tit2_0_0_, role0_.user_id as user_id3_0_0_ from roles role0_ where role0_.id=?
[DEBUG] 2019-03-30 19:15:32.459 [http-nio-8080-exec-6] Loader - Static select for action ACTION_MERGE on entity edu.matc.entity.Role: select role0_.id as id1_0_0_, role0_.role_title as role_tit2_0_0_, role0_.user_id as user_id3_0_0_ from roles role0_ where role0_.id=?
[DEBUG] 2019-03-30 19:15:32.459 [http-nio-8080-exec-6] Loader - Static select for action ACTION_REFRESH on entity edu.matc.entity.Role: select role0_.id as id1_0_0_, role0_.role_title as role_tit2_0_0_, role0_.user_id as user_id3_0_0_ from roles role0_ where role0_.id=?
[DEBUG] 2019-03-30 19:15:32.480 [http-nio-8080-exec-6] SchemaManagementToolCoordinator - No actions specified; doing nothing
[DEBUG] 2019-03-30 19:15:32.480 [http-nio-8080-exec-6] JtaPlatformInitiator - No JtaPlatform was specified, checking resolver
[DEBUG] 2019-03-30 19:15:32.480 [http-nio-8080-exec-6] JtaPlatformResolverInitiator - No JtaPlatformResolver was specified, using default [org.hibernate.engine.transaction.jta.platform.internal.StandardJtaPlatformResolver]
[DEBUG] 2019-03-30 19:15:32.486 [http-nio-8080-exec-6] StandardJtaPlatformResolver - Could not resolve JtaPlatform, using default [org.hibernate.engine.transaction.jta.platform.internal.NoJtaPlatform]
[DEBUG] 2019-03-30 19:15:32.487 [http-nio-8080-exec-6] NamedQueryRepository - Checking 0 named HQL queries
[DEBUG] 2019-03-30 19:15:32.487 [http-nio-8080-exec-6] NamedQueryRepository - Checking 0 named SQL queries
[DEBUG] 2019-03-30 19:15:32.488 [http-nio-8080-exec-6] SessionFactoryRegistry - Initializing SessionFactoryRegistry : org.hibernate.internal.SessionFactoryRegistry@a0bea47
[DEBUG] 2019-03-30 19:15:32.490 [http-nio-8080-exec-6] SessionFactoryRegistry - Registering SessionFactory: 4d4e771b-38ce-415b-a7ce-67024a523bb7 (<unnamed>)
[DEBUG] 2019-03-30 19:15:32.490 [http-nio-8080-exec-6] SessionFactoryRegistry - Not binding SessionFactory to JNDI, no JNDI name configured
[DEBUG] 2019-03-30 19:15:32.555 [http-nio-8080-exec-6] StatisticsInitiator - Statistics initialized [enabled=false]
[DEBUG] 2019-03-30 19:15:32.577 [http-nio-8080-exec-6] CriteriaQueryImpl - Rendered criteria query -> select generatedAlias0 from User as generatedAlias0
[DEBUG] 2019-03-30 19:15:32.591 [http-nio-8080-exec-6] QueryTranslatorFactoryInitiator - QueryTranslatorFactory : org.hibernate.hql.internal.ast.ASTQueryTranslatorFactory@30a7cc2f
[INFO ] 2019-03-30 19:15:32.591 [http-nio-8080-exec-6] QueryTranslatorFactoryInitiator - HHH000397: Using ASTQueryTranslatorFactory
[DEBUG] 2019-03-30 19:15:32.616 [http-nio-8080-exec-6] QueryTranslatorImpl - parse() - HQL: select generatedAlias0 from edu.matc.entity.User as generatedAlias0
[DEBUG] 2019-03-30 19:15:32.621 [http-nio-8080-exec-6] ErrorCounter - throwQueryException() : no errors
[DEBUG] 2019-03-30 19:15:32.623 [http-nio-8080-exec-6] QueryTranslatorImpl - --- HQL AST ---
 \-[QUERY] Node: 'query'
    \-[SELECT_FROM] Node: 'SELECT_FROM'
       +-[FROM] Node: 'from'
       |  \-[RANGE] Node: 'RANGE'
       |     +-[DOT] Node: '.'
       |     |  +-[DOT] Node: '.'
       |     |  |  +-[DOT] Node: '.'
       |     |  |  |  +-[IDENT] Node: 'edu'
       |     |  |  |  \-[IDENT] Node: 'matc'
       |     |  |  \-[IDENT] Node: 'entity'
       |     |  \-[IDENT] Node: 'User'
       |     \-[ALIAS] Node: 'generatedAlias0'
       \-[SELECT] Node: 'select'
          \-[IDENT] Node: 'generatedAlias0'

[DEBUG] 2019-03-30 19:15:32.642 [http-nio-8080-exec-6] HqlSqlBaseWalker - select << begin [level=1, statement=select]
[DEBUG] 2019-03-30 19:15:32.655 [http-nio-8080-exec-6] FromElement - FromClause{level=1} : edu.matc.entity.User (generatedAlias0) -> user0_
[DEBUG] 2019-03-30 19:15:32.656 [http-nio-8080-exec-6] FromReferenceNode - Resolved : generatedAlias0 -> user0_.id
[DEBUG] 2019-03-30 19:15:32.657 [http-nio-8080-exec-6] HqlSqlBaseWalker - select : finishing up [level=1, statement=select]
[DEBUG] 2019-03-30 19:15:32.657 [http-nio-8080-exec-6] HqlSqlWalker - processQuery() :  ( SELECT ( {select clause} user0_.id ) ( FromClause{level=1} users user0_ ) )
[DEBUG] 2019-03-30 19:15:32.664 [http-nio-8080-exec-6] JoinProcessor - Using FROM fragment [users user0_]
[DEBUG] 2019-03-30 19:15:32.665 [http-nio-8080-exec-6] HqlSqlBaseWalker - select >> end [level=1, statement=select]
[DEBUG] 2019-03-30 19:15:32.665 [http-nio-8080-exec-6] QueryTranslatorImpl - --- SQL AST ---
 \-[SELECT] QueryNode: 'SELECT'  querySpaces (users)
    +-[SELECT_CLAUSE] SelectClause: '{select clause}'
    |  +-[ALIAS_REF] IdentNode: 'user0_.id as id1_1_' {alias=generatedAlias0, className=edu.matc.entity.User, tableAlias=user0_}
    |  \-[SQL_TOKEN] SqlFragment: 'user0_.first_name as first_na2_1_, user0_.last_name as last_nam3_1_, user0_.password as password4_1_, user0_.steamid as steamid5_1_, user0_.user_name as user_nam6_1_'
    \-[FROM] FromClause: 'from' FromClause{level=1, fromElementCounter=1, fromElements=1, fromElementByClassAlias=[generatedAlias0], fromElementByTableAlias=[user0_], fromElementsByPath=[], collectionJoinFromElementsByPath=[], impliedElements=[]}
       \-[FROM_FRAGMENT] FromElement: 'users user0_' FromElement{explicit,not a collection join,not a fetch join,fetch non-lazy properties,classAlias=generatedAlias0,role=null,tableName=users,tableAlias=user0_,origin=null,columns={,className=edu.matc.entity.User}}

[DEBUG] 2019-03-30 19:15:32.665 [http-nio-8080-exec-6] ErrorCounter - throwQueryException() : no errors
[DEBUG] 2019-03-30 19:15:32.670 [http-nio-8080-exec-6] QueryTranslatorImpl - HQL: select generatedAlias0 from edu.matc.entity.User as generatedAlias0
[DEBUG] 2019-03-30 19:15:32.671 [http-nio-8080-exec-6] QueryTranslatorImpl - SQL: select user0_.id as id1_1_, user0_.first_name as first_na2_1_, user0_.last_name as last_nam3_1_, user0_.password as password4_1_, user0_.steamid as steamid5_1_, user0_.user_name as user_nam6_1_ from users user0_
[DEBUG] 2019-03-30 19:15:32.671 [http-nio-8080-exec-6] ErrorCounter - throwQueryException() : no errors
[DEBUG] 2019-03-30 19:15:32.685 [http-nio-8080-exec-6] SQL - select user0_.id as id1_1_, user0_.first_name as first_na2_1_, user0_.last_name as last_nam3_1_, user0_.password as password4_1_, user0_.steamid as steamid5_1_, user0_.user_name as user_nam6_1_ from users user0_
[DEBUG] 2019-03-30 19:15:32.706 [http-nio-8080-exec-6] Loader - Result set row: 0
[DEBUG] 2019-03-30 19:15:32.718 [http-nio-8080-exec-6] Loader - Result row: EntityKey[edu.matc.entity.User#1]
[DEBUG] 2019-03-30 19:15:32.735 [http-nio-8080-exec-6] Loader - Result set row: 1
[DEBUG] 2019-03-30 19:15:32.735 [http-nio-8080-exec-6] Loader - Result row: EntityKey[edu.matc.entity.User#2]
[DEBUG] 2019-03-30 19:15:32.735 [http-nio-8080-exec-6] Loader - Result set row: 2
[DEBUG] 2019-03-30 19:15:32.735 [http-nio-8080-exec-6] Loader - Result row: EntityKey[edu.matc.entity.User#3]
[DEBUG] 2019-03-30 19:15:32.736 [http-nio-8080-exec-6] Loader - Result set row: 3
[DEBUG] 2019-03-30 19:15:32.736 [http-nio-8080-exec-6] Loader - Result row: EntityKey[edu.matc.entity.User#4]
[DEBUG] 2019-03-30 19:15:32.737 [http-nio-8080-exec-6] Loader - Result set row: 4
[DEBUG] 2019-03-30 19:15:32.737 [http-nio-8080-exec-6] Loader - Result row: EntityKey[edu.matc.entity.User#5]
[DEBUG] 2019-03-30 19:15:32.738 [http-nio-8080-exec-6] Loader - Result set row: 5
[DEBUG] 2019-03-30 19:15:32.738 [http-nio-8080-exec-6] Loader - Result row: EntityKey[edu.matc.entity.User#6]
[DEBUG] 2019-03-30 19:15:32.740 [http-nio-8080-exec-6] TwoPhaseLoad - Resolving associations for [edu.matc.entity.User#1]
[DEBUG] 2019-03-30 19:15:32.743 [http-nio-8080-exec-6] TwoPhaseLoad - Done materializing entity [edu.matc.entity.User#1]
[DEBUG] 2019-03-30 19:15:32.744 [http-nio-8080-exec-6] TwoPhaseLoad - Resolving associations for [edu.matc.entity.User#2]
[DEBUG] 2019-03-30 19:15:32.744 [http-nio-8080-exec-6] TwoPhaseLoad - Done materializing entity [edu.matc.entity.User#2]
[DEBUG] 2019-03-30 19:15:32.744 [http-nio-8080-exec-6] TwoPhaseLoad - Resolving associations for [edu.matc.entity.User#3]
[DEBUG] 2019-03-30 19:15:32.744 [http-nio-8080-exec-6] TwoPhaseLoad - Done materializing entity [edu.matc.entity.User#3]
[DEBUG] 2019-03-30 19:15:32.744 [http-nio-8080-exec-6] TwoPhaseLoad - Resolving associations for [edu.matc.entity.User#4]
[DEBUG] 2019-03-30 19:15:32.744 [http-nio-8080-exec-6] TwoPhaseLoad - Done materializing entity [edu.matc.entity.User#4]
[DEBUG] 2019-03-30 19:15:32.744 [http-nio-8080-exec-6] TwoPhaseLoad - Resolving associations for [edu.matc.entity.User#5]
[DEBUG] 2019-03-30 19:15:32.744 [http-nio-8080-exec-6] TwoPhaseLoad - Done materializing entity [edu.matc.entity.User#5]
[DEBUG] 2019-03-30 19:15:32.744 [http-nio-8080-exec-6] TwoPhaseLoad - Resolving associations for [edu.matc.entity.User#6]
[DEBUG] 2019-03-30 19:15:32.744 [http-nio-8080-exec-6] TwoPhaseLoad - Done materializing entity [edu.matc.entity.User#6]
[DEBUG] 2019-03-30 19:15:32.746 [http-nio-8080-exec-6] LogicalConnectionManagedImpl - Initiating JDBC connection release from afterTransaction
