[DEBUG] 2019-02-24 18:37:19.062 [main] IntegratorServiceImpl - Adding Integrator [org.hibernate.cfg.beanvalidation.BeanValidationIntegrator].
[DEBUG] 2019-02-24 18:37:19.067 [main] IntegratorServiceImpl - Adding Integrator [org.hibernate.secure.spi.JaccIntegrator].
[DEBUG] 2019-02-24 18:37:19.070 [main] IntegratorServiceImpl - Adding Integrator [org.hibernate.cache.internal.CollectionCacheInvalidator].
[INFO ] 2019-02-24 18:37:19.134 [main] Version - HHH000412: Hibernate Core {5.2.12.Final}
[INFO ] 2019-02-24 18:37:19.135 [main] Environment - HHH000206: hibernate.properties not found
[DEBUG] 2019-02-24 18:37:19.160 [main] LocalXmlResourceResolver - Interpreting public/system identifier : [-//Hibernate/Hibernate Configuration DTD//EN] - [http://www.hibernate.org/dtd/hibernate-configuration-3.0.dtd]
[DEBUG] 2019-02-24 18:37:19.161 [main] LocalXmlResourceResolver - Recognized hibernate-configuration identifier; attempting to resolve on classpath under org/hibernate/
[DEBUG] 2019-02-24 18:37:19.167 [main] JaxbCfgProcessor - cfg.xml document did not define namespaces; wrapping in custom event reader to introduce namespace information
[DEBUG] 2019-02-24 18:37:19.359 [main] ServiceBinding - Overriding existing service binding [org.hibernate.secure.spi.JaccService]
[DEBUG] 2019-02-24 18:37:19.375 [main] RegionFactoryInitiator - Cache region factory : org.hibernate.cache.internal.NoCachingRegionFactory
[INFO ] 2019-02-24 18:37:19.381 [main] Version - HCANN000001: Hibernate Commons Annotations {5.0.1.Final}
[DEBUG] 2019-02-24 18:37:19.397 [main] BasicTypeRegistry - Adding type registration boolean -> org.hibernate.type.BooleanType@27912e3
[DEBUG] 2019-02-24 18:37:19.397 [main] BasicTypeRegistry - Adding type registration boolean -> org.hibernate.type.BooleanType@27912e3
[DEBUG] 2019-02-24 18:37:19.397 [main] BasicTypeRegistry - Adding type registration java.lang.Boolean -> org.hibernate.type.BooleanType@27912e3
[DEBUG] 2019-02-24 18:37:19.398 [main] BasicTypeRegistry - Adding type registration numeric_boolean -> org.hibernate.type.NumericBooleanType@30b6ffe0
[DEBUG] 2019-02-24 18:37:19.399 [main] BasicTypeRegistry - Adding type registration true_false -> org.hibernate.type.TrueFalseType@cd1e646
[DEBUG] 2019-02-24 18:37:19.399 [main] BasicTypeRegistry - Adding type registration yes_no -> org.hibernate.type.YesNoType@15a04efb
[DEBUG] 2019-02-24 18:37:19.400 [main] BasicTypeRegistry - Adding type registration byte -> org.hibernate.type.ByteType@205d38da
[DEBUG] 2019-02-24 18:37:19.400 [main] BasicTypeRegistry - Adding type registration byte -> org.hibernate.type.ByteType@205d38da
[DEBUG] 2019-02-24 18:37:19.401 [main] BasicTypeRegistry - Adding type registration java.lang.Byte -> org.hibernate.type.ByteType@205d38da
[DEBUG] 2019-02-24 18:37:19.401 [main] BasicTypeRegistry - Adding type registration character -> org.hibernate.type.CharacterType@48b67364
[DEBUG] 2019-02-24 18:37:19.401 [main] BasicTypeRegistry - Adding type registration char -> org.hibernate.type.CharacterType@48b67364
[DEBUG] 2019-02-24 18:37:19.401 [main] BasicTypeRegistry - Adding type registration java.lang.Character -> org.hibernate.type.CharacterType@48b67364
[DEBUG] 2019-02-24 18:37:19.402 [main] BasicTypeRegistry - Adding type registration short -> org.hibernate.type.ShortType@72ef8d15
[DEBUG] 2019-02-24 18:37:19.403 [main] BasicTypeRegistry - Adding type registration short -> org.hibernate.type.ShortType@72ef8d15
[DEBUG] 2019-02-24 18:37:19.403 [main] BasicTypeRegistry - Adding type registration java.lang.Short -> org.hibernate.type.ShortType@72ef8d15
[DEBUG] 2019-02-24 18:37:19.403 [main] BasicTypeRegistry - Adding type registration integer -> org.hibernate.type.IntegerType@72ade7e3
[DEBUG] 2019-02-24 18:37:19.404 [main] BasicTypeRegistry - Adding type registration int -> org.hibernate.type.IntegerType@72ade7e3
[DEBUG] 2019-02-24 18:37:19.404 [main] BasicTypeRegistry - Adding type registration java.lang.Integer -> org.hibernate.type.IntegerType@72ade7e3
[DEBUG] 2019-02-24 18:37:19.405 [main] BasicTypeRegistry - Adding type registration long -> org.hibernate.type.LongType@23202fce
[DEBUG] 2019-02-24 18:37:19.405 [main] BasicTypeRegistry - Adding type registration long -> org.hibernate.type.LongType@23202fce
[DEBUG] 2019-02-24 18:37:19.405 [main] BasicTypeRegistry - Adding type registration java.lang.Long -> org.hibernate.type.LongType@23202fce
[DEBUG] 2019-02-24 18:37:19.406 [main] BasicTypeRegistry - Adding type registration float -> org.hibernate.type.FloatType@3fa247d1
[DEBUG] 2019-02-24 18:37:19.406 [main] BasicTypeRegistry - Adding type registration float -> org.hibernate.type.FloatType@3fa247d1
[DEBUG] 2019-02-24 18:37:19.406 [main] BasicTypeRegistry - Adding type registration java.lang.Float -> org.hibernate.type.FloatType@3fa247d1
[DEBUG] 2019-02-24 18:37:19.407 [main] BasicTypeRegistry - Adding type registration double -> org.hibernate.type.DoubleType@4fa1c212
[DEBUG] 2019-02-24 18:37:19.407 [main] BasicTypeRegistry - Adding type registration double -> org.hibernate.type.DoubleType@4fa1c212
[DEBUG] 2019-02-24 18:37:19.407 [main] BasicTypeRegistry - Adding type registration java.lang.Double -> org.hibernate.type.DoubleType@4fa1c212
[DEBUG] 2019-02-24 18:37:19.408 [main] BasicTypeRegistry - Adding type registration big_decimal -> org.hibernate.type.BigDecimalType@3e44f2a5
[DEBUG] 2019-02-24 18:37:19.408 [main] BasicTypeRegistry - Adding type registration java.math.BigDecimal -> org.hibernate.type.BigDecimalType@3e44f2a5
[DEBUG] 2019-02-24 18:37:19.409 [main] BasicTypeRegistry - Adding type registration big_integer -> org.hibernate.type.BigIntegerType@895e367
[DEBUG] 2019-02-24 18:37:19.409 [main] BasicTypeRegistry - Adding type registration java.math.BigInteger -> org.hibernate.type.BigIntegerType@895e367
[DEBUG] 2019-02-24 18:37:19.409 [main] BasicTypeRegistry - Adding type registration string -> org.hibernate.type.StringType@4dd6fd0a
[DEBUG] 2019-02-24 18:37:19.410 [main] BasicTypeRegistry - Adding type registration java.lang.String -> org.hibernate.type.StringType@4dd6fd0a
[DEBUG] 2019-02-24 18:37:19.410 [main] BasicTypeRegistry - Adding type registration nstring -> org.hibernate.type.StringNVarcharType@589da3f3
[DEBUG] 2019-02-24 18:37:19.411 [main] BasicTypeRegistry - Adding type registration ncharacter -> org.hibernate.type.CharacterNCharType@50313382
[DEBUG] 2019-02-24 18:37:19.411 [main] BasicTypeRegistry - Adding type registration url -> org.hibernate.type.UrlType@4bd31064
[DEBUG] 2019-02-24 18:37:19.411 [main] BasicTypeRegistry - Adding type registration java.net.URL -> org.hibernate.type.UrlType@4bd31064
[DEBUG] 2019-02-24 18:37:19.412 [main] BasicTypeRegistry - Adding type registration Duration -> org.hibernate.type.DurationType@4ef782af
[DEBUG] 2019-02-24 18:37:19.412 [main] BasicTypeRegistry - Adding type registration java.time.Duration -> org.hibernate.type.DurationType@4ef782af
[DEBUG] 2019-02-24 18:37:19.425 [main] BasicTypeRegistry - Adding type registration Instant -> org.hibernate.type.InstantType@48c76607
[DEBUG] 2019-02-24 18:37:19.425 [main] BasicTypeRegistry - Adding type registration java.time.Instant -> org.hibernate.type.InstantType@48c76607
[DEBUG] 2019-02-24 18:37:19.426 [main] BasicTypeRegistry - Adding type registration LocalDateTime -> org.hibernate.type.LocalDateTimeType@1787bc24
[DEBUG] 2019-02-24 18:37:19.426 [main] BasicTypeRegistry - Adding type registration java.time.LocalDateTime -> org.hibernate.type.LocalDateTimeType@1787bc24
[DEBUG] 2019-02-24 18:37:19.427 [main] BasicTypeRegistry - Adding type registration LocalDate -> org.hibernate.type.LocalDateType@4a3631f8
[DEBUG] 2019-02-24 18:37:19.428 [main] BasicTypeRegistry - Adding type registration java.time.LocalDate -> org.hibernate.type.LocalDateType@4a3631f8
[DEBUG] 2019-02-24 18:37:19.429 [main] BasicTypeRegistry - Adding type registration LocalTime -> org.hibernate.type.LocalTimeType@42a15bdc
[DEBUG] 2019-02-24 18:37:19.429 [main] BasicTypeRegistry - Adding type registration java.time.LocalTime -> org.hibernate.type.LocalTimeType@42a15bdc
[DEBUG] 2019-02-24 18:37:19.430 [main] BasicTypeRegistry - Adding type registration OffsetDateTime -> org.hibernate.type.OffsetDateTimeType@4f704591
[DEBUG] 2019-02-24 18:37:19.430 [main] BasicTypeRegistry - Adding type registration java.time.OffsetDateTime -> org.hibernate.type.OffsetDateTimeType@4f704591
[DEBUG] 2019-02-24 18:37:19.431 [main] BasicTypeRegistry - Adding type registration OffsetTime -> org.hibernate.type.OffsetTimeType@379614be
[DEBUG] 2019-02-24 18:37:19.431 [main] BasicTypeRegistry - Adding type registration java.time.OffsetTime -> org.hibernate.type.OffsetTimeType@379614be
[DEBUG] 2019-02-24 18:37:19.434 [main] BasicTypeRegistry - Adding type registration ZonedDateTime -> org.hibernate.type.ZonedDateTimeType@127a7a2e
[DEBUG] 2019-02-24 18:37:19.434 [main] BasicTypeRegistry - Adding type registration java.time.ZonedDateTime -> org.hibernate.type.ZonedDateTimeType@127a7a2e
[DEBUG] 2019-02-24 18:37:19.435 [main] BasicTypeRegistry - Adding type registration date -> org.hibernate.type.DateType@135606db
[DEBUG] 2019-02-24 18:37:19.435 [main] BasicTypeRegistry - Adding type registration java.sql.Date -> org.hibernate.type.DateType@135606db
[DEBUG] 2019-02-24 18:37:19.436 [main] BasicTypeRegistry - Adding type registration time -> org.hibernate.type.TimeType@58594a11
[DEBUG] 2019-02-24 18:37:19.436 [main] BasicTypeRegistry - Adding type registration java.sql.Time -> org.hibernate.type.TimeType@58594a11
[DEBUG] 2019-02-24 18:37:19.437 [main] BasicTypeRegistry - Adding type registration timestamp -> org.hibernate.type.TimestampType@68f1b17f
[DEBUG] 2019-02-24 18:37:19.437 [main] BasicTypeRegistry - Adding type registration java.sql.Timestamp -> org.hibernate.type.TimestampType@68f1b17f
[DEBUG] 2019-02-24 18:37:19.437 [main] BasicTypeRegistry - Adding type registration java.util.Date -> org.hibernate.type.TimestampType@68f1b17f
[DEBUG] 2019-02-24 18:37:19.438 [main] BasicTypeRegistry - Adding type registration dbtimestamp -> org.hibernate.type.DbTimestampType@5b3f61ff
[DEBUG] 2019-02-24 18:37:19.439 [main] BasicTypeRegistry - Adding type registration calendar -> org.hibernate.type.CalendarType@1b8a29df
[DEBUG] 2019-02-24 18:37:19.439 [main] BasicTypeRegistry - Adding type registration java.util.Calendar -> org.hibernate.type.CalendarType@1b8a29df
[DEBUG] 2019-02-24 18:37:19.439 [main] BasicTypeRegistry - Adding type registration java.util.GregorianCalendar -> org.hibernate.type.CalendarType@1b8a29df
[DEBUG] 2019-02-24 18:37:19.439 [main] BasicTypeRegistry - Adding type registration calendar_date -> org.hibernate.type.CalendarDateType@6a47b187
[DEBUG] 2019-02-24 18:37:19.440 [main] BasicTypeRegistry - Adding type registration locale -> org.hibernate.type.LocaleType@7c51f34b
[DEBUG] 2019-02-24 18:37:19.440 [main] BasicTypeRegistry - Adding type registration java.util.Locale -> org.hibernate.type.LocaleType@7c51f34b
[DEBUG] 2019-02-24 18:37:19.441 [main] BasicTypeRegistry - Adding type registration currency -> org.hibernate.type.CurrencyType@6fa34d52
[DEBUG] 2019-02-24 18:37:19.441 [main] BasicTypeRegistry - Adding type registration java.util.Currency -> org.hibernate.type.CurrencyType@6fa34d52
[DEBUG] 2019-02-24 18:37:19.441 [main] BasicTypeRegistry - Adding type registration timezone -> org.hibernate.type.TimeZoneType@7ef27d7f
[DEBUG] 2019-02-24 18:37:19.442 [main] BasicTypeRegistry - Adding type registration java.util.TimeZone -> org.hibernate.type.TimeZoneType@7ef27d7f
[DEBUG] 2019-02-24 18:37:19.442 [main] BasicTypeRegistry - Adding type registration class -> org.hibernate.type.ClassType@1d483de4
[DEBUG] 2019-02-24 18:37:19.442 [main] BasicTypeRegistry - Adding type registration java.lang.Class -> org.hibernate.type.ClassType@1d483de4
[DEBUG] 2019-02-24 18:37:19.443 [main] BasicTypeRegistry - Adding type registration uuid-binary -> org.hibernate.type.UUIDBinaryType@1fd14d74
[DEBUG] 2019-02-24 18:37:19.443 [main] BasicTypeRegistry - Adding type registration java.util.UUID -> org.hibernate.type.UUIDBinaryType@1fd14d74
[DEBUG] 2019-02-24 18:37:19.444 [main] BasicTypeRegistry - Adding type registration uuid-char -> org.hibernate.type.UUIDCharType@2b175c00
[DEBUG] 2019-02-24 18:37:19.444 [main] BasicTypeRegistry - Adding type registration binary -> org.hibernate.type.BinaryType@30c8681
[DEBUG] 2019-02-24 18:37:19.444 [main] BasicTypeRegistry - Adding type registration byte[] -> org.hibernate.type.BinaryType@30c8681
[DEBUG] 2019-02-24 18:37:19.445 [main] BasicTypeRegistry - Adding type registration [B -> org.hibernate.type.BinaryType@30c8681
[DEBUG] 2019-02-24 18:37:19.445 [main] BasicTypeRegistry - Adding type registration wrapper-binary -> org.hibernate.type.WrapperBinaryType@35399441
[DEBUG] 2019-02-24 18:37:19.445 [main] BasicTypeRegistry - Adding type registration Byte[] -> org.hibernate.type.WrapperBinaryType@35399441
[DEBUG] 2019-02-24 18:37:19.445 [main] BasicTypeRegistry - Adding type registration [Ljava.lang.Byte; -> org.hibernate.type.WrapperBinaryType@35399441
[DEBUG] 2019-02-24 18:37:19.446 [main] BasicTypeRegistry - Adding type registration row_version -> org.hibernate.type.RowVersionType@df6620a
[DEBUG] 2019-02-24 18:37:19.447 [main] BasicTypeRegistry - Adding type registration image -> org.hibernate.type.ImageType@5e403b4a
[DEBUG] 2019-02-24 18:37:19.447 [main] BasicTypeRegistry - Adding type registration characters -> org.hibernate.type.CharArrayType@19e7a160
[DEBUG] 2019-02-24 18:37:19.447 [main] BasicTypeRegistry - Adding type registration char[] -> org.hibernate.type.CharArrayType@19e7a160
[DEBUG] 2019-02-24 18:37:19.447 [main] BasicTypeRegistry - Adding type registration [C -> org.hibernate.type.CharArrayType@19e7a160
[DEBUG] 2019-02-24 18:37:19.448 [main] BasicTypeRegistry - Adding type registration wrapper-characters -> org.hibernate.type.CharacterArrayType@6cb6decd
[DEBUG] 2019-02-24 18:37:19.448 [main] BasicTypeRegistry - Adding type registration [Ljava.lang.Character; -> org.hibernate.type.CharacterArrayType@6cb6decd
[DEBUG] 2019-02-24 18:37:19.448 [main] BasicTypeRegistry - Adding type registration Character[] -> org.hibernate.type.CharacterArrayType@6cb6decd
[DEBUG] 2019-02-24 18:37:19.449 [main] BasicTypeRegistry - Adding type registration text -> org.hibernate.type.TextType@3e6f3f28
[DEBUG] 2019-02-24 18:37:19.449 [main] BasicTypeRegistry - Adding type registration ntext -> org.hibernate.type.NTextType@5717c37
[DEBUG] 2019-02-24 18:37:19.452 [main] BasicTypeRegistry - Adding type registration blob -> org.hibernate.type.BlobType@732d0d24
[DEBUG] 2019-02-24 18:37:19.452 [main] BasicTypeRegistry - Adding type registration java.sql.Blob -> org.hibernate.type.BlobType@732d0d24
[DEBUG] 2019-02-24 18:37:19.453 [main] BasicTypeRegistry - Adding type registration materialized_blob -> org.hibernate.type.MaterializedBlobType@5a5338df
[DEBUG] 2019-02-24 18:37:19.455 [main] BasicTypeRegistry - Adding type registration clob -> org.hibernate.type.ClobType@176b75f7
[DEBUG] 2019-02-24 18:37:19.455 [main] BasicTypeRegistry - Adding type registration java.sql.Clob -> org.hibernate.type.ClobType@176b75f7
[DEBUG] 2019-02-24 18:37:19.457 [main] BasicTypeRegistry - Adding type registration nclob -> org.hibernate.type.NClobType@573906eb
[DEBUG] 2019-02-24 18:37:19.458 [main] BasicTypeRegistry - Adding type registration java.sql.NClob -> org.hibernate.type.NClobType@573906eb
[DEBUG] 2019-02-24 18:37:19.458 [main] BasicTypeRegistry - Adding type registration materialized_clob -> org.hibernate.type.MaterializedClobType@571c5681
[DEBUG] 2019-02-24 18:37:19.458 [main] BasicTypeRegistry - Adding type registration materialized_nclob -> org.hibernate.type.MaterializedNClobType@38ba6ce3
[DEBUG] 2019-02-24 18:37:19.459 [main] BasicTypeRegistry - Adding type registration serializable -> org.hibernate.type.SerializableType@3148f668
[DEBUG] 2019-02-24 18:37:19.461 [main] BasicTypeRegistry - Adding type registration object -> org.hibernate.type.ObjectType@59cba5a
[DEBUG] 2019-02-24 18:37:19.461 [main] BasicTypeRegistry - Adding type registration java.lang.Object -> org.hibernate.type.ObjectType@59cba5a
[DEBUG] 2019-02-24 18:37:19.462 [main] BasicTypeRegistry - Adding type registration imm_date -> org.hibernate.type.AdaptedImmutableType@119cbf96
[DEBUG] 2019-02-24 18:37:19.462 [main] BasicTypeRegistry - Adding type registration imm_time -> org.hibernate.type.AdaptedImmutableType@71329995
[DEBUG] 2019-02-24 18:37:19.462 [main] BasicTypeRegistry - Adding type registration imm_timestamp -> org.hibernate.type.AdaptedImmutableType@768fc0f2
[DEBUG] 2019-02-24 18:37:19.462 [main] BasicTypeRegistry - Adding type registration imm_dbtimestamp -> org.hibernate.type.AdaptedImmutableType@5454d35e
[DEBUG] 2019-02-24 18:37:19.462 [main] BasicTypeRegistry - Adding type registration imm_calendar -> org.hibernate.type.AdaptedImmutableType@20c0a64d
[DEBUG] 2019-02-24 18:37:19.462 [main] BasicTypeRegistry - Adding type registration imm_calendar_date -> org.hibernate.type.AdaptedImmutableType@455b6df1
[DEBUG] 2019-02-24 18:37:19.462 [main] BasicTypeRegistry - Adding type registration imm_binary -> org.hibernate.type.AdaptedImmutableType@4ddbbdf8
[DEBUG] 2019-02-24 18:37:19.462 [main] BasicTypeRegistry - Adding type registration imm_serializable -> org.hibernate.type.AdaptedImmutableType@3f67593e
[INFO ] 2019-02-24 18:37:19.469 [main] C3P0ConnectionProvider - HHH010002: C3P0 using driver: com.mysql.jdbc.Driver at URL: jdbc:mysql://localhost:3306/dotaStats
[INFO ] 2019-02-24 18:37:19.469 [main] C3P0ConnectionProvider - HHH10001001: Connection properties: {user=root, password=****}
[INFO ] 2019-02-24 18:37:19.469 [main] C3P0ConnectionProvider - HHH10001003: Autocommit mode: false
[INFO ] 2019-02-24 18:37:19.551 [main] C3P0ConnectionProvider - HHH10001007: JDBC isolation level: <unknown>
[DEBUG] 2019-02-24 18:37:19.607 [main] JdbcEnvironmentInitiator - Database ->
       name : MySQL
    version : 5.7.25-0ubuntu0.16.04.2
      major : 5
      minor : 7
[DEBUG] 2019-02-24 18:37:19.607 [main] JdbcEnvironmentInitiator - Driver ->
       name : MySQL Connector Java
    version : mysql-connector-java-5.1.39 ( Revision: 3289a357af6d09ecc1a10fd3c26e95183e5790ad )
      major : 5
      minor : 1
[DEBUG] 2019-02-24 18:37:19.607 [main] JdbcEnvironmentInitiator - JDBC version : 4.0
[INFO ] 2019-02-24 18:37:19.619 [main] Dialect - HHH000400: Using dialect: org.hibernate.dialect.MySQL5Dialect
[DEBUG] 2019-02-24 18:37:19.657 [main] IdentifierHelperBuilder - JDBC driver metadata reported database stores quoted identifiers in more than one case
[DEBUG] 2019-02-24 18:37:19.659 [main] IdentifierHelperBuilder - IdentifierCaseStrategy for both quoted and unquoted identifiers was set to the same strategy [MIXED]; that will likely lead to problems in schema update and validation if using quoted identifiers
[DEBUG] 2019-02-24 18:37:19.689 [main] DefaultIdentifierGeneratorFactory - Registering IdentifierGenerator strategy [uuid2] -> [org.hibernate.id.UUIDGenerator]
[DEBUG] 2019-02-24 18:37:19.689 [main] DefaultIdentifierGeneratorFactory - Registering IdentifierGenerator strategy [guid] -> [org.hibernate.id.GUIDGenerator]
[DEBUG] 2019-02-24 18:37:19.690 [main] DefaultIdentifierGeneratorFactory - Registering IdentifierGenerator strategy [uuid] -> [org.hibernate.id.UUIDHexGenerator]
[DEBUG] 2019-02-24 18:37:19.690 [main] DefaultIdentifierGeneratorFactory - Registering IdentifierGenerator strategy [uuid.hex] -> [org.hibernate.id.UUIDHexGenerator]
[DEBUG] 2019-02-24 18:37:19.691 [main] DefaultIdentifierGeneratorFactory - Registering IdentifierGenerator strategy [assigned] -> [org.hibernate.id.Assigned]
[DEBUG] 2019-02-24 18:37:19.693 [main] DefaultIdentifierGeneratorFactory - Registering IdentifierGenerator strategy [identity] -> [org.hibernate.id.IdentityGenerator]
[DEBUG] 2019-02-24 18:37:19.693 [main] DefaultIdentifierGeneratorFactory - Registering IdentifierGenerator strategy [select] -> [org.hibernate.id.SelectGenerator]
[DEBUG] 2019-02-24 18:37:19.694 [main] DefaultIdentifierGeneratorFactory - Registering IdentifierGenerator strategy [sequence] -> [org.hibernate.id.enhanced.SequenceStyleGenerator]
[DEBUG] 2019-02-24 18:37:19.695 [main] DefaultIdentifierGeneratorFactory - Registering IdentifierGenerator strategy [seqhilo] -> [org.hibernate.id.SequenceHiLoGenerator]
[DEBUG] 2019-02-24 18:37:19.695 [main] DefaultIdentifierGeneratorFactory - Registering IdentifierGenerator strategy [increment] -> [org.hibernate.id.IncrementGenerator]
[DEBUG] 2019-02-24 18:37:19.695 [main] DefaultIdentifierGeneratorFactory - Registering IdentifierGenerator strategy [foreign] -> [org.hibernate.id.ForeignGenerator]
[DEBUG] 2019-02-24 18:37:19.696 [main] DefaultIdentifierGeneratorFactory - Registering IdentifierGenerator strategy [sequence-identity] -> [org.hibernate.id.SequenceIdentityGenerator]
[DEBUG] 2019-02-24 18:37:19.696 [main] DefaultIdentifierGeneratorFactory - Registering IdentifierGenerator strategy [enhanced-sequence] -> [org.hibernate.id.enhanced.SequenceStyleGenerator]
[DEBUG] 2019-02-24 18:37:19.697 [main] DefaultIdentifierGeneratorFactory - Registering IdentifierGenerator strategy [enhanced-table] -> [org.hibernate.id.enhanced.TableGenerator]
[DEBUG] 2019-02-24 18:37:19.722 [main] Namespace - Created database namespace [logicalName=Name{catalog=null, schema=null}, physicalName=Name{catalog=null, schema=null}]
[DEBUG] 2019-02-24 18:37:19.744 [main] AnnotationBinder - Binding entity from annotated class: edu.matc.entity.User
[DEBUG] 2019-02-24 18:37:19.762 [main] Ejb3Column - Binding column: Ejb3DiscriminatorColumn{logicalColumnName'DTYPE', discriminatorTypeName='string'}
[DEBUG] 2019-02-24 18:37:19.766 [main] EntityBinder - Import with entity name User
[DEBUG] 2019-02-24 18:37:19.768 [main] EntityBinder - Bind entity edu.matc.entity.User on table users
[DEBUG] 2019-02-24 18:37:19.787 [main] Ejb3Column - Binding column: Ejb3Column{table=org.hibernate.mapping.Table(users), mappingColumn=id, insertable=true, updatable=true, unique=false}
[DEBUG] 2019-02-24 18:37:19.789 [main] PropertyBinder - MetadataSourceProcessor property id with lazy=false
[DEBUG] 2019-02-24 18:37:19.790 [main] AbstractPropertyHolder - Attempting to locate auto-apply AttributeConverter for property [edu.matc.entity.User:id]
[DEBUG] 2019-02-24 18:37:19.791 [main] SimpleValueBinder - building SimpleValue for id
[DEBUG] 2019-02-24 18:37:19.793 [main] PropertyBinder - Building property id
[DEBUG] 2019-02-24 18:37:19.797 [main] Ejb3Column - Binding column: Ejb3Column{table=org.hibernate.mapping.Table(users), mappingColumn=first_name, insertable=true, updatable=true, unique=false}
[DEBUG] 2019-02-24 18:37:19.797 [main] PropertyBinder - MetadataSourceProcessor property firstName with lazy=false
[DEBUG] 2019-02-24 18:37:19.797 [main] AbstractPropertyHolder - Attempting to locate auto-apply AttributeConverter for property [edu.matc.entity.User:firstName]
[DEBUG] 2019-02-24 18:37:19.797 [main] SimpleValueBinder - building SimpleValue for firstName
[DEBUG] 2019-02-24 18:37:19.797 [main] PropertyBinder - Building property firstName
[DEBUG] 2019-02-24 18:37:19.800 [main] Ejb3Column - Binding column: Ejb3Column{table=org.hibernate.mapping.Table(users), mappingColumn=last_name, insertable=true, updatable=true, unique=false}
[DEBUG] 2019-02-24 18:37:19.800 [main] PropertyBinder - MetadataSourceProcessor property lastName with lazy=false
[DEBUG] 2019-02-24 18:37:19.800 [main] AbstractPropertyHolder - Attempting to locate auto-apply AttributeConverter for property [edu.matc.entity.User:lastName]
[DEBUG] 2019-02-24 18:37:19.800 [main] SimpleValueBinder - building SimpleValue for lastName
[DEBUG] 2019-02-24 18:37:19.800 [main] PropertyBinder - Building property lastName
[DEBUG] 2019-02-24 18:37:19.800 [main] Ejb3Column - Binding column: Ejb3Column{table=org.hibernate.mapping.Table(users), mappingColumn=password, insertable=true, updatable=true, unique=false}
[DEBUG] 2019-02-24 18:37:19.800 [main] PropertyBinder - MetadataSourceProcessor property password with lazy=false
[DEBUG] 2019-02-24 18:37:19.800 [main] AbstractPropertyHolder - Attempting to locate auto-apply AttributeConverter for property [edu.matc.entity.User:password]
[DEBUG] 2019-02-24 18:37:19.800 [main] SimpleValueBinder - building SimpleValue for password
[DEBUG] 2019-02-24 18:37:19.801 [main] PropertyBinder - Building property password
[DEBUG] 2019-02-24 18:37:19.801 [main] Ejb3Column - Binding column: Ejb3Column{table=org.hibernate.mapping.Table(users), mappingColumn=steamid, insertable=true, updatable=true, unique=false}
[DEBUG] 2019-02-24 18:37:19.801 [main] PropertyBinder - MetadataSourceProcessor property steamID with lazy=false
[DEBUG] 2019-02-24 18:37:19.801 [main] AbstractPropertyHolder - Attempting to locate auto-apply AttributeConverter for property [edu.matc.entity.User:steamID]
[DEBUG] 2019-02-24 18:37:19.801 [main] SimpleValueBinder - building SimpleValue for steamID
[DEBUG] 2019-02-24 18:37:19.801 [main] PropertyBinder - Building property steamID
[DEBUG] 2019-02-24 18:37:19.801 [main] Ejb3Column - Binding column: Ejb3Column{table=org.hibernate.mapping.Table(users), mappingColumn=user_name, insertable=true, updatable=true, unique=false}
[DEBUG] 2019-02-24 18:37:19.801 [main] PropertyBinder - MetadataSourceProcessor property userName with lazy=false
[DEBUG] 2019-02-24 18:37:19.801 [main] AbstractPropertyHolder - Attempting to locate auto-apply AttributeConverter for property [edu.matc.entity.User:userName]
[DEBUG] 2019-02-24 18:37:19.801 [main] SimpleValueBinder - building SimpleValue for userName
[DEBUG] 2019-02-24 18:37:19.801 [main] PropertyBinder - Building property userName
[DEBUG] 2019-02-24 18:37:19.802 [main] SimpleValueBinder - Starting fillSimpleValue for id
[DEBUG] 2019-02-24 18:37:19.802 [main] SimpleValueBinder - Starting fillSimpleValue for firstName
[DEBUG] 2019-02-24 18:37:19.803 [main] SimpleValueBinder - Starting fillSimpleValue for lastName
[DEBUG] 2019-02-24 18:37:19.803 [main] SimpleValueBinder - Starting fillSimpleValue for password
[DEBUG] 2019-02-24 18:37:19.803 [main] SimpleValueBinder - Starting fillSimpleValue for steamID
[DEBUG] 2019-02-24 18:37:19.803 [main] SimpleValueBinder - Starting fillSimpleValue for userName
[DEBUG] 2019-02-24 18:37:19.804 [main] PrimaryKey - Forcing column [id] to be non-null as it is part of the primary key for table [users]
[DEBUG] 2019-02-24 18:37:19.834 [main] SessionFactoryImpl - Building session factory
[DEBUG] 2019-02-24 18:37:19.835 [main] Settings - SessionFactory name : null
[DEBUG] 2019-02-24 18:37:19.835 [main] Settings - Automatic flush during beforeCompletion(): enabled
[DEBUG] 2019-02-24 18:37:19.835 [main] Settings - Automatic session close at end of transaction: disabled
[DEBUG] 2019-02-24 18:37:19.835 [main] Settings - Statistics: disabled
[DEBUG] 2019-02-24 18:37:19.835 [main] Settings - Deleted entity synthetic identifier rollback: disabled
[DEBUG] 2019-02-24 18:37:19.835 [main] Settings - Default entity-mode: pojo
[DEBUG] 2019-02-24 18:37:19.835 [main] Settings - Check Nullability in Core (should be disabled when Bean Validation is on): enabled
[DEBUG] 2019-02-24 18:37:19.835 [main] Settings - Allow initialization of lazy state outside session : disabled
[DEBUG] 2019-02-24 18:37:19.835 [main] Settings - Using BatchFetchStyle : LEGACY
[DEBUG] 2019-02-24 18:37:19.836 [main] Settings - Default batch fetch size: -1
[DEBUG] 2019-02-24 18:37:19.836 [main] Settings - Maximum outer join fetch depth: 2
[DEBUG] 2019-02-24 18:37:19.836 [main] Settings - Default null ordering: NONE
[DEBUG] 2019-02-24 18:37:19.836 [main] Settings - Order SQL updates by primary key: disabled
[DEBUG] 2019-02-24 18:37:19.836 [main] Settings - Order SQL inserts for batching: disabled
[DEBUG] 2019-02-24 18:37:19.836 [main] Settings - multi-tenancy strategy : NONE
[DEBUG] 2019-02-24 18:37:19.836 [main] Settings - JTA Track by Thread: enabled
[DEBUG] 2019-02-24 18:37:19.836 [main] Settings - Query language substitutions: {}
[DEBUG] 2019-02-24 18:37:19.836 [main] Settings - JPA query language strict compliance: disabled
[DEBUG] 2019-02-24 18:37:19.836 [main] Settings - Named query checking : enabled
[DEBUG] 2019-02-24 18:37:19.836 [main] Settings - Second-level cache: enabled
[DEBUG] 2019-02-24 18:37:19.836 [main] Settings - Second-level query cache: disabled
[DEBUG] 2019-02-24 18:37:19.836 [main] Settings - Second-level query cache factory: org.hibernate.cache.internal.StandardQueryCacheFactory@362a019c
[DEBUG] 2019-02-24 18:37:19.836 [main] Settings - Second-level cache region prefix: null
[DEBUG] 2019-02-24 18:37:19.837 [main] Settings - Optimize second-level cache for minimal puts: disabled
[DEBUG] 2019-02-24 18:37:19.837 [main] Settings - Structured second-level cache entries: disabled
[DEBUG] 2019-02-24 18:37:19.837 [main] Settings - Second-level cache direct-reference entries: disabled
[DEBUG] 2019-02-24 18:37:19.837 [main] Settings - Automatic eviction of collection cache: disabled
[DEBUG] 2019-02-24 18:37:19.837 [main] Settings - JDBC batch size: 15
[DEBUG] 2019-02-24 18:37:19.837 [main] Settings - JDBC batch updates for versioned data: enabled
[DEBUG] 2019-02-24 18:37:19.837 [main] Settings - Scrollable result sets: enabled
[DEBUG] 2019-02-24 18:37:19.837 [main] Settings - Wrap result sets: disabled
[DEBUG] 2019-02-24 18:37:19.837 [main] Settings - JDBC3 getGeneratedKeys(): enabled
[DEBUG] 2019-02-24 18:37:19.837 [main] Settings - JDBC result set fetch size: null
[DEBUG] 2019-02-24 18:37:19.837 [main] Settings - Connection release mode: AFTER_TRANSACTION
[DEBUG] 2019-02-24 18:37:19.837 [main] Settings - Generate SQL with comments: disabled
[DEBUG] 2019-02-24 18:37:19.884 [main] SessionFactoryImpl - Session factory constructed with filter configurations : {}
[DEBUG] 2019-02-24 18:37:19.884 [main] SessionFactoryImpl - Instantiating session factory with properties: {sun.desktop=gnome, awt.toolkit=sun.awt.X11.XToolkit, file.encoding.pkg=sun.io, java.specification.version=1.8, hibernate.c3p0.idle_test_period=3000, sun.cpu.isalist=, sun.jnu.encoding=UTF-8, hibernate.c3p0.min_size=5, java.class.path=/home/student/intellij/lib/idea_rt.jar:/home/student/intellij/plugins/junit/lib/junit-rt.jar:/home/student/intellij/plugins/junit/lib/junit5-rt.jar:/usr/lib/jvm/java-8-oracle/jre/lib/charsets.jar:/usr/lib/jvm/java-8-oracle/jre/lib/deploy.jar:/usr/lib/jvm/java-8-oracle/jre/lib/ext/cldrdata.jar:/usr/lib/jvm/java-8-oracle/jre/lib/ext/dnsns.jar:/usr/lib/jvm/java-8-oracle/jre/lib/ext/jaccess.jar:/usr/lib/jvm/java-8-oracle/jre/lib/ext/jfxrt.jar:/usr/lib/jvm/java-8-oracle/jre/lib/ext/localedata.jar:/usr/lib/jvm/java-8-oracle/jre/lib/ext/nashorn.jar:/usr/lib/jvm/java-8-oracle/jre/lib/ext/sunec.jar:/usr/lib/jvm/java-8-oracle/jre/lib/ext/sunjce_provider.jar:/usr/lib/jvm/java-8-oracle/jre/lib/ext/sunpkcs11.jar:/usr/lib/jvm/java-8-oracle/jre/lib/ext/zipfs.jar:/usr/lib/jvm/java-8-oracle/jre/lib/javaws.jar:/usr/lib/jvm/java-8-oracle/jre/lib/jce.jar:/usr/lib/jvm/java-8-oracle/jre/lib/jfr.jar:/usr/lib/jvm/java-8-oracle/jre/lib/jfxswt.jar:/usr/lib/jvm/java-8-oracle/jre/lib/jsse.jar:/usr/lib/jvm/java-8-oracle/jre/lib/management-agent.jar:/usr/lib/jvm/java-8-oracle/jre/lib/plugin.jar:/usr/lib/jvm/java-8-oracle/jre/lib/resources.jar:/usr/lib/jvm/java-8-oracle/jre/lib/rt.jar:/home/student/IdeaProjects/dotaStats/target/test-classes:/home/student/IdeaProjects/dotaStats/target/classes:/home/student/.m2/repository/org/junit/jupiter/junit-jupiter-engine/5.0.0/junit-jupiter-engine-5.0.0.jar:/home/student/.m2/repository/org/apiguardian/apiguardian-api/1.0.0/apiguardian-api-1.0.0.jar:/home/student/.m2/repository/org/junit/platform/junit-platform-engine/1.0.0/junit-platform-engine-1.0.0.jar:/home/student/.m2/repository/org/junit/platform/junit-platform-commons/1.0.0/junit-platform-commons-1.0.0.jar:/home/student/.m2/repository/org/opentest4j/opentest4j/1.0.0/opentest4j-1.0.0.jar:/home/student/.m2/repository/org/junit/jupiter/junit-jupiter-api/5.0.0/junit-jupiter-api-5.0.0.jar:/home/student/.m2/repository/junit/junit/4.12/junit-4.12.jar:/home/student/.m2/repository/org/hamcrest/hamcrest-core/1.3/hamcrest-core-1.3.jar:/home/student/.m2/repository/org/junit/platform/junit-platform-runner/1.0.0/junit-platform-runner-1.0.0.jar:/home/student/.m2/repository/org/junit/platform/junit-platform-launcher/1.0.0/junit-platform-launcher-1.0.0.jar:/home/student/.m2/repository/org/junit/platform/junit-platform-suite-api/1.0.0/junit-platform-suite-api-1.0.0.jar:/home/student/.m2/repository/org/junit/vintage/junit-vintage-engine/4.12.0/junit-vintage-engine-4.12.0.jar:/home/student/.m2/repository/javax/javaee-web-api/7.0/javaee-web-api-7.0.jar:/home/student/.m2/repository/org/apache/logging/log4j/log4j-api/2.10.0/log4j-api-2.10.0.jar:/home/student/.m2/repository/org/apache/logging/log4j/log4j-core/2.10.0/log4j-core-2.10.0.jar:/home/student/.m2/repository/org/hibernate/hibernate-core/5.2.12.Final/hibernate-core-5.2.12.Final.jar:/home/student/.m2/repository/org/jboss/logging/jboss-logging/3.3.0.Final/jboss-logging-3.3.0.Final.jar:/home/student/.m2/repository/org/hibernate/javax/persistence/hibernate-jpa-2.1-api/1.0.0.Final/hibernate-jpa-2.1-api-1.0.0.Final.jar:/home/student/.m2/repository/org/javassist/javassist/3.20.0-GA/javassist-3.20.0-GA.jar:/home/student/.m2/repository/antlr/antlr/2.7.7/antlr-2.7.7.jar:/home/student/.m2/repository/org/jboss/spec/javax/transaction/jboss-transaction-api_1.2_spec/1.0.1.Final/jboss-transaction-api_1.2_spec-1.0.1.Final.jar:/home/student/.m2/repository/org/jboss/jandex/2.0.3.Final/jandex-2.0.3.Final.jar:/home/student/.m2/repository/com/fasterxml/classmate/1.3.0/classmate-1.3.0.jar:/home/student/.m2/repository/dom4j/dom4j/1.6.1/dom4j-1.6.1.jar:/home/student/.m2/repository/org/hibernate/common/hibernate-commons-annotations/5.0.1.Final/hibernate-commons-annotations-5.0.1.Final.jar:/home/student/.m2/repository/org/hibernate/hibernate-c3p0/5.2.12.Final/hibernate-c3p0-5.2.12.Final.jar:/home/student/.m2/repository/com/mchange/c3p0/0.9.5.2/c3p0-0.9.5.2.jar:/home/student/.m2/repository/com/mchange/mchange-commons-java/0.2.11/mchange-commons-java-0.2.11.jar:/home/student/.m2/repository/mysql/mysql-connector-java/5.1.39/mysql-connector-java-5.1.39.jar:/home/student/.m2/repository/jstl/jstl/1.2/jstl-1.2.jar:/home/student/intellij/lib/idea_rt.jar, java.vm.vendor=Oracle Corporation, sun.arch.data.model=64, idea.test.cyclic.buffer.size=1048576, java.vendor.url=http://java.oracle.com/, user.timezone=America/Chicago, os.name=Linux, java.vm.specification.version=1.8, user.country=US, sun.java.launcher=SUN_STANDARD, sun.boot.library.path=/usr/lib/jvm/java-8-oracle/jre/lib/amd64, sun.java.command=com.intellij.rt.execution.junit.JUnitStarter -ideVersion5 -junit5 edu.matc.persistence.UserDaoTest, sun.cpu.endian=little, hibernate.c3p0.max_statements=50, user.home=/home/student, user.language=en, java.specification.vendor=Oracle Corporation, java.home=/usr/lib/jvm/java-8-oracle/jre, file.separator=/, line.separator=
, hibernate.c3p0.timeout=300, java.vm.specification.vendor=Oracle Corporation, java.specification.name=Java Platform API Specification, java.awt.graphicsenv=sun.awt.X11GraphicsEnvironment, sun.boot.class.path=/usr/lib/jvm/java-8-oracle/jre/lib/resources.jar:/usr/lib/jvm/java-8-oracle/jre/lib/rt.jar:/usr/lib/jvm/java-8-oracle/jre/lib/sunrsasign.jar:/usr/lib/jvm/java-8-oracle/jre/lib/jsse.jar:/usr/lib/jvm/java-8-oracle/jre/lib/jce.jar:/usr/lib/jvm/java-8-oracle/jre/lib/charsets.jar:/usr/lib/jvm/java-8-oracle/jre/lib/jfr.jar:/usr/lib/jvm/java-8-oracle/jre/classes, connection.password=student, sun.management.compiler=HotSpot 64-Bit Tiered Compilers, hibernate.c3p0.max_size=20, java.runtime.version=1.8.0_144-b01, user.name=student, path.separator=:, hibernate.connection.username=root, os.version=4.4.0-57-generic, java.endorsed.dirs=/usr/lib/jvm/java-8-oracle/jre/lib/endorsed, java.runtime.name=Java(TM) SE Runtime Environment, hibernate.connection.url=jdbc:mysql://localhost:3306/dotaStats, file.encoding=UTF-8, java.vm.name=Java HotSpot(TM) 64-Bit Server VM, hibernate.connection.driver_class=com.mysql.jdbc.Driver, java.vendor.url.bug=http://bugreport.sun.com/bugreport/, java.io.tmpdir=/tmp, java.version=1.8.0_144, user.dir=/home/student/IdeaProjects/dotaStats, os.arch=amd64, connection.username=root, java.vm.specification.name=Java Virtual Machine Specification, hibernate.connection.password=****, java.awt.printerjob=sun.print.PSPrinterJob, sun.os.patch.level=unknown, connection.driver_class=com.mysql.jdbc.Driver, hibernate.boot.CfgXmlAccessService.key=org.hibernate.boot.cfgxml.spi.LoadedConfig@3d6300e8, java.library.path=/home/student/intellij/bin::/usr/java/packages/lib/amd64:/usr/lib64:/lib64:/lib:/usr/lib, java.vm.info=mixed mode, java.vendor=Oracle Corporation, java.vm.version=25.144-b01, hibernate.bytecode.use_reflection_optimizer=false, java.ext.dirs=/usr/lib/jvm/java-8-oracle/jre/lib/ext:/usr/java/packages/lib/ext, sun.io.unicode.encoding=UnicodeLittle, connection.url=jdbc:mysql://localhost:3306/dotaStats, java.class.version=52.0}
[DEBUG] 2019-02-24 18:37:19.899 [main] TypeSafeActivator - Unable to acquire Bean Validation ValidatorFactory, skipping activation
[DEBUG] 2019-02-24 18:37:19.900 [main] JaccIntegrator - Skipping JACC integration as it was not enabled
[DEBUG] 2019-02-24 18:37:19.901 [main] SessionFactoryImpl - Instantiated session factory
[DEBUG] 2019-02-24 18:37:19.939 [main] ClassLoaderAccessImpl - Not known whether passed class name [edu.matc.entity.User] is safe
[DEBUG] 2019-02-24 18:37:19.939 [main] ClassLoaderAccessImpl - No temp ClassLoader provided; using live ClassLoader for loading potentially unsafe class : edu.matc.entity.User
[DEBUG] 2019-02-24 18:37:19.954 [main] ClassLoaderAccessImpl - Not known whether passed class name [edu.matc.entity.User] is safe
[DEBUG] 2019-02-24 18:37:19.954 [main] ClassLoaderAccessImpl - No temp ClassLoader provided; using live ClassLoader for loading potentially unsafe class : edu.matc.entity.User
[DEBUG] 2019-02-24 18:37:20.003 [main] AbstractEntityPersister - Static SQL for entity: edu.matc.entity.User
[DEBUG] 2019-02-24 18:37:20.004 [main] AbstractEntityPersister -  Version select: select id from users where id =?
[DEBUG] 2019-02-24 18:37:20.004 [main] AbstractEntityPersister -  Snapshot select: select user_.id, user_.first_name as first_na2_0_, user_.last_name as last_nam3_0_, user_.password as password4_0_, user_.steamid as steamid5_0_, user_.user_name as user_nam6_0_ from users user_ where user_.id=?
[DEBUG] 2019-02-24 18:37:20.004 [main] AbstractEntityPersister -  Insert 0: insert into users (first_name, last_name, password, steamid, user_name, id) values (?, ?, ?, ?, ?, ?)
[DEBUG] 2019-02-24 18:37:20.004 [main] AbstractEntityPersister -  Update 0: update users set first_name=?, last_name=?, password=?, steamid=?, user_name=? where id=?
[DEBUG] 2019-02-24 18:37:20.004 [main] AbstractEntityPersister -  Delete 0: delete from users where id=?
[DEBUG] 2019-02-24 18:37:20.004 [main] AbstractEntityPersister -  Identity insert: insert into users (first_name, last_name, password, steamid, user_name) values (?, ?, ?, ?, ?)
[DEBUG] 2019-02-24 18:37:20.020 [main] QuerySpacesImpl - Adding QuerySpace : uid = <gen:0> -> org.hibernate.loader.plan.build.internal.spaces.EntityQuerySpaceImpl@56bc3fac]
[DEBUG] 2019-02-24 18:37:20.021 [main] MetamodelGraphWalker - Visiting attribute path : firstName
[DEBUG] 2019-02-24 18:37:20.021 [main] MetamodelGraphWalker - Visiting attribute path : lastName
[DEBUG] 2019-02-24 18:37:20.021 [main] MetamodelGraphWalker - Visiting attribute path : password
[DEBUG] 2019-02-24 18:37:20.021 [main] MetamodelGraphWalker - Visiting attribute path : steamID
[DEBUG] 2019-02-24 18:37:20.021 [main] MetamodelGraphWalker - Visiting attribute path : userName
[DEBUG] 2019-02-24 18:37:20.022 [main] FetchStyleLoadPlanBuildingAssociationVisitationStrategy - Building LoadPlan...
[DEBUG] 2019-02-24 18:37:20.032 [main] LoadQueryJoinAndFetchProcessor - processing queryspace <gen:0>
[DEBUG] 2019-02-24 18:37:20.035 [main] LoadPlanTreePrinter - LoadPlan(entity=edu.matc.entity.User)
    - Returns
       - EntityReturnImpl(entity=edu.matc.entity.User, querySpaceUid=<gen:0>, path=edu.matc.entity.User)
    - QuerySpaces
       - EntityQuerySpaceImpl(uid=<gen:0>, entity=edu.matc.entity.User)
          - SQL table alias mapping - user0_
          - alias suffix - 0_
          - suffixed key columns - {id1_0_0_}

[DEBUG] 2019-02-24 18:37:20.037 [main] EntityLoader - Static select for entity edu.matc.entity.User [NONE]: select user0_.id as id1_0_0_, user0_.first_name as first_na2_0_0_, user0_.last_name as last_nam3_0_0_, user0_.password as password4_0_0_, user0_.steamid as steamid5_0_0_, user0_.user_name as user_nam6_0_0_ from users user0_ where user0_.id=?
[DEBUG] 2019-02-24 18:37:20.037 [main] QuerySpacesImpl - Adding QuerySpace : uid = <gen:0> -> org.hibernate.loader.plan.build.internal.spaces.EntityQuerySpaceImpl@72889280]
[DEBUG] 2019-02-24 18:37:20.038 [main] MetamodelGraphWalker - Visiting attribute path : firstName
[DEBUG] 2019-02-24 18:37:20.038 [main] MetamodelGraphWalker - Visiting attribute path : lastName
[DEBUG] 2019-02-24 18:37:20.038 [main] MetamodelGraphWalker - Visiting attribute path : password
[DEBUG] 2019-02-24 18:37:20.038 [main] MetamodelGraphWalker - Visiting attribute path : steamID
[DEBUG] 2019-02-24 18:37:20.038 [main] MetamodelGraphWalker - Visiting attribute path : userName
[DEBUG] 2019-02-24 18:37:20.038 [main] FetchStyleLoadPlanBuildingAssociationVisitationStrategy - Building LoadPlan...
[DEBUG] 2019-02-24 18:37:20.038 [main] LoadQueryJoinAndFetchProcessor - processing queryspace <gen:0>
[DEBUG] 2019-02-24 18:37:20.039 [main] LoadPlanTreePrinter - LoadPlan(entity=edu.matc.entity.User)
    - Returns
       - EntityReturnImpl(entity=edu.matc.entity.User, querySpaceUid=<gen:0>, path=edu.matc.entity.User)
    - QuerySpaces
       - EntityQuerySpaceImpl(uid=<gen:0>, entity=edu.matc.entity.User)
          - SQL table alias mapping - user0_
          - alias suffix - 0_
          - suffixed key columns - {id1_0_0_}

[DEBUG] 2019-02-24 18:37:20.039 [main] EntityLoader - Static select for entity edu.matc.entity.User [READ]: select user0_.id as id1_0_0_, user0_.first_name as first_na2_0_0_, user0_.last_name as last_nam3_0_0_, user0_.password as password4_0_0_, user0_.steamid as steamid5_0_0_, user0_.user_name as user_nam6_0_0_ from users user0_ where user0_.id=?
[DEBUG] 2019-02-24 18:37:20.039 [main] QuerySpacesImpl - Adding QuerySpace : uid = <gen:0> -> org.hibernate.loader.plan.build.internal.spaces.EntityQuerySpaceImpl@4aa3d36]
[DEBUG] 2019-02-24 18:37:20.039 [main] MetamodelGraphWalker - Visiting attribute path : firstName
[DEBUG] 2019-02-24 18:37:20.039 [main] MetamodelGraphWalker - Visiting attribute path : lastName
[DEBUG] 2019-02-24 18:37:20.039 [main] MetamodelGraphWalker - Visiting attribute path : password
[DEBUG] 2019-02-24 18:37:20.039 [main] MetamodelGraphWalker - Visiting attribute path : steamID
[DEBUG] 2019-02-24 18:37:20.039 [main] MetamodelGraphWalker - Visiting attribute path : userName
[DEBUG] 2019-02-24 18:37:20.039 [main] FetchStyleLoadPlanBuildingAssociationVisitationStrategy - Building LoadPlan...
[DEBUG] 2019-02-24 18:37:20.040 [main] LoadQueryJoinAndFetchProcessor - processing queryspace <gen:0>
[DEBUG] 2019-02-24 18:37:20.040 [main] LoadPlanTreePrinter - LoadPlan(entity=edu.matc.entity.User)
    - Returns
       - EntityReturnImpl(entity=edu.matc.entity.User, querySpaceUid=<gen:0>, path=edu.matc.entity.User)
    - QuerySpaces
       - EntityQuerySpaceImpl(uid=<gen:0>, entity=edu.matc.entity.User)
          - SQL table alias mapping - user0_
          - alias suffix - 0_
          - suffixed key columns - {id1_0_0_}

[DEBUG] 2019-02-24 18:37:20.040 [main] EntityLoader - Static select for entity edu.matc.entity.User [UPGRADE]: select user0_.id as id1_0_0_, user0_.first_name as first_na2_0_0_, user0_.last_name as last_nam3_0_0_, user0_.password as password4_0_0_, user0_.steamid as steamid5_0_0_, user0_.user_name as user_nam6_0_0_ from users user0_ where user0_.id=? for update
[DEBUG] 2019-02-24 18:37:20.040 [main] QuerySpacesImpl - Adding QuerySpace : uid = <gen:0> -> org.hibernate.loader.plan.build.internal.spaces.EntityQuerySpaceImpl@347bdeef]
[DEBUG] 2019-02-24 18:37:20.040 [main] MetamodelGraphWalker - Visiting attribute path : firstName
[DEBUG] 2019-02-24 18:37:20.040 [main] MetamodelGraphWalker - Visiting attribute path : lastName
[DEBUG] 2019-02-24 18:37:20.040 [main] MetamodelGraphWalker - Visiting attribute path : password
[DEBUG] 2019-02-24 18:37:20.040 [main] MetamodelGraphWalker - Visiting attribute path : steamID
[DEBUG] 2019-02-24 18:37:20.040 [main] MetamodelGraphWalker - Visiting attribute path : userName
[DEBUG] 2019-02-24 18:37:20.041 [main] FetchStyleLoadPlanBuildingAssociationVisitationStrategy - Building LoadPlan...
[DEBUG] 2019-02-24 18:37:20.041 [main] LoadQueryJoinAndFetchProcessor - processing queryspace <gen:0>
[DEBUG] 2019-02-24 18:37:20.041 [main] LoadPlanTreePrinter - LoadPlan(entity=edu.matc.entity.User)
    - Returns
       - EntityReturnImpl(entity=edu.matc.entity.User, querySpaceUid=<gen:0>, path=edu.matc.entity.User)
    - QuerySpaces
       - EntityQuerySpaceImpl(uid=<gen:0>, entity=edu.matc.entity.User)
          - SQL table alias mapping - user0_
          - alias suffix - 0_
          - suffixed key columns - {id1_0_0_}

[DEBUG] 2019-02-24 18:37:20.041 [main] EntityLoader - Static select for entity edu.matc.entity.User [UPGRADE_NOWAIT]: select user0_.id as id1_0_0_, user0_.first_name as first_na2_0_0_, user0_.last_name as last_nam3_0_0_, user0_.password as password4_0_0_, user0_.steamid as steamid5_0_0_, user0_.user_name as user_nam6_0_0_ from users user0_ where user0_.id=? for update
[DEBUG] 2019-02-24 18:37:20.041 [main] QuerySpacesImpl - Adding QuerySpace : uid = <gen:0> -> org.hibernate.loader.plan.build.internal.spaces.EntityQuerySpaceImpl@7f34a967]
[DEBUG] 2019-02-24 18:37:20.041 [main] MetamodelGraphWalker - Visiting attribute path : firstName
[DEBUG] 2019-02-24 18:37:20.041 [main] MetamodelGraphWalker - Visiting attribute path : lastName
[DEBUG] 2019-02-24 18:37:20.041 [main] MetamodelGraphWalker - Visiting attribute path : password
[DEBUG] 2019-02-24 18:37:20.041 [main] MetamodelGraphWalker - Visiting attribute path : steamID
[DEBUG] 2019-02-24 18:37:20.042 [main] MetamodelGraphWalker - Visiting attribute path : userName
[DEBUG] 2019-02-24 18:37:20.042 [main] FetchStyleLoadPlanBuildingAssociationVisitationStrategy - Building LoadPlan...
[DEBUG] 2019-02-24 18:37:20.042 [main] LoadQueryJoinAndFetchProcessor - processing queryspace <gen:0>
[DEBUG] 2019-02-24 18:37:20.042 [main] LoadPlanTreePrinter - LoadPlan(entity=edu.matc.entity.User)
    - Returns
       - EntityReturnImpl(entity=edu.matc.entity.User, querySpaceUid=<gen:0>, path=edu.matc.entity.User)
    - QuerySpaces
       - EntityQuerySpaceImpl(uid=<gen:0>, entity=edu.matc.entity.User)
          - SQL table alias mapping - user0_
          - alias suffix - 0_
          - suffixed key columns - {id1_0_0_}

[DEBUG] 2019-02-24 18:37:20.042 [main] EntityLoader - Static select for entity edu.matc.entity.User [UPGRADE_SKIPLOCKED]: select user0_.id as id1_0_0_, user0_.first_name as first_na2_0_0_, user0_.last_name as last_nam3_0_0_, user0_.password as password4_0_0_, user0_.steamid as steamid5_0_0_, user0_.user_name as user_nam6_0_0_ from users user0_ where user0_.id=? for update
[DEBUG] 2019-02-24 18:37:20.042 [main] QuerySpacesImpl - Adding QuerySpace : uid = <gen:0> -> org.hibernate.loader.plan.build.internal.spaces.EntityQuerySpaceImpl@1d8e2eea]
[DEBUG] 2019-02-24 18:37:20.042 [main] MetamodelGraphWalker - Visiting attribute path : firstName
[DEBUG] 2019-02-24 18:37:20.043 [main] MetamodelGraphWalker - Visiting attribute path : lastName
[DEBUG] 2019-02-24 18:37:20.043 [main] MetamodelGraphWalker - Visiting attribute path : password
[DEBUG] 2019-02-24 18:37:20.043 [main] MetamodelGraphWalker - Visiting attribute path : steamID
[DEBUG] 2019-02-24 18:37:20.043 [main] MetamodelGraphWalker - Visiting attribute path : userName
[DEBUG] 2019-02-24 18:37:20.043 [main] FetchStyleLoadPlanBuildingAssociationVisitationStrategy - Building LoadPlan...
[DEBUG] 2019-02-24 18:37:20.043 [main] LoadQueryJoinAndFetchProcessor - processing queryspace <gen:0>
[DEBUG] 2019-02-24 18:37:20.044 [main] LoadPlanTreePrinter - LoadPlan(entity=edu.matc.entity.User)
    - Returns
       - EntityReturnImpl(entity=edu.matc.entity.User, querySpaceUid=<gen:0>, path=edu.matc.entity.User)
    - QuerySpaces
       - EntityQuerySpaceImpl(uid=<gen:0>, entity=edu.matc.entity.User)
          - SQL table alias mapping - user0_
          - alias suffix - 0_
          - suffixed key columns - {id1_0_0_}

[DEBUG] 2019-02-24 18:37:20.044 [main] EntityLoader - Static select for entity edu.matc.entity.User [FORCE]: select user0_.id as id1_0_0_, user0_.first_name as first_na2_0_0_, user0_.last_name as last_nam3_0_0_, user0_.password as password4_0_0_, user0_.steamid as steamid5_0_0_, user0_.user_name as user_nam6_0_0_ from users user0_ where user0_.id=? for update
[DEBUG] 2019-02-24 18:37:20.044 [main] QuerySpacesImpl - Adding QuerySpace : uid = <gen:0> -> org.hibernate.loader.plan.build.internal.spaces.EntityQuerySpaceImpl@7ea4d397]
[DEBUG] 2019-02-24 18:37:20.044 [main] MetamodelGraphWalker - Visiting attribute path : firstName
[DEBUG] 2019-02-24 18:37:20.044 [main] MetamodelGraphWalker - Visiting attribute path : lastName
[DEBUG] 2019-02-24 18:37:20.044 [main] MetamodelGraphWalker - Visiting attribute path : password
[DEBUG] 2019-02-24 18:37:20.044 [main] MetamodelGraphWalker - Visiting attribute path : steamID
[DEBUG] 2019-02-24 18:37:20.044 [main] MetamodelGraphWalker - Visiting attribute path : userName
[DEBUG] 2019-02-24 18:37:20.044 [main] FetchStyleLoadPlanBuildingAssociationVisitationStrategy - Building LoadPlan...
[DEBUG] 2019-02-24 18:37:20.045 [main] LoadQueryJoinAndFetchProcessor - processing queryspace <gen:0>
[DEBUG] 2019-02-24 18:37:20.045 [main] LoadPlanTreePrinter - LoadPlan(entity=edu.matc.entity.User)
    - Returns
       - EntityReturnImpl(entity=edu.matc.entity.User, querySpaceUid=<gen:0>, path=edu.matc.entity.User)
    - QuerySpaces
       - EntityQuerySpaceImpl(uid=<gen:0>, entity=edu.matc.entity.User)
          - SQL table alias mapping - user0_
          - alias suffix - 0_
          - suffixed key columns - {id1_0_0_}

[DEBUG] 2019-02-24 18:37:20.045 [main] EntityLoader - Static select for entity edu.matc.entity.User [PESSIMISTIC_READ]: select user0_.id as id1_0_0_, user0_.first_name as first_na2_0_0_, user0_.last_name as last_nam3_0_0_, user0_.password as password4_0_0_, user0_.steamid as steamid5_0_0_, user0_.user_name as user_nam6_0_0_ from users user0_ where user0_.id=? lock in share mode
[DEBUG] 2019-02-24 18:37:20.045 [main] QuerySpacesImpl - Adding QuerySpace : uid = <gen:0> -> org.hibernate.loader.plan.build.internal.spaces.EntityQuerySpaceImpl@253c1256]
[DEBUG] 2019-02-24 18:37:20.045 [main] MetamodelGraphWalker - Visiting attribute path : firstName
[DEBUG] 2019-02-24 18:37:20.045 [main] MetamodelGraphWalker - Visiting attribute path : lastName
[DEBUG] 2019-02-24 18:37:20.046 [main] MetamodelGraphWalker - Visiting attribute path : password
[DEBUG] 2019-02-24 18:37:20.046 [main] MetamodelGraphWalker - Visiting attribute path : steamID
[DEBUG] 2019-02-24 18:37:20.046 [main] MetamodelGraphWalker - Visiting attribute path : userName
[DEBUG] 2019-02-24 18:37:20.046 [main] FetchStyleLoadPlanBuildingAssociationVisitationStrategy - Building LoadPlan...
[DEBUG] 2019-02-24 18:37:20.046 [main] LoadQueryJoinAndFetchProcessor - processing queryspace <gen:0>
[DEBUG] 2019-02-24 18:37:20.047 [main] LoadPlanTreePrinter - LoadPlan(entity=edu.matc.entity.User)
    - Returns
       - EntityReturnImpl(entity=edu.matc.entity.User, querySpaceUid=<gen:0>, path=edu.matc.entity.User)
    - QuerySpaces
       - EntityQuerySpaceImpl(uid=<gen:0>, entity=edu.matc.entity.User)
          - SQL table alias mapping - user0_
          - alias suffix - 0_
          - suffixed key columns - {id1_0_0_}

[DEBUG] 2019-02-24 18:37:20.047 [main] EntityLoader - Static select for entity edu.matc.entity.User [PESSIMISTIC_WRITE]: select user0_.id as id1_0_0_, user0_.first_name as first_na2_0_0_, user0_.last_name as last_nam3_0_0_, user0_.password as password4_0_0_, user0_.steamid as steamid5_0_0_, user0_.user_name as user_nam6_0_0_ from users user0_ where user0_.id=? for update
[DEBUG] 2019-02-24 18:37:20.047 [main] QuerySpacesImpl - Adding QuerySpace : uid = <gen:0> -> org.hibernate.loader.plan.build.internal.spaces.EntityQuerySpaceImpl@503fbbc6]
[DEBUG] 2019-02-24 18:37:20.047 [main] MetamodelGraphWalker - Visiting attribute path : firstName
[DEBUG] 2019-02-24 18:37:20.047 [main] MetamodelGraphWalker - Visiting attribute path : lastName
[DEBUG] 2019-02-24 18:37:20.047 [main] MetamodelGraphWalker - Visiting attribute path : password
[DEBUG] 2019-02-24 18:37:20.047 [main] MetamodelGraphWalker - Visiting attribute path : steamID
[DEBUG] 2019-02-24 18:37:20.047 [main] MetamodelGraphWalker - Visiting attribute path : userName
[DEBUG] 2019-02-24 18:37:20.047 [main] FetchStyleLoadPlanBuildingAssociationVisitationStrategy - Building LoadPlan...
[DEBUG] 2019-02-24 18:37:20.047 [main] LoadQueryJoinAndFetchProcessor - processing queryspace <gen:0>
[DEBUG] 2019-02-24 18:37:20.047 [main] LoadPlanTreePrinter - LoadPlan(entity=edu.matc.entity.User)
    - Returns
       - EntityReturnImpl(entity=edu.matc.entity.User, querySpaceUid=<gen:0>, path=edu.matc.entity.User)
    - QuerySpaces
       - EntityQuerySpaceImpl(uid=<gen:0>, entity=edu.matc.entity.User)
          - SQL table alias mapping - user0_
          - alias suffix - 0_
          - suffixed key columns - {id1_0_0_}

[DEBUG] 2019-02-24 18:37:20.048 [main] EntityLoader - Static select for entity edu.matc.entity.User [PESSIMISTIC_FORCE_INCREMENT]: select user0_.id as id1_0_0_, user0_.first_name as first_na2_0_0_, user0_.last_name as last_nam3_0_0_, user0_.password as password4_0_0_, user0_.steamid as steamid5_0_0_, user0_.user_name as user_nam6_0_0_ from users user0_ where user0_.id=? for update
[DEBUG] 2019-02-24 18:37:20.048 [main] QuerySpacesImpl - Adding QuerySpace : uid = <gen:0> -> org.hibernate.loader.plan.build.internal.spaces.EntityQuerySpaceImpl@109f5dd8]
[DEBUG] 2019-02-24 18:37:20.048 [main] MetamodelGraphWalker - Visiting attribute path : firstName
[DEBUG] 2019-02-24 18:37:20.048 [main] MetamodelGraphWalker - Visiting attribute path : lastName
[DEBUG] 2019-02-24 18:37:20.048 [main] MetamodelGraphWalker - Visiting attribute path : password
[DEBUG] 2019-02-24 18:37:20.048 [main] MetamodelGraphWalker - Visiting attribute path : steamID
[DEBUG] 2019-02-24 18:37:20.048 [main] MetamodelGraphWalker - Visiting attribute path : userName
[DEBUG] 2019-02-24 18:37:20.048 [main] FetchStyleLoadPlanBuildingAssociationVisitationStrategy - Building LoadPlan...
[DEBUG] 2019-02-24 18:37:20.048 [main] LoadQueryJoinAndFetchProcessor - processing queryspace <gen:0>
[DEBUG] 2019-02-24 18:37:20.049 [main] LoadPlanTreePrinter - LoadPlan(entity=edu.matc.entity.User)
    - Returns
       - EntityReturnImpl(entity=edu.matc.entity.User, querySpaceUid=<gen:0>, path=edu.matc.entity.User)
    - QuerySpaces
       - EntityQuerySpaceImpl(uid=<gen:0>, entity=edu.matc.entity.User)
          - SQL table alias mapping - user0_
          - alias suffix - 0_
          - suffixed key columns - {id1_0_0_}

[DEBUG] 2019-02-24 18:37:20.049 [main] EntityLoader - Static select for entity edu.matc.entity.User [OPTIMISTIC]: select user0_.id as id1_0_0_, user0_.first_name as first_na2_0_0_, user0_.last_name as last_nam3_0_0_, user0_.password as password4_0_0_, user0_.steamid as steamid5_0_0_, user0_.user_name as user_nam6_0_0_ from users user0_ where user0_.id=?
[DEBUG] 2019-02-24 18:37:20.049 [main] QuerySpacesImpl - Adding QuerySpace : uid = <gen:0> -> org.hibernate.loader.plan.build.internal.spaces.EntityQuerySpaceImpl@4a325eb9]
[DEBUG] 2019-02-24 18:37:20.049 [main] MetamodelGraphWalker - Visiting attribute path : firstName
[DEBUG] 2019-02-24 18:37:20.049 [main] MetamodelGraphWalker - Visiting attribute path : lastName
[DEBUG] 2019-02-24 18:37:20.049 [main] MetamodelGraphWalker - Visiting attribute path : password
[DEBUG] 2019-02-24 18:37:20.049 [main] MetamodelGraphWalker - Visiting attribute path : steamID
[DEBUG] 2019-02-24 18:37:20.049 [main] MetamodelGraphWalker - Visiting attribute path : userName
[DEBUG] 2019-02-24 18:37:20.049 [main] FetchStyleLoadPlanBuildingAssociationVisitationStrategy - Building LoadPlan...
[DEBUG] 2019-02-24 18:37:20.049 [main] LoadQueryJoinAndFetchProcessor - processing queryspace <gen:0>
[DEBUG] 2019-02-24 18:37:20.049 [main] LoadPlanTreePrinter - LoadPlan(entity=edu.matc.entity.User)
    - Returns
       - EntityReturnImpl(entity=edu.matc.entity.User, querySpaceUid=<gen:0>, path=edu.matc.entity.User)
    - QuerySpaces
       - EntityQuerySpaceImpl(uid=<gen:0>, entity=edu.matc.entity.User)
          - SQL table alias mapping - user0_
          - alias suffix - 0_
          - suffixed key columns - {id1_0_0_}

[DEBUG] 2019-02-24 18:37:20.049 [main] EntityLoader - Static select for entity edu.matc.entity.User [OPTIMISTIC_FORCE_INCREMENT]: select user0_.id as id1_0_0_, user0_.first_name as first_na2_0_0_, user0_.last_name as last_nam3_0_0_, user0_.password as password4_0_0_, user0_.steamid as steamid5_0_0_, user0_.user_name as user_nam6_0_0_ from users user0_ where user0_.id=?
[DEBUG] 2019-02-24 18:37:20.060 [main] Loader - Static select for action ACTION_MERGE on entity edu.matc.entity.User: select user0_.id as id1_0_0_, user0_.first_name as first_na2_0_0_, user0_.last_name as last_nam3_0_0_, user0_.password as password4_0_0_, user0_.steamid as steamid5_0_0_, user0_.user_name as user_nam6_0_0_ from users user0_ where user0_.id=?
[DEBUG] 2019-02-24 18:37:20.061 [main] Loader - Static select for action ACTION_REFRESH on entity edu.matc.entity.User: select user0_.id as id1_0_0_, user0_.first_name as first_na2_0_0_, user0_.last_name as last_nam3_0_0_, user0_.password as password4_0_0_, user0_.steamid as steamid5_0_0_, user0_.user_name as user_nam6_0_0_ from users user0_ where user0_.id=?
[DEBUG] 2019-02-24 18:37:20.076 [main] SchemaManagementToolCoordinator - No actions specified; doing nothing
[DEBUG] 2019-02-24 18:37:20.076 [main] JtaPlatformInitiator - No JtaPlatform was specified, checking resolver
[DEBUG] 2019-02-24 18:37:20.077 [main] JtaPlatformResolverInitiator - No JtaPlatformResolver was specified, using default [org.hibernate.engine.transaction.jta.platform.internal.StandardJtaPlatformResolver]
[DEBUG] 2019-02-24 18:37:20.079 [main] StandardJtaPlatformResolver - Could not resolve JtaPlatform, using default [org.hibernate.engine.transaction.jta.platform.internal.NoJtaPlatform]
[DEBUG] 2019-02-24 18:37:20.080 [main] NamedQueryRepository - Checking 0 named HQL queries
[DEBUG] 2019-02-24 18:37:20.080 [main] NamedQueryRepository - Checking 0 named SQL queries
[DEBUG] 2019-02-24 18:37:20.081 [main] SessionFactoryRegistry - Initializing SessionFactoryRegistry : org.hibernate.internal.SessionFactoryRegistry@5652f555
[DEBUG] 2019-02-24 18:37:20.083 [main] SessionFactoryRegistry - Registering SessionFactory: a05dcd13-f3bd-4fb2-97c0-ba4452d60ed3 (<unnamed>)
[DEBUG] 2019-02-24 18:37:20.083 [main] SessionFactoryRegistry - Not binding SessionFactory to JNDI, no JNDI name configured
[DEBUG] 2019-02-24 18:37:20.139 [main] StatisticsInitiator - Statistics initialized [enabled=false]
[DEBUG] 2019-02-24 18:37:20.152 [main] SQL - select user0_.id as id1_0_0_, user0_.first_name as first_na2_0_0_, user0_.last_name as last_nam3_0_0_, user0_.password as password4_0_0_, user0_.steamid as steamid5_0_0_, user0_.user_name as user_nam6_0_0_ from users user0_ where user0_.id=?
[DEBUG] 2019-02-24 18:37:20.171 [main] ResultSetProcessorImpl - Starting ResultSet row #0
[DEBUG] 2019-02-24 18:37:20.171 [main] EntityReferenceInitializerImpl - On call to EntityIdentifierReaderImpl#resolve, EntityKey was already known; should only happen on root returns with an optional identifier specified
[DEBUG] 2019-02-24 18:37:20.179 [main] TwoPhaseLoad - Resolving associations for [edu.matc.entity.User#1]
[DEBUG] 2019-02-24 18:37:20.180 [main] TwoPhaseLoad - Done materializing entity [edu.matc.entity.User#1]
[DEBUG] 2019-02-24 18:37:20.181 [main] ResourceRegistryStandardImpl - HHH000387: ResultSet's statement was not registered
[DEBUG] 2019-02-24 18:37:20.181 [main] AbstractLoadPlanBasedEntityLoader - Done entity load : edu.matc.entity.User#1
[DEBUG] 2019-02-24 18:37:20.181 [main] LogicalConnectionManagedImpl - Initiating JDBC connection release from afterTransaction
[DEBUG] 2019-02-24 18:37:20.184 [main] TransactionImpl - begin
[DEBUG] 2019-02-24 18:37:20.192 [main] TransactionImpl - committing
[DEBUG] 2019-02-24 18:37:20.193 [main] AbstractFlushingEventListener - Processing flush-time cascades
[DEBUG] 2019-02-24 18:37:20.193 [main] AbstractFlushingEventListener - Dirty checking collections
[DEBUG] 2019-02-24 18:37:20.194 [main] AbstractFlushingEventListener - Flushed: 0 insertions, 0 updates, 1 deletions to 1 objects
[DEBUG] 2019-02-24 18:37:20.194 [main] AbstractFlushingEventListener - Flushed: 0 (re)creations, 0 updates, 0 removals to 0 collections
[DEBUG] 2019-02-24 18:37:20.195 [main] EntityPrinter - Listing entities:
[DEBUG] 2019-02-24 18:37:20.195 [main] EntityPrinter - edu.matc.entity.User{steamID=76561197965031622, firstName=Grant, lastName=Bitzer, password=password, id=1, userName=gbitzer}
[DEBUG] 2019-02-24 18:37:20.199 [main] SQL - delete from users where id=?
[DEBUG] 2019-02-24 18:37:20.203 [main] LogicalConnectionManagedImpl - Initiating JDBC connection release from afterTransaction
[DEBUG] 2019-02-24 18:37:20.203 [main] LogicalConnectionManagedImpl - Initiating JDBC connection release from afterTransaction
[DEBUG] 2019-02-24 18:37:20.203 [main] JdbcCoordinatorImpl - HHH000420: Closing un-released batch
[DEBUG] 2019-02-24 18:37:20.204 [main] SQL - select user0_.id as id1_0_0_, user0_.first_name as first_na2_0_0_, user0_.last_name as last_nam3_0_0_, user0_.password as password4_0_0_, user0_.steamid as steamid5_0_0_, user0_.user_name as user_nam6_0_0_ from users user0_ where user0_.id=?
[DEBUG] 2019-02-24 18:37:20.205 [main] ResourceRegistryStandardImpl - HHH000387: ResultSet's statement was not registered
[DEBUG] 2019-02-24 18:37:20.205 [main] AbstractLoadPlanBasedEntityLoader - Done entity load : edu.matc.entity.User#1
[DEBUG] 2019-02-24 18:37:20.205 [main] LogicalConnectionManagedImpl - Initiating JDBC connection release from afterTransaction
[DEBUG] 2019-02-24 18:37:20.218 [main] SQL - select user0_.id as id1_0_0_, user0_.first_name as first_na2_0_0_, user0_.last_name as last_nam3_0_0_, user0_.password as password4_0_0_, user0_.steamid as steamid5_0_0_, user0_.user_name as user_nam6_0_0_ from users user0_ where user0_.id=?
[DEBUG] 2019-02-24 18:37:20.219 [main] ResultSetProcessorImpl - Starting ResultSet row #0
[DEBUG] 2019-02-24 18:37:20.219 [main] EntityReferenceInitializerImpl - On call to EntityIdentifierReaderImpl#resolve, EntityKey was already known; should only happen on root returns with an optional identifier specified
[DEBUG] 2019-02-24 18:37:20.219 [main] TwoPhaseLoad - Resolving associations for [edu.matc.entity.User#1]
[DEBUG] 2019-02-24 18:37:20.219 [main] TwoPhaseLoad - Done materializing entity [edu.matc.entity.User#1]
[DEBUG] 2019-02-24 18:37:20.219 [main] ResourceRegistryStandardImpl - HHH000387: ResultSet's statement was not registered
[DEBUG] 2019-02-24 18:37:20.219 [main] AbstractLoadPlanBasedEntityLoader - Done entity load : edu.matc.entity.User#1
[DEBUG] 2019-02-24 18:37:20.219 [main] LogicalConnectionManagedImpl - Initiating JDBC connection release from afterTransaction
[DEBUG] 2019-02-24 18:37:20.250 [main] CriteriaQueryImpl - Rendered criteria query -> select generatedAlias0 from User as generatedAlias0 where generatedAlias0.firstName like :param0
[DEBUG] 2019-02-24 18:37:20.262 [main] QueryTranslatorFactoryInitiator - QueryTranslatorFactory : org.hibernate.hql.internal.ast.ASTQueryTranslatorFactory@460b6d54
[INFO ] 2019-02-24 18:37:20.262 [main] QueryTranslatorFactoryInitiator - HHH000397: Using ASTQueryTranslatorFactory
[DEBUG] 2019-02-24 18:37:20.284 [main] QueryTranslatorImpl - parse() - HQL: select generatedAlias0 from edu.matc.entity.User as generatedAlias0 where generatedAlias0.firstName like :param0
[DEBUG] 2019-02-24 18:37:20.290 [main] ErrorCounter - throwQueryException() : no errors
[DEBUG] 2019-02-24 18:37:20.291 [main] QueryTranslatorImpl - --- HQL AST ---
 \-[QUERY] Node: 'query'
    +-[SELECT_FROM] Node: 'SELECT_FROM'
    |  +-[FROM] Node: 'from'
    |  |  \-[RANGE] Node: 'RANGE'
    |  |     +-[DOT] Node: '.'
    |  |     |  +-[DOT] Node: '.'
    |  |     |  |  +-[DOT] Node: '.'
    |  |     |  |  |  +-[IDENT] Node: 'edu'
    |  |     |  |  |  \-[IDENT] Node: 'matc'
    |  |     |  |  \-[IDENT] Node: 'entity'
    |  |     |  \-[IDENT] Node: 'User'
    |  |     \-[ALIAS] Node: 'generatedAlias0'
    |  \-[SELECT] Node: 'select'
    |     \-[IDENT] Node: 'generatedAlias0'
    \-[WHERE] Node: 'where'
       \-[LIKE] Node: 'like'
          +-[DOT] Node: '.'
          |  +-[IDENT] Node: 'generatedAlias0'
          |  \-[IDENT] Node: 'firstName'
          \-[COLON] Node: ':'
             \-[IDENT] Node: 'param0'

[DEBUG] 2019-02-24 18:37:20.309 [main] HqlSqlBaseWalker - select << begin [level=1, statement=select]
[DEBUG] 2019-02-24 18:37:20.325 [main] FromElement - FromClause{level=1} : edu.matc.entity.User (generatedAlias0) -> user0_
[DEBUG] 2019-02-24 18:37:20.329 [main] FromReferenceNode - Resolved : generatedAlias0 -> user0_.id
[DEBUG] 2019-02-24 18:37:20.333 [main] FromReferenceNode - Resolved : generatedAlias0 -> user0_.id
[DEBUG] 2019-02-24 18:37:20.334 [main] DotNode - getDataType() : firstName -> org.hibernate.type.StringType@4dd6fd0a
[DEBUG] 2019-02-24 18:37:20.335 [main] FromReferenceNode - Resolved : generatedAlias0.firstName -> user0_.first_name
[DEBUG] 2019-02-24 18:37:20.337 [main] HqlSqlBaseWalker - select : finishing up [level=1, statement=select]
[DEBUG] 2019-02-24 18:37:20.337 [main] HqlSqlWalker - processQuery() :  ( SELECT ( {select clause} user0_.id ) ( FromClause{level=1} users user0_ ) ( where ( like ( user0_.first_name user0_.id firstName ) ? ) ) )
[DEBUG] 2019-02-24 18:37:20.345 [main] JoinProcessor - Using FROM fragment [users user0_]
[DEBUG] 2019-02-24 18:37:20.346 [main] HqlSqlBaseWalker - select >> end [level=1, statement=select]
[DEBUG] 2019-02-24 18:37:20.346 [main] QueryTranslatorImpl - --- SQL AST ---
 \-[SELECT] QueryNode: 'SELECT'  querySpaces (users)
    +-[SELECT_CLAUSE] SelectClause: '{select clause}'
    |  +-[ALIAS_REF] IdentNode: 'user0_.id as id1_0_' {alias=generatedAlias0, className=edu.matc.entity.User, tableAlias=user0_}
    |  \-[SQL_TOKEN] SqlFragment: 'user0_.first_name as first_na2_0_, user0_.last_name as last_nam3_0_, user0_.password as password4_0_, user0_.steamid as steamid5_0_, user0_.user_name as user_nam6_0_'
    +-[FROM] FromClause: 'from' FromClause{level=1, fromElementCounter=1, fromElements=1, fromElementByClassAlias=[generatedAlias0], fromElementByTableAlias=[user0_], fromElementsByPath=[], collectionJoinFromElementsByPath=[], impliedElements=[]}
    |  \-[FROM_FRAGMENT] FromElement: 'users user0_' FromElement{explicit,not a collection join,not a fetch join,fetch non-lazy properties,classAlias=generatedAlias0,role=null,tableName=users,tableAlias=user0_,origin=null,columns={,className=edu.matc.entity.User}}
    \-[WHERE] SqlNode: 'where'
       \-[LIKE] BinaryLogicOperatorNode: 'like'
          +-[DOT] DotNode: 'user0_.first_name' {propertyName=firstName,dereferenceType=PRIMITIVE,getPropertyPath=firstName,path=generatedAlias0.firstName,tableAlias=user0_,className=edu.matc.entity.User,classAlias=generatedAlias0}
          |  +-[ALIAS_REF] IdentNode: 'user0_.id' {alias=generatedAlias0, className=edu.matc.entity.User, tableAlias=user0_}
          |  \-[IDENT] IdentNode: 'firstName' {originalText=firstName}
          \-[NAMED_PARAM] ParameterNode: '?' {name=param0, expectedType=org.hibernate.type.StringType@4dd6fd0a}

[DEBUG] 2019-02-24 18:37:20.346 [main] ErrorCounter - throwQueryException() : no errors
[DEBUG] 2019-02-24 18:37:20.353 [main] QueryTranslatorImpl - HQL: select generatedAlias0 from edu.matc.entity.User as generatedAlias0 where generatedAlias0.firstName like :param0
[DEBUG] 2019-02-24 18:37:20.353 [main] QueryTranslatorImpl - SQL: select user0_.id as id1_0_, user0_.first_name as first_na2_0_, user0_.last_name as last_nam3_0_, user0_.password as password4_0_, user0_.steamid as steamid5_0_, user0_.user_name as user_nam6_0_ from users user0_ where user0_.first_name like ?
[DEBUG] 2019-02-24 18:37:20.354 [main] ErrorCounter - throwQueryException() : no errors
[DEBUG] 2019-02-24 18:37:20.365 [main] SQL - select user0_.id as id1_0_, user0_.first_name as first_na2_0_, user0_.last_name as last_nam3_0_, user0_.password as password4_0_, user0_.steamid as steamid5_0_, user0_.user_name as user_nam6_0_ from users user0_ where user0_.first_name like ?
[DEBUG] 2019-02-24 18:37:20.367 [main] Loader - Result set row: 0
[DEBUG] 2019-02-24 18:37:20.368 [main] Loader - Result row: EntityKey[edu.matc.entity.User#1]
[DEBUG] 2019-02-24 18:37:20.369 [main] TwoPhaseLoad - Resolving associations for [edu.matc.entity.User#1]
[DEBUG] 2019-02-24 18:37:20.369 [main] TwoPhaseLoad - Done materializing entity [edu.matc.entity.User#1]
[DEBUG] 2019-02-24 18:37:20.371 [main] LogicalConnectionManagedImpl - Initiating JDBC connection release from afterTransaction
[DEBUG] 2019-02-24 18:37:20.383 [main] CriteriaQueryImpl - Rendered criteria query -> select generatedAlias0 from User as generatedAlias0 where generatedAlias0.steamID=76561197965031622L
[DEBUG] 2019-02-24 18:37:20.383 [main] QueryTranslatorImpl - parse() - HQL: select generatedAlias0 from edu.matc.entity.User as generatedAlias0 where generatedAlias0.steamID=76561197965031622L
[DEBUG] 2019-02-24 18:37:20.385 [main] ErrorCounter - throwQueryException() : no errors
[DEBUG] 2019-02-24 18:37:20.386 [main] QueryTranslatorImpl - --- HQL AST ---
 \-[QUERY] Node: 'query'
    +-[SELECT_FROM] Node: 'SELECT_FROM'
    |  +-[FROM] Node: 'from'
    |  |  \-[RANGE] Node: 'RANGE'
    |  |     +-[DOT] Node: '.'
    |  |     |  +-[DOT] Node: '.'
    |  |     |  |  +-[DOT] Node: '.'
    |  |     |  |  |  +-[IDENT] Node: 'edu'
    |  |     |  |  |  \-[IDENT] Node: 'matc'
    |  |     |  |  \-[IDENT] Node: 'entity'
    |  |     |  \-[IDENT] Node: 'User'
    |  |     \-[ALIAS] Node: 'generatedAlias0'
    |  \-[SELECT] Node: 'select'
    |     \-[IDENT] Node: 'generatedAlias0'
    \-[WHERE] Node: 'where'
       \-[EQ] Node: '='
          +-[DOT] Node: '.'
          |  +-[IDENT] Node: 'generatedAlias0'
          |  \-[IDENT] Node: 'steamID'
          \-[NUM_LONG] Node: '76561197965031622L'

[DEBUG] 2019-02-24 18:37:20.386 [main] HqlSqlBaseWalker - select << begin [level=1, statement=select]
[DEBUG] 2019-02-24 18:37:20.386 [main] FromElement - FromClause{level=1} : edu.matc.entity.User (generatedAlias0) -> user0_
[DEBUG] 2019-02-24 18:37:20.386 [main] FromReferenceNode - Resolved : generatedAlias0 -> user0_.id
[DEBUG] 2019-02-24 18:37:20.386 [main] FromReferenceNode - Resolved : generatedAlias0 -> user0_.id
[DEBUG] 2019-02-24 18:37:20.387 [main] DotNode - getDataType() : steamID -> org.hibernate.type.LongType@23202fce
[DEBUG] 2019-02-24 18:37:20.387 [main] FromReferenceNode - Resolved : generatedAlias0.steamID -> user0_.steamid
[DEBUG] 2019-02-24 18:37:20.388 [main] HqlSqlBaseWalker - select : finishing up [level=1, statement=select]
[DEBUG] 2019-02-24 18:37:20.388 [main] HqlSqlWalker - processQuery() :  ( SELECT ( {select clause} user0_.id ) ( FromClause{level=1} users user0_ ) ( where ( = ( user0_.steamid user0_.id steamID ) 76561197965031622 ) ) )
[DEBUG] 2019-02-24 18:37:20.388 [main] JoinProcessor - Using FROM fragment [users user0_]
[DEBUG] 2019-02-24 18:37:20.388 [main] HqlSqlBaseWalker - select >> end [level=1, statement=select]
[DEBUG] 2019-02-24 18:37:20.388 [main] QueryTranslatorImpl - --- SQL AST ---
 \-[SELECT] QueryNode: 'SELECT'  querySpaces (users)
    +-[SELECT_CLAUSE] SelectClause: '{select clause}'
    |  +-[ALIAS_REF] IdentNode: 'user0_.id as id1_0_' {alias=generatedAlias0, className=edu.matc.entity.User, tableAlias=user0_}
    |  \-[SQL_TOKEN] SqlFragment: 'user0_.first_name as first_na2_0_, user0_.last_name as last_nam3_0_, user0_.password as password4_0_, user0_.steamid as steamid5_0_, user0_.user_name as user_nam6_0_'
    +-[FROM] FromClause: 'from' FromClause{level=1, fromElementCounter=1, fromElements=1, fromElementByClassAlias=[generatedAlias0], fromElementByTableAlias=[user0_], fromElementsByPath=[], collectionJoinFromElementsByPath=[], impliedElements=[]}
    |  \-[FROM_FRAGMENT] FromElement: 'users user0_' FromElement{explicit,not a collection join,not a fetch join,fetch non-lazy properties,classAlias=generatedAlias0,role=null,tableName=users,tableAlias=user0_,origin=null,columns={,className=edu.matc.entity.User}}
    \-[WHERE] SqlNode: 'where'
       \-[EQ] BinaryLogicOperatorNode: '='
          +-[DOT] DotNode: 'user0_.steamid' {propertyName=steamID,dereferenceType=PRIMITIVE,getPropertyPath=steamID,path=generatedAlias0.steamID,tableAlias=user0_,className=edu.matc.entity.User,classAlias=generatedAlias0}
          |  +-[ALIAS_REF] IdentNode: 'user0_.id' {alias=generatedAlias0, className=edu.matc.entity.User, tableAlias=user0_}
          |  \-[IDENT] IdentNode: 'steamID' {originalText=steamID}
          \-[NUM_LONG] LiteralNode: '76561197965031622'

[DEBUG] 2019-02-24 18:37:20.388 [main] ErrorCounter - throwQueryException() : no errors
[DEBUG] 2019-02-24 18:37:20.389 [main] QueryTranslatorImpl - HQL: select generatedAlias0 from edu.matc.entity.User as generatedAlias0 where generatedAlias0.steamID=76561197965031622L
[DEBUG] 2019-02-24 18:37:20.389 [main] QueryTranslatorImpl - SQL: select user0_.id as id1_0_, user0_.first_name as first_na2_0_, user0_.last_name as last_nam3_0_, user0_.password as password4_0_, user0_.steamid as steamid5_0_, user0_.user_name as user_nam6_0_ from users user0_ where user0_.steamid=76561197965031622
[DEBUG] 2019-02-24 18:37:20.389 [main] ErrorCounter - throwQueryException() : no errors
[DEBUG] 2019-02-24 18:37:20.389 [main] SQL - select user0_.id as id1_0_, user0_.first_name as first_na2_0_, user0_.last_name as last_nam3_0_, user0_.password as password4_0_, user0_.steamid as steamid5_0_, user0_.user_name as user_nam6_0_ from users user0_ where user0_.steamid=76561197965031622
[DEBUG] 2019-02-24 18:37:20.390 [main] Loader - Result set row: 0
[DEBUG] 2019-02-24 18:37:20.392 [main] Loader - Result row: EntityKey[edu.matc.entity.User#1]
[DEBUG] 2019-02-24 18:37:20.392 [main] TwoPhaseLoad - Resolving associations for [edu.matc.entity.User#1]
[DEBUG] 2019-02-24 18:37:20.393 [main] TwoPhaseLoad - Done materializing entity [edu.matc.entity.User#1]
[DEBUG] 2019-02-24 18:37:20.393 [main] LogicalConnectionManagedImpl - Initiating JDBC connection release from afterTransaction
