[DEBUG] 2019-02-24 19:08:17.277 [main] IntegratorServiceImpl - Adding Integrator [org.hibernate.cfg.beanvalidation.BeanValidationIntegrator].
[DEBUG] 2019-02-24 19:08:17.281 [main] IntegratorServiceImpl - Adding Integrator [org.hibernate.secure.spi.JaccIntegrator].
[DEBUG] 2019-02-24 19:08:17.284 [main] IntegratorServiceImpl - Adding Integrator [org.hibernate.cache.internal.CollectionCacheInvalidator].
[INFO ] 2019-02-24 19:08:17.344 [main] Version - HHH000412: Hibernate Core {5.2.12.Final}
[INFO ] 2019-02-24 19:08:17.345 [main] Environment - HHH000206: hibernate.properties not found
[DEBUG] 2019-02-24 19:08:17.368 [main] LocalXmlResourceResolver - Interpreting public/system identifier : [-//Hibernate/Hibernate Configuration DTD//EN] - [http://www.hibernate.org/dtd/hibernate-configuration-3.0.dtd]
[DEBUG] 2019-02-24 19:08:17.369 [main] LocalXmlResourceResolver - Recognized hibernate-configuration identifier; attempting to resolve on classpath under org/hibernate/
[DEBUG] 2019-02-24 19:08:17.372 [main] JaxbCfgProcessor - cfg.xml document did not define namespaces; wrapping in custom event reader to introduce namespace information
[DEBUG] 2019-02-24 19:08:19.496 [main] ServiceBinding - Overriding existing service binding [org.hibernate.secure.spi.JaccService]
[DEBUG] 2019-02-24 19:08:19.512 [main] RegionFactoryInitiator - Cache region factory : org.hibernate.cache.internal.NoCachingRegionFactory
[INFO ] 2019-02-24 19:08:17.578 [main] Version - HCANN000001: Hibernate Commons Annotations {5.0.1.Final}
[DEBUG] 2019-02-24 19:08:17.594 [main] BasicTypeRegistry - Adding type registration boolean -> org.hibernate.type.BooleanType@74f6c5d8
[DEBUG] 2019-02-24 19:08:17.594 [main] BasicTypeRegistry - Adding type registration boolean -> org.hibernate.type.BooleanType@74f6c5d8
[DEBUG] 2019-02-24 19:08:17.595 [main] BasicTypeRegistry - Adding type registration java.lang.Boolean -> org.hibernate.type.BooleanType@74f6c5d8
[DEBUG] 2019-02-24 19:08:17.595 [main] BasicTypeRegistry - Adding type registration numeric_boolean -> org.hibernate.type.NumericBooleanType@4bbf6d0e
[DEBUG] 2019-02-24 19:08:17.596 [main] BasicTypeRegistry - Adding type registration true_false -> org.hibernate.type.TrueFalseType@93081b6
[DEBUG] 2019-02-24 19:08:17.596 [main] BasicTypeRegistry - Adding type registration yes_no -> org.hibernate.type.YesNoType@1890516e
[DEBUG] 2019-02-24 19:08:17.597 [main] BasicTypeRegistry - Adding type registration byte -> org.hibernate.type.ByteType@7c3fdb62
[DEBUG] 2019-02-24 19:08:17.597 [main] BasicTypeRegistry - Adding type registration byte -> org.hibernate.type.ByteType@7c3fdb62
[DEBUG] 2019-02-24 19:08:17.597 [main] BasicTypeRegistry - Adding type registration java.lang.Byte -> org.hibernate.type.ByteType@7c3fdb62
[DEBUG] 2019-02-24 19:08:17.598 [main] BasicTypeRegistry - Adding type registration character -> org.hibernate.type.CharacterType@2663e964
[DEBUG] 2019-02-24 19:08:17.598 [main] BasicTypeRegistry - Adding type registration char -> org.hibernate.type.CharacterType@2663e964
[DEBUG] 2019-02-24 19:08:17.598 [main] BasicTypeRegistry - Adding type registration java.lang.Character -> org.hibernate.type.CharacterType@2663e964
[DEBUG] 2019-02-24 19:08:17.599 [main] BasicTypeRegistry - Adding type registration short -> org.hibernate.type.ShortType@2205a05d
[DEBUG] 2019-02-24 19:08:17.599 [main] BasicTypeRegistry - Adding type registration short -> org.hibernate.type.ShortType@2205a05d
[DEBUG] 2019-02-24 19:08:17.600 [main] BasicTypeRegistry - Adding type registration java.lang.Short -> org.hibernate.type.ShortType@2205a05d
[DEBUG] 2019-02-24 19:08:17.600 [main] BasicTypeRegistry - Adding type registration integer -> org.hibernate.type.IntegerType@5f20155b
[DEBUG] 2019-02-24 19:08:17.600 [main] BasicTypeRegistry - Adding type registration int -> org.hibernate.type.IntegerType@5f20155b
[DEBUG] 2019-02-24 19:08:17.601 [main] BasicTypeRegistry - Adding type registration java.lang.Integer -> org.hibernate.type.IntegerType@5f20155b
[DEBUG] 2019-02-24 19:08:17.602 [main] BasicTypeRegistry - Adding type registration long -> org.hibernate.type.LongType@1df8b5b8
[DEBUG] 2019-02-24 19:08:17.602 [main] BasicTypeRegistry - Adding type registration long -> org.hibernate.type.LongType@1df8b5b8
[DEBUG] 2019-02-24 19:08:17.602 [main] BasicTypeRegistry - Adding type registration java.lang.Long -> org.hibernate.type.LongType@1df8b5b8
[DEBUG] 2019-02-24 19:08:17.603 [main] BasicTypeRegistry - Adding type registration float -> org.hibernate.type.FloatType@2a7ed1f
[DEBUG] 2019-02-24 19:08:17.603 [main] BasicTypeRegistry - Adding type registration float -> org.hibernate.type.FloatType@2a7ed1f
[DEBUG] 2019-02-24 19:08:17.604 [main] BasicTypeRegistry - Adding type registration java.lang.Float -> org.hibernate.type.FloatType@2a7ed1f
[DEBUG] 2019-02-24 19:08:17.605 [main] BasicTypeRegistry - Adding type registration double -> org.hibernate.type.DoubleType@495ee280
[DEBUG] 2019-02-24 19:08:17.605 [main] BasicTypeRegistry - Adding type registration double -> org.hibernate.type.DoubleType@495ee280
[DEBUG] 2019-02-24 19:08:17.605 [main] BasicTypeRegistry - Adding type registration java.lang.Double -> org.hibernate.type.DoubleType@495ee280
[DEBUG] 2019-02-24 19:08:17.606 [main] BasicTypeRegistry - Adding type registration big_decimal -> org.hibernate.type.BigDecimalType@748741cb
[DEBUG] 2019-02-24 19:08:17.607 [main] BasicTypeRegistry - Adding type registration java.math.BigDecimal -> org.hibernate.type.BigDecimalType@748741cb
[DEBUG] 2019-02-24 19:08:17.607 [main] BasicTypeRegistry - Adding type registration big_integer -> org.hibernate.type.BigIntegerType@463fd068
[DEBUG] 2019-02-24 19:08:17.607 [main] BasicTypeRegistry - Adding type registration java.math.BigInteger -> org.hibernate.type.BigIntegerType@463fd068
[DEBUG] 2019-02-24 19:08:17.608 [main] BasicTypeRegistry - Adding type registration string -> org.hibernate.type.StringType@651aed93
[DEBUG] 2019-02-24 19:08:17.608 [main] BasicTypeRegistry - Adding type registration java.lang.String -> org.hibernate.type.StringType@651aed93
[DEBUG] 2019-02-24 19:08:17.609 [main] BasicTypeRegistry - Adding type registration nstring -> org.hibernate.type.StringNVarcharType@1cd629b3
[DEBUG] 2019-02-24 19:08:17.609 [main] BasicTypeRegistry - Adding type registration ncharacter -> org.hibernate.type.CharacterNCharType@52815fa3
[DEBUG] 2019-02-24 19:08:17.610 [main] BasicTypeRegistry - Adding type registration url -> org.hibernate.type.UrlType@4d518b32
[DEBUG] 2019-02-24 19:08:17.610 [main] BasicTypeRegistry - Adding type registration java.net.URL -> org.hibernate.type.UrlType@4d518b32
[DEBUG] 2019-02-24 19:08:17.611 [main] BasicTypeRegistry - Adding type registration Duration -> org.hibernate.type.DurationType@20d7d6fb
[DEBUG] 2019-02-24 19:08:17.611 [main] BasicTypeRegistry - Adding type registration java.time.Duration -> org.hibernate.type.DurationType@20d7d6fb
[DEBUG] 2019-02-24 19:08:17.623 [main] BasicTypeRegistry - Adding type registration Instant -> org.hibernate.type.InstantType@3b79fd76
[DEBUG] 2019-02-24 19:08:17.623 [main] BasicTypeRegistry - Adding type registration java.time.Instant -> org.hibernate.type.InstantType@3b79fd76
[DEBUG] 2019-02-24 19:08:17.624 [main] BasicTypeRegistry - Adding type registration LocalDateTime -> org.hibernate.type.LocalDateTimeType@1863d2fe
[DEBUG] 2019-02-24 19:08:17.624 [main] BasicTypeRegistry - Adding type registration java.time.LocalDateTime -> org.hibernate.type.LocalDateTimeType@1863d2fe
[DEBUG] 2019-02-24 19:08:17.625 [main] BasicTypeRegistry - Adding type registration LocalDate -> org.hibernate.type.LocalDateType@26df6e3a
[DEBUG] 2019-02-24 19:08:17.625 [main] BasicTypeRegistry - Adding type registration java.time.LocalDate -> org.hibernate.type.LocalDateType@26df6e3a
[DEBUG] 2019-02-24 19:08:17.626 [main] BasicTypeRegistry - Adding type registration LocalTime -> org.hibernate.type.LocalTimeType@2d9caaeb
[DEBUG] 2019-02-24 19:08:17.626 [main] BasicTypeRegistry - Adding type registration java.time.LocalTime -> org.hibernate.type.LocalTimeType@2d9caaeb
[DEBUG] 2019-02-24 19:08:17.627 [main] BasicTypeRegistry - Adding type registration OffsetDateTime -> org.hibernate.type.OffsetDateTimeType@27508c5d
[DEBUG] 2019-02-24 19:08:17.627 [main] BasicTypeRegistry - Adding type registration java.time.OffsetDateTime -> org.hibernate.type.OffsetDateTimeType@27508c5d
[DEBUG] 2019-02-24 19:08:17.628 [main] BasicTypeRegistry - Adding type registration OffsetTime -> org.hibernate.type.OffsetTimeType@704deff2
[DEBUG] 2019-02-24 19:08:17.628 [main] BasicTypeRegistry - Adding type registration java.time.OffsetTime -> org.hibernate.type.OffsetTimeType@704deff2
[DEBUG] 2019-02-24 19:08:17.631 [main] BasicTypeRegistry - Adding type registration ZonedDateTime -> org.hibernate.type.ZonedDateTimeType@1187c9e8
[DEBUG] 2019-02-24 19:08:17.631 [main] BasicTypeRegistry - Adding type registration java.time.ZonedDateTime -> org.hibernate.type.ZonedDateTimeType@1187c9e8
[DEBUG] 2019-02-24 19:08:17.633 [main] BasicTypeRegistry - Adding type registration date -> org.hibernate.type.DateType@45ac5f9b
[DEBUG] 2019-02-24 19:08:17.633 [main] BasicTypeRegistry - Adding type registration java.sql.Date -> org.hibernate.type.DateType@45ac5f9b
[DEBUG] 2019-02-24 19:08:17.634 [main] BasicTypeRegistry - Adding type registration time -> org.hibernate.type.TimeType@6c372fe6
[DEBUG] 2019-02-24 19:08:17.634 [main] BasicTypeRegistry - Adding type registration java.sql.Time -> org.hibernate.type.TimeType@6c372fe6
[DEBUG] 2019-02-24 19:08:17.634 [main] BasicTypeRegistry - Adding type registration timestamp -> org.hibernate.type.TimestampType@6e15fe2
[DEBUG] 2019-02-24 19:08:17.635 [main] BasicTypeRegistry - Adding type registration java.sql.Timestamp -> org.hibernate.type.TimestampType@6e15fe2
[DEBUG] 2019-02-24 19:08:17.635 [main] BasicTypeRegistry - Adding type registration java.util.Date -> org.hibernate.type.TimestampType@6e15fe2
[DEBUG] 2019-02-24 19:08:17.635 [main] BasicTypeRegistry - Adding type registration dbtimestamp -> org.hibernate.type.DbTimestampType@57ad2aa7
[DEBUG] 2019-02-24 19:08:17.636 [main] BasicTypeRegistry - Adding type registration calendar -> org.hibernate.type.CalendarType@275bf9b3
[DEBUG] 2019-02-24 19:08:17.636 [main] BasicTypeRegistry - Adding type registration java.util.Calendar -> org.hibernate.type.CalendarType@275bf9b3
[DEBUG] 2019-02-24 19:08:17.636 [main] BasicTypeRegistry - Adding type registration java.util.GregorianCalendar -> org.hibernate.type.CalendarType@275bf9b3
[DEBUG] 2019-02-24 19:08:17.637 [main] BasicTypeRegistry - Adding type registration calendar_date -> org.hibernate.type.CalendarDateType@12a94400
[DEBUG] 2019-02-24 19:08:17.637 [main] BasicTypeRegistry - Adding type registration locale -> org.hibernate.type.LocaleType@11bb571c
[DEBUG] 2019-02-24 19:08:17.637 [main] BasicTypeRegistry - Adding type registration java.util.Locale -> org.hibernate.type.LocaleType@11bb571c
[DEBUG] 2019-02-24 19:08:17.638 [main] BasicTypeRegistry - Adding type registration currency -> org.hibernate.type.CurrencyType@125290e5
[DEBUG] 2019-02-24 19:08:17.638 [main] BasicTypeRegistry - Adding type registration java.util.Currency -> org.hibernate.type.CurrencyType@125290e5
[DEBUG] 2019-02-24 19:08:17.639 [main] BasicTypeRegistry - Adding type registration timezone -> org.hibernate.type.TimeZoneType@1205bd62
[DEBUG] 2019-02-24 19:08:17.639 [main] BasicTypeRegistry - Adding type registration java.util.TimeZone -> org.hibernate.type.TimeZoneType@1205bd62
[DEBUG] 2019-02-24 19:08:17.639 [main] BasicTypeRegistry - Adding type registration class -> org.hibernate.type.ClassType@31920ade
[DEBUG] 2019-02-24 19:08:17.640 [main] BasicTypeRegistry - Adding type registration java.lang.Class -> org.hibernate.type.ClassType@31920ade
[DEBUG] 2019-02-24 19:08:17.640 [main] BasicTypeRegistry - Adding type registration uuid-binary -> org.hibernate.type.UUIDBinaryType@2609b277
[DEBUG] 2019-02-24 19:08:17.641 [main] BasicTypeRegistry - Adding type registration java.util.UUID -> org.hibernate.type.UUIDBinaryType@2609b277
[DEBUG] 2019-02-24 19:08:17.641 [main] BasicTypeRegistry - Adding type registration uuid-char -> org.hibernate.type.UUIDCharType@4066c471
[DEBUG] 2019-02-24 19:08:17.642 [main] BasicTypeRegistry - Adding type registration binary -> org.hibernate.type.BinaryType@7d3d101b
[DEBUG] 2019-02-24 19:08:17.642 [main] BasicTypeRegistry - Adding type registration byte[] -> org.hibernate.type.BinaryType@7d3d101b
[DEBUG] 2019-02-24 19:08:17.642 [main] BasicTypeRegistry - Adding type registration [B -> org.hibernate.type.BinaryType@7d3d101b
[DEBUG] 2019-02-24 19:08:17.642 [main] BasicTypeRegistry - Adding type registration wrapper-binary -> org.hibernate.type.WrapperBinaryType@1f75a668
[DEBUG] 2019-02-24 19:08:17.643 [main] BasicTypeRegistry - Adding type registration Byte[] -> org.hibernate.type.WrapperBinaryType@1f75a668
[DEBUG] 2019-02-24 19:08:17.643 [main] BasicTypeRegistry - Adding type registration [Ljava.lang.Byte; -> org.hibernate.type.WrapperBinaryType@1f75a668
[DEBUG] 2019-02-24 19:08:17.643 [main] BasicTypeRegistry - Adding type registration row_version -> org.hibernate.type.RowVersionType@2812b107
[DEBUG] 2019-02-24 19:08:17.644 [main] BasicTypeRegistry - Adding type registration image -> org.hibernate.type.ImageType@198d6542
[DEBUG] 2019-02-24 19:08:17.644 [main] BasicTypeRegistry - Adding type registration characters -> org.hibernate.type.CharArrayType@7674b62c
[DEBUG] 2019-02-24 19:08:17.645 [main] BasicTypeRegistry - Adding type registration char[] -> org.hibernate.type.CharArrayType@7674b62c
[DEBUG] 2019-02-24 19:08:17.645 [main] BasicTypeRegistry - Adding type registration [C -> org.hibernate.type.CharArrayType@7674b62c
[DEBUG] 2019-02-24 19:08:17.645 [main] BasicTypeRegistry - Adding type registration wrapper-characters -> org.hibernate.type.CharacterArrayType@327af41b
[DEBUG] 2019-02-24 19:08:17.645 [main] BasicTypeRegistry - Adding type registration [Ljava.lang.Character; -> org.hibernate.type.CharacterArrayType@327af41b
[DEBUG] 2019-02-24 19:08:17.645 [main] BasicTypeRegistry - Adding type registration Character[] -> org.hibernate.type.CharacterArrayType@327af41b
[DEBUG] 2019-02-24 19:08:17.646 [main] BasicTypeRegistry - Adding type registration text -> org.hibernate.type.TextType@30bce90b
[DEBUG] 2019-02-24 19:08:17.646 [main] BasicTypeRegistry - Adding type registration ntext -> org.hibernate.type.NTextType@3406472c
[DEBUG] 2019-02-24 19:08:17.649 [main] BasicTypeRegistry - Adding type registration blob -> org.hibernate.type.BlobType@5e3d57c7
[DEBUG] 2019-02-24 19:08:17.649 [main] BasicTypeRegistry - Adding type registration java.sql.Blob -> org.hibernate.type.BlobType@5e3d57c7
[DEBUG] 2019-02-24 19:08:17.650 [main] BasicTypeRegistry - Adding type registration materialized_blob -> org.hibernate.type.MaterializedBlobType@6ee4d9ab
[DEBUG] 2019-02-24 19:08:17.652 [main] BasicTypeRegistry - Adding type registration clob -> org.hibernate.type.ClobType@6c0d7c83
[DEBUG] 2019-02-24 19:08:17.652 [main] BasicTypeRegistry - Adding type registration java.sql.Clob -> org.hibernate.type.ClobType@6c0d7c83
[DEBUG] 2019-02-24 19:08:17.655 [main] BasicTypeRegistry - Adding type registration nclob -> org.hibernate.type.NClobType@20435c40
[DEBUG] 2019-02-24 19:08:17.655 [main] BasicTypeRegistry - Adding type registration java.sql.NClob -> org.hibernate.type.NClobType@20435c40
[DEBUG] 2019-02-24 19:08:17.655 [main] BasicTypeRegistry - Adding type registration materialized_clob -> org.hibernate.type.MaterializedClobType@6d07a63d
[DEBUG] 2019-02-24 19:08:17.655 [main] BasicTypeRegistry - Adding type registration materialized_nclob -> org.hibernate.type.MaterializedNClobType@68dc098b
[DEBUG] 2019-02-24 19:08:17.656 [main] BasicTypeRegistry - Adding type registration serializable -> org.hibernate.type.SerializableType@3081f72c
[DEBUG] 2019-02-24 19:08:17.658 [main] BasicTypeRegistry - Adding type registration object -> org.hibernate.type.ObjectType@4397ad89
[DEBUG] 2019-02-24 19:08:17.658 [main] BasicTypeRegistry - Adding type registration java.lang.Object -> org.hibernate.type.ObjectType@4397ad89
[DEBUG] 2019-02-24 19:08:17.659 [main] BasicTypeRegistry - Adding type registration imm_date -> org.hibernate.type.AdaptedImmutableType@6f19ac19
[DEBUG] 2019-02-24 19:08:17.659 [main] BasicTypeRegistry - Adding type registration imm_time -> org.hibernate.type.AdaptedImmutableType@119cbf96
[DEBUG] 2019-02-24 19:08:17.659 [main] BasicTypeRegistry - Adding type registration imm_timestamp -> org.hibernate.type.AdaptedImmutableType@71329995
[DEBUG] 2019-02-24 19:08:17.659 [main] BasicTypeRegistry - Adding type registration imm_dbtimestamp -> org.hibernate.type.AdaptedImmutableType@768fc0f2
[DEBUG] 2019-02-24 19:08:17.659 [main] BasicTypeRegistry - Adding type registration imm_calendar -> org.hibernate.type.AdaptedImmutableType@5454d35e
[DEBUG] 2019-02-24 19:08:17.659 [main] BasicTypeRegistry - Adding type registration imm_calendar_date -> org.hibernate.type.AdaptedImmutableType@20c0a64d
[DEBUG] 2019-02-24 19:08:17.659 [main] BasicTypeRegistry - Adding type registration imm_binary -> org.hibernate.type.AdaptedImmutableType@455b6df1
[DEBUG] 2019-02-24 19:08:17.659 [main] BasicTypeRegistry - Adding type registration imm_serializable -> org.hibernate.type.AdaptedImmutableType@4ddbbdf8
[INFO ] 2019-02-24 19:08:17.666 [main] C3P0ConnectionProvider - HHH010002: C3P0 using driver: com.mysql.jdbc.Driver at URL: jdbc:mysql://localhost:3306/dotaStats
[INFO ] 2019-02-24 19:08:17.667 [main] C3P0ConnectionProvider - HHH10001001: Connection properties: {user=root, password=****}
[INFO ] 2019-02-24 19:08:17.667 [main] C3P0ConnectionProvider - HHH10001003: Autocommit mode: false
[INFO ] 2019-02-24 19:08:17.751 [main] C3P0ConnectionProvider - HHH10001007: JDBC isolation level: <unknown>
[DEBUG] 2019-02-24 19:08:17.827 [main] JdbcEnvironmentInitiator - Database ->
       name : MySQL
    version : 5.7.25-0ubuntu0.16.04.2
      major : 5
      minor : 7
[DEBUG] 2019-02-24 19:08:17.831 [main] JdbcEnvironmentInitiator - Driver ->
       name : MySQL Connector Java
    version : mysql-connector-java-5.1.39 ( Revision: 3289a357af6d09ecc1a10fd3c26e95183e5790ad )
      major : 5
      minor : 1
[DEBUG] 2019-02-24 19:08:17.831 [main] JdbcEnvironmentInitiator - JDBC version : 4.0
[INFO ] 2019-02-24 19:08:17.842 [main] Dialect - HHH000400: Using dialect: org.hibernate.dialect.MySQL5Dialect
[DEBUG] 2019-02-24 19:08:17.888 [main] IdentifierHelperBuilder - JDBC driver metadata reported database stores quoted identifiers in more than one case
[DEBUG] 2019-02-24 19:08:17.890 [main] IdentifierHelperBuilder - IdentifierCaseStrategy for both quoted and unquoted identifiers was set to the same strategy [MIXED]; that will likely lead to problems in schema update and validation if using quoted identifiers
[DEBUG] 2019-02-24 19:08:17.932 [main] DefaultIdentifierGeneratorFactory - Registering IdentifierGenerator strategy [uuid2] -> [org.hibernate.id.UUIDGenerator]
[DEBUG] 2019-02-24 19:08:17.932 [main] DefaultIdentifierGeneratorFactory - Registering IdentifierGenerator strategy [guid] -> [org.hibernate.id.GUIDGenerator]
[DEBUG] 2019-02-24 19:08:17.933 [main] DefaultIdentifierGeneratorFactory - Registering IdentifierGenerator strategy [uuid] -> [org.hibernate.id.UUIDHexGenerator]
[DEBUG] 2019-02-24 19:08:17.933 [main] DefaultIdentifierGeneratorFactory - Registering IdentifierGenerator strategy [uuid.hex] -> [org.hibernate.id.UUIDHexGenerator]
[DEBUG] 2019-02-24 19:08:17.933 [main] DefaultIdentifierGeneratorFactory - Registering IdentifierGenerator strategy [assigned] -> [org.hibernate.id.Assigned]
[DEBUG] 2019-02-24 19:08:17.934 [main] DefaultIdentifierGeneratorFactory - Registering IdentifierGenerator strategy [identity] -> [org.hibernate.id.IdentityGenerator]
[DEBUG] 2019-02-24 19:08:17.934 [main] DefaultIdentifierGeneratorFactory - Registering IdentifierGenerator strategy [select] -> [org.hibernate.id.SelectGenerator]
[DEBUG] 2019-02-24 19:08:17.935 [main] DefaultIdentifierGeneratorFactory - Registering IdentifierGenerator strategy [sequence] -> [org.hibernate.id.enhanced.SequenceStyleGenerator]
[DEBUG] 2019-02-24 19:08:17.936 [main] DefaultIdentifierGeneratorFactory - Registering IdentifierGenerator strategy [seqhilo] -> [org.hibernate.id.SequenceHiLoGenerator]
[DEBUG] 2019-02-24 19:08:17.936 [main] DefaultIdentifierGeneratorFactory - Registering IdentifierGenerator strategy [increment] -> [org.hibernate.id.IncrementGenerator]
[DEBUG] 2019-02-24 19:08:17.936 [main] DefaultIdentifierGeneratorFactory - Registering IdentifierGenerator strategy [foreign] -> [org.hibernate.id.ForeignGenerator]
[DEBUG] 2019-02-24 19:08:17.937 [main] DefaultIdentifierGeneratorFactory - Registering IdentifierGenerator strategy [sequence-identity] -> [org.hibernate.id.SequenceIdentityGenerator]
[DEBUG] 2019-02-24 19:08:17.937 [main] DefaultIdentifierGeneratorFactory - Registering IdentifierGenerator strategy [enhanced-sequence] -> [org.hibernate.id.enhanced.SequenceStyleGenerator]
[DEBUG] 2019-02-24 19:08:17.937 [main] DefaultIdentifierGeneratorFactory - Registering IdentifierGenerator strategy [enhanced-table] -> [org.hibernate.id.enhanced.TableGenerator]
[DEBUG] 2019-02-24 19:08:17.961 [main] Namespace - Created database namespace [logicalName=Name{catalog=null, schema=null}, physicalName=Name{catalog=null, schema=null}]
[DEBUG] 2019-02-24 19:08:17.985 [main] AnnotationBinder - Binding entity from annotated class: edu.matc.entity.User
[DEBUG] 2019-02-24 19:08:18.001 [main] Ejb3Column - Binding column: Ejb3DiscriminatorColumn{logicalColumnName'DTYPE', discriminatorTypeName='string'}
[DEBUG] 2019-02-24 19:08:18.005 [main] EntityBinder - Import with entity name User
[DEBUG] 2019-02-24 19:08:18.007 [main] EntityBinder - Bind entity edu.matc.entity.User on table users
[DEBUG] 2019-02-24 19:08:18.035 [main] Ejb3Column - Binding column: Ejb3Column{table=org.hibernate.mapping.Table(users), mappingColumn=id, insertable=true, updatable=true, unique=false}
[DEBUG] 2019-02-24 19:08:18.037 [main] PropertyBinder - MetadataSourceProcessor property id with lazy=false
[DEBUG] 2019-02-24 19:08:18.039 [main] AbstractPropertyHolder - Attempting to locate auto-apply AttributeConverter for property [edu.matc.entity.User:id]
[DEBUG] 2019-02-24 19:08:18.040 [main] SimpleValueBinder - building SimpleValue for id
[DEBUG] 2019-02-24 19:08:18.044 [main] PropertyBinder - Building property id
[DEBUG] 2019-02-24 19:08:18.048 [main] Ejb3Column - Binding column: Ejb3Column{table=org.hibernate.mapping.Table(users), mappingColumn=first_name, insertable=true, updatable=true, unique=false}
[DEBUG] 2019-02-24 19:08:18.049 [main] PropertyBinder - MetadataSourceProcessor property firstName with lazy=false
[DEBUG] 2019-02-24 19:08:18.049 [main] AbstractPropertyHolder - Attempting to locate auto-apply AttributeConverter for property [edu.matc.entity.User:firstName]
[DEBUG] 2019-02-24 19:08:18.049 [main] SimpleValueBinder - building SimpleValue for firstName
[DEBUG] 2019-02-24 19:08:18.049 [main] PropertyBinder - Building property firstName
[DEBUG] 2019-02-24 19:08:18.049 [main] Ejb3Column - Binding column: Ejb3Column{table=org.hibernate.mapping.Table(users), mappingColumn=last_name, insertable=true, updatable=true, unique=false}
[DEBUG] 2019-02-24 19:08:18.049 [main] PropertyBinder - MetadataSourceProcessor property lastName with lazy=false
[DEBUG] 2019-02-24 19:08:18.049 [main] AbstractPropertyHolder - Attempting to locate auto-apply AttributeConverter for property [edu.matc.entity.User:lastName]
[DEBUG] 2019-02-24 19:08:18.049 [main] SimpleValueBinder - building SimpleValue for lastName
[DEBUG] 2019-02-24 19:08:18.049 [main] PropertyBinder - Building property lastName
[DEBUG] 2019-02-24 19:08:18.049 [main] Ejb3Column - Binding column: Ejb3Column{table=org.hibernate.mapping.Table(users), mappingColumn=password, insertable=true, updatable=true, unique=false}
[DEBUG] 2019-02-24 19:08:18.049 [main] PropertyBinder - MetadataSourceProcessor property password with lazy=false
[DEBUG] 2019-02-24 19:08:18.050 [main] AbstractPropertyHolder - Attempting to locate auto-apply AttributeConverter for property [edu.matc.entity.User:password]
[DEBUG] 2019-02-24 19:08:18.050 [main] SimpleValueBinder - building SimpleValue for password
[DEBUG] 2019-02-24 19:08:18.050 [main] PropertyBinder - Building property password
[DEBUG] 2019-02-24 19:08:18.050 [main] Ejb3Column - Binding column: Ejb3Column{table=org.hibernate.mapping.Table(users), mappingColumn=steamid, insertable=true, updatable=true, unique=false}
[DEBUG] 2019-02-24 19:08:18.050 [main] PropertyBinder - MetadataSourceProcessor property steamID with lazy=false
[DEBUG] 2019-02-24 19:08:18.050 [main] AbstractPropertyHolder - Attempting to locate auto-apply AttributeConverter for property [edu.matc.entity.User:steamID]
[DEBUG] 2019-02-24 19:08:18.050 [main] SimpleValueBinder - building SimpleValue for steamID
[DEBUG] 2019-02-24 19:08:18.050 [main] PropertyBinder - Building property steamID
[DEBUG] 2019-02-24 19:08:18.051 [main] Ejb3Column - Binding column: Ejb3Column{table=org.hibernate.mapping.Table(users), mappingColumn=user_name, insertable=true, updatable=true, unique=false}
[DEBUG] 2019-02-24 19:08:18.051 [main] PropertyBinder - MetadataSourceProcessor property userName with lazy=false
[DEBUG] 2019-02-24 19:08:18.051 [main] AbstractPropertyHolder - Attempting to locate auto-apply AttributeConverter for property [edu.matc.entity.User:userName]
[DEBUG] 2019-02-24 19:08:18.051 [main] SimpleValueBinder - building SimpleValue for userName
[DEBUG] 2019-02-24 19:08:18.051 [main] PropertyBinder - Building property userName
[DEBUG] 2019-02-24 19:08:18.052 [main] SimpleValueBinder - Starting fillSimpleValue for id
[DEBUG] 2019-02-24 19:08:18.052 [main] SimpleValueBinder - Starting fillSimpleValue for firstName
[DEBUG] 2019-02-24 19:08:18.052 [main] SimpleValueBinder - Starting fillSimpleValue for lastName
[DEBUG] 2019-02-24 19:08:18.052 [main] SimpleValueBinder - Starting fillSimpleValue for password
[DEBUG] 2019-02-24 19:08:18.052 [main] SimpleValueBinder - Starting fillSimpleValue for steamID
[DEBUG] 2019-02-24 19:08:18.052 [main] SimpleValueBinder - Starting fillSimpleValue for userName
[DEBUG] 2019-02-24 19:08:18.053 [main] PrimaryKey - Forcing column [id] to be non-null as it is part of the primary key for table [users]
[DEBUG] 2019-02-24 19:08:18.083 [main] SessionFactoryImpl - Building session factory
[DEBUG] 2019-02-24 19:08:18.083 [main] Settings - SessionFactory name : null
[DEBUG] 2019-02-24 19:08:18.083 [main] Settings - Automatic flush during beforeCompletion(): enabled
[DEBUG] 2019-02-24 19:08:18.083 [main] Settings - Automatic session close at end of transaction: disabled
[DEBUG] 2019-02-24 19:08:18.084 [main] Settings - Statistics: disabled
[DEBUG] 2019-02-24 19:08:18.084 [main] Settings - Deleted entity synthetic identifier rollback: disabled
[DEBUG] 2019-02-24 19:08:18.084 [main] Settings - Default entity-mode: pojo
[DEBUG] 2019-02-24 19:08:18.084 [main] Settings - Check Nullability in Core (should be disabled when Bean Validation is on): enabled
[DEBUG] 2019-02-24 19:08:18.084 [main] Settings - Allow initialization of lazy state outside session : disabled
[DEBUG] 2019-02-24 19:08:18.084 [main] Settings - Using BatchFetchStyle : LEGACY
[DEBUG] 2019-02-24 19:08:18.084 [main] Settings - Default batch fetch size: -1
[DEBUG] 2019-02-24 19:08:18.084 [main] Settings - Maximum outer join fetch depth: 2
[DEBUG] 2019-02-24 19:08:18.084 [main] Settings - Default null ordering: NONE
[DEBUG] 2019-02-24 19:08:18.084 [main] Settings - Order SQL updates by primary key: disabled
[DEBUG] 2019-02-24 19:08:18.084 [main] Settings - Order SQL inserts for batching: disabled
[DEBUG] 2019-02-24 19:08:18.084 [main] Settings - multi-tenancy strategy : NONE
[DEBUG] 2019-02-24 19:08:18.084 [main] Settings - JTA Track by Thread: enabled
[DEBUG] 2019-02-24 19:08:18.084 [main] Settings - Query language substitutions: {}
[DEBUG] 2019-02-24 19:08:18.084 [main] Settings - JPA query language strict compliance: disabled
[DEBUG] 2019-02-24 19:08:18.084 [main] Settings - Named query checking : enabled
[DEBUG] 2019-02-24 19:08:18.085 [main] Settings - Second-level cache: enabled
[DEBUG] 2019-02-24 19:08:18.085 [main] Settings - Second-level query cache: disabled
[DEBUG] 2019-02-24 19:08:18.085 [main] Settings - Second-level query cache factory: org.hibernate.cache.internal.StandardQueryCacheFactory@4ef27d66
[DEBUG] 2019-02-24 19:08:18.085 [main] Settings - Second-level cache region prefix: null
[DEBUG] 2019-02-24 19:08:18.085 [main] Settings - Optimize second-level cache for minimal puts: disabled
[DEBUG] 2019-02-24 19:08:18.085 [main] Settings - Structured second-level cache entries: disabled
[DEBUG] 2019-02-24 19:08:18.085 [main] Settings - Second-level cache direct-reference entries: disabled
[DEBUG] 2019-02-24 19:08:18.085 [main] Settings - Automatic eviction of collection cache: disabled
[DEBUG] 2019-02-24 19:08:18.085 [main] Settings - JDBC batch size: 15
[DEBUG] 2019-02-24 19:08:18.085 [main] Settings - JDBC batch updates for versioned data: enabled
[DEBUG] 2019-02-24 19:08:18.085 [main] Settings - Scrollable result sets: enabled
[DEBUG] 2019-02-24 19:08:18.085 [main] Settings - Wrap result sets: disabled
[DEBUG] 2019-02-24 19:08:18.085 [main] Settings - JDBC3 getGeneratedKeys(): enabled
[DEBUG] 2019-02-24 19:08:18.085 [main] Settings - JDBC result set fetch size: null
[DEBUG] 2019-02-24 19:08:18.085 [main] Settings - Connection release mode: AFTER_TRANSACTION
[DEBUG] 2019-02-24 19:08:18.085 [main] Settings - Generate SQL with comments: disabled
[DEBUG] 2019-02-24 19:08:18.142 [main] SessionFactoryImpl - Session factory constructed with filter configurations : {}
[DEBUG] 2019-02-24 19:08:18.142 [main] SessionFactoryImpl - Instantiating session factory with properties: {sun.desktop=gnome, awt.toolkit=sun.awt.X11.XToolkit, file.encoding.pkg=sun.io, java.specification.version=1.8, hibernate.c3p0.idle_test_period=3000, sun.cpu.isalist=, sun.jnu.encoding=UTF-8, hibernate.c3p0.min_size=5, java.class.path=/home/student/intellij/lib/idea_rt.jar:/home/student/intellij/plugins/junit/lib/junit-rt.jar:/home/student/intellij/plugins/junit/lib/junit5-rt.jar:/usr/lib/jvm/java-8-oracle/jre/lib/charsets.jar:/usr/lib/jvm/java-8-oracle/jre/lib/deploy.jar:/usr/lib/jvm/java-8-oracle/jre/lib/ext/cldrdata.jar:/usr/lib/jvm/java-8-oracle/jre/lib/ext/dnsns.jar:/usr/lib/jvm/java-8-oracle/jre/lib/ext/jaccess.jar:/usr/lib/jvm/java-8-oracle/jre/lib/ext/jfxrt.jar:/usr/lib/jvm/java-8-oracle/jre/lib/ext/localedata.jar:/usr/lib/jvm/java-8-oracle/jre/lib/ext/nashorn.jar:/usr/lib/jvm/java-8-oracle/jre/lib/ext/sunec.jar:/usr/lib/jvm/java-8-oracle/jre/lib/ext/sunjce_provider.jar:/usr/lib/jvm/java-8-oracle/jre/lib/ext/sunpkcs11.jar:/usr/lib/jvm/java-8-oracle/jre/lib/ext/zipfs.jar:/usr/lib/jvm/java-8-oracle/jre/lib/javaws.jar:/usr/lib/jvm/java-8-oracle/jre/lib/jce.jar:/usr/lib/jvm/java-8-oracle/jre/lib/jfr.jar:/usr/lib/jvm/java-8-oracle/jre/lib/jfxswt.jar:/usr/lib/jvm/java-8-oracle/jre/lib/jsse.jar:/usr/lib/jvm/java-8-oracle/jre/lib/management-agent.jar:/usr/lib/jvm/java-8-oracle/jre/lib/plugin.jar:/usr/lib/jvm/java-8-oracle/jre/lib/resources.jar:/usr/lib/jvm/java-8-oracle/jre/lib/rt.jar:/home/student/IdeaProjects/dotaStats/target/test-classes:/home/student/IdeaProjects/dotaStats/target/classes:/home/student/.m2/repository/org/junit/jupiter/junit-jupiter-engine/5.0.0/junit-jupiter-engine-5.0.0.jar:/home/student/.m2/repository/org/apiguardian/apiguardian-api/1.0.0/apiguardian-api-1.0.0.jar:/home/student/.m2/repository/org/junit/platform/junit-platform-engine/1.0.0/junit-platform-engine-1.0.0.jar:/home/student/.m2/repository/org/junit/platform/junit-platform-commons/1.0.0/junit-platform-commons-1.0.0.jar:/home/student/.m2/repository/org/opentest4j/opentest4j/1.0.0/opentest4j-1.0.0.jar:/home/student/.m2/repository/org/junit/jupiter/junit-jupiter-api/5.0.0/junit-jupiter-api-5.0.0.jar:/home/student/.m2/repository/junit/junit/4.12/junit-4.12.jar:/home/student/.m2/repository/org/hamcrest/hamcrest-core/1.3/hamcrest-core-1.3.jar:/home/student/.m2/repository/org/junit/platform/junit-platform-runner/1.0.0/junit-platform-runner-1.0.0.jar:/home/student/.m2/repository/org/junit/platform/junit-platform-launcher/1.0.0/junit-platform-launcher-1.0.0.jar:/home/student/.m2/repository/org/junit/platform/junit-platform-suite-api/1.0.0/junit-platform-suite-api-1.0.0.jar:/home/student/.m2/repository/org/junit/vintage/junit-vintage-engine/4.12.0/junit-vintage-engine-4.12.0.jar:/home/student/.m2/repository/javax/javaee-web-api/7.0/javaee-web-api-7.0.jar:/home/student/.m2/repository/org/apache/logging/log4j/log4j-api/2.10.0/log4j-api-2.10.0.jar:/home/student/.m2/repository/org/apache/logging/log4j/log4j-core/2.10.0/log4j-core-2.10.0.jar:/home/student/.m2/repository/org/hibernate/hibernate-core/5.2.12.Final/hibernate-core-5.2.12.Final.jar:/home/student/.m2/repository/org/jboss/logging/jboss-logging/3.3.0.Final/jboss-logging-3.3.0.Final.jar:/home/student/.m2/repository/org/hibernate/javax/persistence/hibernate-jpa-2.1-api/1.0.0.Final/hibernate-jpa-2.1-api-1.0.0.Final.jar:/home/student/.m2/repository/org/javassist/javassist/3.20.0-GA/javassist-3.20.0-GA.jar:/home/student/.m2/repository/antlr/antlr/2.7.7/antlr-2.7.7.jar:/home/student/.m2/repository/org/jboss/spec/javax/transaction/jboss-transaction-api_1.2_spec/1.0.1.Final/jboss-transaction-api_1.2_spec-1.0.1.Final.jar:/home/student/.m2/repository/org/jboss/jandex/2.0.3.Final/jandex-2.0.3.Final.jar:/home/student/.m2/repository/com/fasterxml/classmate/1.3.0/classmate-1.3.0.jar:/home/student/.m2/repository/dom4j/dom4j/1.6.1/dom4j-1.6.1.jar:/home/student/.m2/repository/org/hibernate/common/hibernate-commons-annotations/5.0.1.Final/hibernate-commons-annotations-5.0.1.Final.jar:/home/student/.m2/repository/org/hibernate/hibernate-c3p0/5.2.12.Final/hibernate-c3p0-5.2.12.Final.jar:/home/student/.m2/repository/com/mchange/c3p0/0.9.5.2/c3p0-0.9.5.2.jar:/home/student/.m2/repository/com/mchange/mchange-commons-java/0.2.11/mchange-commons-java-0.2.11.jar:/home/student/.m2/repository/mysql/mysql-connector-java/5.1.39/mysql-connector-java-5.1.39.jar:/home/student/.m2/repository/jstl/jstl/1.2/jstl-1.2.jar:/home/student/intellij/lib/idea_rt.jar, java.vm.vendor=Oracle Corporation, sun.arch.data.model=64, idea.test.cyclic.buffer.size=1048576, java.vendor.url=http://java.oracle.com/, user.timezone=America/Chicago, os.name=Linux, java.vm.specification.version=1.8, user.country=US, sun.java.launcher=SUN_STANDARD, sun.boot.library.path=/usr/lib/jvm/java-8-oracle/jre/lib/amd64, sun.java.command=com.intellij.rt.execution.junit.JUnitStarter -ideVersion5 -junit5 edu.matc.persistence.UserDaoTest,insertUserTest, sun.cpu.endian=little, hibernate.c3p0.max_statements=50, user.home=/home/student, user.language=en, java.specification.vendor=Oracle Corporation, java.home=/usr/lib/jvm/java-8-oracle/jre, file.separator=/, line.separator=
, hibernate.c3p0.timeout=300, java.vm.specification.vendor=Oracle Corporation, java.specification.name=Java Platform API Specification, java.awt.graphicsenv=sun.awt.X11GraphicsEnvironment, sun.boot.class.path=/usr/lib/jvm/java-8-oracle/jre/lib/resources.jar:/usr/lib/jvm/java-8-oracle/jre/lib/rt.jar:/usr/lib/jvm/java-8-oracle/jre/lib/sunrsasign.jar:/usr/lib/jvm/java-8-oracle/jre/lib/jsse.jar:/usr/lib/jvm/java-8-oracle/jre/lib/jce.jar:/usr/lib/jvm/java-8-oracle/jre/lib/charsets.jar:/usr/lib/jvm/java-8-oracle/jre/lib/jfr.jar:/usr/lib/jvm/java-8-oracle/jre/classes, connection.password=student, sun.management.compiler=HotSpot 64-Bit Tiered Compilers, hibernate.c3p0.max_size=20, java.runtime.version=1.8.0_144-b01, user.name=student, path.separator=:, hibernate.connection.username=root, os.version=4.4.0-57-generic, java.endorsed.dirs=/usr/lib/jvm/java-8-oracle/jre/lib/endorsed, java.runtime.name=Java(TM) SE Runtime Environment, hibernate.connection.url=jdbc:mysql://localhost:3306/dotaStats, file.encoding=UTF-8, java.vm.name=Java HotSpot(TM) 64-Bit Server VM, hibernate.connection.driver_class=com.mysql.jdbc.Driver, java.vendor.url.bug=http://bugreport.sun.com/bugreport/, java.io.tmpdir=/tmp, java.version=1.8.0_144, user.dir=/home/student/IdeaProjects/dotaStats, os.arch=amd64, connection.username=root, java.vm.specification.name=Java Virtual Machine Specification, hibernate.connection.password=****, java.awt.printerjob=sun.print.PSPrinterJob, sun.os.patch.level=unknown, connection.driver_class=com.mysql.jdbc.Driver, hibernate.boot.CfgXmlAccessService.key=org.hibernate.boot.cfgxml.spi.LoadedConfig@58c540cf, java.library.path=/home/student/intellij/bin::/usr/java/packages/lib/amd64:/usr/lib64:/lib64:/lib:/usr/lib, java.vm.info=mixed mode, java.vendor=Oracle Corporation, java.vm.version=25.144-b01, hibernate.bytecode.use_reflection_optimizer=false, java.ext.dirs=/usr/lib/jvm/java-8-oracle/jre/lib/ext:/usr/java/packages/lib/ext, sun.io.unicode.encoding=UnicodeLittle, connection.url=jdbc:mysql://localhost:3306/dotaStats, java.class.version=52.0}
[DEBUG] 2019-02-24 19:08:18.157 [main] TypeSafeActivator - Unable to acquire Bean Validation ValidatorFactory, skipping activation
[DEBUG] 2019-02-24 19:08:18.157 [main] JaccIntegrator - Skipping JACC integration as it was not enabled
[DEBUG] 2019-02-24 19:08:18.158 [main] SessionFactoryImpl - Instantiated session factory
[DEBUG] 2019-02-24 19:08:18.193 [main] ClassLoaderAccessImpl - Not known whether passed class name [edu.matc.entity.User] is safe
[DEBUG] 2019-02-24 19:08:18.193 [main] ClassLoaderAccessImpl - No temp ClassLoader provided; using live ClassLoader for loading potentially unsafe class : edu.matc.entity.User
[DEBUG] 2019-02-24 19:08:18.205 [main] ClassLoaderAccessImpl - Not known whether passed class name [edu.matc.entity.User] is safe
[DEBUG] 2019-02-24 19:08:18.206 [main] ClassLoaderAccessImpl - No temp ClassLoader provided; using live ClassLoader for loading potentially unsafe class : edu.matc.entity.User
[DEBUG] 2019-02-24 19:08:18.256 [main] AbstractEntityPersister - Static SQL for entity: edu.matc.entity.User
[DEBUG] 2019-02-24 19:08:18.256 [main] AbstractEntityPersister -  Version select: select id from users where id =?
[DEBUG] 2019-02-24 19:08:18.256 [main] AbstractEntityPersister -  Snapshot select: select user_.id, user_.first_name as first_na2_0_, user_.last_name as last_nam3_0_, user_.password as password4_0_, user_.steamid as steamid5_0_, user_.user_name as user_nam6_0_ from users user_ where user_.id=?
[DEBUG] 2019-02-24 19:08:18.257 [main] AbstractEntityPersister -  Insert 0: insert into users (first_name, last_name, password, steamid, user_name, id) values (?, ?, ?, ?, ?, ?)
[DEBUG] 2019-02-24 19:08:18.257 [main] AbstractEntityPersister -  Update 0: update users set first_name=?, last_name=?, password=?, steamid=?, user_name=? where id=?
[DEBUG] 2019-02-24 19:08:18.257 [main] AbstractEntityPersister -  Delete 0: delete from users where id=?
[DEBUG] 2019-02-24 19:08:18.257 [main] AbstractEntityPersister -  Identity insert: insert into users (first_name, last_name, password, steamid, user_name) values (?, ?, ?, ?, ?)
[DEBUG] 2019-02-24 19:08:18.272 [main] QuerySpacesImpl - Adding QuerySpace : uid = <gen:0> -> org.hibernate.loader.plan.build.internal.spaces.EntityQuerySpaceImpl@1bf0f6f6]
[DEBUG] 2019-02-24 19:08:18.273 [main] MetamodelGraphWalker - Visiting attribute path : firstName
[DEBUG] 2019-02-24 19:08:18.274 [main] MetamodelGraphWalker - Visiting attribute path : lastName
[DEBUG] 2019-02-24 19:08:18.274 [main] MetamodelGraphWalker - Visiting attribute path : password
[DEBUG] 2019-02-24 19:08:18.274 [main] MetamodelGraphWalker - Visiting attribute path : steamID
[DEBUG] 2019-02-24 19:08:18.274 [main] MetamodelGraphWalker - Visiting attribute path : userName
[DEBUG] 2019-02-24 19:08:18.274 [main] FetchStyleLoadPlanBuildingAssociationVisitationStrategy - Building LoadPlan...
[DEBUG] 2019-02-24 19:08:18.284 [main] LoadQueryJoinAndFetchProcessor - processing queryspace <gen:0>
[DEBUG] 2019-02-24 19:08:18.287 [main] LoadPlanTreePrinter - LoadPlan(entity=edu.matc.entity.User)
    - Returns
       - EntityReturnImpl(entity=edu.matc.entity.User, querySpaceUid=<gen:0>, path=edu.matc.entity.User)
    - QuerySpaces
       - EntityQuerySpaceImpl(uid=<gen:0>, entity=edu.matc.entity.User)
          - SQL table alias mapping - user0_
          - alias suffix - 0_
          - suffixed key columns - {id1_0_0_}

[DEBUG] 2019-02-24 19:08:18.288 [main] EntityLoader - Static select for entity edu.matc.entity.User [NONE]: select user0_.id as id1_0_0_, user0_.first_name as first_na2_0_0_, user0_.last_name as last_nam3_0_0_, user0_.password as password4_0_0_, user0_.steamid as steamid5_0_0_, user0_.user_name as user_nam6_0_0_ from users user0_ where user0_.id=?
[DEBUG] 2019-02-24 19:08:18.289 [main] QuerySpacesImpl - Adding QuerySpace : uid = <gen:0> -> org.hibernate.loader.plan.build.internal.spaces.EntityQuerySpaceImpl@6bfdb014]
[DEBUG] 2019-02-24 19:08:18.289 [main] MetamodelGraphWalker - Visiting attribute path : firstName
[DEBUG] 2019-02-24 19:08:18.289 [main] MetamodelGraphWalker - Visiting attribute path : lastName
[DEBUG] 2019-02-24 19:08:18.289 [main] MetamodelGraphWalker - Visiting attribute path : password
[DEBUG] 2019-02-24 19:08:18.289 [main] MetamodelGraphWalker - Visiting attribute path : steamID
[DEBUG] 2019-02-24 19:08:18.289 [main] MetamodelGraphWalker - Visiting attribute path : userName
[DEBUG] 2019-02-24 19:08:18.289 [main] FetchStyleLoadPlanBuildingAssociationVisitationStrategy - Building LoadPlan...
[DEBUG] 2019-02-24 19:08:18.289 [main] LoadQueryJoinAndFetchProcessor - processing queryspace <gen:0>
[DEBUG] 2019-02-24 19:08:18.289 [main] LoadPlanTreePrinter - LoadPlan(entity=edu.matc.entity.User)
    - Returns
       - EntityReturnImpl(entity=edu.matc.entity.User, querySpaceUid=<gen:0>, path=edu.matc.entity.User)
    - QuerySpaces
       - EntityQuerySpaceImpl(uid=<gen:0>, entity=edu.matc.entity.User)
          - SQL table alias mapping - user0_
          - alias suffix - 0_
          - suffixed key columns - {id1_0_0_}

[DEBUG] 2019-02-24 19:08:18.289 [main] EntityLoader - Static select for entity edu.matc.entity.User [READ]: select user0_.id as id1_0_0_, user0_.first_name as first_na2_0_0_, user0_.last_name as last_nam3_0_0_, user0_.password as password4_0_0_, user0_.steamid as steamid5_0_0_, user0_.user_name as user_nam6_0_0_ from users user0_ where user0_.id=?
[DEBUG] 2019-02-24 19:08:18.289 [main] QuerySpacesImpl - Adding QuerySpace : uid = <gen:0> -> org.hibernate.loader.plan.build.internal.spaces.EntityQuerySpaceImpl@606fc505]
[DEBUG] 2019-02-24 19:08:18.290 [main] MetamodelGraphWalker - Visiting attribute path : firstName
[DEBUG] 2019-02-24 19:08:18.290 [main] MetamodelGraphWalker - Visiting attribute path : lastName
[DEBUG] 2019-02-24 19:08:18.290 [main] MetamodelGraphWalker - Visiting attribute path : password
[DEBUG] 2019-02-24 19:08:18.290 [main] MetamodelGraphWalker - Visiting attribute path : steamID
[DEBUG] 2019-02-24 19:08:18.290 [main] MetamodelGraphWalker - Visiting attribute path : userName
[DEBUG] 2019-02-24 19:08:18.290 [main] FetchStyleLoadPlanBuildingAssociationVisitationStrategy - Building LoadPlan...
[DEBUG] 2019-02-24 19:08:18.290 [main] LoadQueryJoinAndFetchProcessor - processing queryspace <gen:0>
[DEBUG] 2019-02-24 19:08:18.290 [main] LoadPlanTreePrinter - LoadPlan(entity=edu.matc.entity.User)
    - Returns
       - EntityReturnImpl(entity=edu.matc.entity.User, querySpaceUid=<gen:0>, path=edu.matc.entity.User)
    - QuerySpaces
       - EntityQuerySpaceImpl(uid=<gen:0>, entity=edu.matc.entity.User)
          - SQL table alias mapping - user0_
          - alias suffix - 0_
          - suffixed key columns - {id1_0_0_}

[DEBUG] 2019-02-24 19:08:18.290 [main] EntityLoader - Static select for entity edu.matc.entity.User [UPGRADE]: select user0_.id as id1_0_0_, user0_.first_name as first_na2_0_0_, user0_.last_name as last_nam3_0_0_, user0_.password as password4_0_0_, user0_.steamid as steamid5_0_0_, user0_.user_name as user_nam6_0_0_ from users user0_ where user0_.id=? for update
[DEBUG] 2019-02-24 19:08:18.290 [main] QuerySpacesImpl - Adding QuerySpace : uid = <gen:0> -> org.hibernate.loader.plan.build.internal.spaces.EntityQuerySpaceImpl@2d140a7]
[DEBUG] 2019-02-24 19:08:18.290 [main] MetamodelGraphWalker - Visiting attribute path : firstName
[DEBUG] 2019-02-24 19:08:18.290 [main] MetamodelGraphWalker - Visiting attribute path : lastName
[DEBUG] 2019-02-24 19:08:18.290 [main] MetamodelGraphWalker - Visiting attribute path : password
[DEBUG] 2019-02-24 19:08:18.290 [main] MetamodelGraphWalker - Visiting attribute path : steamID
[DEBUG] 2019-02-24 19:08:18.290 [main] MetamodelGraphWalker - Visiting attribute path : userName
[DEBUG] 2019-02-24 19:08:18.290 [main] FetchStyleLoadPlanBuildingAssociationVisitationStrategy - Building LoadPlan...
[DEBUG] 2019-02-24 19:08:18.291 [main] LoadQueryJoinAndFetchProcessor - processing queryspace <gen:0>
[DEBUG] 2019-02-24 19:08:18.291 [main] LoadPlanTreePrinter - LoadPlan(entity=edu.matc.entity.User)
    - Returns
       - EntityReturnImpl(entity=edu.matc.entity.User, querySpaceUid=<gen:0>, path=edu.matc.entity.User)
    - QuerySpaces
       - EntityQuerySpaceImpl(uid=<gen:0>, entity=edu.matc.entity.User)
          - SQL table alias mapping - user0_
          - alias suffix - 0_
          - suffixed key columns - {id1_0_0_}

[DEBUG] 2019-02-24 19:08:18.291 [main] EntityLoader - Static select for entity edu.matc.entity.User [UPGRADE_NOWAIT]: select user0_.id as id1_0_0_, user0_.first_name as first_na2_0_0_, user0_.last_name as last_nam3_0_0_, user0_.password as password4_0_0_, user0_.steamid as steamid5_0_0_, user0_.user_name as user_nam6_0_0_ from users user0_ where user0_.id=? for update
[DEBUG] 2019-02-24 19:08:18.291 [main] QuerySpacesImpl - Adding QuerySpace : uid = <gen:0> -> org.hibernate.loader.plan.build.internal.spaces.EntityQuerySpaceImpl@2aa27288]
[DEBUG] 2019-02-24 19:08:18.292 [main] MetamodelGraphWalker - Visiting attribute path : firstName
[DEBUG] 2019-02-24 19:08:18.292 [main] MetamodelGraphWalker - Visiting attribute path : lastName
[DEBUG] 2019-02-24 19:08:18.292 [main] MetamodelGraphWalker - Visiting attribute path : password
[DEBUG] 2019-02-24 19:08:18.292 [main] MetamodelGraphWalker - Visiting attribute path : steamID
[DEBUG] 2019-02-24 19:08:18.292 [main] MetamodelGraphWalker - Visiting attribute path : userName
[DEBUG] 2019-02-24 19:08:18.292 [main] FetchStyleLoadPlanBuildingAssociationVisitationStrategy - Building LoadPlan...
[DEBUG] 2019-02-24 19:08:18.292 [main] LoadQueryJoinAndFetchProcessor - processing queryspace <gen:0>
[DEBUG] 2019-02-24 19:08:18.292 [main] LoadPlanTreePrinter - LoadPlan(entity=edu.matc.entity.User)
    - Returns
       - EntityReturnImpl(entity=edu.matc.entity.User, querySpaceUid=<gen:0>, path=edu.matc.entity.User)
    - QuerySpaces
       - EntityQuerySpaceImpl(uid=<gen:0>, entity=edu.matc.entity.User)
          - SQL table alias mapping - user0_
          - alias suffix - 0_
          - suffixed key columns - {id1_0_0_}

[DEBUG] 2019-02-24 19:08:18.293 [main] EntityLoader - Static select for entity edu.matc.entity.User [UPGRADE_SKIPLOCKED]: select user0_.id as id1_0_0_, user0_.first_name as first_na2_0_0_, user0_.last_name as last_nam3_0_0_, user0_.password as password4_0_0_, user0_.steamid as steamid5_0_0_, user0_.user_name as user_nam6_0_0_ from users user0_ where user0_.id=? for update
[DEBUG] 2019-02-24 19:08:18.293 [main] QuerySpacesImpl - Adding QuerySpace : uid = <gen:0> -> org.hibernate.loader.plan.build.internal.spaces.EntityQuerySpaceImpl@77e80a5e]
[DEBUG] 2019-02-24 19:08:18.293 [main] MetamodelGraphWalker - Visiting attribute path : firstName
[DEBUG] 2019-02-24 19:08:18.293 [main] MetamodelGraphWalker - Visiting attribute path : lastName
[DEBUG] 2019-02-24 19:08:18.293 [main] MetamodelGraphWalker - Visiting attribute path : password
[DEBUG] 2019-02-24 19:08:18.293 [main] MetamodelGraphWalker - Visiting attribute path : steamID
[DEBUG] 2019-02-24 19:08:18.293 [main] MetamodelGraphWalker - Visiting attribute path : userName
[DEBUG] 2019-02-24 19:08:18.293 [main] FetchStyleLoadPlanBuildingAssociationVisitationStrategy - Building LoadPlan...
[DEBUG] 2019-02-24 19:08:18.293 [main] LoadQueryJoinAndFetchProcessor - processing queryspace <gen:0>
[DEBUG] 2019-02-24 19:08:18.294 [main] LoadPlanTreePrinter - LoadPlan(entity=edu.matc.entity.User)
    - Returns
       - EntityReturnImpl(entity=edu.matc.entity.User, querySpaceUid=<gen:0>, path=edu.matc.entity.User)
    - QuerySpaces
       - EntityQuerySpaceImpl(uid=<gen:0>, entity=edu.matc.entity.User)
          - SQL table alias mapping - user0_
          - alias suffix - 0_
          - suffixed key columns - {id1_0_0_}

[DEBUG] 2019-02-24 19:08:18.294 [main] EntityLoader - Static select for entity edu.matc.entity.User [FORCE]: select user0_.id as id1_0_0_, user0_.first_name as first_na2_0_0_, user0_.last_name as last_nam3_0_0_, user0_.password as password4_0_0_, user0_.steamid as steamid5_0_0_, user0_.user_name as user_nam6_0_0_ from users user0_ where user0_.id=? for update
[DEBUG] 2019-02-24 19:08:18.294 [main] QuerySpacesImpl - Adding QuerySpace : uid = <gen:0> -> org.hibernate.loader.plan.build.internal.spaces.EntityQuerySpaceImpl@240139e1]
[DEBUG] 2019-02-24 19:08:18.294 [main] MetamodelGraphWalker - Visiting attribute path : firstName
[DEBUG] 2019-02-24 19:08:18.294 [main] MetamodelGraphWalker - Visiting attribute path : lastName
[DEBUG] 2019-02-24 19:08:18.294 [main] MetamodelGraphWalker - Visiting attribute path : password
[DEBUG] 2019-02-24 19:08:18.294 [main] MetamodelGraphWalker - Visiting attribute path : steamID
[DEBUG] 2019-02-24 19:08:18.294 [main] MetamodelGraphWalker - Visiting attribute path : userName
[DEBUG] 2019-02-24 19:08:18.294 [main] FetchStyleLoadPlanBuildingAssociationVisitationStrategy - Building LoadPlan...
[DEBUG] 2019-02-24 19:08:18.295 [main] LoadQueryJoinAndFetchProcessor - processing queryspace <gen:0>
[DEBUG] 2019-02-24 19:08:18.295 [main] LoadPlanTreePrinter - LoadPlan(entity=edu.matc.entity.User)
    - Returns
       - EntityReturnImpl(entity=edu.matc.entity.User, querySpaceUid=<gen:0>, path=edu.matc.entity.User)
    - QuerySpaces
       - EntityQuerySpaceImpl(uid=<gen:0>, entity=edu.matc.entity.User)
          - SQL table alias mapping - user0_
          - alias suffix - 0_
          - suffixed key columns - {id1_0_0_}

[DEBUG] 2019-02-24 19:08:18.295 [main] EntityLoader - Static select for entity edu.matc.entity.User [PESSIMISTIC_READ]: select user0_.id as id1_0_0_, user0_.first_name as first_na2_0_0_, user0_.last_name as last_nam3_0_0_, user0_.password as password4_0_0_, user0_.steamid as steamid5_0_0_, user0_.user_name as user_nam6_0_0_ from users user0_ where user0_.id=? lock in share mode
[DEBUG] 2019-02-24 19:08:18.295 [main] QuerySpacesImpl - Adding QuerySpace : uid = <gen:0> -> org.hibernate.loader.plan.build.internal.spaces.EntityQuerySpaceImpl@49298ce7]
[DEBUG] 2019-02-24 19:08:18.295 [main] MetamodelGraphWalker - Visiting attribute path : firstName
[DEBUG] 2019-02-24 19:08:18.295 [main] MetamodelGraphWalker - Visiting attribute path : lastName
[DEBUG] 2019-02-24 19:08:18.295 [main] MetamodelGraphWalker - Visiting attribute path : password
[DEBUG] 2019-02-24 19:08:18.295 [main] MetamodelGraphWalker - Visiting attribute path : steamID
[DEBUG] 2019-02-24 19:08:18.295 [main] MetamodelGraphWalker - Visiting attribute path : userName
[DEBUG] 2019-02-24 19:08:18.295 [main] FetchStyleLoadPlanBuildingAssociationVisitationStrategy - Building LoadPlan...
[DEBUG] 2019-02-24 19:08:18.296 [main] LoadQueryJoinAndFetchProcessor - processing queryspace <gen:0>
[DEBUG] 2019-02-24 19:08:18.296 [main] LoadPlanTreePrinter - LoadPlan(entity=edu.matc.entity.User)
    - Returns
       - EntityReturnImpl(entity=edu.matc.entity.User, querySpaceUid=<gen:0>, path=edu.matc.entity.User)
    - QuerySpaces
       - EntityQuerySpaceImpl(uid=<gen:0>, entity=edu.matc.entity.User)
          - SQL table alias mapping - user0_
          - alias suffix - 0_
          - suffixed key columns - {id1_0_0_}

[DEBUG] 2019-02-24 19:08:18.296 [main] EntityLoader - Static select for entity edu.matc.entity.User [PESSIMISTIC_WRITE]: select user0_.id as id1_0_0_, user0_.first_name as first_na2_0_0_, user0_.last_name as last_nam3_0_0_, user0_.password as password4_0_0_, user0_.steamid as steamid5_0_0_, user0_.user_name as user_nam6_0_0_ from users user0_ where user0_.id=? for update
[DEBUG] 2019-02-24 19:08:18.296 [main] QuerySpacesImpl - Adding QuerySpace : uid = <gen:0> -> org.hibernate.loader.plan.build.internal.spaces.EntityQuerySpaceImpl@8dfe921]
[DEBUG] 2019-02-24 19:08:18.296 [main] MetamodelGraphWalker - Visiting attribute path : firstName
[DEBUG] 2019-02-24 19:08:18.296 [main] MetamodelGraphWalker - Visiting attribute path : lastName
[DEBUG] 2019-02-24 19:08:18.296 [main] MetamodelGraphWalker - Visiting attribute path : password
[DEBUG] 2019-02-24 19:08:18.296 [main] MetamodelGraphWalker - Visiting attribute path : steamID
[DEBUG] 2019-02-24 19:08:18.296 [main] MetamodelGraphWalker - Visiting attribute path : userName
[DEBUG] 2019-02-24 19:08:18.296 [main] FetchStyleLoadPlanBuildingAssociationVisitationStrategy - Building LoadPlan...
[DEBUG] 2019-02-24 19:08:18.297 [main] LoadQueryJoinAndFetchProcessor - processing queryspace <gen:0>
[DEBUG] 2019-02-24 19:08:18.297 [main] LoadPlanTreePrinter - LoadPlan(entity=edu.matc.entity.User)
    - Returns
       - EntityReturnImpl(entity=edu.matc.entity.User, querySpaceUid=<gen:0>, path=edu.matc.entity.User)
    - QuerySpaces
       - EntityQuerySpaceImpl(uid=<gen:0>, entity=edu.matc.entity.User)
          - SQL table alias mapping - user0_
          - alias suffix - 0_
          - suffixed key columns - {id1_0_0_}

[DEBUG] 2019-02-24 19:08:18.297 [main] EntityLoader - Static select for entity edu.matc.entity.User [PESSIMISTIC_FORCE_INCREMENT]: select user0_.id as id1_0_0_, user0_.first_name as first_na2_0_0_, user0_.last_name as last_nam3_0_0_, user0_.password as password4_0_0_, user0_.steamid as steamid5_0_0_, user0_.user_name as user_nam6_0_0_ from users user0_ where user0_.id=? for update
[DEBUG] 2019-02-24 19:08:18.297 [main] QuerySpacesImpl - Adding QuerySpace : uid = <gen:0> -> org.hibernate.loader.plan.build.internal.spaces.EntityQuerySpaceImpl@55f45b92]
[DEBUG] 2019-02-24 19:08:18.297 [main] MetamodelGraphWalker - Visiting attribute path : firstName
[DEBUG] 2019-02-24 19:08:18.297 [main] MetamodelGraphWalker - Visiting attribute path : lastName
[DEBUG] 2019-02-24 19:08:18.298 [main] MetamodelGraphWalker - Visiting attribute path : password
[DEBUG] 2019-02-24 19:08:18.298 [main] MetamodelGraphWalker - Visiting attribute path : steamID
[DEBUG] 2019-02-24 19:08:18.298 [main] MetamodelGraphWalker - Visiting attribute path : userName
[DEBUG] 2019-02-24 19:08:18.298 [main] FetchStyleLoadPlanBuildingAssociationVisitationStrategy - Building LoadPlan...
[DEBUG] 2019-02-24 19:08:18.298 [main] LoadQueryJoinAndFetchProcessor - processing queryspace <gen:0>
[DEBUG] 2019-02-24 19:08:18.298 [main] LoadPlanTreePrinter - LoadPlan(entity=edu.matc.entity.User)
    - Returns
       - EntityReturnImpl(entity=edu.matc.entity.User, querySpaceUid=<gen:0>, path=edu.matc.entity.User)
    - QuerySpaces
       - EntityQuerySpaceImpl(uid=<gen:0>, entity=edu.matc.entity.User)
          - SQL table alias mapping - user0_
          - alias suffix - 0_
          - suffixed key columns - {id1_0_0_}

[DEBUG] 2019-02-24 19:08:18.298 [main] EntityLoader - Static select for entity edu.matc.entity.User [OPTIMISTIC]: select user0_.id as id1_0_0_, user0_.first_name as first_na2_0_0_, user0_.last_name as last_nam3_0_0_, user0_.password as password4_0_0_, user0_.steamid as steamid5_0_0_, user0_.user_name as user_nam6_0_0_ from users user0_ where user0_.id=?
[DEBUG] 2019-02-24 19:08:18.298 [main] QuerySpacesImpl - Adding QuerySpace : uid = <gen:0> -> org.hibernate.loader.plan.build.internal.spaces.EntityQuerySpaceImpl@67fe380b]
[DEBUG] 2019-02-24 19:08:18.299 [main] MetamodelGraphWalker - Visiting attribute path : firstName
[DEBUG] 2019-02-24 19:08:18.299 [main] MetamodelGraphWalker - Visiting attribute path : lastName
[DEBUG] 2019-02-24 19:08:18.299 [main] MetamodelGraphWalker - Visiting attribute path : password
[DEBUG] 2019-02-24 19:08:18.299 [main] MetamodelGraphWalker - Visiting attribute path : steamID
[DEBUG] 2019-02-24 19:08:18.299 [main] MetamodelGraphWalker - Visiting attribute path : userName
[DEBUG] 2019-02-24 19:08:18.299 [main] FetchStyleLoadPlanBuildingAssociationVisitationStrategy - Building LoadPlan...
[DEBUG] 2019-02-24 19:08:18.299 [main] LoadQueryJoinAndFetchProcessor - processing queryspace <gen:0>
[DEBUG] 2019-02-24 19:08:18.299 [main] LoadPlanTreePrinter - LoadPlan(entity=edu.matc.entity.User)
    - Returns
       - EntityReturnImpl(entity=edu.matc.entity.User, querySpaceUid=<gen:0>, path=edu.matc.entity.User)
    - QuerySpaces
       - EntityQuerySpaceImpl(uid=<gen:0>, entity=edu.matc.entity.User)
          - SQL table alias mapping - user0_
          - alias suffix - 0_
          - suffixed key columns - {id1_0_0_}

[DEBUG] 2019-02-24 19:08:18.299 [main] EntityLoader - Static select for entity edu.matc.entity.User [OPTIMISTIC_FORCE_INCREMENT]: select user0_.id as id1_0_0_, user0_.first_name as first_na2_0_0_, user0_.last_name as last_nam3_0_0_, user0_.password as password4_0_0_, user0_.steamid as steamid5_0_0_, user0_.user_name as user_nam6_0_0_ from users user0_ where user0_.id=?
[DEBUG] 2019-02-24 19:08:18.314 [main] Loader - Static select for action ACTION_MERGE on entity edu.matc.entity.User: select user0_.id as id1_0_0_, user0_.first_name as first_na2_0_0_, user0_.last_name as last_nam3_0_0_, user0_.password as password4_0_0_, user0_.steamid as steamid5_0_0_, user0_.user_name as user_nam6_0_0_ from users user0_ where user0_.id=?
[DEBUG] 2019-02-24 19:08:18.315 [main] Loader - Static select for action ACTION_REFRESH on entity edu.matc.entity.User: select user0_.id as id1_0_0_, user0_.first_name as first_na2_0_0_, user0_.last_name as last_nam3_0_0_, user0_.password as password4_0_0_, user0_.steamid as steamid5_0_0_, user0_.user_name as user_nam6_0_0_ from users user0_ where user0_.id=?
[DEBUG] 2019-02-24 19:08:18.330 [main] SchemaManagementToolCoordinator - No actions specified; doing nothing
[DEBUG] 2019-02-24 19:08:18.330 [main] JtaPlatformInitiator - No JtaPlatform was specified, checking resolver
[DEBUG] 2019-02-24 19:08:18.331 [main] JtaPlatformResolverInitiator - No JtaPlatformResolver was specified, using default [org.hibernate.engine.transaction.jta.platform.internal.StandardJtaPlatformResolver]
[DEBUG] 2019-02-24 19:08:18.333 [main] StandardJtaPlatformResolver - Could not resolve JtaPlatform, using default [org.hibernate.engine.transaction.jta.platform.internal.NoJtaPlatform]
[DEBUG] 2019-02-24 19:08:18.334 [main] NamedQueryRepository - Checking 0 named HQL queries
[DEBUG] 2019-02-24 19:08:18.334 [main] NamedQueryRepository - Checking 0 named SQL queries
[DEBUG] 2019-02-24 19:08:18.335 [main] SessionFactoryRegistry - Initializing SessionFactoryRegistry : org.hibernate.internal.SessionFactoryRegistry@502f8b57
[DEBUG] 2019-02-24 19:08:18.337 [main] SessionFactoryRegistry - Registering SessionFactory: fd84b2b6-d640-4f41-ab90-58108b85d383 (<unnamed>)
[DEBUG] 2019-02-24 19:08:18.337 [main] SessionFactoryRegistry - Not binding SessionFactory to JNDI, no JNDI name configured
[DEBUG] 2019-02-24 19:08:18.391 [main] StatisticsInitiator - Statistics initialized [enabled=false]
[DEBUG] 2019-02-24 19:08:18.396 [main] TransactionImpl - begin
[DEBUG] 2019-02-24 19:08:18.405 [main] ActionQueue - Executing identity-insert immediately
[DEBUG] 2019-02-24 19:08:18.410 [main] SQL - insert into users (first_name, last_name, password, steamid, user_name) values (?, ?, ?, ?, ?)
[DEBUG] 2019-02-24 19:08:18.426 [main] IdentifierGeneratorHelper - Natively generated identity: 9
[DEBUG] 2019-02-24 19:08:18.427 [main] ResourceRegistryStandardImpl - HHH000387: ResultSet's statement was not registered
[DEBUG] 2019-02-24 19:08:18.428 [main] TransactionImpl - committing
[DEBUG] 2019-02-24 19:08:18.429 [main] AbstractFlushingEventListener - Processing flush-time cascades
[DEBUG] 2019-02-24 19:08:18.429 [main] AbstractFlushingEventListener - Dirty checking collections
[DEBUG] 2019-02-24 19:08:18.430 [main] AbstractFlushingEventListener - Flushed: 0 insertions, 0 updates, 0 deletions to 1 objects
[DEBUG] 2019-02-24 19:08:18.431 [main] AbstractFlushingEventListener - Flushed: 0 (re)creations, 0 updates, 0 removals to 0 collections
[DEBUG] 2019-02-24 19:08:18.431 [main] EntityPrinter - Listing entities:
[DEBUG] 2019-02-24 19:08:18.431 [main] EntityPrinter - edu.matc.entity.User{steamID=76561197965031622, firstName=Jimbo, lastName=James, password=password, id=9, userName=jjames}
[DEBUG] 2019-02-24 19:08:18.433 [main] LogicalConnectionManagedImpl - Initiating JDBC connection release from afterTransaction
[DEBUG] 2019-02-24 19:08:18.433 [main] LogicalConnectionManagedImpl - Initiating JDBC connection release from afterTransaction
[DEBUG] 2019-02-24 19:08:18.441 [main] SQL - select user0_.id as id1_0_0_, user0_.first_name as first_na2_0_0_, user0_.last_name as last_nam3_0_0_, user0_.password as password4_0_0_, user0_.steamid as steamid5_0_0_, user0_.user_name as user_nam6_0_0_ from users user0_ where user0_.id=?
[DEBUG] 2019-02-24 19:08:18.445 [main] ResultSetProcessorImpl - Starting ResultSet row #0
[DEBUG] 2019-02-24 19:08:18.445 [main] EntityReferenceInitializerImpl - On call to EntityIdentifierReaderImpl#resolve, EntityKey was already known; should only happen on root returns with an optional identifier specified
[DEBUG] 2019-02-24 19:08:18.449 [main] TwoPhaseLoad - Resolving associations for [edu.matc.entity.User#9]
[DEBUG] 2019-02-24 19:08:18.449 [main] TwoPhaseLoad - Done materializing entity [edu.matc.entity.User#9]
[DEBUG] 2019-02-24 19:08:18.449 [main] ResourceRegistryStandardImpl - HHH000387: ResultSet's statement was not registered
[DEBUG] 2019-02-24 19:08:18.449 [main] AbstractLoadPlanBasedEntityLoader - Done entity load : edu.matc.entity.User#9
[DEBUG] 2019-02-24 19:08:18.450 [main] LogicalConnectionManagedImpl - Initiating JDBC connection release from afterTransaction
