[DEBUG] 2019-04-23 15:28:49.091 [http-nio-8080-exec-2] IntegratorServiceImpl - Adding Integrator [org.hibernate.cfg.beanvalidation.BeanValidationIntegrator].
[DEBUG] 2019-04-23 15:28:49.096 [http-nio-8080-exec-2] IntegratorServiceImpl - Adding Integrator [org.hibernate.secure.spi.JaccIntegrator].
[DEBUG] 2019-04-23 15:28:49.100 [http-nio-8080-exec-2] IntegratorServiceImpl - Adding Integrator [org.hibernate.cache.internal.CollectionCacheInvalidator].
[INFO ] 2019-04-23 15:28:49.169 [http-nio-8080-exec-2] Version - HHH000412: Hibernate Core {5.2.12.Final}
[INFO ] 2019-04-23 15:28:49.172 [http-nio-8080-exec-2] Environment - HHH000206: hibernate.properties not found
[DEBUG] 2019-04-23 15:28:49.234 [http-nio-8080-exec-2] LocalXmlResourceResolver - Interpreting public/system identifier : [-//Hibernate/Hibernate Configuration DTD//EN] - [http://www.hibernate.org/dtd/hibernate-configuration-3.0.dtd]
[DEBUG] 2019-04-23 15:28:49.234 [http-nio-8080-exec-2] LocalXmlResourceResolver - Recognized hibernate-configuration identifier; attempting to resolve on classpath under org/hibernate/
[DEBUG] 2019-04-23 15:28:49.258 [http-nio-8080-exec-2] JaxbCfgProcessor - cfg.xml document did not define namespaces; wrapping in custom event reader to introduce namespace information
[DEBUG] 2019-04-23 15:28:49.405 [http-nio-8080-exec-2] ServiceBinding - Overriding existing service binding [org.hibernate.secure.spi.JaccService]
[DEBUG] 2019-04-23 15:28:49.427 [http-nio-8080-exec-2] RegionFactoryInitiator - Cache region factory : org.hibernate.cache.internal.NoCachingRegionFactory
[INFO ] 2019-04-23 15:28:49.436 [http-nio-8080-exec-2] Version - HCANN000001: Hibernate Commons Annotations {5.0.1.Final}
[DEBUG] 2019-04-23 15:28:49.459 [http-nio-8080-exec-2] BasicTypeRegistry - Adding type registration boolean -> org.hibernate.type.BooleanType@7b42c71f
[DEBUG] 2019-04-23 15:28:49.459 [http-nio-8080-exec-2] BasicTypeRegistry - Adding type registration boolean -> org.hibernate.type.BooleanType@7b42c71f
[DEBUG] 2019-04-23 15:28:49.459 [http-nio-8080-exec-2] BasicTypeRegistry - Adding type registration java.lang.Boolean -> org.hibernate.type.BooleanType@7b42c71f
[DEBUG] 2019-04-23 15:28:49.460 [http-nio-8080-exec-2] BasicTypeRegistry - Adding type registration numeric_boolean -> org.hibernate.type.NumericBooleanType@5b635278
[DEBUG] 2019-04-23 15:28:49.461 [http-nio-8080-exec-2] BasicTypeRegistry - Adding type registration true_false -> org.hibernate.type.TrueFalseType@61a1cb4
[DEBUG] 2019-04-23 15:28:49.461 [http-nio-8080-exec-2] BasicTypeRegistry - Adding type registration yes_no -> org.hibernate.type.YesNoType@46a3f091
[DEBUG] 2019-04-23 15:28:49.462 [http-nio-8080-exec-2] BasicTypeRegistry - Adding type registration byte -> org.hibernate.type.ByteType@441119ac
[DEBUG] 2019-04-23 15:28:49.463 [http-nio-8080-exec-2] BasicTypeRegistry - Adding type registration byte -> org.hibernate.type.ByteType@441119ac
[DEBUG] 2019-04-23 15:28:49.463 [http-nio-8080-exec-2] BasicTypeRegistry - Adding type registration java.lang.Byte -> org.hibernate.type.ByteType@441119ac
[DEBUG] 2019-04-23 15:28:49.463 [http-nio-8080-exec-2] BasicTypeRegistry - Adding type registration character -> org.hibernate.type.CharacterType@427d6695
[DEBUG] 2019-04-23 15:28:49.464 [http-nio-8080-exec-2] BasicTypeRegistry - Adding type registration char -> org.hibernate.type.CharacterType@427d6695
[DEBUG] 2019-04-23 15:28:49.464 [http-nio-8080-exec-2] BasicTypeRegistry - Adding type registration java.lang.Character -> org.hibernate.type.CharacterType@427d6695
[DEBUG] 2019-04-23 15:28:49.465 [http-nio-8080-exec-2] BasicTypeRegistry - Adding type registration short -> org.hibernate.type.ShortType@5fc2c866
[DEBUG] 2019-04-23 15:28:49.465 [http-nio-8080-exec-2] BasicTypeRegistry - Adding type registration short -> org.hibernate.type.ShortType@5fc2c866
[DEBUG] 2019-04-23 15:28:49.465 [http-nio-8080-exec-2] BasicTypeRegistry - Adding type registration java.lang.Short -> org.hibernate.type.ShortType@5fc2c866
[DEBUG] 2019-04-23 15:28:49.466 [http-nio-8080-exec-2] BasicTypeRegistry - Adding type registration integer -> org.hibernate.type.IntegerType@7a8c3a5a
[DEBUG] 2019-04-23 15:28:49.466 [http-nio-8080-exec-2] BasicTypeRegistry - Adding type registration int -> org.hibernate.type.IntegerType@7a8c3a5a
[DEBUG] 2019-04-23 15:28:49.467 [http-nio-8080-exec-2] BasicTypeRegistry - Adding type registration java.lang.Integer -> org.hibernate.type.IntegerType@7a8c3a5a
[DEBUG] 2019-04-23 15:28:49.468 [http-nio-8080-exec-2] BasicTypeRegistry - Adding type registration long -> org.hibernate.type.LongType@66f92d69
[DEBUG] 2019-04-23 15:28:49.468 [http-nio-8080-exec-2] BasicTypeRegistry - Adding type registration long -> org.hibernate.type.LongType@66f92d69
[DEBUG] 2019-04-23 15:28:49.468 [http-nio-8080-exec-2] BasicTypeRegistry - Adding type registration java.lang.Long -> org.hibernate.type.LongType@66f92d69
[DEBUG] 2019-04-23 15:28:49.469 [http-nio-8080-exec-2] BasicTypeRegistry - Adding type registration float -> org.hibernate.type.FloatType@705fb91c
[DEBUG] 2019-04-23 15:28:49.469 [http-nio-8080-exec-2] BasicTypeRegistry - Adding type registration float -> org.hibernate.type.FloatType@705fb91c
[DEBUG] 2019-04-23 15:28:49.469 [http-nio-8080-exec-2] BasicTypeRegistry - Adding type registration java.lang.Float -> org.hibernate.type.FloatType@705fb91c
[DEBUG] 2019-04-23 15:28:49.470 [http-nio-8080-exec-2] BasicTypeRegistry - Adding type registration double -> org.hibernate.type.DoubleType@215aafa8
[DEBUG] 2019-04-23 15:28:49.471 [http-nio-8080-exec-2] BasicTypeRegistry - Adding type registration double -> org.hibernate.type.DoubleType@215aafa8
[DEBUG] 2019-04-23 15:28:49.471 [http-nio-8080-exec-2] BasicTypeRegistry - Adding type registration java.lang.Double -> org.hibernate.type.DoubleType@215aafa8
[DEBUG] 2019-04-23 15:28:49.472 [http-nio-8080-exec-2] BasicTypeRegistry - Adding type registration big_decimal -> org.hibernate.type.BigDecimalType@3615a413
[DEBUG] 2019-04-23 15:28:49.472 [http-nio-8080-exec-2] BasicTypeRegistry - Adding type registration java.math.BigDecimal -> org.hibernate.type.BigDecimalType@3615a413
[DEBUG] 2019-04-23 15:28:49.473 [http-nio-8080-exec-2] BasicTypeRegistry - Adding type registration big_integer -> org.hibernate.type.BigIntegerType@54de2be6
[DEBUG] 2019-04-23 15:28:49.473 [http-nio-8080-exec-2] BasicTypeRegistry - Adding type registration java.math.BigInteger -> org.hibernate.type.BigIntegerType@54de2be6
[DEBUG] 2019-04-23 15:28:49.474 [http-nio-8080-exec-2] BasicTypeRegistry - Adding type registration string -> org.hibernate.type.StringType@6e4b25e1
[DEBUG] 2019-04-23 15:28:49.474 [http-nio-8080-exec-2] BasicTypeRegistry - Adding type registration java.lang.String -> org.hibernate.type.StringType@6e4b25e1
[DEBUG] 2019-04-23 15:28:49.475 [http-nio-8080-exec-2] BasicTypeRegistry - Adding type registration nstring -> org.hibernate.type.StringNVarcharType@3ee82219
[DEBUG] 2019-04-23 15:28:49.475 [http-nio-8080-exec-2] BasicTypeRegistry - Adding type registration ncharacter -> org.hibernate.type.CharacterNCharType@1a049636
[DEBUG] 2019-04-23 15:28:49.476 [http-nio-8080-exec-2] BasicTypeRegistry - Adding type registration url -> org.hibernate.type.UrlType@15f41c24
[DEBUG] 2019-04-23 15:28:49.476 [http-nio-8080-exec-2] BasicTypeRegistry - Adding type registration java.net.URL -> org.hibernate.type.UrlType@15f41c24
[DEBUG] 2019-04-23 15:28:49.478 [http-nio-8080-exec-2] BasicTypeRegistry - Adding type registration Duration -> org.hibernate.type.DurationType@3f39a2dd
[DEBUG] 2019-04-23 15:28:49.478 [http-nio-8080-exec-2] BasicTypeRegistry - Adding type registration java.time.Duration -> org.hibernate.type.DurationType@3f39a2dd
[DEBUG] 2019-04-23 15:28:49.494 [http-nio-8080-exec-2] BasicTypeRegistry - Adding type registration Instant -> org.hibernate.type.InstantType@13fde0d8
[DEBUG] 2019-04-23 15:28:49.494 [http-nio-8080-exec-2] BasicTypeRegistry - Adding type registration java.time.Instant -> org.hibernate.type.InstantType@13fde0d8
[DEBUG] 2019-04-23 15:28:49.495 [http-nio-8080-exec-2] BasicTypeRegistry - Adding type registration LocalDateTime -> org.hibernate.type.LocalDateTimeType@5da23960
[DEBUG] 2019-04-23 15:28:49.495 [http-nio-8080-exec-2] BasicTypeRegistry - Adding type registration java.time.LocalDateTime -> org.hibernate.type.LocalDateTimeType@5da23960
[DEBUG] 2019-04-23 15:28:49.497 [http-nio-8080-exec-2] BasicTypeRegistry - Adding type registration LocalDate -> org.hibernate.type.LocalDateType@3b94917f
[DEBUG] 2019-04-23 15:28:49.497 [http-nio-8080-exec-2] BasicTypeRegistry - Adding type registration java.time.LocalDate -> org.hibernate.type.LocalDateType@3b94917f
[DEBUG] 2019-04-23 15:28:49.498 [http-nio-8080-exec-2] BasicTypeRegistry - Adding type registration LocalTime -> org.hibernate.type.LocalTimeType@3b9c427a
[DEBUG] 2019-04-23 15:28:49.499 [http-nio-8080-exec-2] BasicTypeRegistry - Adding type registration java.time.LocalTime -> org.hibernate.type.LocalTimeType@3b9c427a
[DEBUG] 2019-04-23 15:28:49.500 [http-nio-8080-exec-2] BasicTypeRegistry - Adding type registration OffsetDateTime -> org.hibernate.type.OffsetDateTimeType@beda618
[DEBUG] 2019-04-23 15:28:49.500 [http-nio-8080-exec-2] BasicTypeRegistry - Adding type registration java.time.OffsetDateTime -> org.hibernate.type.OffsetDateTimeType@beda618
[DEBUG] 2019-04-23 15:28:49.501 [http-nio-8080-exec-2] BasicTypeRegistry - Adding type registration OffsetTime -> org.hibernate.type.OffsetTimeType@7c68c5e
[DEBUG] 2019-04-23 15:28:49.501 [http-nio-8080-exec-2] BasicTypeRegistry - Adding type registration java.time.OffsetTime -> org.hibernate.type.OffsetTimeType@7c68c5e
[DEBUG] 2019-04-23 15:28:49.505 [http-nio-8080-exec-2] BasicTypeRegistry - Adding type registration ZonedDateTime -> org.hibernate.type.ZonedDateTimeType@477a2236
[DEBUG] 2019-04-23 15:28:49.505 [http-nio-8080-exec-2] BasicTypeRegistry - Adding type registration java.time.ZonedDateTime -> org.hibernate.type.ZonedDateTimeType@477a2236
[DEBUG] 2019-04-23 15:28:49.507 [http-nio-8080-exec-2] BasicTypeRegistry - Adding type registration date -> org.hibernate.type.DateType@7e664be3
[DEBUG] 2019-04-23 15:28:49.507 [http-nio-8080-exec-2] BasicTypeRegistry - Adding type registration java.sql.Date -> org.hibernate.type.DateType@7e664be3
[DEBUG] 2019-04-23 15:28:49.508 [http-nio-8080-exec-2] BasicTypeRegistry - Adding type registration time -> org.hibernate.type.TimeType@ed631a0
[DEBUG] 2019-04-23 15:28:49.508 [http-nio-8080-exec-2] BasicTypeRegistry - Adding type registration java.sql.Time -> org.hibernate.type.TimeType@ed631a0
[DEBUG] 2019-04-23 15:28:49.509 [http-nio-8080-exec-2] BasicTypeRegistry - Adding type registration timestamp -> org.hibernate.type.TimestampType@74110b6d
[DEBUG] 2019-04-23 15:28:49.509 [http-nio-8080-exec-2] BasicTypeRegistry - Adding type registration java.sql.Timestamp -> org.hibernate.type.TimestampType@74110b6d
[DEBUG] 2019-04-23 15:28:49.509 [http-nio-8080-exec-2] BasicTypeRegistry - Adding type registration java.util.Date -> org.hibernate.type.TimestampType@74110b6d
[DEBUG] 2019-04-23 15:28:49.511 [http-nio-8080-exec-2] BasicTypeRegistry - Adding type registration dbtimestamp -> org.hibernate.type.DbTimestampType@bde6d8d
[DEBUG] 2019-04-23 15:28:49.512 [http-nio-8080-exec-2] BasicTypeRegistry - Adding type registration calendar -> org.hibernate.type.CalendarType@45afda17
[DEBUG] 2019-04-23 15:28:49.512 [http-nio-8080-exec-2] BasicTypeRegistry - Adding type registration java.util.Calendar -> org.hibernate.type.CalendarType@45afda17
[DEBUG] 2019-04-23 15:28:49.512 [http-nio-8080-exec-2] BasicTypeRegistry - Adding type registration java.util.GregorianCalendar -> org.hibernate.type.CalendarType@45afda17
[DEBUG] 2019-04-23 15:28:49.513 [http-nio-8080-exec-2] BasicTypeRegistry - Adding type registration calendar_date -> org.hibernate.type.CalendarDateType@2cfb8430
[DEBUG] 2019-04-23 15:28:49.513 [http-nio-8080-exec-2] BasicTypeRegistry - Adding type registration locale -> org.hibernate.type.LocaleType@327ded34
[DEBUG] 2019-04-23 15:28:49.514 [http-nio-8080-exec-2] BasicTypeRegistry - Adding type registration java.util.Locale -> org.hibernate.type.LocaleType@327ded34
[DEBUG] 2019-04-23 15:28:49.514 [http-nio-8080-exec-2] BasicTypeRegistry - Adding type registration currency -> org.hibernate.type.CurrencyType@127551a
[DEBUG] 2019-04-23 15:28:49.514 [http-nio-8080-exec-2] BasicTypeRegistry - Adding type registration java.util.Currency -> org.hibernate.type.CurrencyType@127551a
[DEBUG] 2019-04-23 15:28:49.515 [http-nio-8080-exec-2] BasicTypeRegistry - Adding type registration timezone -> org.hibernate.type.TimeZoneType@5337c56d
[DEBUG] 2019-04-23 15:28:49.515 [http-nio-8080-exec-2] BasicTypeRegistry - Adding type registration java.util.TimeZone -> org.hibernate.type.TimeZoneType@5337c56d
[DEBUG] 2019-04-23 15:28:49.516 [http-nio-8080-exec-2] BasicTypeRegistry - Adding type registration class -> org.hibernate.type.ClassType@6c577ccb
[DEBUG] 2019-04-23 15:28:49.516 [http-nio-8080-exec-2] BasicTypeRegistry - Adding type registration java.lang.Class -> org.hibernate.type.ClassType@6c577ccb
[DEBUG] 2019-04-23 15:28:49.517 [http-nio-8080-exec-2] BasicTypeRegistry - Adding type registration uuid-binary -> org.hibernate.type.UUIDBinaryType@65eba1d
[DEBUG] 2019-04-23 15:28:49.517 [http-nio-8080-exec-2] BasicTypeRegistry - Adding type registration java.util.UUID -> org.hibernate.type.UUIDBinaryType@65eba1d
[DEBUG] 2019-04-23 15:28:49.518 [http-nio-8080-exec-2] BasicTypeRegistry - Adding type registration uuid-char -> org.hibernate.type.UUIDCharType@e649ff4
[DEBUG] 2019-04-23 15:28:49.519 [http-nio-8080-exec-2] BasicTypeRegistry - Adding type registration binary -> org.hibernate.type.BinaryType@333f6b44
[DEBUG] 2019-04-23 15:28:49.519 [http-nio-8080-exec-2] BasicTypeRegistry - Adding type registration byte[] -> org.hibernate.type.BinaryType@333f6b44
[DEBUG] 2019-04-23 15:28:49.519 [http-nio-8080-exec-2] BasicTypeRegistry - Adding type registration [B -> org.hibernate.type.BinaryType@333f6b44
[DEBUG] 2019-04-23 15:28:49.520 [http-nio-8080-exec-2] BasicTypeRegistry - Adding type registration wrapper-binary -> org.hibernate.type.WrapperBinaryType@456cfac6
[DEBUG] 2019-04-23 15:28:49.520 [http-nio-8080-exec-2] BasicTypeRegistry - Adding type registration Byte[] -> org.hibernate.type.WrapperBinaryType@456cfac6
[DEBUG] 2019-04-23 15:28:49.520 [http-nio-8080-exec-2] BasicTypeRegistry - Adding type registration [Ljava.lang.Byte; -> org.hibernate.type.WrapperBinaryType@456cfac6
[DEBUG] 2019-04-23 15:28:49.521 [http-nio-8080-exec-2] BasicTypeRegistry - Adding type registration row_version -> org.hibernate.type.RowVersionType@48de74b6
[DEBUG] 2019-04-23 15:28:49.521 [http-nio-8080-exec-2] BasicTypeRegistry - Adding type registration image -> org.hibernate.type.ImageType@60a33a42
[DEBUG] 2019-04-23 15:28:49.522 [http-nio-8080-exec-2] BasicTypeRegistry - Adding type registration characters -> org.hibernate.type.CharArrayType@e4a8416
[DEBUG] 2019-04-23 15:28:49.522 [http-nio-8080-exec-2] BasicTypeRegistry - Adding type registration char[] -> org.hibernate.type.CharArrayType@e4a8416
[DEBUG] 2019-04-23 15:28:49.523 [http-nio-8080-exec-2] BasicTypeRegistry - Adding type registration [C -> org.hibernate.type.CharArrayType@e4a8416
[DEBUG] 2019-04-23 15:28:49.523 [http-nio-8080-exec-2] BasicTypeRegistry - Adding type registration wrapper-characters -> org.hibernate.type.CharacterArrayType@46eee09
[DEBUG] 2019-04-23 15:28:49.523 [http-nio-8080-exec-2] BasicTypeRegistry - Adding type registration [Ljava.lang.Character; -> org.hibernate.type.CharacterArrayType@46eee09
[DEBUG] 2019-04-23 15:28:49.523 [http-nio-8080-exec-2] BasicTypeRegistry - Adding type registration Character[] -> org.hibernate.type.CharacterArrayType@46eee09
[DEBUG] 2019-04-23 15:28:49.524 [http-nio-8080-exec-2] BasicTypeRegistry - Adding type registration text -> org.hibernate.type.TextType@1b20ce30
[DEBUG] 2019-04-23 15:28:49.525 [http-nio-8080-exec-2] BasicTypeRegistry - Adding type registration ntext -> org.hibernate.type.NTextType@20085445
[DEBUG] 2019-04-23 15:28:49.529 [http-nio-8080-exec-2] BasicTypeRegistry - Adding type registration blob -> org.hibernate.type.BlobType@103a2df8
[DEBUG] 2019-04-23 15:28:49.529 [http-nio-8080-exec-2] BasicTypeRegistry - Adding type registration java.sql.Blob -> org.hibernate.type.BlobType@103a2df8
[DEBUG] 2019-04-23 15:28:49.529 [http-nio-8080-exec-2] BasicTypeRegistry - Adding type registration materialized_blob -> org.hibernate.type.MaterializedBlobType@4db818b2
[DEBUG] 2019-04-23 15:28:49.533 [http-nio-8080-exec-2] BasicTypeRegistry - Adding type registration clob -> org.hibernate.type.ClobType@411be56a
[DEBUG] 2019-04-23 15:28:49.533 [http-nio-8080-exec-2] BasicTypeRegistry - Adding type registration java.sql.Clob -> org.hibernate.type.ClobType@411be56a
[DEBUG] 2019-04-23 15:28:49.536 [http-nio-8080-exec-2] BasicTypeRegistry - Adding type registration nclob -> org.hibernate.type.NClobType@6432932f
[DEBUG] 2019-04-23 15:28:49.536 [http-nio-8080-exec-2] BasicTypeRegistry - Adding type registration java.sql.NClob -> org.hibernate.type.NClobType@6432932f
[DEBUG] 2019-04-23 15:28:49.536 [http-nio-8080-exec-2] BasicTypeRegistry - Adding type registration materialized_clob -> org.hibernate.type.MaterializedClobType@5f4df8a8
[DEBUG] 2019-04-23 15:28:49.537 [http-nio-8080-exec-2] BasicTypeRegistry - Adding type registration materialized_nclob -> org.hibernate.type.MaterializedNClobType@65a92622
[DEBUG] 2019-04-23 15:28:49.538 [http-nio-8080-exec-2] BasicTypeRegistry - Adding type registration serializable -> org.hibernate.type.SerializableType@75d0e065
[DEBUG] 2019-04-23 15:28:49.541 [http-nio-8080-exec-2] BasicTypeRegistry - Adding type registration object -> org.hibernate.type.ObjectType@2c0ec131
[DEBUG] 2019-04-23 15:28:49.541 [http-nio-8080-exec-2] BasicTypeRegistry - Adding type registration java.lang.Object -> org.hibernate.type.ObjectType@2c0ec131
[DEBUG] 2019-04-23 15:28:49.541 [http-nio-8080-exec-2] BasicTypeRegistry - Adding type registration imm_date -> org.hibernate.type.AdaptedImmutableType@630ef6c5
[DEBUG] 2019-04-23 15:28:49.541 [http-nio-8080-exec-2] BasicTypeRegistry - Adding type registration imm_time -> org.hibernate.type.AdaptedImmutableType@3953a4dc
[DEBUG] 2019-04-23 15:28:49.541 [http-nio-8080-exec-2] BasicTypeRegistry - Adding type registration imm_timestamp -> org.hibernate.type.AdaptedImmutableType@7b3bd693
[DEBUG] 2019-04-23 15:28:49.541 [http-nio-8080-exec-2] BasicTypeRegistry - Adding type registration imm_dbtimestamp -> org.hibernate.type.AdaptedImmutableType@79c8659e
[DEBUG] 2019-04-23 15:28:49.542 [http-nio-8080-exec-2] BasicTypeRegistry - Adding type registration imm_calendar -> org.hibernate.type.AdaptedImmutableType@6de41cbc
[DEBUG] 2019-04-23 15:28:49.542 [http-nio-8080-exec-2] BasicTypeRegistry - Adding type registration imm_calendar_date -> org.hibernate.type.AdaptedImmutableType@49b52098
[DEBUG] 2019-04-23 15:28:49.542 [http-nio-8080-exec-2] BasicTypeRegistry - Adding type registration imm_binary -> org.hibernate.type.AdaptedImmutableType@6c1fe873
[DEBUG] 2019-04-23 15:28:49.542 [http-nio-8080-exec-2] BasicTypeRegistry - Adding type registration imm_serializable -> org.hibernate.type.AdaptedImmutableType@564194fb
[INFO ] 2019-04-23 15:28:49.551 [http-nio-8080-exec-2] C3P0ConnectionProvider - HHH010002: C3P0 using driver: com.mysql.jdbc.Driver at URL: jdbc:mysql://localhost:3306/dotaStats
[INFO ] 2019-04-23 15:28:49.552 [http-nio-8080-exec-2] C3P0ConnectionProvider - HHH10001001: Connection properties: {user=root, password=****}
[INFO ] 2019-04-23 15:28:49.552 [http-nio-8080-exec-2] C3P0ConnectionProvider - HHH10001003: Autocommit mode: false
[INFO ] 2019-04-23 15:28:49.712 [http-nio-8080-exec-2] C3P0ConnectionProvider - HHH10001007: JDBC isolation level: <unknown>
[DEBUG] 2019-04-23 15:28:50.156 [http-nio-8080-exec-2] JdbcEnvironmentInitiator - Database ->
       name : MySQL
    version : 5.7.25-0ubuntu0.16.04.2
      major : 5
      minor : 7
[DEBUG] 2019-04-23 15:28:50.157 [http-nio-8080-exec-2] JdbcEnvironmentInitiator - Driver ->
       name : MySQL Connector Java
    version : mysql-connector-java-5.1.39 ( Revision: 3289a357af6d09ecc1a10fd3c26e95183e5790ad )
      major : 5
      minor : 1
[DEBUG] 2019-04-23 15:28:50.157 [http-nio-8080-exec-2] JdbcEnvironmentInitiator - JDBC version : 4.0
[INFO ] 2019-04-23 15:28:50.174 [http-nio-8080-exec-2] Dialect - HHH000400: Using dialect: org.hibernate.dialect.MySQL5Dialect
[DEBUG] 2019-04-23 15:28:50.214 [http-nio-8080-exec-2] IdentifierHelperBuilder - JDBC driver metadata reported database stores quoted identifiers in more than one case
[DEBUG] 2019-04-23 15:28:50.217 [http-nio-8080-exec-2] IdentifierHelperBuilder - IdentifierCaseStrategy for both quoted and unquoted identifiers was set to the same strategy [MIXED]; that will likely lead to problems in schema update and validation if using quoted identifiers
[DEBUG] 2019-04-23 15:28:50.273 [http-nio-8080-exec-2] DefaultIdentifierGeneratorFactory - Registering IdentifierGenerator strategy [uuid2] -> [org.hibernate.id.UUIDGenerator]
[DEBUG] 2019-04-23 15:28:50.274 [http-nio-8080-exec-2] DefaultIdentifierGeneratorFactory - Registering IdentifierGenerator strategy [guid] -> [org.hibernate.id.GUIDGenerator]
[DEBUG] 2019-04-23 15:28:50.274 [http-nio-8080-exec-2] DefaultIdentifierGeneratorFactory - Registering IdentifierGenerator strategy [uuid] -> [org.hibernate.id.UUIDHexGenerator]
[DEBUG] 2019-04-23 15:28:50.274 [http-nio-8080-exec-2] DefaultIdentifierGeneratorFactory - Registering IdentifierGenerator strategy [uuid.hex] -> [org.hibernate.id.UUIDHexGenerator]
[DEBUG] 2019-04-23 15:28:50.275 [http-nio-8080-exec-2] DefaultIdentifierGeneratorFactory - Registering IdentifierGenerator strategy [assigned] -> [org.hibernate.id.Assigned]
[DEBUG] 2019-04-23 15:28:50.275 [http-nio-8080-exec-2] DefaultIdentifierGeneratorFactory - Registering IdentifierGenerator strategy [identity] -> [org.hibernate.id.IdentityGenerator]
[DEBUG] 2019-04-23 15:28:50.276 [http-nio-8080-exec-2] DefaultIdentifierGeneratorFactory - Registering IdentifierGenerator strategy [select] -> [org.hibernate.id.SelectGenerator]
[DEBUG] 2019-04-23 15:28:50.277 [http-nio-8080-exec-2] DefaultIdentifierGeneratorFactory - Registering IdentifierGenerator strategy [sequence] -> [org.hibernate.id.enhanced.SequenceStyleGenerator]
[DEBUG] 2019-04-23 15:28:50.278 [http-nio-8080-exec-2] DefaultIdentifierGeneratorFactory - Registering IdentifierGenerator strategy [seqhilo] -> [org.hibernate.id.SequenceHiLoGenerator]
[DEBUG] 2019-04-23 15:28:50.278 [http-nio-8080-exec-2] DefaultIdentifierGeneratorFactory - Registering IdentifierGenerator strategy [increment] -> [org.hibernate.id.IncrementGenerator]
[DEBUG] 2019-04-23 15:28:50.278 [http-nio-8080-exec-2] DefaultIdentifierGeneratorFactory - Registering IdentifierGenerator strategy [foreign] -> [org.hibernate.id.ForeignGenerator]
[DEBUG] 2019-04-23 15:28:50.279 [http-nio-8080-exec-2] DefaultIdentifierGeneratorFactory - Registering IdentifierGenerator strategy [sequence-identity] -> [org.hibernate.id.SequenceIdentityGenerator]
[DEBUG] 2019-04-23 15:28:50.279 [http-nio-8080-exec-2] DefaultIdentifierGeneratorFactory - Registering IdentifierGenerator strategy [enhanced-sequence] -> [org.hibernate.id.enhanced.SequenceStyleGenerator]
[DEBUG] 2019-04-23 15:28:50.279 [http-nio-8080-exec-2] DefaultIdentifierGeneratorFactory - Registering IdentifierGenerator strategy [enhanced-table] -> [org.hibernate.id.enhanced.TableGenerator]
[DEBUG] 2019-04-23 15:28:50.309 [http-nio-8080-exec-2] Namespace - Created database namespace [logicalName=Name{catalog=null, schema=null}, physicalName=Name{catalog=null, schema=null}]
[DEBUG] 2019-04-23 15:28:50.347 [http-nio-8080-exec-2] AnnotationBinder - Binding entity from annotated class: edu.matc.entity.User
[DEBUG] 2019-04-23 15:28:50.377 [http-nio-8080-exec-2] Ejb3Column - Binding column: Ejb3DiscriminatorColumn{logicalColumnName'DTYPE', discriminatorTypeName='string'}
[DEBUG] 2019-04-23 15:28:50.384 [http-nio-8080-exec-2] EntityBinder - Import with entity name User
[DEBUG] 2019-04-23 15:28:50.387 [http-nio-8080-exec-2] EntityBinder - Bind entity edu.matc.entity.User on table users
[DEBUG] 2019-04-23 15:28:50.414 [http-nio-8080-exec-2] Ejb3Column - Binding column: Ejb3Column{table=org.hibernate.mapping.Table(users), mappingColumn=id, insertable=true, updatable=true, unique=false}
[DEBUG] 2019-04-23 15:28:50.418 [http-nio-8080-exec-2] PropertyBinder - MetadataSourceProcessor property id with lazy=false
[DEBUG] 2019-04-23 15:28:50.419 [http-nio-8080-exec-2] AbstractPropertyHolder - Attempting to locate auto-apply AttributeConverter for property [edu.matc.entity.User:id]
[DEBUG] 2019-04-23 15:28:50.421 [http-nio-8080-exec-2] SimpleValueBinder - building SimpleValue for id
[DEBUG] 2019-04-23 15:28:50.423 [http-nio-8080-exec-2] PropertyBinder - Building property id
[DEBUG] 2019-04-23 15:28:50.428 [http-nio-8080-exec-2] Ejb3Column - Binding column: Ejb3Column{table=org.hibernate.mapping.Table(users), mappingColumn=first_name, insertable=true, updatable=true, unique=false}
[DEBUG] 2019-04-23 15:28:50.429 [http-nio-8080-exec-2] PropertyBinder - MetadataSourceProcessor property firstName with lazy=false
[DEBUG] 2019-04-23 15:28:50.429 [http-nio-8080-exec-2] AbstractPropertyHolder - Attempting to locate auto-apply AttributeConverter for property [edu.matc.entity.User:firstName]
[DEBUG] 2019-04-23 15:28:50.429 [http-nio-8080-exec-2] SimpleValueBinder - building SimpleValue for firstName
[DEBUG] 2019-04-23 15:28:50.429 [http-nio-8080-exec-2] PropertyBinder - Building property firstName
[DEBUG] 2019-04-23 15:28:50.429 [http-nio-8080-exec-2] Ejb3Column - Binding column: Ejb3Column{table=org.hibernate.mapping.Table(users), mappingColumn=last_name, insertable=true, updatable=true, unique=false}
[DEBUG] 2019-04-23 15:28:50.429 [http-nio-8080-exec-2] PropertyBinder - MetadataSourceProcessor property lastName with lazy=false
[DEBUG] 2019-04-23 15:28:50.429 [http-nio-8080-exec-2] AbstractPropertyHolder - Attempting to locate auto-apply AttributeConverter for property [edu.matc.entity.User:lastName]
[DEBUG] 2019-04-23 15:28:50.429 [http-nio-8080-exec-2] SimpleValueBinder - building SimpleValue for lastName
[DEBUG] 2019-04-23 15:28:50.429 [http-nio-8080-exec-2] PropertyBinder - Building property lastName
[DEBUG] 2019-04-23 15:28:50.430 [http-nio-8080-exec-2] Ejb3Column - Binding column: Ejb3Column{table=org.hibernate.mapping.Table(users), mappingColumn=password, insertable=true, updatable=true, unique=false}
[DEBUG] 2019-04-23 15:28:50.430 [http-nio-8080-exec-2] PropertyBinder - MetadataSourceProcessor property password with lazy=false
[DEBUG] 2019-04-23 15:28:50.430 [http-nio-8080-exec-2] AbstractPropertyHolder - Attempting to locate auto-apply AttributeConverter for property [edu.matc.entity.User:password]
[DEBUG] 2019-04-23 15:28:50.430 [http-nio-8080-exec-2] SimpleValueBinder - building SimpleValue for password
[DEBUG] 2019-04-23 15:28:50.430 [http-nio-8080-exec-2] PropertyBinder - Building property password
[DEBUG] 2019-04-23 15:28:50.430 [http-nio-8080-exec-2] Ejb3Column - Binding column: Ejb3Column{table=org.hibernate.mapping.Table(users), mappingColumn=steamid, insertable=true, updatable=true, unique=false}
[DEBUG] 2019-04-23 15:28:50.430 [http-nio-8080-exec-2] PropertyBinder - MetadataSourceProcessor property steamID with lazy=false
[DEBUG] 2019-04-23 15:28:50.430 [http-nio-8080-exec-2] AbstractPropertyHolder - Attempting to locate auto-apply AttributeConverter for property [edu.matc.entity.User:steamID]
[DEBUG] 2019-04-23 15:28:50.430 [http-nio-8080-exec-2] SimpleValueBinder - building SimpleValue for steamID
[DEBUG] 2019-04-23 15:28:50.430 [http-nio-8080-exec-2] PropertyBinder - Building property steamID
[DEBUG] 2019-04-23 15:28:50.430 [http-nio-8080-exec-2] Ejb3Column - Binding column: Ejb3Column{table=org.hibernate.mapping.Table(users), mappingColumn=user_name, insertable=true, updatable=true, unique=false}
[DEBUG] 2019-04-23 15:28:50.431 [http-nio-8080-exec-2] PropertyBinder - MetadataSourceProcessor property userName with lazy=false
[DEBUG] 2019-04-23 15:28:50.431 [http-nio-8080-exec-2] AbstractPropertyHolder - Attempting to locate auto-apply AttributeConverter for property [edu.matc.entity.User:userName]
[DEBUG] 2019-04-23 15:28:50.431 [http-nio-8080-exec-2] SimpleValueBinder - building SimpleValue for userName
[DEBUG] 2019-04-23 15:28:50.431 [http-nio-8080-exec-2] PropertyBinder - Building property userName
[DEBUG] 2019-04-23 15:28:50.432 [http-nio-8080-exec-2] AnnotationBinder - Binding entity from annotated class: edu.matc.entity.Role
[DEBUG] 2019-04-23 15:28:50.432 [http-nio-8080-exec-2] Ejb3Column - Binding column: Ejb3DiscriminatorColumn{logicalColumnName'DTYPE', discriminatorTypeName='string'}
[DEBUG] 2019-04-23 15:28:50.432 [http-nio-8080-exec-2] EntityBinder - Import with entity name Role
[DEBUG] 2019-04-23 15:28:50.432 [http-nio-8080-exec-2] EntityBinder - Bind entity edu.matc.entity.Role on table roles
[DEBUG] 2019-04-23 15:28:50.434 [http-nio-8080-exec-2] Ejb3Column - Binding column: Ejb3Column{table=org.hibernate.mapping.Table(roles), mappingColumn=id, insertable=true, updatable=true, unique=false}
[DEBUG] 2019-04-23 15:28:50.434 [http-nio-8080-exec-2] PropertyBinder - MetadataSourceProcessor property id with lazy=false
[DEBUG] 2019-04-23 15:28:50.434 [http-nio-8080-exec-2] AbstractPropertyHolder - Attempting to locate auto-apply AttributeConverter for property [edu.matc.entity.Role:id]
[DEBUG] 2019-04-23 15:28:50.434 [http-nio-8080-exec-2] SimpleValueBinder - building SimpleValue for id
[DEBUG] 2019-04-23 15:28:50.434 [http-nio-8080-exec-2] PropertyBinder - Building property id
[DEBUG] 2019-04-23 15:28:50.435 [http-nio-8080-exec-2] Ejb3Column - Binding column: Ejb3Column{table=org.hibernate.mapping.Table(roles), mappingColumn=role_title, insertable=true, updatable=true, unique=false}
[DEBUG] 2019-04-23 15:28:50.435 [http-nio-8080-exec-2] PropertyBinder - MetadataSourceProcessor property role with lazy=false
[DEBUG] 2019-04-23 15:28:50.435 [http-nio-8080-exec-2] AbstractPropertyHolder - Attempting to locate auto-apply AttributeConverter for property [edu.matc.entity.Role:role]
[DEBUG] 2019-04-23 15:28:50.435 [http-nio-8080-exec-2] SimpleValueBinder - building SimpleValue for role
[DEBUG] 2019-04-23 15:28:50.435 [http-nio-8080-exec-2] PropertyBinder - Building property role
[DEBUG] 2019-04-23 15:28:50.436 [http-nio-8080-exec-2] Ejb3Column - Binding column: Ejb3JoinColumn{logicalColumnName='null', referencedColumn='null', mappedBy='null'}
[DEBUG] 2019-04-23 15:28:50.437 [http-nio-8080-exec-2] Ejb3Column - Binding column: Ejb3Column{table=org.hibernate.mapping.Table(roles), mappingColumn=user, insertable=true, updatable=true, unique=false}
[DEBUG] 2019-04-23 15:28:50.440 [http-nio-8080-exec-2] PropertyBinder - Building property user
[DEBUG] 2019-04-23 15:28:50.441 [http-nio-8080-exec-2] SimpleValueBinder - Starting fillSimpleValue for id
[DEBUG] 2019-04-23 15:28:50.441 [http-nio-8080-exec-2] SimpleValueBinder - Starting fillSimpleValue for firstName
[DEBUG] 2019-04-23 15:28:50.441 [http-nio-8080-exec-2] SimpleValueBinder - Starting fillSimpleValue for lastName
[DEBUG] 2019-04-23 15:28:50.441 [http-nio-8080-exec-2] SimpleValueBinder - Starting fillSimpleValue for password
[DEBUG] 2019-04-23 15:28:50.441 [http-nio-8080-exec-2] SimpleValueBinder - Starting fillSimpleValue for steamID
[DEBUG] 2019-04-23 15:28:50.441 [http-nio-8080-exec-2] SimpleValueBinder - Starting fillSimpleValue for userName
[DEBUG] 2019-04-23 15:28:50.441 [http-nio-8080-exec-2] SimpleValueBinder - Starting fillSimpleValue for id
[DEBUG] 2019-04-23 15:28:50.441 [http-nio-8080-exec-2] SimpleValueBinder - Starting fillSimpleValue for role
[DEBUG] 2019-04-23 15:28:50.446 [http-nio-8080-exec-2] PrimaryKey - Forcing column [id] to be non-null as it is part of the primary key for table [users]
[DEBUG] 2019-04-23 15:28:50.446 [http-nio-8080-exec-2] PrimaryKey - Forcing column [id] to be non-null as it is part of the primary key for table [roles]
[DEBUG] 2019-04-23 15:28:50.446 [http-nio-8080-exec-2] InFlightMetadataCollectorImpl - Resolving reference to class: edu.matc.entity.User
[DEBUG] 2019-04-23 15:28:50.449 [http-nio-8080-exec-2] InFlightMetadataCollectorImpl - Resolving reference to class: edu.matc.entity.User
[DEBUG] 2019-04-23 15:28:51.075 [http-nio-8080-exec-2] SessionFactoryImpl - Building session factory
[DEBUG] 2019-04-23 15:28:51.076 [http-nio-8080-exec-2] Settings - SessionFactory name : null
[DEBUG] 2019-04-23 15:28:51.076 [http-nio-8080-exec-2] Settings - Automatic flush during beforeCompletion(): enabled
[DEBUG] 2019-04-23 15:28:51.076 [http-nio-8080-exec-2] Settings - Automatic session close at end of transaction: disabled
[DEBUG] 2019-04-23 15:28:51.076 [http-nio-8080-exec-2] Settings - Statistics: disabled
[DEBUG] 2019-04-23 15:28:51.076 [http-nio-8080-exec-2] Settings - Deleted entity synthetic identifier rollback: disabled
[DEBUG] 2019-04-23 15:28:51.076 [http-nio-8080-exec-2] Settings - Default entity-mode: pojo
[DEBUG] 2019-04-23 15:28:51.076 [http-nio-8080-exec-2] Settings - Check Nullability in Core (should be disabled when Bean Validation is on): enabled
[DEBUG] 2019-04-23 15:28:51.076 [http-nio-8080-exec-2] Settings - Allow initialization of lazy state outside session : disabled
[DEBUG] 2019-04-23 15:28:51.076 [http-nio-8080-exec-2] Settings - Using BatchFetchStyle : LEGACY
[DEBUG] 2019-04-23 15:28:51.076 [http-nio-8080-exec-2] Settings - Default batch fetch size: -1
[DEBUG] 2019-04-23 15:28:51.076 [http-nio-8080-exec-2] Settings - Maximum outer join fetch depth: 2
[DEBUG] 2019-04-23 15:28:51.076 [http-nio-8080-exec-2] Settings - Default null ordering: NONE
[DEBUG] 2019-04-23 15:28:51.076 [http-nio-8080-exec-2] Settings - Order SQL updates by primary key: disabled
[DEBUG] 2019-04-23 15:28:51.077 [http-nio-8080-exec-2] Settings - Order SQL inserts for batching: disabled
[DEBUG] 2019-04-23 15:28:51.077 [http-nio-8080-exec-2] Settings - multi-tenancy strategy : NONE
[DEBUG] 2019-04-23 15:28:51.077 [http-nio-8080-exec-2] Settings - JTA Track by Thread: enabled
[DEBUG] 2019-04-23 15:28:51.077 [http-nio-8080-exec-2] Settings - Query language substitutions: {}
[DEBUG] 2019-04-23 15:28:51.077 [http-nio-8080-exec-2] Settings - JPA query language strict compliance: disabled
[DEBUG] 2019-04-23 15:28:51.077 [http-nio-8080-exec-2] Settings - Named query checking : enabled
[DEBUG] 2019-04-23 15:28:51.077 [http-nio-8080-exec-2] Settings - Second-level cache: enabled
[DEBUG] 2019-04-23 15:28:51.077 [http-nio-8080-exec-2] Settings - Second-level query cache: disabled
[DEBUG] 2019-04-23 15:28:51.077 [http-nio-8080-exec-2] Settings - Second-level query cache factory: org.hibernate.cache.internal.StandardQueryCacheFactory@7bf45936
[DEBUG] 2019-04-23 15:28:51.077 [http-nio-8080-exec-2] Settings - Second-level cache region prefix: null
[DEBUG] 2019-04-23 15:28:51.077 [http-nio-8080-exec-2] Settings - Optimize second-level cache for minimal puts: disabled
[DEBUG] 2019-04-23 15:28:51.077 [http-nio-8080-exec-2] Settings - Structured second-level cache entries: disabled
[DEBUG] 2019-04-23 15:28:51.077 [http-nio-8080-exec-2] Settings - Second-level cache direct-reference entries: disabled
[DEBUG] 2019-04-23 15:28:51.077 [http-nio-8080-exec-2] Settings - Automatic eviction of collection cache: disabled
[DEBUG] 2019-04-23 15:28:51.077 [http-nio-8080-exec-2] Settings - JDBC batch size: 15
[DEBUG] 2019-04-23 15:28:51.077 [http-nio-8080-exec-2] Settings - JDBC batch updates for versioned data: enabled
[DEBUG] 2019-04-23 15:28:51.077 [http-nio-8080-exec-2] Settings - Scrollable result sets: enabled
[DEBUG] 2019-04-23 15:28:51.078 [http-nio-8080-exec-2] Settings - Wrap result sets: disabled
[DEBUG] 2019-04-23 15:28:51.078 [http-nio-8080-exec-2] Settings - JDBC3 getGeneratedKeys(): enabled
[DEBUG] 2019-04-23 15:28:51.078 [http-nio-8080-exec-2] Settings - JDBC result set fetch size: null
[DEBUG] 2019-04-23 15:28:51.078 [http-nio-8080-exec-2] Settings - Connection release mode: AFTER_TRANSACTION
[DEBUG] 2019-04-23 15:28:51.078 [http-nio-8080-exec-2] Settings - Generate SQL with comments: disabled
[DEBUG] 2019-04-23 15:28:51.137 [http-nio-8080-exec-2] SessionFactoryImpl - Session factory constructed with filter configurations : {}
[DEBUG] 2019-04-23 15:28:51.137 [http-nio-8080-exec-2] SessionFactoryImpl - Instantiating session factory with properties: {awt.toolkit=sun.awt.X11.XToolkit, java.specification.version=1.8, sun.cpu.isalist=, hibernate.c3p0.idle_test_period=3000, sun.jnu.encoding=UTF-8, hibernate.c3p0.min_size=5, sun.arch.data.model=64, catalina.useNaming=true, java.vendor.url=http://java.oracle.com/, openejb.provider.default=org.apache.tomee, sun.boot.library.path=/usr/lib/jvm/java-8-oracle/jre/lib/amd64, com.sun.management.jmxremote.ssl=false, sun.java.command=org.apache.catalina.startup.Bootstrap start, java.specification.vendor=Oracle Corporation, openejb.embedder.source=ServerListener, java.naming.factory.url.pkgs=org.apache.naming:org.apache.openejb.core.ivm.naming, java.home=/usr/lib/jvm/java-8-oracle/jre, file.separator=/, line.separator=
, hibernate.c3p0.timeout=300, java.vm.specification.vendor=Oracle Corporation, java.specification.name=Java Platform API Specification, package.definition=sun.,java.,org.apache.catalina.,org.apache.coyote.,org.apache.jasper.,org.apache.naming.,org.apache.tomcat., openejb.deployments.classpath.filter.systemapps=false, sun.boot.class.path=/usr/lib/jvm/java-8-oracle/jre/lib/resources.jar:/usr/lib/jvm/java-8-oracle/jre/lib/rt.jar:/usr/lib/jvm/java-8-oracle/jre/lib/sunrsasign.jar:/usr/lib/jvm/java-8-oracle/jre/lib/jsse.jar:/usr/lib/jvm/java-8-oracle/jre/lib/jce.jar:/usr/lib/jvm/java-8-oracle/jre/lib/charsets.jar:/usr/lib/jvm/java-8-oracle/jre/lib/jfr.jar:/usr/lib/jvm/java-8-oracle/jre/classes, jdk.tls.ephemeralDHKeySize=2048, java.util.logging.config.file=/home/student/.IntelliJIdea2017.2/system/tomcat/Unnamed_dotaStats/conf/logging.properties, connection.password=student, sun.management.compiler=HotSpot 64-Bit Tiered Compilers, java.runtime.version=1.8.0_144-b01, user.name=student, org.apache.johnzon.max-string-length=8192, file.encoding=UTF-8, derby.system.home=/home/student/tomcat/bin, hibernate.connection.driver_class=com.mysql.jdbc.Driver, java.io.tmpdir=/home/student/tomcat/temp, tomcat.util.scan.StandardJarScanFilter.jarsToScan=log4j-core*.jar,log4j-taglib*.jar,log4javascript*.jar,slf4j-taglib*.jar, com.sun.management.jmxremote.port=1099, java.version=1.8.0_144, tomcat.util.scan.StandardJarScanFilter.jarsToSkip=bootstrap.jar,commons-daemon.jar,tomcat-juli.jar,annotations-api.jar,el-api.jar,jsp-api.jar,servlet-api.jar,websocket-api.jar,jaspic-api.jar,catalina.jar,catalina-ant.jar,catalina-ha.jar,catalina-storeconfig.jar,catalina-tribes.jar,jasper.jar,jasper-el.jar,ecj-*.jar,tomcat-api.jar,tomcat-util.jar,tomcat-util-scan.jar,tomcat-coyote.jar,tomcat-dbcp.jar,tomcat-jni.jar,tomcat-websocket.jar,tomcat-i18n-en.jar,tomcat-i18n-es.jar,tomcat-i18n-fr.jar,tomcat-i18n-ja.jar,tomcat-juli-adapters.jar,catalina-jmx-remote.jar,catalina-ws.jar,tomcat-jdbc.jar,tools.jar,commons-beanutils*.jar,commons-codec*.jar,commons-collections*.jar,commons-dbcp*.jar,commons-digester*.jar,commons-fileupload*.jar,commons-httpclient*.jar,commons-io*.jar,commons-lang*.jar,commons-logging*.jar,commons-math*.jar,commons-pool*.jar,jstl.jar,taglibs-standard-spec-*.jar,geronimo-spec-jaxrpc*.jar,wsdl4j*.jar,ant.jar,ant-junit*.jar,aspectj*.jar,jmx.jar,h2*.jar,hibernate*.jar,httpclient*.jar,jmx-tools.jar,jta*.jar,log4j*.jar,mail*.jar,slf4j*.jar,xercesImpl.jar,xmlParserAPIs.jar,xml-apis.jar,junit.jar,junit-*.jar,ant-launcher.jar,cobertura-*.jar,asm-*.jar,dom4j-*.jar,icu4j-*.jar,jaxen-*.jar,jdom-*.jar,jetty-*.jar,oro-*.jar,servlet-api-*.jar,tagsoup-*.jar,xmlParserAPIs-*.jar,xom-*.jar, connection.username=root, java.vm.specification.name=Java Virtual Machine Specification, java.awt.printerjob=sun.print.PSPrinterJob, sun.os.patch.level=unknown, connection.driver_class=com.mysql.jdbc.Driver, tomcat.built=Jun 9 2016 11:16:29 UTC, java.library.path=/home/student/intellij/bin::/usr/java/packages/lib/amd64:/usr/lib64:/lib64:/lib:/usr/lib, java.vendor=Oracle Corporation, tomee.version=7.0.1, java.rmi.server.randomIDs=true, sun.io.unicode.encoding=UnicodeLittle, tomcat.util.buf.StringCache.byte.enabled=true, sun.desktop=gnome, file.encoding.pkg=sun.io, com.sun.management.jmxremote.authenticate=false, java.class.path=/home/student/tomcat/bin/bootstrap.jar:/home/student/tomcat/bin/tomcat-juli.jar:/home/student/tomcat/lib/openejb-javaagent.jar, tomcat.version=8.5.3.0, java.vm.vendor=Oracle Corporation, openejb.home=/home/student/tomcat, openejb.system.apps=true, user.timezone=America/Chicago, os.name=Linux, java.vm.specification.version=1.8, sun.java.launcher=SUN_STANDARD, user.country=US, openejb.base=/home/student/.IntelliJIdea2017.2/system/tomcat/Unnamed_dotaStats, com.sun.management.jmxremote=, sun.cpu.endian=little, user.home=/home/student, hibernate.c3p0.max_statements=50, user.language=en, openejb.deployments.classpath=false, java.awt.graphicsenv=sun.awt.X11GraphicsEnvironment, package.access=sun.,org.apache.catalina.,org.apache.coyote.,org.apache.jasper.,org.apache.tomcat., openejb.loader=tomcat-system, server.loader=, hibernate.c3p0.max_size=20, java.naming.factory.initial=org.apache.naming.java.javaURLContextFactory, org.apache.openejb.core.security.JaccProvider=org.apache.openejb.core.security.jacc.BasicJaccProvider, path.separator=:, hibernate.connection.username=root, common.loader="/home/student/tomcat/lib","/home/student/tomcat/lib/*.jar","/home/student/tomcat/lib","/home/student/tomcat/lib/*.jar", openejb.java9.hack=false, os.version=4.4.0-57-generic, openejb.version=7.0.1, java.endorsed.dirs=/usr/lib/jvm/java-8-oracle/jre/lib/endorsed, org.apache.security.jacc.EJBMethodPermission.methodInterfaces=BusinessLocalHome,BusinessRemoteHome,BusinessRemote,BusinessLocal, java.runtime.name=Java(TM) SE Runtime Environment, hibernate.connection.url=jdbc:mysql://localhost:3306/dotaStats, java.vm.name=Java HotSpot(TM) 64-Bit Server VM, tomee.remote.support=true, java.vendor.url.bug=http://bugreport.sun.com/bugreport/, catalina.home=/home/student/tomcat, bval.in-container=true, user.dir=/home/student/tomcat/bin, os.arch=amd64, openjpa.Log=org.apache.openejb.openjpa.JULOpenJPALogFactory, hibernate.connection.password=****, tomee.serialization.class.blacklist=-, tomee.serialization.class.whitelist=, catalina.base=/home/student/.IntelliJIdea2017.2/system/tomcat/Unnamed_dotaStats, shared.loader=, hibernate.boot.CfgXmlAccessService.key=org.hibernate.boot.cfgxml.spi.LoadedConfig@12a58daf, java.util.logging.manager=org.apache.juli.ClassLoaderLogManager, noBanner=true, org.apache.webbeans.logger.WebBeansLoggerFacade=org.apache.openejb.cdi.logging.ContainerJULLoggerFactory, java.vm.info=mixed mode, java.vm.version=25.144-b01, hibernate.bytecode.use_reflection_optimizer=false, java.rmi.server.hostname=127.0.0.1, javax.security.jacc.PolicyConfigurationFactory.provider=org.apache.openejb.core.security.JaccProvider$Factory, java.ext.dirs=/usr/lib/jvm/java-8-oracle/jre/lib/ext:/usr/java/packages/lib/ext, connection.url=jdbc:mysql://localhost:3306/dotaStats, java.class.version=52.0, authconfigprovider.factory=false}
[DEBUG] 2019-04-23 15:28:51.156 [http-nio-8080-exec-2] ClassLoaderAccessImpl - Not known whether passed class name [edu.matc.entity.User] is safe
[DEBUG] 2019-04-23 15:28:51.156 [http-nio-8080-exec-2] ClassLoaderAccessImpl - No temp ClassLoader provided; using live ClassLoader for loading potentially unsafe class : edu.matc.entity.User
[DEBUG] 2019-04-23 15:28:51.170 [http-nio-8080-exec-2] ClassLoaderAccessImpl - Not known whether passed class name [edu.matc.entity.Role] is safe
[DEBUG] 2019-04-23 15:28:51.170 [http-nio-8080-exec-2] ClassLoaderAccessImpl - No temp ClassLoader provided; using live ClassLoader for loading potentially unsafe class : edu.matc.entity.Role
[DEBUG] 2019-04-23 15:28:51.173 [http-nio-8080-exec-2] JaccIntegrator - Skipping JACC integration as it was not enabled
[DEBUG] 2019-04-23 15:28:51.177 [http-nio-8080-exec-2] SessionFactoryImpl - Instantiated session factory
[DEBUG] 2019-04-23 15:28:51.217 [http-nio-8080-exec-2] ClassLoaderAccessImpl - Not known whether passed class name [edu.matc.entity.User] is safe
[DEBUG] 2019-04-23 15:28:51.217 [http-nio-8080-exec-2] ClassLoaderAccessImpl - No temp ClassLoader provided; using live ClassLoader for loading potentially unsafe class : edu.matc.entity.User
[DEBUG] 2019-04-23 15:28:51.245 [http-nio-8080-exec-2] ClassLoaderAccessImpl - Not known whether passed class name [edu.matc.entity.User] is safe
[DEBUG] 2019-04-23 15:28:51.245 [http-nio-8080-exec-2] ClassLoaderAccessImpl - No temp ClassLoader provided; using live ClassLoader for loading potentially unsafe class : edu.matc.entity.User
[DEBUG] 2019-04-23 15:28:51.299 [http-nio-8080-exec-2] ClassLoaderAccessImpl - Not known whether passed class name [edu.matc.entity.Role] is safe
[DEBUG] 2019-04-23 15:28:51.299 [http-nio-8080-exec-2] ClassLoaderAccessImpl - No temp ClassLoader provided; using live ClassLoader for loading potentially unsafe class : edu.matc.entity.Role
[DEBUG] 2019-04-23 15:28:51.301 [http-nio-8080-exec-2] ClassLoaderAccessImpl - Not known whether passed class name [edu.matc.entity.Role] is safe
[DEBUG] 2019-04-23 15:28:51.301 [http-nio-8080-exec-2] ClassLoaderAccessImpl - No temp ClassLoader provided; using live ClassLoader for loading potentially unsafe class : edu.matc.entity.Role
[DEBUG] 2019-04-23 15:28:51.307 [http-nio-8080-exec-2] AbstractEntityPersister - Static SQL for entity: edu.matc.entity.User
[DEBUG] 2019-04-23 15:28:51.307 [http-nio-8080-exec-2] AbstractEntityPersister -  Version select: select id from users where id =?
[DEBUG] 2019-04-23 15:28:51.307 [http-nio-8080-exec-2] AbstractEntityPersister -  Snapshot select: select user_.id, user_.first_name as first_na2_1_, user_.last_name as last_nam3_1_, user_.password as password4_1_, user_.steamid as steamid5_1_, user_.user_name as user_nam6_1_ from users user_ where user_.id=?
[DEBUG] 2019-04-23 15:28:51.308 [http-nio-8080-exec-2] AbstractEntityPersister -  Insert 0: insert into users (first_name, last_name, password, steamid, user_name, id) values (?, ?, ?, ?, ?, ?)
[DEBUG] 2019-04-23 15:28:51.308 [http-nio-8080-exec-2] AbstractEntityPersister -  Update 0: update users set first_name=?, last_name=?, password=?, steamid=?, user_name=? where id=?
[DEBUG] 2019-04-23 15:28:51.308 [http-nio-8080-exec-2] AbstractEntityPersister -  Delete 0: delete from users where id=?
[DEBUG] 2019-04-23 15:28:51.308 [http-nio-8080-exec-2] AbstractEntityPersister -  Identity insert: insert into users (first_name, last_name, password, steamid, user_name) values (?, ?, ?, ?, ?)
[DEBUG] 2019-04-23 15:28:51.326 [http-nio-8080-exec-2] QuerySpacesImpl - Adding QuerySpace : uid = <gen:0> -> org.hibernate.loader.plan.build.internal.spaces.EntityQuerySpaceImpl@258e9bf0]
[DEBUG] 2019-04-23 15:28:51.327 [http-nio-8080-exec-2] MetamodelGraphWalker - Visiting attribute path : firstName
[DEBUG] 2019-04-23 15:28:51.327 [http-nio-8080-exec-2] MetamodelGraphWalker - Visiting attribute path : lastName
[DEBUG] 2019-04-23 15:28:51.327 [http-nio-8080-exec-2] MetamodelGraphWalker - Visiting attribute path : password
[DEBUG] 2019-04-23 15:28:51.327 [http-nio-8080-exec-2] MetamodelGraphWalker - Visiting attribute path : steamID
[DEBUG] 2019-04-23 15:28:51.327 [http-nio-8080-exec-2] MetamodelGraphWalker - Visiting attribute path : userName
[DEBUG] 2019-04-23 15:28:51.328 [http-nio-8080-exec-2] FetchStyleLoadPlanBuildingAssociationVisitationStrategy - Building LoadPlan...
[DEBUG] 2019-04-23 15:28:51.338 [http-nio-8080-exec-2] LoadQueryJoinAndFetchProcessor - processing queryspace <gen:0>
[DEBUG] 2019-04-23 15:28:51.342 [http-nio-8080-exec-2] LoadPlanTreePrinter - LoadPlan(entity=edu.matc.entity.User)
    - Returns
       - EntityReturnImpl(entity=edu.matc.entity.User, querySpaceUid=<gen:0>, path=edu.matc.entity.User)
    - QuerySpaces
       - EntityQuerySpaceImpl(uid=<gen:0>, entity=edu.matc.entity.User)
          - SQL table alias mapping - user0_
          - alias suffix - 0_
          - suffixed key columns - {id1_1_0_}

[DEBUG] 2019-04-23 15:28:51.343 [http-nio-8080-exec-2] EntityLoader - Static select for entity edu.matc.entity.User [NONE]: select user0_.id as id1_1_0_, user0_.first_name as first_na2_1_0_, user0_.last_name as last_nam3_1_0_, user0_.password as password4_1_0_, user0_.steamid as steamid5_1_0_, user0_.user_name as user_nam6_1_0_ from users user0_ where user0_.id=?
[DEBUG] 2019-04-23 15:28:51.344 [http-nio-8080-exec-2] QuerySpacesImpl - Adding QuerySpace : uid = <gen:0> -> org.hibernate.loader.plan.build.internal.spaces.EntityQuerySpaceImpl@6b64ae90]
[DEBUG] 2019-04-23 15:28:51.344 [http-nio-8080-exec-2] MetamodelGraphWalker - Visiting attribute path : firstName
[DEBUG] 2019-04-23 15:28:51.344 [http-nio-8080-exec-2] MetamodelGraphWalker - Visiting attribute path : lastName
[DEBUG] 2019-04-23 15:28:51.344 [http-nio-8080-exec-2] MetamodelGraphWalker - Visiting attribute path : password
[DEBUG] 2019-04-23 15:28:51.344 [http-nio-8080-exec-2] MetamodelGraphWalker - Visiting attribute path : steamID
[DEBUG] 2019-04-23 15:28:51.344 [http-nio-8080-exec-2] MetamodelGraphWalker - Visiting attribute path : userName
[DEBUG] 2019-04-23 15:28:51.344 [http-nio-8080-exec-2] FetchStyleLoadPlanBuildingAssociationVisitationStrategy - Building LoadPlan...
[DEBUG] 2019-04-23 15:28:51.344 [http-nio-8080-exec-2] LoadQueryJoinAndFetchProcessor - processing queryspace <gen:0>
[DEBUG] 2019-04-23 15:28:51.344 [http-nio-8080-exec-2] LoadPlanTreePrinter - LoadPlan(entity=edu.matc.entity.User)
    - Returns
       - EntityReturnImpl(entity=edu.matc.entity.User, querySpaceUid=<gen:0>, path=edu.matc.entity.User)
    - QuerySpaces
       - EntityQuerySpaceImpl(uid=<gen:0>, entity=edu.matc.entity.User)
          - SQL table alias mapping - user0_
          - alias suffix - 0_
          - suffixed key columns - {id1_1_0_}

[DEBUG] 2019-04-23 15:28:51.344 [http-nio-8080-exec-2] EntityLoader - Static select for entity edu.matc.entity.User [READ]: select user0_.id as id1_1_0_, user0_.first_name as first_na2_1_0_, user0_.last_name as last_nam3_1_0_, user0_.password as password4_1_0_, user0_.steamid as steamid5_1_0_, user0_.user_name as user_nam6_1_0_ from users user0_ where user0_.id=?
[DEBUG] 2019-04-23 15:28:51.344 [http-nio-8080-exec-2] QuerySpacesImpl - Adding QuerySpace : uid = <gen:0> -> org.hibernate.loader.plan.build.internal.spaces.EntityQuerySpaceImpl@3389cae7]
[DEBUG] 2019-04-23 15:28:51.344 [http-nio-8080-exec-2] MetamodelGraphWalker - Visiting attribute path : firstName
[DEBUG] 2019-04-23 15:28:51.345 [http-nio-8080-exec-2] MetamodelGraphWalker - Visiting attribute path : lastName
[DEBUG] 2019-04-23 15:28:51.345 [http-nio-8080-exec-2] MetamodelGraphWalker - Visiting attribute path : password
[DEBUG] 2019-04-23 15:28:51.345 [http-nio-8080-exec-2] MetamodelGraphWalker - Visiting attribute path : steamID
[DEBUG] 2019-04-23 15:28:51.345 [http-nio-8080-exec-2] MetamodelGraphWalker - Visiting attribute path : userName
[DEBUG] 2019-04-23 15:28:51.345 [http-nio-8080-exec-2] FetchStyleLoadPlanBuildingAssociationVisitationStrategy - Building LoadPlan...
[DEBUG] 2019-04-23 15:28:51.345 [http-nio-8080-exec-2] LoadQueryJoinAndFetchProcessor - processing queryspace <gen:0>
[DEBUG] 2019-04-23 15:28:51.345 [http-nio-8080-exec-2] LoadPlanTreePrinter - LoadPlan(entity=edu.matc.entity.User)
    - Returns
       - EntityReturnImpl(entity=edu.matc.entity.User, querySpaceUid=<gen:0>, path=edu.matc.entity.User)
    - QuerySpaces
       - EntityQuerySpaceImpl(uid=<gen:0>, entity=edu.matc.entity.User)
          - SQL table alias mapping - user0_
          - alias suffix - 0_
          - suffixed key columns - {id1_1_0_}

[DEBUG] 2019-04-23 15:28:51.345 [http-nio-8080-exec-2] EntityLoader - Static select for entity edu.matc.entity.User [UPGRADE]: select user0_.id as id1_1_0_, user0_.first_name as first_na2_1_0_, user0_.last_name as last_nam3_1_0_, user0_.password as password4_1_0_, user0_.steamid as steamid5_1_0_, user0_.user_name as user_nam6_1_0_ from users user0_ where user0_.id=? for update
[DEBUG] 2019-04-23 15:28:51.345 [http-nio-8080-exec-2] QuerySpacesImpl - Adding QuerySpace : uid = <gen:0> -> org.hibernate.loader.plan.build.internal.spaces.EntityQuerySpaceImpl@da864a5]
[DEBUG] 2019-04-23 15:28:51.345 [http-nio-8080-exec-2] MetamodelGraphWalker - Visiting attribute path : firstName
[DEBUG] 2019-04-23 15:28:51.345 [http-nio-8080-exec-2] MetamodelGraphWalker - Visiting attribute path : lastName
[DEBUG] 2019-04-23 15:28:51.345 [http-nio-8080-exec-2] MetamodelGraphWalker - Visiting attribute path : password
[DEBUG] 2019-04-23 15:28:51.345 [http-nio-8080-exec-2] MetamodelGraphWalker - Visiting attribute path : steamID
[DEBUG] 2019-04-23 15:28:51.345 [http-nio-8080-exec-2] MetamodelGraphWalker - Visiting attribute path : userName
[DEBUG] 2019-04-23 15:28:51.345 [http-nio-8080-exec-2] FetchStyleLoadPlanBuildingAssociationVisitationStrategy - Building LoadPlan...
[DEBUG] 2019-04-23 15:28:51.345 [http-nio-8080-exec-2] LoadQueryJoinAndFetchProcessor - processing queryspace <gen:0>
[DEBUG] 2019-04-23 15:28:51.346 [http-nio-8080-exec-2] LoadPlanTreePrinter - LoadPlan(entity=edu.matc.entity.User)
    - Returns
       - EntityReturnImpl(entity=edu.matc.entity.User, querySpaceUid=<gen:0>, path=edu.matc.entity.User)
    - QuerySpaces
       - EntityQuerySpaceImpl(uid=<gen:0>, entity=edu.matc.entity.User)
          - SQL table alias mapping - user0_
          - alias suffix - 0_
          - suffixed key columns - {id1_1_0_}

[DEBUG] 2019-04-23 15:28:51.346 [http-nio-8080-exec-2] EntityLoader - Static select for entity edu.matc.entity.User [UPGRADE_NOWAIT]: select user0_.id as id1_1_0_, user0_.first_name as first_na2_1_0_, user0_.last_name as last_nam3_1_0_, user0_.password as password4_1_0_, user0_.steamid as steamid5_1_0_, user0_.user_name as user_nam6_1_0_ from users user0_ where user0_.id=? for update
[DEBUG] 2019-04-23 15:28:51.346 [http-nio-8080-exec-2] QuerySpacesImpl - Adding QuerySpace : uid = <gen:0> -> org.hibernate.loader.plan.build.internal.spaces.EntityQuerySpaceImpl@6bac226f]
[DEBUG] 2019-04-23 15:28:51.346 [http-nio-8080-exec-2] MetamodelGraphWalker - Visiting attribute path : firstName
[DEBUG] 2019-04-23 15:28:51.346 [http-nio-8080-exec-2] MetamodelGraphWalker - Visiting attribute path : lastName
[DEBUG] 2019-04-23 15:28:51.346 [http-nio-8080-exec-2] MetamodelGraphWalker - Visiting attribute path : password
[DEBUG] 2019-04-23 15:28:51.346 [http-nio-8080-exec-2] MetamodelGraphWalker - Visiting attribute path : steamID
[DEBUG] 2019-04-23 15:28:51.346 [http-nio-8080-exec-2] MetamodelGraphWalker - Visiting attribute path : userName
[DEBUG] 2019-04-23 15:28:51.346 [http-nio-8080-exec-2] FetchStyleLoadPlanBuildingAssociationVisitationStrategy - Building LoadPlan...
[DEBUG] 2019-04-23 15:28:51.346 [http-nio-8080-exec-2] LoadQueryJoinAndFetchProcessor - processing queryspace <gen:0>
[DEBUG] 2019-04-23 15:28:51.346 [http-nio-8080-exec-2] LoadPlanTreePrinter - LoadPlan(entity=edu.matc.entity.User)
    - Returns
       - EntityReturnImpl(entity=edu.matc.entity.User, querySpaceUid=<gen:0>, path=edu.matc.entity.User)
    - QuerySpaces
       - EntityQuerySpaceImpl(uid=<gen:0>, entity=edu.matc.entity.User)
          - SQL table alias mapping - user0_
          - alias suffix - 0_
          - suffixed key columns - {id1_1_0_}

[DEBUG] 2019-04-23 15:28:51.346 [http-nio-8080-exec-2] EntityLoader - Static select for entity edu.matc.entity.User [UPGRADE_SKIPLOCKED]: select user0_.id as id1_1_0_, user0_.first_name as first_na2_1_0_, user0_.last_name as last_nam3_1_0_, user0_.password as password4_1_0_, user0_.steamid as steamid5_1_0_, user0_.user_name as user_nam6_1_0_ from users user0_ where user0_.id=? for update
[DEBUG] 2019-04-23 15:28:51.346 [http-nio-8080-exec-2] QuerySpacesImpl - Adding QuerySpace : uid = <gen:0> -> org.hibernate.loader.plan.build.internal.spaces.EntityQuerySpaceImpl@547b62bb]
[DEBUG] 2019-04-23 15:28:51.346 [http-nio-8080-exec-2] MetamodelGraphWalker - Visiting attribute path : firstName
[DEBUG] 2019-04-23 15:28:51.347 [http-nio-8080-exec-2] MetamodelGraphWalker - Visiting attribute path : lastName
[DEBUG] 2019-04-23 15:28:51.347 [http-nio-8080-exec-2] MetamodelGraphWalker - Visiting attribute path : password
[DEBUG] 2019-04-23 15:28:51.347 [http-nio-8080-exec-2] MetamodelGraphWalker - Visiting attribute path : steamID
[DEBUG] 2019-04-23 15:28:51.347 [http-nio-8080-exec-2] MetamodelGraphWalker - Visiting attribute path : userName
[DEBUG] 2019-04-23 15:28:51.347 [http-nio-8080-exec-2] FetchStyleLoadPlanBuildingAssociationVisitationStrategy - Building LoadPlan...
[DEBUG] 2019-04-23 15:28:51.347 [http-nio-8080-exec-2] LoadQueryJoinAndFetchProcessor - processing queryspace <gen:0>
[DEBUG] 2019-04-23 15:28:51.347 [http-nio-8080-exec-2] LoadPlanTreePrinter - LoadPlan(entity=edu.matc.entity.User)
    - Returns
       - EntityReturnImpl(entity=edu.matc.entity.User, querySpaceUid=<gen:0>, path=edu.matc.entity.User)
    - QuerySpaces
       - EntityQuerySpaceImpl(uid=<gen:0>, entity=edu.matc.entity.User)
          - SQL table alias mapping - user0_
          - alias suffix - 0_
          - suffixed key columns - {id1_1_0_}

[DEBUG] 2019-04-23 15:28:51.347 [http-nio-8080-exec-2] EntityLoader - Static select for entity edu.matc.entity.User [FORCE]: select user0_.id as id1_1_0_, user0_.first_name as first_na2_1_0_, user0_.last_name as last_nam3_1_0_, user0_.password as password4_1_0_, user0_.steamid as steamid5_1_0_, user0_.user_name as user_nam6_1_0_ from users user0_ where user0_.id=? for update
[DEBUG] 2019-04-23 15:28:51.347 [http-nio-8080-exec-2] QuerySpacesImpl - Adding QuerySpace : uid = <gen:0> -> org.hibernate.loader.plan.build.internal.spaces.EntityQuerySpaceImpl@30ca3421]
[DEBUG] 2019-04-23 15:28:51.347 [http-nio-8080-exec-2] MetamodelGraphWalker - Visiting attribute path : firstName
[DEBUG] 2019-04-23 15:28:51.347 [http-nio-8080-exec-2] MetamodelGraphWalker - Visiting attribute path : lastName
[DEBUG] 2019-04-23 15:28:51.347 [http-nio-8080-exec-2] MetamodelGraphWalker - Visiting attribute path : password
[DEBUG] 2019-04-23 15:28:51.347 [http-nio-8080-exec-2] MetamodelGraphWalker - Visiting attribute path : steamID
[DEBUG] 2019-04-23 15:28:51.347 [http-nio-8080-exec-2] MetamodelGraphWalker - Visiting attribute path : userName
[DEBUG] 2019-04-23 15:28:51.347 [http-nio-8080-exec-2] FetchStyleLoadPlanBuildingAssociationVisitationStrategy - Building LoadPlan...
[DEBUG] 2019-04-23 15:28:51.347 [http-nio-8080-exec-2] LoadQueryJoinAndFetchProcessor - processing queryspace <gen:0>
[DEBUG] 2019-04-23 15:28:51.348 [http-nio-8080-exec-2] LoadPlanTreePrinter - LoadPlan(entity=edu.matc.entity.User)
    - Returns
       - EntityReturnImpl(entity=edu.matc.entity.User, querySpaceUid=<gen:0>, path=edu.matc.entity.User)
    - QuerySpaces
       - EntityQuerySpaceImpl(uid=<gen:0>, entity=edu.matc.entity.User)
          - SQL table alias mapping - user0_
          - alias suffix - 0_
          - suffixed key columns - {id1_1_0_}

[DEBUG] 2019-04-23 15:28:51.348 [http-nio-8080-exec-2] EntityLoader - Static select for entity edu.matc.entity.User [PESSIMISTIC_READ]: select user0_.id as id1_1_0_, user0_.first_name as first_na2_1_0_, user0_.last_name as last_nam3_1_0_, user0_.password as password4_1_0_, user0_.steamid as steamid5_1_0_, user0_.user_name as user_nam6_1_0_ from users user0_ where user0_.id=? lock in share mode
[DEBUG] 2019-04-23 15:28:51.348 [http-nio-8080-exec-2] QuerySpacesImpl - Adding QuerySpace : uid = <gen:0> -> org.hibernate.loader.plan.build.internal.spaces.EntityQuerySpaceImpl@604ccbc1]
[DEBUG] 2019-04-23 15:28:51.348 [http-nio-8080-exec-2] MetamodelGraphWalker - Visiting attribute path : firstName
[DEBUG] 2019-04-23 15:28:51.348 [http-nio-8080-exec-2] MetamodelGraphWalker - Visiting attribute path : lastName
[DEBUG] 2019-04-23 15:28:51.348 [http-nio-8080-exec-2] MetamodelGraphWalker - Visiting attribute path : password
[DEBUG] 2019-04-23 15:28:51.348 [http-nio-8080-exec-2] MetamodelGraphWalker - Visiting attribute path : steamID
[DEBUG] 2019-04-23 15:28:51.348 [http-nio-8080-exec-2] MetamodelGraphWalker - Visiting attribute path : userName
[DEBUG] 2019-04-23 15:28:51.348 [http-nio-8080-exec-2] FetchStyleLoadPlanBuildingAssociationVisitationStrategy - Building LoadPlan...
[DEBUG] 2019-04-23 15:28:51.348 [http-nio-8080-exec-2] LoadQueryJoinAndFetchProcessor - processing queryspace <gen:0>
[DEBUG] 2019-04-23 15:28:51.348 [http-nio-8080-exec-2] LoadPlanTreePrinter - LoadPlan(entity=edu.matc.entity.User)
    - Returns
       - EntityReturnImpl(entity=edu.matc.entity.User, querySpaceUid=<gen:0>, path=edu.matc.entity.User)
    - QuerySpaces
       - EntityQuerySpaceImpl(uid=<gen:0>, entity=edu.matc.entity.User)
          - SQL table alias mapping - user0_
          - alias suffix - 0_
          - suffixed key columns - {id1_1_0_}

[DEBUG] 2019-04-23 15:28:51.348 [http-nio-8080-exec-2] EntityLoader - Static select for entity edu.matc.entity.User [PESSIMISTIC_WRITE]: select user0_.id as id1_1_0_, user0_.first_name as first_na2_1_0_, user0_.last_name as last_nam3_1_0_, user0_.password as password4_1_0_, user0_.steamid as steamid5_1_0_, user0_.user_name as user_nam6_1_0_ from users user0_ where user0_.id=? for update
[DEBUG] 2019-04-23 15:28:51.348 [http-nio-8080-exec-2] QuerySpacesImpl - Adding QuerySpace : uid = <gen:0> -> org.hibernate.loader.plan.build.internal.spaces.EntityQuerySpaceImpl@45cfc718]
[DEBUG] 2019-04-23 15:28:51.348 [http-nio-8080-exec-2] MetamodelGraphWalker - Visiting attribute path : firstName
[DEBUG] 2019-04-23 15:28:51.348 [http-nio-8080-exec-2] MetamodelGraphWalker - Visiting attribute path : lastName
[DEBUG] 2019-04-23 15:28:51.348 [http-nio-8080-exec-2] MetamodelGraphWalker - Visiting attribute path : password
[DEBUG] 2019-04-23 15:28:51.348 [http-nio-8080-exec-2] MetamodelGraphWalker - Visiting attribute path : steamID
[DEBUG] 2019-04-23 15:28:51.349 [http-nio-8080-exec-2] MetamodelGraphWalker - Visiting attribute path : userName
[DEBUG] 2019-04-23 15:28:51.349 [http-nio-8080-exec-2] FetchStyleLoadPlanBuildingAssociationVisitationStrategy - Building LoadPlan...
[DEBUG] 2019-04-23 15:28:51.349 [http-nio-8080-exec-2] LoadQueryJoinAndFetchProcessor - processing queryspace <gen:0>
[DEBUG] 2019-04-23 15:28:51.349 [http-nio-8080-exec-2] LoadPlanTreePrinter - LoadPlan(entity=edu.matc.entity.User)
    - Returns
       - EntityReturnImpl(entity=edu.matc.entity.User, querySpaceUid=<gen:0>, path=edu.matc.entity.User)
    - QuerySpaces
       - EntityQuerySpaceImpl(uid=<gen:0>, entity=edu.matc.entity.User)
          - SQL table alias mapping - user0_
          - alias suffix - 0_
          - suffixed key columns - {id1_1_0_}

[DEBUG] 2019-04-23 15:28:51.349 [http-nio-8080-exec-2] EntityLoader - Static select for entity edu.matc.entity.User [PESSIMISTIC_FORCE_INCREMENT]: select user0_.id as id1_1_0_, user0_.first_name as first_na2_1_0_, user0_.last_name as last_nam3_1_0_, user0_.password as password4_1_0_, user0_.steamid as steamid5_1_0_, user0_.user_name as user_nam6_1_0_ from users user0_ where user0_.id=? for update
[DEBUG] 2019-04-23 15:28:51.349 [http-nio-8080-exec-2] QuerySpacesImpl - Adding QuerySpace : uid = <gen:0> -> org.hibernate.loader.plan.build.internal.spaces.EntityQuerySpaceImpl@446090f2]
[DEBUG] 2019-04-23 15:28:51.349 [http-nio-8080-exec-2] MetamodelGraphWalker - Visiting attribute path : firstName
[DEBUG] 2019-04-23 15:28:51.349 [http-nio-8080-exec-2] MetamodelGraphWalker - Visiting attribute path : lastName
[DEBUG] 2019-04-23 15:28:51.349 [http-nio-8080-exec-2] MetamodelGraphWalker - Visiting attribute path : password
[DEBUG] 2019-04-23 15:28:51.349 [http-nio-8080-exec-2] MetamodelGraphWalker - Visiting attribute path : steamID
[DEBUG] 2019-04-23 15:28:51.349 [http-nio-8080-exec-2] MetamodelGraphWalker - Visiting attribute path : userName
[DEBUG] 2019-04-23 15:28:51.349 [http-nio-8080-exec-2] FetchStyleLoadPlanBuildingAssociationVisitationStrategy - Building LoadPlan...
[DEBUG] 2019-04-23 15:28:51.349 [http-nio-8080-exec-2] LoadQueryJoinAndFetchProcessor - processing queryspace <gen:0>
[DEBUG] 2019-04-23 15:28:51.349 [http-nio-8080-exec-2] LoadPlanTreePrinter - LoadPlan(entity=edu.matc.entity.User)
    - Returns
       - EntityReturnImpl(entity=edu.matc.entity.User, querySpaceUid=<gen:0>, path=edu.matc.entity.User)
    - QuerySpaces
       - EntityQuerySpaceImpl(uid=<gen:0>, entity=edu.matc.entity.User)
          - SQL table alias mapping - user0_
          - alias suffix - 0_
          - suffixed key columns - {id1_1_0_}

[DEBUG] 2019-04-23 15:28:51.349 [http-nio-8080-exec-2] EntityLoader - Static select for entity edu.matc.entity.User [OPTIMISTIC]: select user0_.id as id1_1_0_, user0_.first_name as first_na2_1_0_, user0_.last_name as last_nam3_1_0_, user0_.password as password4_1_0_, user0_.steamid as steamid5_1_0_, user0_.user_name as user_nam6_1_0_ from users user0_ where user0_.id=?
[DEBUG] 2019-04-23 15:28:51.350 [http-nio-8080-exec-2] QuerySpacesImpl - Adding QuerySpace : uid = <gen:0> -> org.hibernate.loader.plan.build.internal.spaces.EntityQuerySpaceImpl@77c57c81]
[DEBUG] 2019-04-23 15:28:51.350 [http-nio-8080-exec-2] MetamodelGraphWalker - Visiting attribute path : firstName
[DEBUG] 2019-04-23 15:28:51.350 [http-nio-8080-exec-2] MetamodelGraphWalker - Visiting attribute path : lastName
[DEBUG] 2019-04-23 15:28:51.350 [http-nio-8080-exec-2] MetamodelGraphWalker - Visiting attribute path : password
[DEBUG] 2019-04-23 15:28:51.350 [http-nio-8080-exec-2] MetamodelGraphWalker - Visiting attribute path : steamID
[DEBUG] 2019-04-23 15:28:51.350 [http-nio-8080-exec-2] MetamodelGraphWalker - Visiting attribute path : userName
[DEBUG] 2019-04-23 15:28:51.350 [http-nio-8080-exec-2] FetchStyleLoadPlanBuildingAssociationVisitationStrategy - Building LoadPlan...
[DEBUG] 2019-04-23 15:28:51.350 [http-nio-8080-exec-2] LoadQueryJoinAndFetchProcessor - processing queryspace <gen:0>
[DEBUG] 2019-04-23 15:28:51.350 [http-nio-8080-exec-2] LoadPlanTreePrinter - LoadPlan(entity=edu.matc.entity.User)
    - Returns
       - EntityReturnImpl(entity=edu.matc.entity.User, querySpaceUid=<gen:0>, path=edu.matc.entity.User)
    - QuerySpaces
       - EntityQuerySpaceImpl(uid=<gen:0>, entity=edu.matc.entity.User)
          - SQL table alias mapping - user0_
          - alias suffix - 0_
          - suffixed key columns - {id1_1_0_}

[DEBUG] 2019-04-23 15:28:51.350 [http-nio-8080-exec-2] EntityLoader - Static select for entity edu.matc.entity.User [OPTIMISTIC_FORCE_INCREMENT]: select user0_.id as id1_1_0_, user0_.first_name as first_na2_1_0_, user0_.last_name as last_nam3_1_0_, user0_.password as password4_1_0_, user0_.steamid as steamid5_1_0_, user0_.user_name as user_nam6_1_0_ from users user0_ where user0_.id=?
[DEBUG] 2019-04-23 15:28:51.362 [http-nio-8080-exec-2] Loader - Static select for action ACTION_MERGE on entity edu.matc.entity.User: select user0_.id as id1_1_0_, user0_.first_name as first_na2_1_0_, user0_.last_name as last_nam3_1_0_, user0_.password as password4_1_0_, user0_.steamid as steamid5_1_0_, user0_.user_name as user_nam6_1_0_ from users user0_ where user0_.id=?
[DEBUG] 2019-04-23 15:28:51.363 [http-nio-8080-exec-2] Loader - Static select for action ACTION_REFRESH on entity edu.matc.entity.User: select user0_.id as id1_1_0_, user0_.first_name as first_na2_1_0_, user0_.last_name as last_nam3_1_0_, user0_.password as password4_1_0_, user0_.steamid as steamid5_1_0_, user0_.user_name as user_nam6_1_0_ from users user0_ where user0_.id=?
[DEBUG] 2019-04-23 15:28:51.363 [http-nio-8080-exec-2] AbstractEntityPersister - Static SQL for entity: edu.matc.entity.Role
[DEBUG] 2019-04-23 15:28:51.363 [http-nio-8080-exec-2] AbstractEntityPersister -  Version select: select id from roles where id =?
[DEBUG] 2019-04-23 15:28:51.363 [http-nio-8080-exec-2] AbstractEntityPersister -  Snapshot select: select role_.id, role_.role_title as role_tit2_0_, role_.user_id as user_id3_0_ from roles role_ where role_.id=?
[DEBUG] 2019-04-23 15:28:51.363 [http-nio-8080-exec-2] AbstractEntityPersister -  Insert 0: insert into roles (role_title, user_id, id) values (?, ?, ?)
[DEBUG] 2019-04-23 15:28:51.363 [http-nio-8080-exec-2] AbstractEntityPersister -  Update 0: update roles set role_title=?, user_id=? where id=?
[DEBUG] 2019-04-23 15:28:51.363 [http-nio-8080-exec-2] AbstractEntityPersister -  Delete 0: delete from roles where id=?
[DEBUG] 2019-04-23 15:28:51.363 [http-nio-8080-exec-2] AbstractEntityPersister -  Identity insert: insert into roles (role_title, user_id) values (?, ?)
[DEBUG] 2019-04-23 15:28:51.363 [http-nio-8080-exec-2] QuerySpacesImpl - Adding QuerySpace : uid = <gen:0> -> org.hibernate.loader.plan.build.internal.spaces.EntityQuerySpaceImpl@7680715f]
[DEBUG] 2019-04-23 15:28:51.363 [http-nio-8080-exec-2] MetamodelGraphWalker - Visiting attribute path : role
[DEBUG] 2019-04-23 15:28:51.363 [http-nio-8080-exec-2] MetamodelGraphWalker - Visiting attribute path : user
[DEBUG] 2019-04-23 15:28:51.367 [http-nio-8080-exec-2] QuerySpacesImpl - Adding QuerySpace : uid = <gen:1> -> org.hibernate.loader.plan.build.internal.spaces.EntityQuerySpaceImpl@2afd9df3]
[DEBUG] 2019-04-23 15:28:51.368 [http-nio-8080-exec-2] MetamodelGraphWalker - Visiting attribute path : user.firstName
[DEBUG] 2019-04-23 15:28:51.368 [http-nio-8080-exec-2] MetamodelGraphWalker - Visiting attribute path : user.lastName
[DEBUG] 2019-04-23 15:28:51.368 [http-nio-8080-exec-2] MetamodelGraphWalker - Visiting attribute path : user.password
[DEBUG] 2019-04-23 15:28:51.368 [http-nio-8080-exec-2] MetamodelGraphWalker - Visiting attribute path : user.steamID
[DEBUG] 2019-04-23 15:28:51.368 [http-nio-8080-exec-2] MetamodelGraphWalker - Visiting attribute path : user.userName
[DEBUG] 2019-04-23 15:28:51.368 [http-nio-8080-exec-2] FetchStyleLoadPlanBuildingAssociationVisitationStrategy - Building LoadPlan...
[DEBUG] 2019-04-23 15:28:51.368 [http-nio-8080-exec-2] LoadQueryJoinAndFetchProcessor - processing queryspace <gen:0>
[DEBUG] 2019-04-23 15:28:51.369 [http-nio-8080-exec-2] LoadPlanTreePrinter - LoadPlan(entity=edu.matc.entity.Role)
    - Returns
       - EntityReturnImpl(entity=edu.matc.entity.Role, querySpaceUid=<gen:0>, path=edu.matc.entity.Role)
          - EntityAttributeFetchImpl(entity=edu.matc.entity.User, querySpaceUid=<gen:1>, path=edu.matc.entity.Role.user)
    - QuerySpaces
       - EntityQuerySpaceImpl(uid=<gen:0>, entity=edu.matc.entity.Role)
          - SQL table alias mapping - role0_
          - alias suffix - 0_
          - suffixed key columns - {id1_0_0_}
          - JOIN (JoinDefinedByMetadata(user)) : <gen:0> -> <gen:1>
             - EntityQuerySpaceImpl(uid=<gen:1>, entity=edu.matc.entity.User)
                - SQL table alias mapping - user1_
                - alias suffix - 1_
                - suffixed key columns - {id1_1_1_}

[DEBUG] 2019-04-23 15:28:51.369 [http-nio-8080-exec-2] EntityLoader - Static select for entity edu.matc.entity.Role [NONE]: select role0_.id as id1_0_0_, role0_.role_title as role_tit2_0_0_, role0_.user_id as user_id3_0_0_, user1_.id as id1_1_1_, user1_.first_name as first_na2_1_1_, user1_.last_name as last_nam3_1_1_, user1_.password as password4_1_1_, user1_.steamid as steamid5_1_1_, user1_.user_name as user_nam6_1_1_ from roles role0_ left outer join users user1_ on role0_.user_id=user1_.id where role0_.id=?
[DEBUG] 2019-04-23 15:28:51.369 [http-nio-8080-exec-2] QuerySpacesImpl - Adding QuerySpace : uid = <gen:0> -> org.hibernate.loader.plan.build.internal.spaces.EntityQuerySpaceImpl@65b4a054]
[DEBUG] 2019-04-23 15:28:51.369 [http-nio-8080-exec-2] MetamodelGraphWalker - Visiting attribute path : role
[DEBUG] 2019-04-23 15:28:51.369 [http-nio-8080-exec-2] MetamodelGraphWalker - Visiting attribute path : user
[DEBUG] 2019-04-23 15:28:51.369 [http-nio-8080-exec-2] QuerySpacesImpl - Adding QuerySpace : uid = <gen:1> -> org.hibernate.loader.plan.build.internal.spaces.EntityQuerySpaceImpl@34cbdc6a]
[DEBUG] 2019-04-23 15:28:51.370 [http-nio-8080-exec-2] MetamodelGraphWalker - Visiting attribute path : user.firstName
[DEBUG] 2019-04-23 15:28:51.370 [http-nio-8080-exec-2] MetamodelGraphWalker - Visiting attribute path : user.lastName
[DEBUG] 2019-04-23 15:28:51.370 [http-nio-8080-exec-2] MetamodelGraphWalker - Visiting attribute path : user.password
[DEBUG] 2019-04-23 15:28:51.370 [http-nio-8080-exec-2] MetamodelGraphWalker - Visiting attribute path : user.steamID
[DEBUG] 2019-04-23 15:28:51.370 [http-nio-8080-exec-2] MetamodelGraphWalker - Visiting attribute path : user.userName
[DEBUG] 2019-04-23 15:28:51.370 [http-nio-8080-exec-2] FetchStyleLoadPlanBuildingAssociationVisitationStrategy - Building LoadPlan...
[DEBUG] 2019-04-23 15:28:51.370 [http-nio-8080-exec-2] LoadQueryJoinAndFetchProcessor - processing queryspace <gen:0>
[DEBUG] 2019-04-23 15:28:51.370 [http-nio-8080-exec-2] LoadPlanTreePrinter - LoadPlan(entity=edu.matc.entity.Role)
    - Returns
       - EntityReturnImpl(entity=edu.matc.entity.Role, querySpaceUid=<gen:0>, path=edu.matc.entity.Role)
          - EntityAttributeFetchImpl(entity=edu.matc.entity.User, querySpaceUid=<gen:1>, path=edu.matc.entity.Role.user)
    - QuerySpaces
       - EntityQuerySpaceImpl(uid=<gen:0>, entity=edu.matc.entity.Role)
          - SQL table alias mapping - role0_
          - alias suffix - 0_
          - suffixed key columns - {id1_0_0_}
          - JOIN (JoinDefinedByMetadata(user)) : <gen:0> -> <gen:1>
             - EntityQuerySpaceImpl(uid=<gen:1>, entity=edu.matc.entity.User)
                - SQL table alias mapping - user1_
                - alias suffix - 1_
                - suffixed key columns - {id1_1_1_}

[DEBUG] 2019-04-23 15:28:51.370 [http-nio-8080-exec-2] EntityLoader - Static select for entity edu.matc.entity.Role [READ]: select role0_.id as id1_0_0_, role0_.role_title as role_tit2_0_0_, role0_.user_id as user_id3_0_0_, user1_.id as id1_1_1_, user1_.first_name as first_na2_1_1_, user1_.last_name as last_nam3_1_1_, user1_.password as password4_1_1_, user1_.steamid as steamid5_1_1_, user1_.user_name as user_nam6_1_1_ from roles role0_ left outer join users user1_ on role0_.user_id=user1_.id where role0_.id=?
[DEBUG] 2019-04-23 15:28:51.370 [http-nio-8080-exec-2] QuerySpacesImpl - Adding QuerySpace : uid = <gen:0> -> org.hibernate.loader.plan.build.internal.spaces.EntityQuerySpaceImpl@20c514e3]
[DEBUG] 2019-04-23 15:28:51.370 [http-nio-8080-exec-2] MetamodelGraphWalker - Visiting attribute path : role
[DEBUG] 2019-04-23 15:28:51.370 [http-nio-8080-exec-2] MetamodelGraphWalker - Visiting attribute path : user
[DEBUG] 2019-04-23 15:28:51.370 [http-nio-8080-exec-2] QuerySpacesImpl - Adding QuerySpace : uid = <gen:1> -> org.hibernate.loader.plan.build.internal.spaces.EntityQuerySpaceImpl@f83c82b]
[DEBUG] 2019-04-23 15:28:51.371 [http-nio-8080-exec-2] FetchStyleLoadPlanBuildingAssociationVisitationStrategy - Building LoadPlan...
[DEBUG] 2019-04-23 15:28:51.371 [http-nio-8080-exec-2] LoadQueryJoinAndFetchProcessor - processing queryspace <gen:0>
[DEBUG] 2019-04-23 15:28:51.371 [http-nio-8080-exec-2] LoadPlanTreePrinter - LoadPlan(entity=edu.matc.entity.Role)
    - Returns
       - EntityReturnImpl(entity=edu.matc.entity.Role, querySpaceUid=<gen:0>, path=edu.matc.entity.Role)
          - EntityAttributeFetchImpl(entity=edu.matc.entity.User, querySpaceUid=<gen:1>, path=edu.matc.entity.Role.user)
    - QuerySpaces
       - EntityQuerySpaceImpl(uid=<gen:0>, entity=edu.matc.entity.Role)
          - SQL table alias mapping - role0_
          - alias suffix - 0_
          - suffixed key columns - {id1_0_0_}

[DEBUG] 2019-04-23 15:28:51.371 [http-nio-8080-exec-2] EntityLoader - Static select for entity edu.matc.entity.Role [UPGRADE]: select role0_.id as id1_0_0_, role0_.role_title as role_tit2_0_0_, role0_.user_id as user_id3_0_0_ from roles role0_ where role0_.id=? for update
[DEBUG] 2019-04-23 15:28:51.371 [http-nio-8080-exec-2] QuerySpacesImpl - Adding QuerySpace : uid = <gen:0> -> org.hibernate.loader.plan.build.internal.spaces.EntityQuerySpaceImpl@7238395c]
[DEBUG] 2019-04-23 15:28:51.371 [http-nio-8080-exec-2] MetamodelGraphWalker - Visiting attribute path : role
[DEBUG] 2019-04-23 15:28:51.371 [http-nio-8080-exec-2] MetamodelGraphWalker - Visiting attribute path : user
[DEBUG] 2019-04-23 15:28:51.371 [http-nio-8080-exec-2] QuerySpacesImpl - Adding QuerySpace : uid = <gen:1> -> org.hibernate.loader.plan.build.internal.spaces.EntityQuerySpaceImpl@14fedc93]
[DEBUG] 2019-04-23 15:28:51.371 [http-nio-8080-exec-2] FetchStyleLoadPlanBuildingAssociationVisitationStrategy - Building LoadPlan...
[DEBUG] 2019-04-23 15:28:51.371 [http-nio-8080-exec-2] LoadQueryJoinAndFetchProcessor - processing queryspace <gen:0>
[DEBUG] 2019-04-23 15:28:51.371 [http-nio-8080-exec-2] LoadPlanTreePrinter - LoadPlan(entity=edu.matc.entity.Role)
    - Returns
       - EntityReturnImpl(entity=edu.matc.entity.Role, querySpaceUid=<gen:0>, path=edu.matc.entity.Role)
          - EntityAttributeFetchImpl(entity=edu.matc.entity.User, querySpaceUid=<gen:1>, path=edu.matc.entity.Role.user)
    - QuerySpaces
       - EntityQuerySpaceImpl(uid=<gen:0>, entity=edu.matc.entity.Role)
          - SQL table alias mapping - role0_
          - alias suffix - 0_
          - suffixed key columns - {id1_0_0_}

[DEBUG] 2019-04-23 15:28:51.371 [http-nio-8080-exec-2] EntityLoader - Static select for entity edu.matc.entity.Role [UPGRADE_NOWAIT]: select role0_.id as id1_0_0_, role0_.role_title as role_tit2_0_0_, role0_.user_id as user_id3_0_0_ from roles role0_ where role0_.id=? for update
[DEBUG] 2019-04-23 15:28:51.372 [http-nio-8080-exec-2] QuerySpacesImpl - Adding QuerySpace : uid = <gen:0> -> org.hibernate.loader.plan.build.internal.spaces.EntityQuerySpaceImpl@52d8cb7]
[DEBUG] 2019-04-23 15:28:51.372 [http-nio-8080-exec-2] MetamodelGraphWalker - Visiting attribute path : role
[DEBUG] 2019-04-23 15:28:51.372 [http-nio-8080-exec-2] MetamodelGraphWalker - Visiting attribute path : user
[DEBUG] 2019-04-23 15:28:51.372 [http-nio-8080-exec-2] QuerySpacesImpl - Adding QuerySpace : uid = <gen:1> -> org.hibernate.loader.plan.build.internal.spaces.EntityQuerySpaceImpl@5e195557]
[DEBUG] 2019-04-23 15:28:51.372 [http-nio-8080-exec-2] FetchStyleLoadPlanBuildingAssociationVisitationStrategy - Building LoadPlan...
[DEBUG] 2019-04-23 15:28:51.372 [http-nio-8080-exec-2] LoadQueryJoinAndFetchProcessor - processing queryspace <gen:0>
[DEBUG] 2019-04-23 15:28:51.372 [http-nio-8080-exec-2] LoadPlanTreePrinter - LoadPlan(entity=edu.matc.entity.Role)
    - Returns
       - EntityReturnImpl(entity=edu.matc.entity.Role, querySpaceUid=<gen:0>, path=edu.matc.entity.Role)
          - EntityAttributeFetchImpl(entity=edu.matc.entity.User, querySpaceUid=<gen:1>, path=edu.matc.entity.Role.user)
    - QuerySpaces
       - EntityQuerySpaceImpl(uid=<gen:0>, entity=edu.matc.entity.Role)
          - SQL table alias mapping - role0_
          - alias suffix - 0_
          - suffixed key columns - {id1_0_0_}

[DEBUG] 2019-04-23 15:28:51.372 [http-nio-8080-exec-2] EntityLoader - Static select for entity edu.matc.entity.Role [UPGRADE_SKIPLOCKED]: select role0_.id as id1_0_0_, role0_.role_title as role_tit2_0_0_, role0_.user_id as user_id3_0_0_ from roles role0_ where role0_.id=? for update
[DEBUG] 2019-04-23 15:28:51.372 [http-nio-8080-exec-2] QuerySpacesImpl - Adding QuerySpace : uid = <gen:0> -> org.hibernate.loader.plan.build.internal.spaces.EntityQuerySpaceImpl@3ce11043]
[DEBUG] 2019-04-23 15:28:51.372 [http-nio-8080-exec-2] MetamodelGraphWalker - Visiting attribute path : role
[DEBUG] 2019-04-23 15:28:51.372 [http-nio-8080-exec-2] MetamodelGraphWalker - Visiting attribute path : user
[DEBUG] 2019-04-23 15:28:51.372 [http-nio-8080-exec-2] QuerySpacesImpl - Adding QuerySpace : uid = <gen:1> -> org.hibernate.loader.plan.build.internal.spaces.EntityQuerySpaceImpl@6432e6c]
[DEBUG] 2019-04-23 15:28:51.372 [http-nio-8080-exec-2] FetchStyleLoadPlanBuildingAssociationVisitationStrategy - Building LoadPlan...
[DEBUG] 2019-04-23 15:28:51.372 [http-nio-8080-exec-2] LoadQueryJoinAndFetchProcessor - processing queryspace <gen:0>
[DEBUG] 2019-04-23 15:28:51.373 [http-nio-8080-exec-2] LoadPlanTreePrinter - LoadPlan(entity=edu.matc.entity.Role)
    - Returns
       - EntityReturnImpl(entity=edu.matc.entity.Role, querySpaceUid=<gen:0>, path=edu.matc.entity.Role)
          - EntityAttributeFetchImpl(entity=edu.matc.entity.User, querySpaceUid=<gen:1>, path=edu.matc.entity.Role.user)
    - QuerySpaces
       - EntityQuerySpaceImpl(uid=<gen:0>, entity=edu.matc.entity.Role)
          - SQL table alias mapping - role0_
          - alias suffix - 0_
          - suffixed key columns - {id1_0_0_}

[DEBUG] 2019-04-23 15:28:51.373 [http-nio-8080-exec-2] EntityLoader - Static select for entity edu.matc.entity.Role [FORCE]: select role0_.id as id1_0_0_, role0_.role_title as role_tit2_0_0_, role0_.user_id as user_id3_0_0_ from roles role0_ where role0_.id=? for update
[DEBUG] 2019-04-23 15:28:51.373 [http-nio-8080-exec-2] QuerySpacesImpl - Adding QuerySpace : uid = <gen:0> -> org.hibernate.loader.plan.build.internal.spaces.EntityQuerySpaceImpl@12e4601e]
[DEBUG] 2019-04-23 15:28:51.373 [http-nio-8080-exec-2] MetamodelGraphWalker - Visiting attribute path : role
[DEBUG] 2019-04-23 15:28:51.373 [http-nio-8080-exec-2] MetamodelGraphWalker - Visiting attribute path : user
[DEBUG] 2019-04-23 15:28:51.373 [http-nio-8080-exec-2] QuerySpacesImpl - Adding QuerySpace : uid = <gen:1> -> org.hibernate.loader.plan.build.internal.spaces.EntityQuerySpaceImpl@707f1c08]
[DEBUG] 2019-04-23 15:28:51.373 [http-nio-8080-exec-2] FetchStyleLoadPlanBuildingAssociationVisitationStrategy - Building LoadPlan...
[DEBUG] 2019-04-23 15:28:51.373 [http-nio-8080-exec-2] LoadQueryJoinAndFetchProcessor - processing queryspace <gen:0>
[DEBUG] 2019-04-23 15:28:51.373 [http-nio-8080-exec-2] LoadPlanTreePrinter - LoadPlan(entity=edu.matc.entity.Role)
    - Returns
       - EntityReturnImpl(entity=edu.matc.entity.Role, querySpaceUid=<gen:0>, path=edu.matc.entity.Role)
          - EntityAttributeFetchImpl(entity=edu.matc.entity.User, querySpaceUid=<gen:1>, path=edu.matc.entity.Role.user)
    - QuerySpaces
       - EntityQuerySpaceImpl(uid=<gen:0>, entity=edu.matc.entity.Role)
          - SQL table alias mapping - role0_
          - alias suffix - 0_
          - suffixed key columns - {id1_0_0_}

[DEBUG] 2019-04-23 15:28:51.373 [http-nio-8080-exec-2] EntityLoader - Static select for entity edu.matc.entity.Role [PESSIMISTIC_READ]: select role0_.id as id1_0_0_, role0_.role_title as role_tit2_0_0_, role0_.user_id as user_id3_0_0_ from roles role0_ where role0_.id=? lock in share mode
[DEBUG] 2019-04-23 15:28:51.373 [http-nio-8080-exec-2] QuerySpacesImpl - Adding QuerySpace : uid = <gen:0> -> org.hibernate.loader.plan.build.internal.spaces.EntityQuerySpaceImpl@6fd07c25]
[DEBUG] 2019-04-23 15:28:51.373 [http-nio-8080-exec-2] MetamodelGraphWalker - Visiting attribute path : role
[DEBUG] 2019-04-23 15:28:51.373 [http-nio-8080-exec-2] MetamodelGraphWalker - Visiting attribute path : user
[DEBUG] 2019-04-23 15:28:51.373 [http-nio-8080-exec-2] QuerySpacesImpl - Adding QuerySpace : uid = <gen:1> -> org.hibernate.loader.plan.build.internal.spaces.EntityQuerySpaceImpl@60c034d9]
[DEBUG] 2019-04-23 15:28:51.374 [http-nio-8080-exec-2] FetchStyleLoadPlanBuildingAssociationVisitationStrategy - Building LoadPlan...
[DEBUG] 2019-04-23 15:28:51.374 [http-nio-8080-exec-2] LoadQueryJoinAndFetchProcessor - processing queryspace <gen:0>
[DEBUG] 2019-04-23 15:28:51.374 [http-nio-8080-exec-2] LoadPlanTreePrinter - LoadPlan(entity=edu.matc.entity.Role)
    - Returns
       - EntityReturnImpl(entity=edu.matc.entity.Role, querySpaceUid=<gen:0>, path=edu.matc.entity.Role)
          - EntityAttributeFetchImpl(entity=edu.matc.entity.User, querySpaceUid=<gen:1>, path=edu.matc.entity.Role.user)
    - QuerySpaces
       - EntityQuerySpaceImpl(uid=<gen:0>, entity=edu.matc.entity.Role)
          - SQL table alias mapping - role0_
          - alias suffix - 0_
          - suffixed key columns - {id1_0_0_}

[DEBUG] 2019-04-23 15:28:51.374 [http-nio-8080-exec-2] EntityLoader - Static select for entity edu.matc.entity.Role [PESSIMISTIC_WRITE]: select role0_.id as id1_0_0_, role0_.role_title as role_tit2_0_0_, role0_.user_id as user_id3_0_0_ from roles role0_ where role0_.id=? for update
[DEBUG] 2019-04-23 15:28:51.374 [http-nio-8080-exec-2] QuerySpacesImpl - Adding QuerySpace : uid = <gen:0> -> org.hibernate.loader.plan.build.internal.spaces.EntityQuerySpaceImpl@6857eb95]
[DEBUG] 2019-04-23 15:28:51.374 [http-nio-8080-exec-2] MetamodelGraphWalker - Visiting attribute path : role
[DEBUG] 2019-04-23 15:28:51.374 [http-nio-8080-exec-2] MetamodelGraphWalker - Visiting attribute path : user
[DEBUG] 2019-04-23 15:28:51.374 [http-nio-8080-exec-2] QuerySpacesImpl - Adding QuerySpace : uid = <gen:1> -> org.hibernate.loader.plan.build.internal.spaces.EntityQuerySpaceImpl@72d3b1a3]
[DEBUG] 2019-04-23 15:28:51.374 [http-nio-8080-exec-2] FetchStyleLoadPlanBuildingAssociationVisitationStrategy - Building LoadPlan...
[DEBUG] 2019-04-23 15:28:51.374 [http-nio-8080-exec-2] LoadQueryJoinAndFetchProcessor - processing queryspace <gen:0>
[DEBUG] 2019-04-23 15:28:51.374 [http-nio-8080-exec-2] LoadPlanTreePrinter - LoadPlan(entity=edu.matc.entity.Role)
    - Returns
       - EntityReturnImpl(entity=edu.matc.entity.Role, querySpaceUid=<gen:0>, path=edu.matc.entity.Role)
          - EntityAttributeFetchImpl(entity=edu.matc.entity.User, querySpaceUid=<gen:1>, path=edu.matc.entity.Role.user)
    - QuerySpaces
       - EntityQuerySpaceImpl(uid=<gen:0>, entity=edu.matc.entity.Role)
          - SQL table alias mapping - role0_
          - alias suffix - 0_
          - suffixed key columns - {id1_0_0_}

[DEBUG] 2019-04-23 15:28:51.374 [http-nio-8080-exec-2] EntityLoader - Static select for entity edu.matc.entity.Role [PESSIMISTIC_FORCE_INCREMENT]: select role0_.id as id1_0_0_, role0_.role_title as role_tit2_0_0_, role0_.user_id as user_id3_0_0_ from roles role0_ where role0_.id=? for update
[DEBUG] 2019-04-23 15:28:51.375 [http-nio-8080-exec-2] QuerySpacesImpl - Adding QuerySpace : uid = <gen:0> -> org.hibernate.loader.plan.build.internal.spaces.EntityQuerySpaceImpl@135435dc]
[DEBUG] 2019-04-23 15:28:51.375 [http-nio-8080-exec-2] MetamodelGraphWalker - Visiting attribute path : role
[DEBUG] 2019-04-23 15:28:51.375 [http-nio-8080-exec-2] MetamodelGraphWalker - Visiting attribute path : user
[DEBUG] 2019-04-23 15:28:51.375 [http-nio-8080-exec-2] QuerySpacesImpl - Adding QuerySpace : uid = <gen:1> -> org.hibernate.loader.plan.build.internal.spaces.EntityQuerySpaceImpl@144d81ec]
[DEBUG] 2019-04-23 15:28:51.375 [http-nio-8080-exec-2] FetchStyleLoadPlanBuildingAssociationVisitationStrategy - Building LoadPlan...
[DEBUG] 2019-04-23 15:28:51.375 [http-nio-8080-exec-2] LoadQueryJoinAndFetchProcessor - processing queryspace <gen:0>
[DEBUG] 2019-04-23 15:28:51.375 [http-nio-8080-exec-2] LoadPlanTreePrinter - LoadPlan(entity=edu.matc.entity.Role)
    - Returns
       - EntityReturnImpl(entity=edu.matc.entity.Role, querySpaceUid=<gen:0>, path=edu.matc.entity.Role)
          - EntityAttributeFetchImpl(entity=edu.matc.entity.User, querySpaceUid=<gen:1>, path=edu.matc.entity.Role.user)
    - QuerySpaces
       - EntityQuerySpaceImpl(uid=<gen:0>, entity=edu.matc.entity.Role)
          - SQL table alias mapping - role0_
          - alias suffix - 0_
          - suffixed key columns - {id1_0_0_}

[DEBUG] 2019-04-23 15:28:51.375 [http-nio-8080-exec-2] EntityLoader - Static select for entity edu.matc.entity.Role [OPTIMISTIC]: select role0_.id as id1_0_0_, role0_.role_title as role_tit2_0_0_, role0_.user_id as user_id3_0_0_ from roles role0_ where role0_.id=?
[DEBUG] 2019-04-23 15:28:51.375 [http-nio-8080-exec-2] QuerySpacesImpl - Adding QuerySpace : uid = <gen:0> -> org.hibernate.loader.plan.build.internal.spaces.EntityQuerySpaceImpl@7b7c746f]
[DEBUG] 2019-04-23 15:28:51.375 [http-nio-8080-exec-2] MetamodelGraphWalker - Visiting attribute path : role
[DEBUG] 2019-04-23 15:28:51.375 [http-nio-8080-exec-2] MetamodelGraphWalker - Visiting attribute path : user
[DEBUG] 2019-04-23 15:28:51.375 [http-nio-8080-exec-2] QuerySpacesImpl - Adding QuerySpace : uid = <gen:1> -> org.hibernate.loader.plan.build.internal.spaces.EntityQuerySpaceImpl@4ec0c130]
[DEBUG] 2019-04-23 15:28:51.375 [http-nio-8080-exec-2] FetchStyleLoadPlanBuildingAssociationVisitationStrategy - Building LoadPlan...
[DEBUG] 2019-04-23 15:28:51.375 [http-nio-8080-exec-2] LoadQueryJoinAndFetchProcessor - processing queryspace <gen:0>
[DEBUG] 2019-04-23 15:28:51.376 [http-nio-8080-exec-2] LoadPlanTreePrinter - LoadPlan(entity=edu.matc.entity.Role)
    - Returns
       - EntityReturnImpl(entity=edu.matc.entity.Role, querySpaceUid=<gen:0>, path=edu.matc.entity.Role)
          - EntityAttributeFetchImpl(entity=edu.matc.entity.User, querySpaceUid=<gen:1>, path=edu.matc.entity.Role.user)
    - QuerySpaces
       - EntityQuerySpaceImpl(uid=<gen:0>, entity=edu.matc.entity.Role)
          - SQL table alias mapping - role0_
          - alias suffix - 0_
          - suffixed key columns - {id1_0_0_}

[DEBUG] 2019-04-23 15:28:51.376 [http-nio-8080-exec-2] EntityLoader - Static select for entity edu.matc.entity.Role [OPTIMISTIC_FORCE_INCREMENT]: select role0_.id as id1_0_0_, role0_.role_title as role_tit2_0_0_, role0_.user_id as user_id3_0_0_ from roles role0_ where role0_.id=?
[DEBUG] 2019-04-23 15:28:51.376 [http-nio-8080-exec-2] Loader - Static select for action ACTION_MERGE on entity edu.matc.entity.Role: select role0_.id as id1_0_0_, role0_.role_title as role_tit2_0_0_, role0_.user_id as user_id3_0_0_ from roles role0_ where role0_.id=?
[DEBUG] 2019-04-23 15:28:51.376 [http-nio-8080-exec-2] Loader - Static select for action ACTION_REFRESH on entity edu.matc.entity.Role: select role0_.id as id1_0_0_, role0_.role_title as role_tit2_0_0_, role0_.user_id as user_id3_0_0_ from roles role0_ where role0_.id=?
[DEBUG] 2019-04-23 15:28:51.397 [http-nio-8080-exec-2] SchemaManagementToolCoordinator - No actions specified; doing nothing
[DEBUG] 2019-04-23 15:28:51.397 [http-nio-8080-exec-2] JtaPlatformInitiator - No JtaPlatform was specified, checking resolver
[DEBUG] 2019-04-23 15:28:51.397 [http-nio-8080-exec-2] JtaPlatformResolverInitiator - No JtaPlatformResolver was specified, using default [org.hibernate.engine.transaction.jta.platform.internal.StandardJtaPlatformResolver]
[DEBUG] 2019-04-23 15:28:51.403 [http-nio-8080-exec-2] StandardJtaPlatformResolver - Could not resolve JtaPlatform, using default [org.hibernate.engine.transaction.jta.platform.internal.NoJtaPlatform]
[DEBUG] 2019-04-23 15:28:51.403 [http-nio-8080-exec-2] NamedQueryRepository - Checking 0 named HQL queries
[DEBUG] 2019-04-23 15:28:51.403 [http-nio-8080-exec-2] NamedQueryRepository - Checking 0 named SQL queries
[DEBUG] 2019-04-23 15:28:51.405 [http-nio-8080-exec-2] SessionFactoryRegistry - Initializing SessionFactoryRegistry : org.hibernate.internal.SessionFactoryRegistry@7fa225bf
[DEBUG] 2019-04-23 15:28:51.406 [http-nio-8080-exec-2] SessionFactoryRegistry - Registering SessionFactory: ee4f1326-e513-46af-9ae3-fb34539480d6 (<unnamed>)
[DEBUG] 2019-04-23 15:28:51.407 [http-nio-8080-exec-2] SessionFactoryRegistry - Not binding SessionFactory to JNDI, no JNDI name configured
[DEBUG] 2019-04-23 15:28:51.471 [http-nio-8080-exec-2] StatisticsInitiator - Statistics initialized [enabled=false]
[DEBUG] 2019-04-23 15:28:51.476 [http-nio-8080-exec-2] TransactionImpl - begin
[DEBUG] 2019-04-23 15:28:51.488 [http-nio-8080-exec-2] ActionQueue - Executing identity-insert immediately
[DEBUG] 2019-04-23 15:28:51.502 [http-nio-8080-exec-2] SQL - insert into users (first_name, last_name, password, steamid, user_name) values (?, ?, ?, ?, ?)
[DEBUG] 2019-04-23 15:28:51.536 [http-nio-8080-exec-2] IdentifierGeneratorHelper - Natively generated identity: 7
[DEBUG] 2019-04-23 15:28:51.536 [http-nio-8080-exec-2] ResourceRegistryStandardImpl - HHH000387: ResultSet's statement was not registered
[DEBUG] 2019-04-23 15:28:51.538 [http-nio-8080-exec-2] TransactionImpl - committing
[DEBUG] 2019-04-23 15:28:51.539 [http-nio-8080-exec-2] AbstractFlushingEventListener - Processing flush-time cascades
[DEBUG] 2019-04-23 15:28:51.539 [http-nio-8080-exec-2] AbstractFlushingEventListener - Dirty checking collections
[DEBUG] 2019-04-23 15:28:51.540 [http-nio-8080-exec-2] AbstractFlushingEventListener - Flushed: 0 insertions, 0 updates, 0 deletions to 1 objects
[DEBUG] 2019-04-23 15:28:51.540 [http-nio-8080-exec-2] AbstractFlushingEventListener - Flushed: 0 (re)creations, 0 updates, 0 removals to 0 collections
[DEBUG] 2019-04-23 15:28:51.542 [http-nio-8080-exec-2] EntityPrinter - Listing entities:
[DEBUG] 2019-04-23 15:28:51.542 [http-nio-8080-exec-2] EntityPrinter - edu.matc.entity.User{steamID=null, firstName=null, lastName=null, password=null, id=7, userName=null}
[DEBUG] 2019-04-23 15:28:51.544 [http-nio-8080-exec-2] LogicalConnectionManagedImpl - Initiating JDBC connection release from afterTransaction
[DEBUG] 2019-04-23 15:28:51.545 [http-nio-8080-exec-2] LogicalConnectionManagedImpl - Initiating JDBC connection release from afterTransaction
