[DEBUG] 2019-04-25 17:36:52.732 [http-nio-8080-exec-1] IntegratorServiceImpl - Adding Integrator [org.hibernate.cfg.beanvalidation.BeanValidationIntegrator].
[DEBUG] 2019-04-25 17:36:52.739 [http-nio-8080-exec-1] IntegratorServiceImpl - Adding Integrator [org.hibernate.secure.spi.JaccIntegrator].
[DEBUG] 2019-04-25 17:36:52.743 [http-nio-8080-exec-1] IntegratorServiceImpl - Adding Integrator [org.hibernate.cache.internal.CollectionCacheInvalidator].
[INFO ] 2019-04-25 17:36:52.811 [http-nio-8080-exec-1] Version - HHH000412: Hibernate Core {5.2.12.Final}
[INFO ] 2019-04-25 17:36:52.812 [http-nio-8080-exec-1] Environment - HHH000206: hibernate.properties not found
[DEBUG] 2019-04-25 17:36:52.893 [http-nio-8080-exec-1] LocalXmlResourceResolver - Interpreting public/system identifier : [-//Hibernate/Hibernate Configuration DTD//EN] - [http://www.hibernate.org/dtd/hibernate-configuration-3.0.dtd]
[DEBUG] 2019-04-25 17:36:52.894 [http-nio-8080-exec-1] LocalXmlResourceResolver - Recognized hibernate-configuration identifier; attempting to resolve on classpath under org/hibernate/
[DEBUG] 2019-04-25 17:36:52.917 [http-nio-8080-exec-1] JaxbCfgProcessor - cfg.xml document did not define namespaces; wrapping in custom event reader to introduce namespace information
[DEBUG] 2019-04-25 17:36:53.070 [http-nio-8080-exec-1] ServiceBinding - Overriding existing service binding [org.hibernate.secure.spi.JaccService]
[DEBUG] 2019-04-25 17:36:53.095 [http-nio-8080-exec-1] RegionFactoryInitiator - Cache region factory : org.hibernate.cache.internal.NoCachingRegionFactory
[INFO ] 2019-04-25 17:36:53.105 [http-nio-8080-exec-1] Version - HCANN000001: Hibernate Commons Annotations {5.0.1.Final}
[DEBUG] 2019-04-25 17:36:53.128 [http-nio-8080-exec-1] BasicTypeRegistry - Adding type registration boolean -> org.hibernate.type.BooleanType@2eee6e3a
[DEBUG] 2019-04-25 17:36:53.128 [http-nio-8080-exec-1] BasicTypeRegistry - Adding type registration boolean -> org.hibernate.type.BooleanType@2eee6e3a
[DEBUG] 2019-04-25 17:36:53.128 [http-nio-8080-exec-1] BasicTypeRegistry - Adding type registration java.lang.Boolean -> org.hibernate.type.BooleanType@2eee6e3a
[DEBUG] 2019-04-25 17:36:53.129 [http-nio-8080-exec-1] BasicTypeRegistry - Adding type registration numeric_boolean -> org.hibernate.type.NumericBooleanType@603bdec
[DEBUG] 2019-04-25 17:36:53.130 [http-nio-8080-exec-1] BasicTypeRegistry - Adding type registration true_false -> org.hibernate.type.TrueFalseType@4c54a14a
[DEBUG] 2019-04-25 17:36:53.131 [http-nio-8080-exec-1] BasicTypeRegistry - Adding type registration yes_no -> org.hibernate.type.YesNoType@5ac96cb4
[DEBUG] 2019-04-25 17:36:53.132 [http-nio-8080-exec-1] BasicTypeRegistry - Adding type registration byte -> org.hibernate.type.ByteType@e6188bb
[DEBUG] 2019-04-25 17:36:53.132 [http-nio-8080-exec-1] BasicTypeRegistry - Adding type registration byte -> org.hibernate.type.ByteType@e6188bb
[DEBUG] 2019-04-25 17:36:53.132 [http-nio-8080-exec-1] BasicTypeRegistry - Adding type registration java.lang.Byte -> org.hibernate.type.ByteType@e6188bb
[DEBUG] 2019-04-25 17:36:53.133 [http-nio-8080-exec-1] BasicTypeRegistry - Adding type registration character -> org.hibernate.type.CharacterType@5cf915e3
[DEBUG] 2019-04-25 17:36:53.133 [http-nio-8080-exec-1] BasicTypeRegistry - Adding type registration char -> org.hibernate.type.CharacterType@5cf915e3
[DEBUG] 2019-04-25 17:36:53.133 [http-nio-8080-exec-1] BasicTypeRegistry - Adding type registration java.lang.Character -> org.hibernate.type.CharacterType@5cf915e3
[DEBUG] 2019-04-25 17:36:53.134 [http-nio-8080-exec-1] BasicTypeRegistry - Adding type registration short -> org.hibernate.type.ShortType@76497d38
[DEBUG] 2019-04-25 17:36:53.135 [http-nio-8080-exec-1] BasicTypeRegistry - Adding type registration short -> org.hibernate.type.ShortType@76497d38
[DEBUG] 2019-04-25 17:36:53.135 [http-nio-8080-exec-1] BasicTypeRegistry - Adding type registration java.lang.Short -> org.hibernate.type.ShortType@76497d38
[DEBUG] 2019-04-25 17:36:53.135 [http-nio-8080-exec-1] BasicTypeRegistry - Adding type registration integer -> org.hibernate.type.IntegerType@23f455b0
[DEBUG] 2019-04-25 17:36:53.136 [http-nio-8080-exec-1] BasicTypeRegistry - Adding type registration int -> org.hibernate.type.IntegerType@23f455b0
[DEBUG] 2019-04-25 17:36:53.136 [http-nio-8080-exec-1] BasicTypeRegistry - Adding type registration java.lang.Integer -> org.hibernate.type.IntegerType@23f455b0
[DEBUG] 2019-04-25 17:36:53.137 [http-nio-8080-exec-1] BasicTypeRegistry - Adding type registration long -> org.hibernate.type.LongType@594b0790
[DEBUG] 2019-04-25 17:36:53.137 [http-nio-8080-exec-1] BasicTypeRegistry - Adding type registration long -> org.hibernate.type.LongType@594b0790
[DEBUG] 2019-04-25 17:36:53.137 [http-nio-8080-exec-1] BasicTypeRegistry - Adding type registration java.lang.Long -> org.hibernate.type.LongType@594b0790
[DEBUG] 2019-04-25 17:36:53.138 [http-nio-8080-exec-1] BasicTypeRegistry - Adding type registration float -> org.hibernate.type.FloatType@561d9117
[DEBUG] 2019-04-25 17:36:53.138 [http-nio-8080-exec-1] BasicTypeRegistry - Adding type registration float -> org.hibernate.type.FloatType@561d9117
[DEBUG] 2019-04-25 17:36:53.138 [http-nio-8080-exec-1] BasicTypeRegistry - Adding type registration java.lang.Float -> org.hibernate.type.FloatType@561d9117
[DEBUG] 2019-04-25 17:36:53.139 [http-nio-8080-exec-1] BasicTypeRegistry - Adding type registration double -> org.hibernate.type.DoubleType@243d7da2
[DEBUG] 2019-04-25 17:36:53.139 [http-nio-8080-exec-1] BasicTypeRegistry - Adding type registration double -> org.hibernate.type.DoubleType@243d7da2
[DEBUG] 2019-04-25 17:36:53.140 [http-nio-8080-exec-1] BasicTypeRegistry - Adding type registration java.lang.Double -> org.hibernate.type.DoubleType@243d7da2
[DEBUG] 2019-04-25 17:36:53.141 [http-nio-8080-exec-1] BasicTypeRegistry - Adding type registration big_decimal -> org.hibernate.type.BigDecimalType@2aed6f7b
[DEBUG] 2019-04-25 17:36:53.141 [http-nio-8080-exec-1] BasicTypeRegistry - Adding type registration java.math.BigDecimal -> org.hibernate.type.BigDecimalType@2aed6f7b
[DEBUG] 2019-04-25 17:36:53.142 [http-nio-8080-exec-1] BasicTypeRegistry - Adding type registration big_integer -> org.hibernate.type.BigIntegerType@4d6a781c
[DEBUG] 2019-04-25 17:36:53.142 [http-nio-8080-exec-1] BasicTypeRegistry - Adding type registration java.math.BigInteger -> org.hibernate.type.BigIntegerType@4d6a781c
[DEBUG] 2019-04-25 17:36:53.143 [http-nio-8080-exec-1] BasicTypeRegistry - Adding type registration string -> org.hibernate.type.StringType@4ceaf8fe
[DEBUG] 2019-04-25 17:36:53.143 [http-nio-8080-exec-1] BasicTypeRegistry - Adding type registration java.lang.String -> org.hibernate.type.StringType@4ceaf8fe
[DEBUG] 2019-04-25 17:36:53.144 [http-nio-8080-exec-1] BasicTypeRegistry - Adding type registration nstring -> org.hibernate.type.StringNVarcharType@47c2e9a7
[DEBUG] 2019-04-25 17:36:53.144 [http-nio-8080-exec-1] BasicTypeRegistry - Adding type registration ncharacter -> org.hibernate.type.CharacterNCharType@7a5f45c1
[DEBUG] 2019-04-25 17:36:53.145 [http-nio-8080-exec-1] BasicTypeRegistry - Adding type registration url -> org.hibernate.type.UrlType@693d966
[DEBUG] 2019-04-25 17:36:53.145 [http-nio-8080-exec-1] BasicTypeRegistry - Adding type registration java.net.URL -> org.hibernate.type.UrlType@693d966
[DEBUG] 2019-04-25 17:36:53.146 [http-nio-8080-exec-1] BasicTypeRegistry - Adding type registration Duration -> org.hibernate.type.DurationType@2e9be442
[DEBUG] 2019-04-25 17:36:53.147 [http-nio-8080-exec-1] BasicTypeRegistry - Adding type registration java.time.Duration -> org.hibernate.type.DurationType@2e9be442
[DEBUG] 2019-04-25 17:36:53.162 [http-nio-8080-exec-1] BasicTypeRegistry - Adding type registration Instant -> org.hibernate.type.InstantType@6c6aed52
[DEBUG] 2019-04-25 17:36:53.163 [http-nio-8080-exec-1] BasicTypeRegistry - Adding type registration java.time.Instant -> org.hibernate.type.InstantType@6c6aed52
[DEBUG] 2019-04-25 17:36:53.165 [http-nio-8080-exec-1] BasicTypeRegistry - Adding type registration LocalDateTime -> org.hibernate.type.LocalDateTimeType@279660f4
[DEBUG] 2019-04-25 17:36:53.165 [http-nio-8080-exec-1] BasicTypeRegistry - Adding type registration java.time.LocalDateTime -> org.hibernate.type.LocalDateTimeType@279660f4
[DEBUG] 2019-04-25 17:36:53.166 [http-nio-8080-exec-1] BasicTypeRegistry - Adding type registration LocalDate -> org.hibernate.type.LocalDateType@653d1ea
[DEBUG] 2019-04-25 17:36:53.166 [http-nio-8080-exec-1] BasicTypeRegistry - Adding type registration java.time.LocalDate -> org.hibernate.type.LocalDateType@653d1ea
[DEBUG] 2019-04-25 17:36:53.168 [http-nio-8080-exec-1] BasicTypeRegistry - Adding type registration LocalTime -> org.hibernate.type.LocalTimeType@32a8d8c1
[DEBUG] 2019-04-25 17:36:53.168 [http-nio-8080-exec-1] BasicTypeRegistry - Adding type registration java.time.LocalTime -> org.hibernate.type.LocalTimeType@32a8d8c1
[DEBUG] 2019-04-25 17:36:53.169 [http-nio-8080-exec-1] BasicTypeRegistry - Adding type registration OffsetDateTime -> org.hibernate.type.OffsetDateTimeType@61a59dca
[DEBUG] 2019-04-25 17:36:53.169 [http-nio-8080-exec-1] BasicTypeRegistry - Adding type registration java.time.OffsetDateTime -> org.hibernate.type.OffsetDateTimeType@61a59dca
[DEBUG] 2019-04-25 17:36:53.170 [http-nio-8080-exec-1] BasicTypeRegistry - Adding type registration OffsetTime -> org.hibernate.type.OffsetTimeType@ae5908
[DEBUG] 2019-04-25 17:36:53.170 [http-nio-8080-exec-1] BasicTypeRegistry - Adding type registration java.time.OffsetTime -> org.hibernate.type.OffsetTimeType@ae5908
[DEBUG] 2019-04-25 17:36:53.174 [http-nio-8080-exec-1] BasicTypeRegistry - Adding type registration ZonedDateTime -> org.hibernate.type.ZonedDateTimeType@6d7c88bc
[DEBUG] 2019-04-25 17:36:53.175 [http-nio-8080-exec-1] BasicTypeRegistry - Adding type registration java.time.ZonedDateTime -> org.hibernate.type.ZonedDateTimeType@6d7c88bc
[DEBUG] 2019-04-25 17:36:53.176 [http-nio-8080-exec-1] BasicTypeRegistry - Adding type registration date -> org.hibernate.type.DateType@1b5e9039
[DEBUG] 2019-04-25 17:36:53.176 [http-nio-8080-exec-1] BasicTypeRegistry - Adding type registration java.sql.Date -> org.hibernate.type.DateType@1b5e9039
[DEBUG] 2019-04-25 17:36:53.177 [http-nio-8080-exec-1] BasicTypeRegistry - Adding type registration time -> org.hibernate.type.TimeType@6dc0108d
[DEBUG] 2019-04-25 17:36:53.177 [http-nio-8080-exec-1] BasicTypeRegistry - Adding type registration java.sql.Time -> org.hibernate.type.TimeType@6dc0108d
[DEBUG] 2019-04-25 17:36:53.178 [http-nio-8080-exec-1] BasicTypeRegistry - Adding type registration timestamp -> org.hibernate.type.TimestampType@3844000c
[DEBUG] 2019-04-25 17:36:53.178 [http-nio-8080-exec-1] BasicTypeRegistry - Adding type registration java.sql.Timestamp -> org.hibernate.type.TimestampType@3844000c
[DEBUG] 2019-04-25 17:36:53.178 [http-nio-8080-exec-1] BasicTypeRegistry - Adding type registration java.util.Date -> org.hibernate.type.TimestampType@3844000c
[DEBUG] 2019-04-25 17:36:53.180 [http-nio-8080-exec-1] BasicTypeRegistry - Adding type registration dbtimestamp -> org.hibernate.type.DbTimestampType@360f87c0
[DEBUG] 2019-04-25 17:36:53.181 [http-nio-8080-exec-1] BasicTypeRegistry - Adding type registration calendar -> org.hibernate.type.CalendarType@60f67e5c
[DEBUG] 2019-04-25 17:36:53.181 [http-nio-8080-exec-1] BasicTypeRegistry - Adding type registration java.util.Calendar -> org.hibernate.type.CalendarType@60f67e5c
[DEBUG] 2019-04-25 17:36:53.181 [http-nio-8080-exec-1] BasicTypeRegistry - Adding type registration java.util.GregorianCalendar -> org.hibernate.type.CalendarType@60f67e5c
[DEBUG] 2019-04-25 17:36:53.181 [http-nio-8080-exec-1] BasicTypeRegistry - Adding type registration calendar_date -> org.hibernate.type.CalendarDateType@4b29e943
[DEBUG] 2019-04-25 17:36:53.182 [http-nio-8080-exec-1] BasicTypeRegistry - Adding type registration locale -> org.hibernate.type.LocaleType@24b676e6
[DEBUG] 2019-04-25 17:36:53.182 [http-nio-8080-exec-1] BasicTypeRegistry - Adding type registration java.util.Locale -> org.hibernate.type.LocaleType@24b676e6
[DEBUG] 2019-04-25 17:36:53.183 [http-nio-8080-exec-1] BasicTypeRegistry - Adding type registration currency -> org.hibernate.type.CurrencyType@677cf91e
[DEBUG] 2019-04-25 17:36:53.183 [http-nio-8080-exec-1] BasicTypeRegistry - Adding type registration java.util.Currency -> org.hibernate.type.CurrencyType@677cf91e
[DEBUG] 2019-04-25 17:36:53.184 [http-nio-8080-exec-1] BasicTypeRegistry - Adding type registration timezone -> org.hibernate.type.TimeZoneType@305d9b9b
[DEBUG] 2019-04-25 17:36:53.184 [http-nio-8080-exec-1] BasicTypeRegistry - Adding type registration java.util.TimeZone -> org.hibernate.type.TimeZoneType@305d9b9b
[DEBUG] 2019-04-25 17:36:53.185 [http-nio-8080-exec-1] BasicTypeRegistry - Adding type registration class -> org.hibernate.type.ClassType@73ffcc62
[DEBUG] 2019-04-25 17:36:53.185 [http-nio-8080-exec-1] BasicTypeRegistry - Adding type registration java.lang.Class -> org.hibernate.type.ClassType@73ffcc62
[DEBUG] 2019-04-25 17:36:53.186 [http-nio-8080-exec-1] BasicTypeRegistry - Adding type registration uuid-binary -> org.hibernate.type.UUIDBinaryType@9ddb017
[DEBUG] 2019-04-25 17:36:53.186 [http-nio-8080-exec-1] BasicTypeRegistry - Adding type registration java.util.UUID -> org.hibernate.type.UUIDBinaryType@9ddb017
[DEBUG] 2019-04-25 17:36:53.187 [http-nio-8080-exec-1] BasicTypeRegistry - Adding type registration uuid-char -> org.hibernate.type.UUIDCharType@5ca66d0c
[DEBUG] 2019-04-25 17:36:53.188 [http-nio-8080-exec-1] BasicTypeRegistry - Adding type registration binary -> org.hibernate.type.BinaryType@2826dd50
[DEBUG] 2019-04-25 17:36:53.188 [http-nio-8080-exec-1] BasicTypeRegistry - Adding type registration byte[] -> org.hibernate.type.BinaryType@2826dd50
[DEBUG] 2019-04-25 17:36:53.188 [http-nio-8080-exec-1] BasicTypeRegistry - Adding type registration [B -> org.hibernate.type.BinaryType@2826dd50
[DEBUG] 2019-04-25 17:36:53.189 [http-nio-8080-exec-1] BasicTypeRegistry - Adding type registration wrapper-binary -> org.hibernate.type.WrapperBinaryType@5e22a9eb
[DEBUG] 2019-04-25 17:36:53.189 [http-nio-8080-exec-1] BasicTypeRegistry - Adding type registration Byte[] -> org.hibernate.type.WrapperBinaryType@5e22a9eb
[DEBUG] 2019-04-25 17:36:53.189 [http-nio-8080-exec-1] BasicTypeRegistry - Adding type registration [Ljava.lang.Byte; -> org.hibernate.type.WrapperBinaryType@5e22a9eb
[DEBUG] 2019-04-25 17:36:53.190 [http-nio-8080-exec-1] BasicTypeRegistry - Adding type registration row_version -> org.hibernate.type.RowVersionType@4766cc8f
[DEBUG] 2019-04-25 17:36:53.190 [http-nio-8080-exec-1] BasicTypeRegistry - Adding type registration image -> org.hibernate.type.ImageType@68c3b93b
[DEBUG] 2019-04-25 17:36:53.191 [http-nio-8080-exec-1] BasicTypeRegistry - Adding type registration characters -> org.hibernate.type.CharArrayType@444e0395
[DEBUG] 2019-04-25 17:36:53.191 [http-nio-8080-exec-1] BasicTypeRegistry - Adding type registration char[] -> org.hibernate.type.CharArrayType@444e0395
[DEBUG] 2019-04-25 17:36:53.191 [http-nio-8080-exec-1] BasicTypeRegistry - Adding type registration [C -> org.hibernate.type.CharArrayType@444e0395
[DEBUG] 2019-04-25 17:36:53.192 [http-nio-8080-exec-1] BasicTypeRegistry - Adding type registration wrapper-characters -> org.hibernate.type.CharacterArrayType@47cc628a
[DEBUG] 2019-04-25 17:36:53.192 [http-nio-8080-exec-1] BasicTypeRegistry - Adding type registration [Ljava.lang.Character; -> org.hibernate.type.CharacterArrayType@47cc628a
[DEBUG] 2019-04-25 17:36:53.192 [http-nio-8080-exec-1] BasicTypeRegistry - Adding type registration Character[] -> org.hibernate.type.CharacterArrayType@47cc628a
[DEBUG] 2019-04-25 17:36:53.193 [http-nio-8080-exec-1] BasicTypeRegistry - Adding type registration text -> org.hibernate.type.TextType@f814ba8
[DEBUG] 2019-04-25 17:36:53.194 [http-nio-8080-exec-1] BasicTypeRegistry - Adding type registration ntext -> org.hibernate.type.NTextType@66dfeb4a
[DEBUG] 2019-04-25 17:36:53.197 [http-nio-8080-exec-1] BasicTypeRegistry - Adding type registration blob -> org.hibernate.type.BlobType@18c2b0db
[DEBUG] 2019-04-25 17:36:53.197 [http-nio-8080-exec-1] BasicTypeRegistry - Adding type registration java.sql.Blob -> org.hibernate.type.BlobType@18c2b0db
[DEBUG] 2019-04-25 17:36:53.198 [http-nio-8080-exec-1] BasicTypeRegistry - Adding type registration materialized_blob -> org.hibernate.type.MaterializedBlobType@78bd9b9c
[DEBUG] 2019-04-25 17:36:53.201 [http-nio-8080-exec-1] BasicTypeRegistry - Adding type registration clob -> org.hibernate.type.ClobType@3f7a8280
[DEBUG] 2019-04-25 17:36:53.201 [http-nio-8080-exec-1] BasicTypeRegistry - Adding type registration java.sql.Clob -> org.hibernate.type.ClobType@3f7a8280
[DEBUG] 2019-04-25 17:36:53.204 [http-nio-8080-exec-1] BasicTypeRegistry - Adding type registration nclob -> org.hibernate.type.NClobType@76a65901
[DEBUG] 2019-04-25 17:36:53.204 [http-nio-8080-exec-1] BasicTypeRegistry - Adding type registration java.sql.NClob -> org.hibernate.type.NClobType@76a65901
[DEBUG] 2019-04-25 17:36:53.205 [http-nio-8080-exec-1] BasicTypeRegistry - Adding type registration materialized_clob -> org.hibernate.type.MaterializedClobType@56791a5f
[DEBUG] 2019-04-25 17:36:53.205 [http-nio-8080-exec-1] BasicTypeRegistry - Adding type registration materialized_nclob -> org.hibernate.type.MaterializedNClobType@1d5146b0
[DEBUG] 2019-04-25 17:36:53.206 [http-nio-8080-exec-1] BasicTypeRegistry - Adding type registration serializable -> org.hibernate.type.SerializableType@3a42b53b
[DEBUG] 2019-04-25 17:36:53.209 [http-nio-8080-exec-1] BasicTypeRegistry - Adding type registration object -> org.hibernate.type.ObjectType@4253b621
[DEBUG] 2019-04-25 17:36:53.209 [http-nio-8080-exec-1] BasicTypeRegistry - Adding type registration java.lang.Object -> org.hibernate.type.ObjectType@4253b621
[DEBUG] 2019-04-25 17:36:53.209 [http-nio-8080-exec-1] BasicTypeRegistry - Adding type registration imm_date -> org.hibernate.type.AdaptedImmutableType@5ce8d820
[DEBUG] 2019-04-25 17:36:53.209 [http-nio-8080-exec-1] BasicTypeRegistry - Adding type registration imm_time -> org.hibernate.type.AdaptedImmutableType@3d59f22
[DEBUG] 2019-04-25 17:36:53.209 [http-nio-8080-exec-1] BasicTypeRegistry - Adding type registration imm_timestamp -> org.hibernate.type.AdaptedImmutableType@6f209181
[DEBUG] 2019-04-25 17:36:53.209 [http-nio-8080-exec-1] BasicTypeRegistry - Adding type registration imm_dbtimestamp -> org.hibernate.type.AdaptedImmutableType@23b35838
[DEBUG] 2019-04-25 17:36:53.210 [http-nio-8080-exec-1] BasicTypeRegistry - Adding type registration imm_calendar -> org.hibernate.type.AdaptedImmutableType@3900adb6
[DEBUG] 2019-04-25 17:36:53.210 [http-nio-8080-exec-1] BasicTypeRegistry - Adding type registration imm_calendar_date -> org.hibernate.type.AdaptedImmutableType@1683193b
[DEBUG] 2019-04-25 17:36:53.210 [http-nio-8080-exec-1] BasicTypeRegistry - Adding type registration imm_binary -> org.hibernate.type.AdaptedImmutableType@7dc42ef3
[DEBUG] 2019-04-25 17:36:53.210 [http-nio-8080-exec-1] BasicTypeRegistry - Adding type registration imm_serializable -> org.hibernate.type.AdaptedImmutableType@440fdbeb
[INFO ] 2019-04-25 17:36:53.220 [http-nio-8080-exec-1] C3P0ConnectionProvider - HHH010002: C3P0 using driver: com.mysql.jdbc.Driver at URL: jdbc:mysql://localhost:3306/dotaStats
[INFO ] 2019-04-25 17:36:53.220 [http-nio-8080-exec-1] C3P0ConnectionProvider - HHH10001001: Connection properties: {user=root, password=****}
[INFO ] 2019-04-25 17:36:53.220 [http-nio-8080-exec-1] C3P0ConnectionProvider - HHH10001003: Autocommit mode: false
[INFO ] 2019-04-25 17:36:53.351 [http-nio-8080-exec-1] C3P0ConnectionProvider - HHH10001007: JDBC isolation level: <unknown>
[DEBUG] 2019-04-25 17:36:53.633 [http-nio-8080-exec-1] JdbcEnvironmentInitiator - Database ->
       name : MySQL
    version : 5.7.25-0ubuntu0.16.04.2
      major : 5
      minor : 7
[DEBUG] 2019-04-25 17:36:53.633 [http-nio-8080-exec-1] JdbcEnvironmentInitiator - Driver ->
       name : MySQL Connector Java
    version : mysql-connector-java-5.1.39 ( Revision: 3289a357af6d09ecc1a10fd3c26e95183e5790ad )
      major : 5
      minor : 1
[DEBUG] 2019-04-25 17:36:53.633 [http-nio-8080-exec-1] JdbcEnvironmentInitiator - JDBC version : 4.0
[INFO ] 2019-04-25 17:36:53.646 [http-nio-8080-exec-1] Dialect - HHH000400: Using dialect: org.hibernate.dialect.MySQL5Dialect
[DEBUG] 2019-04-25 17:36:53.677 [http-nio-8080-exec-1] IdentifierHelperBuilder - JDBC driver metadata reported database stores quoted identifiers in more than one case
[DEBUG] 2019-04-25 17:36:53.678 [http-nio-8080-exec-1] IdentifierHelperBuilder - IdentifierCaseStrategy for both quoted and unquoted identifiers was set to the same strategy [MIXED]; that will likely lead to problems in schema update and validation if using quoted identifiers
[DEBUG] 2019-04-25 17:36:53.713 [http-nio-8080-exec-1] DefaultIdentifierGeneratorFactory - Registering IdentifierGenerator strategy [uuid2] -> [org.hibernate.id.UUIDGenerator]
[DEBUG] 2019-04-25 17:36:53.713 [http-nio-8080-exec-1] DefaultIdentifierGeneratorFactory - Registering IdentifierGenerator strategy [guid] -> [org.hibernate.id.GUIDGenerator]
[DEBUG] 2019-04-25 17:36:53.714 [http-nio-8080-exec-1] DefaultIdentifierGeneratorFactory - Registering IdentifierGenerator strategy [uuid] -> [org.hibernate.id.UUIDHexGenerator]
[DEBUG] 2019-04-25 17:36:53.714 [http-nio-8080-exec-1] DefaultIdentifierGeneratorFactory - Registering IdentifierGenerator strategy [uuid.hex] -> [org.hibernate.id.UUIDHexGenerator]
[DEBUG] 2019-04-25 17:36:53.714 [http-nio-8080-exec-1] DefaultIdentifierGeneratorFactory - Registering IdentifierGenerator strategy [assigned] -> [org.hibernate.id.Assigned]
[DEBUG] 2019-04-25 17:36:53.715 [http-nio-8080-exec-1] DefaultIdentifierGeneratorFactory - Registering IdentifierGenerator strategy [identity] -> [org.hibernate.id.IdentityGenerator]
[DEBUG] 2019-04-25 17:36:53.716 [http-nio-8080-exec-1] DefaultIdentifierGeneratorFactory - Registering IdentifierGenerator strategy [select] -> [org.hibernate.id.SelectGenerator]
[DEBUG] 2019-04-25 17:36:53.716 [http-nio-8080-exec-1] DefaultIdentifierGeneratorFactory - Registering IdentifierGenerator strategy [sequence] -> [org.hibernate.id.enhanced.SequenceStyleGenerator]
[DEBUG] 2019-04-25 17:36:53.717 [http-nio-8080-exec-1] DefaultIdentifierGeneratorFactory - Registering IdentifierGenerator strategy [seqhilo] -> [org.hibernate.id.SequenceHiLoGenerator]
[DEBUG] 2019-04-25 17:36:53.718 [http-nio-8080-exec-1] DefaultIdentifierGeneratorFactory - Registering IdentifierGenerator strategy [increment] -> [org.hibernate.id.IncrementGenerator]
[DEBUG] 2019-04-25 17:36:53.718 [http-nio-8080-exec-1] DefaultIdentifierGeneratorFactory - Registering IdentifierGenerator strategy [foreign] -> [org.hibernate.id.ForeignGenerator]
[DEBUG] 2019-04-25 17:36:53.718 [http-nio-8080-exec-1] DefaultIdentifierGeneratorFactory - Registering IdentifierGenerator strategy [sequence-identity] -> [org.hibernate.id.SequenceIdentityGenerator]
[DEBUG] 2019-04-25 17:36:53.718 [http-nio-8080-exec-1] DefaultIdentifierGeneratorFactory - Registering IdentifierGenerator strategy [enhanced-sequence] -> [org.hibernate.id.enhanced.SequenceStyleGenerator]
[DEBUG] 2019-04-25 17:36:53.719 [http-nio-8080-exec-1] DefaultIdentifierGeneratorFactory - Registering IdentifierGenerator strategy [enhanced-table] -> [org.hibernate.id.enhanced.TableGenerator]
[DEBUG] 2019-04-25 17:36:53.754 [http-nio-8080-exec-1] Namespace - Created database namespace [logicalName=Name{catalog=null, schema=null}, physicalName=Name{catalog=null, schema=null}]
[DEBUG] 2019-04-25 17:36:53.812 [http-nio-8080-exec-1] AnnotationBinder - Binding entity from annotated class: edu.matc.entity.User
[DEBUG] 2019-04-25 17:36:53.834 [http-nio-8080-exec-1] Ejb3Column - Binding column: Ejb3DiscriminatorColumn{logicalColumnName'DTYPE', discriminatorTypeName='string'}
[DEBUG] 2019-04-25 17:36:53.840 [http-nio-8080-exec-1] EntityBinder - Import with entity name User
[DEBUG] 2019-04-25 17:36:53.843 [http-nio-8080-exec-1] EntityBinder - Bind entity edu.matc.entity.User on table users
[DEBUG] 2019-04-25 17:36:53.866 [http-nio-8080-exec-1] Ejb3Column - Binding column: Ejb3Column{table=org.hibernate.mapping.Table(users), mappingColumn=id, insertable=true, updatable=true, unique=false}
[DEBUG] 2019-04-25 17:36:53.869 [http-nio-8080-exec-1] PropertyBinder - MetadataSourceProcessor property id with lazy=false
[DEBUG] 2019-04-25 17:36:53.871 [http-nio-8080-exec-1] AbstractPropertyHolder - Attempting to locate auto-apply AttributeConverter for property [edu.matc.entity.User:id]
[DEBUG] 2019-04-25 17:36:53.872 [http-nio-8080-exec-1] SimpleValueBinder - building SimpleValue for id
[DEBUG] 2019-04-25 17:36:53.875 [http-nio-8080-exec-1] PropertyBinder - Building property id
[DEBUG] 2019-04-25 17:36:53.879 [http-nio-8080-exec-1] Ejb3Column - Binding column: Ejb3Column{table=org.hibernate.mapping.Table(users), mappingColumn=first_name, insertable=true, updatable=true, unique=false}
[DEBUG] 2019-04-25 17:36:53.879 [http-nio-8080-exec-1] PropertyBinder - MetadataSourceProcessor property firstName with lazy=false
[DEBUG] 2019-04-25 17:36:53.879 [http-nio-8080-exec-1] AbstractPropertyHolder - Attempting to locate auto-apply AttributeConverter for property [edu.matc.entity.User:firstName]
[DEBUG] 2019-04-25 17:36:53.879 [http-nio-8080-exec-1] SimpleValueBinder - building SimpleValue for firstName
[DEBUG] 2019-04-25 17:36:53.879 [http-nio-8080-exec-1] PropertyBinder - Building property firstName
[DEBUG] 2019-04-25 17:36:53.881 [http-nio-8080-exec-1] Ejb3Column - Binding column: Ejb3Column{table=org.hibernate.mapping.Table(users), mappingColumn=last_name, insertable=true, updatable=true, unique=false}
[DEBUG] 2019-04-25 17:36:53.881 [http-nio-8080-exec-1] PropertyBinder - MetadataSourceProcessor property lastName with lazy=false
[DEBUG] 2019-04-25 17:36:53.881 [http-nio-8080-exec-1] AbstractPropertyHolder - Attempting to locate auto-apply AttributeConverter for property [edu.matc.entity.User:lastName]
[DEBUG] 2019-04-25 17:36:53.881 [http-nio-8080-exec-1] SimpleValueBinder - building SimpleValue for lastName
[DEBUG] 2019-04-25 17:36:53.881 [http-nio-8080-exec-1] PropertyBinder - Building property lastName
[DEBUG] 2019-04-25 17:36:53.881 [http-nio-8080-exec-1] Ejb3Column - Binding column: Ejb3Column{table=org.hibernate.mapping.Table(users), mappingColumn=password, insertable=true, updatable=true, unique=false}
[DEBUG] 2019-04-25 17:36:53.882 [http-nio-8080-exec-1] PropertyBinder - MetadataSourceProcessor property password with lazy=false
[DEBUG] 2019-04-25 17:36:53.882 [http-nio-8080-exec-1] AbstractPropertyHolder - Attempting to locate auto-apply AttributeConverter for property [edu.matc.entity.User:password]
[DEBUG] 2019-04-25 17:36:53.882 [http-nio-8080-exec-1] SimpleValueBinder - building SimpleValue for password
[DEBUG] 2019-04-25 17:36:53.882 [http-nio-8080-exec-1] PropertyBinder - Building property password
[DEBUG] 2019-04-25 17:36:53.882 [http-nio-8080-exec-1] Ejb3Column - Binding column: Ejb3Column{table=org.hibernate.mapping.Table(users), mappingColumn=steamid, insertable=true, updatable=true, unique=false}
[DEBUG] 2019-04-25 17:36:53.882 [http-nio-8080-exec-1] PropertyBinder - MetadataSourceProcessor property steamID with lazy=false
[DEBUG] 2019-04-25 17:36:53.882 [http-nio-8080-exec-1] AbstractPropertyHolder - Attempting to locate auto-apply AttributeConverter for property [edu.matc.entity.User:steamID]
[DEBUG] 2019-04-25 17:36:53.882 [http-nio-8080-exec-1] SimpleValueBinder - building SimpleValue for steamID
[DEBUG] 2019-04-25 17:36:53.882 [http-nio-8080-exec-1] PropertyBinder - Building property steamID
[DEBUG] 2019-04-25 17:36:53.882 [http-nio-8080-exec-1] Ejb3Column - Binding column: Ejb3Column{table=org.hibernate.mapping.Table(users), mappingColumn=user_name, insertable=true, updatable=true, unique=false}
[DEBUG] 2019-04-25 17:36:53.882 [http-nio-8080-exec-1] PropertyBinder - MetadataSourceProcessor property userName with lazy=false
[DEBUG] 2019-04-25 17:36:53.882 [http-nio-8080-exec-1] AbstractPropertyHolder - Attempting to locate auto-apply AttributeConverter for property [edu.matc.entity.User:userName]
[DEBUG] 2019-04-25 17:36:53.882 [http-nio-8080-exec-1] SimpleValueBinder - building SimpleValue for userName
[DEBUG] 2019-04-25 17:36:53.882 [http-nio-8080-exec-1] PropertyBinder - Building property userName
[DEBUG] 2019-04-25 17:36:53.883 [http-nio-8080-exec-1] AnnotationBinder - Binding entity from annotated class: edu.matc.entity.Role
[DEBUG] 2019-04-25 17:36:53.883 [http-nio-8080-exec-1] Ejb3Column - Binding column: Ejb3DiscriminatorColumn{logicalColumnName'DTYPE', discriminatorTypeName='string'}
[DEBUG] 2019-04-25 17:36:53.883 [http-nio-8080-exec-1] EntityBinder - Import with entity name Role
[DEBUG] 2019-04-25 17:36:53.883 [http-nio-8080-exec-1] EntityBinder - Bind entity edu.matc.entity.Role on table roles
[DEBUG] 2019-04-25 17:36:53.886 [http-nio-8080-exec-1] Ejb3Column - Binding column: Ejb3Column{table=org.hibernate.mapping.Table(roles), mappingColumn=id, insertable=true, updatable=true, unique=false}
[DEBUG] 2019-04-25 17:36:53.886 [http-nio-8080-exec-1] PropertyBinder - MetadataSourceProcessor property id with lazy=false
[DEBUG] 2019-04-25 17:36:53.886 [http-nio-8080-exec-1] AbstractPropertyHolder - Attempting to locate auto-apply AttributeConverter for property [edu.matc.entity.Role:id]
[DEBUG] 2019-04-25 17:36:53.886 [http-nio-8080-exec-1] SimpleValueBinder - building SimpleValue for id
[DEBUG] 2019-04-25 17:36:53.886 [http-nio-8080-exec-1] PropertyBinder - Building property id
[DEBUG] 2019-04-25 17:36:53.886 [http-nio-8080-exec-1] Ejb3Column - Binding column: Ejb3Column{table=org.hibernate.mapping.Table(roles), mappingColumn=role_title, insertable=true, updatable=true, unique=false}
[DEBUG] 2019-04-25 17:36:53.886 [http-nio-8080-exec-1] PropertyBinder - MetadataSourceProcessor property role with lazy=false
[DEBUG] 2019-04-25 17:36:53.887 [http-nio-8080-exec-1] AbstractPropertyHolder - Attempting to locate auto-apply AttributeConverter for property [edu.matc.entity.Role:role]
[DEBUG] 2019-04-25 17:36:53.887 [http-nio-8080-exec-1] SimpleValueBinder - building SimpleValue for role
[DEBUG] 2019-04-25 17:36:53.887 [http-nio-8080-exec-1] PropertyBinder - Building property role
[DEBUG] 2019-04-25 17:36:53.888 [http-nio-8080-exec-1] Ejb3Column - Binding column: Ejb3JoinColumn{logicalColumnName='null', referencedColumn='null', mappedBy='null'}
[DEBUG] 2019-04-25 17:36:53.888 [http-nio-8080-exec-1] Ejb3Column - Binding column: Ejb3Column{table=org.hibernate.mapping.Table(roles), mappingColumn=user, insertable=true, updatable=true, unique=false}
[DEBUG] 2019-04-25 17:36:53.890 [http-nio-8080-exec-1] PropertyBinder - Building property user
[DEBUG] 2019-04-25 17:36:53.891 [http-nio-8080-exec-1] SimpleValueBinder - Starting fillSimpleValue for id
[DEBUG] 2019-04-25 17:36:53.891 [http-nio-8080-exec-1] SimpleValueBinder - Starting fillSimpleValue for firstName
[DEBUG] 2019-04-25 17:36:53.891 [http-nio-8080-exec-1] SimpleValueBinder - Starting fillSimpleValue for lastName
[DEBUG] 2019-04-25 17:36:53.892 [http-nio-8080-exec-1] SimpleValueBinder - Starting fillSimpleValue for password
[DEBUG] 2019-04-25 17:36:53.892 [http-nio-8080-exec-1] SimpleValueBinder - Starting fillSimpleValue for steamID
[DEBUG] 2019-04-25 17:36:53.892 [http-nio-8080-exec-1] SimpleValueBinder - Starting fillSimpleValue for userName
[DEBUG] 2019-04-25 17:36:53.892 [http-nio-8080-exec-1] SimpleValueBinder - Starting fillSimpleValue for id
[DEBUG] 2019-04-25 17:36:53.892 [http-nio-8080-exec-1] SimpleValueBinder - Starting fillSimpleValue for role
[DEBUG] 2019-04-25 17:36:54.050 [http-nio-8080-exec-1] PrimaryKey - Forcing column [id] to be non-null as it is part of the primary key for table [users]
[DEBUG] 2019-04-25 17:36:54.050 [http-nio-8080-exec-1] PrimaryKey - Forcing column [id] to be non-null as it is part of the primary key for table [roles]
[DEBUG] 2019-04-25 17:36:54.050 [http-nio-8080-exec-1] InFlightMetadataCollectorImpl - Resolving reference to class: edu.matc.entity.User
[DEBUG] 2019-04-25 17:36:54.054 [http-nio-8080-exec-1] InFlightMetadataCollectorImpl - Resolving reference to class: edu.matc.entity.User
[DEBUG] 2019-04-25 17:36:54.093 [http-nio-8080-exec-1] SessionFactoryImpl - Building session factory
[DEBUG] 2019-04-25 17:36:54.094 [http-nio-8080-exec-1] Settings - SessionFactory name : null
[DEBUG] 2019-04-25 17:36:54.094 [http-nio-8080-exec-1] Settings - Automatic flush during beforeCompletion(): enabled
[DEBUG] 2019-04-25 17:36:54.094 [http-nio-8080-exec-1] Settings - Automatic session close at end of transaction: disabled
[DEBUG] 2019-04-25 17:36:54.094 [http-nio-8080-exec-1] Settings - Statistics: disabled
[DEBUG] 2019-04-25 17:36:54.094 [http-nio-8080-exec-1] Settings - Deleted entity synthetic identifier rollback: disabled
[DEBUG] 2019-04-25 17:36:54.094 [http-nio-8080-exec-1] Settings - Default entity-mode: pojo
[DEBUG] 2019-04-25 17:36:54.094 [http-nio-8080-exec-1] Settings - Check Nullability in Core (should be disabled when Bean Validation is on): enabled
[DEBUG] 2019-04-25 17:36:54.094 [http-nio-8080-exec-1] Settings - Allow initialization of lazy state outside session : disabled
[DEBUG] 2019-04-25 17:36:54.094 [http-nio-8080-exec-1] Settings - Using BatchFetchStyle : LEGACY
[DEBUG] 2019-04-25 17:36:54.094 [http-nio-8080-exec-1] Settings - Default batch fetch size: -1
[DEBUG] 2019-04-25 17:36:54.094 [http-nio-8080-exec-1] Settings - Maximum outer join fetch depth: 2
[DEBUG] 2019-04-25 17:36:54.094 [http-nio-8080-exec-1] Settings - Default null ordering: NONE
[DEBUG] 2019-04-25 17:36:54.094 [http-nio-8080-exec-1] Settings - Order SQL updates by primary key: disabled
[DEBUG] 2019-04-25 17:36:54.095 [http-nio-8080-exec-1] Settings - Order SQL inserts for batching: disabled
[DEBUG] 2019-04-25 17:36:54.095 [http-nio-8080-exec-1] Settings - multi-tenancy strategy : NONE
[DEBUG] 2019-04-25 17:36:54.095 [http-nio-8080-exec-1] Settings - JTA Track by Thread: enabled
[DEBUG] 2019-04-25 17:36:54.095 [http-nio-8080-exec-1] Settings - Query language substitutions: {}
[DEBUG] 2019-04-25 17:36:54.095 [http-nio-8080-exec-1] Settings - JPA query language strict compliance: disabled
[DEBUG] 2019-04-25 17:36:54.095 [http-nio-8080-exec-1] Settings - Named query checking : enabled
[DEBUG] 2019-04-25 17:36:54.095 [http-nio-8080-exec-1] Settings - Second-level cache: enabled
[DEBUG] 2019-04-25 17:36:54.095 [http-nio-8080-exec-1] Settings - Second-level query cache: disabled
[DEBUG] 2019-04-25 17:36:54.095 [http-nio-8080-exec-1] Settings - Second-level query cache factory: org.hibernate.cache.internal.StandardQueryCacheFactory@68b99e10
[DEBUG] 2019-04-25 17:36:54.095 [http-nio-8080-exec-1] Settings - Second-level cache region prefix: null
[DEBUG] 2019-04-25 17:36:54.095 [http-nio-8080-exec-1] Settings - Optimize second-level cache for minimal puts: disabled
[DEBUG] 2019-04-25 17:36:54.095 [http-nio-8080-exec-1] Settings - Structured second-level cache entries: disabled
[DEBUG] 2019-04-25 17:36:54.095 [http-nio-8080-exec-1] Settings - Second-level cache direct-reference entries: disabled
[DEBUG] 2019-04-25 17:36:54.095 [http-nio-8080-exec-1] Settings - Automatic eviction of collection cache: disabled
[DEBUG] 2019-04-25 17:36:54.095 [http-nio-8080-exec-1] Settings - JDBC batch size: 15
[DEBUG] 2019-04-25 17:36:54.095 [http-nio-8080-exec-1] Settings - JDBC batch updates for versioned data: enabled
[DEBUG] 2019-04-25 17:36:54.095 [http-nio-8080-exec-1] Settings - Scrollable result sets: enabled
[DEBUG] 2019-04-25 17:36:54.096 [http-nio-8080-exec-1] Settings - Wrap result sets: disabled
[DEBUG] 2019-04-25 17:36:54.096 [http-nio-8080-exec-1] Settings - JDBC3 getGeneratedKeys(): enabled
[DEBUG] 2019-04-25 17:36:54.096 [http-nio-8080-exec-1] Settings - JDBC result set fetch size: null
[DEBUG] 2019-04-25 17:36:54.096 [http-nio-8080-exec-1] Settings - Connection release mode: AFTER_TRANSACTION
[DEBUG] 2019-04-25 17:36:54.096 [http-nio-8080-exec-1] Settings - Generate SQL with comments: disabled
[DEBUG] 2019-04-25 17:36:54.166 [http-nio-8080-exec-1] SessionFactoryImpl - Session factory constructed with filter configurations : {}
[DEBUG] 2019-04-25 17:36:54.166 [http-nio-8080-exec-1] SessionFactoryImpl - Instantiating session factory with properties: {awt.toolkit=sun.awt.X11.XToolkit, java.specification.version=1.8, sun.cpu.isalist=, hibernate.c3p0.idle_test_period=3000, sun.jnu.encoding=UTF-8, hibernate.c3p0.min_size=5, sun.arch.data.model=64, catalina.useNaming=true, java.vendor.url=http://java.oracle.com/, openejb.provider.default=org.apache.tomee, sun.boot.library.path=/usr/lib/jvm/java-8-oracle/jre/lib/amd64, com.sun.management.jmxremote.ssl=false, sun.java.command=org.apache.catalina.startup.Bootstrap start, java.specification.vendor=Oracle Corporation, openejb.embedder.source=ServerListener, java.naming.factory.url.pkgs=org.apache.naming:org.apache.openejb.core.ivm.naming, java.home=/usr/lib/jvm/java-8-oracle/jre, file.separator=/, line.separator=
, hibernate.c3p0.timeout=300, java.vm.specification.vendor=Oracle Corporation, java.specification.name=Java Platform API Specification, package.definition=sun.,java.,org.apache.catalina.,org.apache.coyote.,org.apache.jasper.,org.apache.naming.,org.apache.tomcat., openejb.deployments.classpath.filter.systemapps=false, sun.boot.class.path=/usr/lib/jvm/java-8-oracle/jre/lib/resources.jar:/usr/lib/jvm/java-8-oracle/jre/lib/rt.jar:/usr/lib/jvm/java-8-oracle/jre/lib/sunrsasign.jar:/usr/lib/jvm/java-8-oracle/jre/lib/jsse.jar:/usr/lib/jvm/java-8-oracle/jre/lib/jce.jar:/usr/lib/jvm/java-8-oracle/jre/lib/charsets.jar:/usr/lib/jvm/java-8-oracle/jre/lib/jfr.jar:/usr/lib/jvm/java-8-oracle/jre/classes, jdk.tls.ephemeralDHKeySize=2048, java.util.logging.config.file=/home/student/.IntelliJIdea2017.2/system/tomcat/Unnamed_dotaStats/conf/logging.properties, connection.password=student, sun.management.compiler=HotSpot 64-Bit Tiered Compilers, java.runtime.version=1.8.0_144-b01, user.name=student, org.apache.johnzon.max-string-length=8192, file.encoding=UTF-8, derby.system.home=/home/student/tomcat/bin, hibernate.connection.driver_class=com.mysql.jdbc.Driver, java.io.tmpdir=/home/student/tomcat/temp, tomcat.util.scan.StandardJarScanFilter.jarsToScan=log4j-core*.jar,log4j-taglib*.jar,log4javascript*.jar,slf4j-taglib*.jar, com.sun.management.jmxremote.port=1099, java.version=1.8.0_144, tomcat.util.scan.StandardJarScanFilter.jarsToSkip=bootstrap.jar,commons-daemon.jar,tomcat-juli.jar,annotations-api.jar,el-api.jar,jsp-api.jar,servlet-api.jar,websocket-api.jar,jaspic-api.jar,catalina.jar,catalina-ant.jar,catalina-ha.jar,catalina-storeconfig.jar,catalina-tribes.jar,jasper.jar,jasper-el.jar,ecj-*.jar,tomcat-api.jar,tomcat-util.jar,tomcat-util-scan.jar,tomcat-coyote.jar,tomcat-dbcp.jar,tomcat-jni.jar,tomcat-websocket.jar,tomcat-i18n-en.jar,tomcat-i18n-es.jar,tomcat-i18n-fr.jar,tomcat-i18n-ja.jar,tomcat-juli-adapters.jar,catalina-jmx-remote.jar,catalina-ws.jar,tomcat-jdbc.jar,tools.jar,commons-beanutils*.jar,commons-codec*.jar,commons-collections*.jar,commons-dbcp*.jar,commons-digester*.jar,commons-fileupload*.jar,commons-httpclient*.jar,commons-io*.jar,commons-lang*.jar,commons-logging*.jar,commons-math*.jar,commons-pool*.jar,jstl.jar,taglibs-standard-spec-*.jar,geronimo-spec-jaxrpc*.jar,wsdl4j*.jar,ant.jar,ant-junit*.jar,aspectj*.jar,jmx.jar,h2*.jar,hibernate*.jar,httpclient*.jar,jmx-tools.jar,jta*.jar,log4j*.jar,mail*.jar,slf4j*.jar,xercesImpl.jar,xmlParserAPIs.jar,xml-apis.jar,junit.jar,junit-*.jar,ant-launcher.jar,cobertura-*.jar,asm-*.jar,dom4j-*.jar,icu4j-*.jar,jaxen-*.jar,jdom-*.jar,jetty-*.jar,oro-*.jar,servlet-api-*.jar,tagsoup-*.jar,xmlParserAPIs-*.jar,xom-*.jar, connection.username=root, java.vm.specification.name=Java Virtual Machine Specification, java.awt.printerjob=sun.print.PSPrinterJob, sun.os.patch.level=unknown, connection.driver_class=com.mysql.jdbc.Driver, tomcat.built=Jun 9 2016 11:16:29 UTC, java.library.path=/home/student/intellij/bin::/usr/java/packages/lib/amd64:/usr/lib64:/lib64:/lib:/usr/lib, java.vendor=Oracle Corporation, tomee.version=7.0.1, java.rmi.server.randomIDs=true, sun.io.unicode.encoding=UnicodeLittle, tomcat.util.buf.StringCache.byte.enabled=true, sun.desktop=gnome, file.encoding.pkg=sun.io, com.sun.management.jmxremote.authenticate=false, java.class.path=/home/student/tomcat/bin/bootstrap.jar:/home/student/tomcat/bin/tomcat-juli.jar:/home/student/tomcat/lib/openejb-javaagent.jar, tomcat.version=8.5.3.0, java.vm.vendor=Oracle Corporation, openejb.home=/home/student/tomcat, openejb.system.apps=true, user.timezone=America/Chicago, os.name=Linux, java.vm.specification.version=1.8, sun.java.launcher=SUN_STANDARD, user.country=US, openejb.base=/home/student/.IntelliJIdea2017.2/system/tomcat/Unnamed_dotaStats, com.sun.management.jmxremote=, sun.cpu.endian=little, user.home=/home/student, hibernate.c3p0.max_statements=50, user.language=en, openejb.deployments.classpath=false, java.awt.graphicsenv=sun.awt.X11GraphicsEnvironment, package.access=sun.,org.apache.catalina.,org.apache.coyote.,org.apache.jasper.,org.apache.tomcat., openejb.loader=tomcat-system, server.loader=, hibernate.c3p0.max_size=20, java.naming.factory.initial=org.apache.naming.java.javaURLContextFactory, org.apache.openejb.core.security.JaccProvider=org.apache.openejb.core.security.jacc.BasicJaccProvider, path.separator=:, hibernate.connection.username=root, common.loader="/home/student/tomcat/lib","/home/student/tomcat/lib/*.jar","/home/student/tomcat/lib","/home/student/tomcat/lib/*.jar", openejb.java9.hack=false, os.version=4.4.0-57-generic, openejb.version=7.0.1, java.endorsed.dirs=/usr/lib/jvm/java-8-oracle/jre/lib/endorsed, org.apache.security.jacc.EJBMethodPermission.methodInterfaces=BusinessLocalHome,BusinessRemoteHome,BusinessRemote,BusinessLocal, java.runtime.name=Java(TM) SE Runtime Environment, hibernate.connection.url=jdbc:mysql://localhost:3306/dotaStats, java.vm.name=Java HotSpot(TM) 64-Bit Server VM, tomee.remote.support=true, java.vendor.url.bug=http://bugreport.sun.com/bugreport/, catalina.home=/home/student/tomcat, bval.in-container=true, user.dir=/home/student/tomcat/bin, os.arch=amd64, openjpa.Log=org.apache.openejb.openjpa.JULOpenJPALogFactory, hibernate.connection.password=****, tomee.serialization.class.blacklist=-, tomee.serialization.class.whitelist=, catalina.base=/home/student/.IntelliJIdea2017.2/system/tomcat/Unnamed_dotaStats, shared.loader=, hibernate.boot.CfgXmlAccessService.key=org.hibernate.boot.cfgxml.spi.LoadedConfig@16e9eccd, java.util.logging.manager=org.apache.juli.ClassLoaderLogManager, noBanner=true, org.apache.webbeans.logger.WebBeansLoggerFacade=org.apache.openejb.cdi.logging.ContainerJULLoggerFactory, java.vm.info=mixed mode, java.vm.version=25.144-b01, hibernate.bytecode.use_reflection_optimizer=false, java.rmi.server.hostname=127.0.0.1, javax.security.jacc.PolicyConfigurationFactory.provider=org.apache.openejb.core.security.JaccProvider$Factory, java.ext.dirs=/usr/lib/jvm/java-8-oracle/jre/lib/ext:/usr/java/packages/lib/ext, connection.url=jdbc:mysql://localhost:3306/dotaStats, java.class.version=52.0, authconfigprovider.factory=false}
[DEBUG] 2019-04-25 17:36:54.188 [http-nio-8080-exec-1] ClassLoaderAccessImpl - Not known whether passed class name [edu.matc.entity.User] is safe
[DEBUG] 2019-04-25 17:36:54.188 [http-nio-8080-exec-1] ClassLoaderAccessImpl - No temp ClassLoader provided; using live ClassLoader for loading potentially unsafe class : edu.matc.entity.User
[DEBUG] 2019-04-25 17:36:54.202 [http-nio-8080-exec-1] ClassLoaderAccessImpl - Not known whether passed class name [edu.matc.entity.Role] is safe
[DEBUG] 2019-04-25 17:36:54.202 [http-nio-8080-exec-1] ClassLoaderAccessImpl - No temp ClassLoader provided; using live ClassLoader for loading potentially unsafe class : edu.matc.entity.Role
[DEBUG] 2019-04-25 17:36:54.205 [http-nio-8080-exec-1] JaccIntegrator - Skipping JACC integration as it was not enabled
[DEBUG] 2019-04-25 17:36:54.210 [http-nio-8080-exec-1] SessionFactoryImpl - Instantiated session factory
[DEBUG] 2019-04-25 17:36:54.256 [http-nio-8080-exec-1] ClassLoaderAccessImpl - Not known whether passed class name [edu.matc.entity.User] is safe
[DEBUG] 2019-04-25 17:36:54.256 [http-nio-8080-exec-1] ClassLoaderAccessImpl - No temp ClassLoader provided; using live ClassLoader for loading potentially unsafe class : edu.matc.entity.User
[DEBUG] 2019-04-25 17:36:54.271 [http-nio-8080-exec-1] ClassLoaderAccessImpl - Not known whether passed class name [edu.matc.entity.User] is safe
[DEBUG] 2019-04-25 17:36:54.271 [http-nio-8080-exec-1] ClassLoaderAccessImpl - No temp ClassLoader provided; using live ClassLoader for loading potentially unsafe class : edu.matc.entity.User
[DEBUG] 2019-04-25 17:36:54.343 [http-nio-8080-exec-1] ClassLoaderAccessImpl - Not known whether passed class name [edu.matc.entity.Role] is safe
[DEBUG] 2019-04-25 17:36:54.343 [http-nio-8080-exec-1] ClassLoaderAccessImpl - No temp ClassLoader provided; using live ClassLoader for loading potentially unsafe class : edu.matc.entity.Role
[DEBUG] 2019-04-25 17:36:54.347 [http-nio-8080-exec-1] ClassLoaderAccessImpl - Not known whether passed class name [edu.matc.entity.Role] is safe
[DEBUG] 2019-04-25 17:36:54.348 [http-nio-8080-exec-1] ClassLoaderAccessImpl - No temp ClassLoader provided; using live ClassLoader for loading potentially unsafe class : edu.matc.entity.Role
[DEBUG] 2019-04-25 17:36:54.367 [http-nio-8080-exec-1] AbstractEntityPersister - Static SQL for entity: edu.matc.entity.User
[DEBUG] 2019-04-25 17:36:54.367 [http-nio-8080-exec-1] AbstractEntityPersister -  Version select: select id from users where id =?
[DEBUG] 2019-04-25 17:36:54.367 [http-nio-8080-exec-1] AbstractEntityPersister -  Snapshot select: select user_.id, user_.first_name as first_na2_1_, user_.last_name as last_nam3_1_, user_.password as password4_1_, user_.steamid as steamid5_1_, user_.user_name as user_nam6_1_ from users user_ where user_.id=?
[DEBUG] 2019-04-25 17:36:54.367 [http-nio-8080-exec-1] AbstractEntityPersister -  Insert 0: insert into users (first_name, last_name, password, steamid, user_name, id) values (?, ?, ?, ?, ?, ?)
[DEBUG] 2019-04-25 17:36:54.367 [http-nio-8080-exec-1] AbstractEntityPersister -  Update 0: update users set first_name=?, last_name=?, password=?, steamid=?, user_name=? where id=?
[DEBUG] 2019-04-25 17:36:54.367 [http-nio-8080-exec-1] AbstractEntityPersister -  Delete 0: delete from users where id=?
[DEBUG] 2019-04-25 17:36:54.367 [http-nio-8080-exec-1] AbstractEntityPersister -  Identity insert: insert into users (first_name, last_name, password, steamid, user_name) values (?, ?, ?, ?, ?)
[DEBUG] 2019-04-25 17:36:54.390 [http-nio-8080-exec-1] QuerySpacesImpl - Adding QuerySpace : uid = <gen:0> -> org.hibernate.loader.plan.build.internal.spaces.EntityQuerySpaceImpl@6f40202b]
[DEBUG] 2019-04-25 17:36:54.391 [http-nio-8080-exec-1] MetamodelGraphWalker - Visiting attribute path : firstName
[DEBUG] 2019-04-25 17:36:54.391 [http-nio-8080-exec-1] MetamodelGraphWalker - Visiting attribute path : lastName
[DEBUG] 2019-04-25 17:36:54.391 [http-nio-8080-exec-1] MetamodelGraphWalker - Visiting attribute path : password
[DEBUG] 2019-04-25 17:36:54.391 [http-nio-8080-exec-1] MetamodelGraphWalker - Visiting attribute path : steamID
[DEBUG] 2019-04-25 17:36:54.391 [http-nio-8080-exec-1] MetamodelGraphWalker - Visiting attribute path : userName
[DEBUG] 2019-04-25 17:36:54.391 [http-nio-8080-exec-1] FetchStyleLoadPlanBuildingAssociationVisitationStrategy - Building LoadPlan...
[DEBUG] 2019-04-25 17:36:54.402 [http-nio-8080-exec-1] LoadQueryJoinAndFetchProcessor - processing queryspace <gen:0>
[DEBUG] 2019-04-25 17:36:54.407 [http-nio-8080-exec-1] LoadPlanTreePrinter - LoadPlan(entity=edu.matc.entity.User)
    - Returns
       - EntityReturnImpl(entity=edu.matc.entity.User, querySpaceUid=<gen:0>, path=edu.matc.entity.User)
    - QuerySpaces
       - EntityQuerySpaceImpl(uid=<gen:0>, entity=edu.matc.entity.User)
          - SQL table alias mapping - user0_
          - alias suffix - 0_
          - suffixed key columns - {id1_1_0_}

[DEBUG] 2019-04-25 17:36:54.411 [http-nio-8080-exec-1] EntityLoader - Static select for entity edu.matc.entity.User [NONE]: select user0_.id as id1_1_0_, user0_.first_name as first_na2_1_0_, user0_.last_name as last_nam3_1_0_, user0_.password as password4_1_0_, user0_.steamid as steamid5_1_0_, user0_.user_name as user_nam6_1_0_ from users user0_ where user0_.id=?
[DEBUG] 2019-04-25 17:36:54.411 [http-nio-8080-exec-1] QuerySpacesImpl - Adding QuerySpace : uid = <gen:0> -> org.hibernate.loader.plan.build.internal.spaces.EntityQuerySpaceImpl@7e4bd0ba]
[DEBUG] 2019-04-25 17:36:54.411 [http-nio-8080-exec-1] MetamodelGraphWalker - Visiting attribute path : firstName
[DEBUG] 2019-04-25 17:36:54.411 [http-nio-8080-exec-1] MetamodelGraphWalker - Visiting attribute path : lastName
[DEBUG] 2019-04-25 17:36:54.411 [http-nio-8080-exec-1] MetamodelGraphWalker - Visiting attribute path : password
[DEBUG] 2019-04-25 17:36:54.411 [http-nio-8080-exec-1] MetamodelGraphWalker - Visiting attribute path : steamID
[DEBUG] 2019-04-25 17:36:54.411 [http-nio-8080-exec-1] MetamodelGraphWalker - Visiting attribute path : userName
[DEBUG] 2019-04-25 17:36:54.411 [http-nio-8080-exec-1] FetchStyleLoadPlanBuildingAssociationVisitationStrategy - Building LoadPlan...
[DEBUG] 2019-04-25 17:36:54.411 [http-nio-8080-exec-1] LoadQueryJoinAndFetchProcessor - processing queryspace <gen:0>
[DEBUG] 2019-04-25 17:36:54.412 [http-nio-8080-exec-1] LoadPlanTreePrinter - LoadPlan(entity=edu.matc.entity.User)
    - Returns
       - EntityReturnImpl(entity=edu.matc.entity.User, querySpaceUid=<gen:0>, path=edu.matc.entity.User)
    - QuerySpaces
       - EntityQuerySpaceImpl(uid=<gen:0>, entity=edu.matc.entity.User)
          - SQL table alias mapping - user0_
          - alias suffix - 0_
          - suffixed key columns - {id1_1_0_}

[DEBUG] 2019-04-25 17:36:54.412 [http-nio-8080-exec-1] EntityLoader - Static select for entity edu.matc.entity.User [READ]: select user0_.id as id1_1_0_, user0_.first_name as first_na2_1_0_, user0_.last_name as last_nam3_1_0_, user0_.password as password4_1_0_, user0_.steamid as steamid5_1_0_, user0_.user_name as user_nam6_1_0_ from users user0_ where user0_.id=?
[DEBUG] 2019-04-25 17:36:54.412 [http-nio-8080-exec-1] QuerySpacesImpl - Adding QuerySpace : uid = <gen:0> -> org.hibernate.loader.plan.build.internal.spaces.EntityQuerySpaceImpl@2a632907]
[DEBUG] 2019-04-25 17:36:54.412 [http-nio-8080-exec-1] MetamodelGraphWalker - Visiting attribute path : firstName
[DEBUG] 2019-04-25 17:36:54.412 [http-nio-8080-exec-1] MetamodelGraphWalker - Visiting attribute path : lastName
[DEBUG] 2019-04-25 17:36:54.412 [http-nio-8080-exec-1] MetamodelGraphWalker - Visiting attribute path : password
[DEBUG] 2019-04-25 17:36:54.412 [http-nio-8080-exec-1] MetamodelGraphWalker - Visiting attribute path : steamID
[DEBUG] 2019-04-25 17:36:54.412 [http-nio-8080-exec-1] MetamodelGraphWalker - Visiting attribute path : userName
[DEBUG] 2019-04-25 17:36:54.412 [http-nio-8080-exec-1] FetchStyleLoadPlanBuildingAssociationVisitationStrategy - Building LoadPlan...
[DEBUG] 2019-04-25 17:36:54.413 [http-nio-8080-exec-1] LoadQueryJoinAndFetchProcessor - processing queryspace <gen:0>
[DEBUG] 2019-04-25 17:36:54.413 [http-nio-8080-exec-1] LoadPlanTreePrinter - LoadPlan(entity=edu.matc.entity.User)
    - Returns
       - EntityReturnImpl(entity=edu.matc.entity.User, querySpaceUid=<gen:0>, path=edu.matc.entity.User)
    - QuerySpaces
       - EntityQuerySpaceImpl(uid=<gen:0>, entity=edu.matc.entity.User)
          - SQL table alias mapping - user0_
          - alias suffix - 0_
          - suffixed key columns - {id1_1_0_}

[DEBUG] 2019-04-25 17:36:54.413 [http-nio-8080-exec-1] EntityLoader - Static select for entity edu.matc.entity.User [UPGRADE]: select user0_.id as id1_1_0_, user0_.first_name as first_na2_1_0_, user0_.last_name as last_nam3_1_0_, user0_.password as password4_1_0_, user0_.steamid as steamid5_1_0_, user0_.user_name as user_nam6_1_0_ from users user0_ where user0_.id=? for update
[DEBUG] 2019-04-25 17:36:54.413 [http-nio-8080-exec-1] QuerySpacesImpl - Adding QuerySpace : uid = <gen:0> -> org.hibernate.loader.plan.build.internal.spaces.EntityQuerySpaceImpl@5055029b]
[DEBUG] 2019-04-25 17:36:54.413 [http-nio-8080-exec-1] MetamodelGraphWalker - Visiting attribute path : firstName
[DEBUG] 2019-04-25 17:36:54.413 [http-nio-8080-exec-1] MetamodelGraphWalker - Visiting attribute path : lastName
[DEBUG] 2019-04-25 17:36:54.413 [http-nio-8080-exec-1] MetamodelGraphWalker - Visiting attribute path : password
[DEBUG] 2019-04-25 17:36:54.413 [http-nio-8080-exec-1] MetamodelGraphWalker - Visiting attribute path : steamID
[DEBUG] 2019-04-25 17:36:54.413 [http-nio-8080-exec-1] MetamodelGraphWalker - Visiting attribute path : userName
[DEBUG] 2019-04-25 17:36:54.413 [http-nio-8080-exec-1] FetchStyleLoadPlanBuildingAssociationVisitationStrategy - Building LoadPlan...
[DEBUG] 2019-04-25 17:36:54.414 [http-nio-8080-exec-1] LoadQueryJoinAndFetchProcessor - processing queryspace <gen:0>
[DEBUG] 2019-04-25 17:36:54.414 [http-nio-8080-exec-1] LoadPlanTreePrinter - LoadPlan(entity=edu.matc.entity.User)
    - Returns
       - EntityReturnImpl(entity=edu.matc.entity.User, querySpaceUid=<gen:0>, path=edu.matc.entity.User)
    - QuerySpaces
       - EntityQuerySpaceImpl(uid=<gen:0>, entity=edu.matc.entity.User)
          - SQL table alias mapping - user0_
          - alias suffix - 0_
          - suffixed key columns - {id1_1_0_}

[DEBUG] 2019-04-25 17:36:54.414 [http-nio-8080-exec-1] EntityLoader - Static select for entity edu.matc.entity.User [UPGRADE_NOWAIT]: select user0_.id as id1_1_0_, user0_.first_name as first_na2_1_0_, user0_.last_name as last_nam3_1_0_, user0_.password as password4_1_0_, user0_.steamid as steamid5_1_0_, user0_.user_name as user_nam6_1_0_ from users user0_ where user0_.id=? for update
[DEBUG] 2019-04-25 17:36:54.414 [http-nio-8080-exec-1] QuerySpacesImpl - Adding QuerySpace : uid = <gen:0> -> org.hibernate.loader.plan.build.internal.spaces.EntityQuerySpaceImpl@338795c9]
[DEBUG] 2019-04-25 17:36:54.414 [http-nio-8080-exec-1] MetamodelGraphWalker - Visiting attribute path : firstName
[DEBUG] 2019-04-25 17:36:54.414 [http-nio-8080-exec-1] MetamodelGraphWalker - Visiting attribute path : lastName
[DEBUG] 2019-04-25 17:36:54.414 [http-nio-8080-exec-1] MetamodelGraphWalker - Visiting attribute path : password
[DEBUG] 2019-04-25 17:36:54.414 [http-nio-8080-exec-1] MetamodelGraphWalker - Visiting attribute path : steamID
[DEBUG] 2019-04-25 17:36:54.414 [http-nio-8080-exec-1] MetamodelGraphWalker - Visiting attribute path : userName
[DEBUG] 2019-04-25 17:36:54.415 [http-nio-8080-exec-1] FetchStyleLoadPlanBuildingAssociationVisitationStrategy - Building LoadPlan...
[DEBUG] 2019-04-25 17:36:54.415 [http-nio-8080-exec-1] LoadQueryJoinAndFetchProcessor - processing queryspace <gen:0>
[DEBUG] 2019-04-25 17:36:54.415 [http-nio-8080-exec-1] LoadPlanTreePrinter - LoadPlan(entity=edu.matc.entity.User)
    - Returns
       - EntityReturnImpl(entity=edu.matc.entity.User, querySpaceUid=<gen:0>, path=edu.matc.entity.User)
    - QuerySpaces
       - EntityQuerySpaceImpl(uid=<gen:0>, entity=edu.matc.entity.User)
          - SQL table alias mapping - user0_
          - alias suffix - 0_
          - suffixed key columns - {id1_1_0_}

[DEBUG] 2019-04-25 17:36:54.415 [http-nio-8080-exec-1] EntityLoader - Static select for entity edu.matc.entity.User [UPGRADE_SKIPLOCKED]: select user0_.id as id1_1_0_, user0_.first_name as first_na2_1_0_, user0_.last_name as last_nam3_1_0_, user0_.password as password4_1_0_, user0_.steamid as steamid5_1_0_, user0_.user_name as user_nam6_1_0_ from users user0_ where user0_.id=? for update
[DEBUG] 2019-04-25 17:36:54.415 [http-nio-8080-exec-1] QuerySpacesImpl - Adding QuerySpace : uid = <gen:0> -> org.hibernate.loader.plan.build.internal.spaces.EntityQuerySpaceImpl@653ac30c]
[DEBUG] 2019-04-25 17:36:54.415 [http-nio-8080-exec-1] MetamodelGraphWalker - Visiting attribute path : firstName
[DEBUG] 2019-04-25 17:36:54.415 [http-nio-8080-exec-1] MetamodelGraphWalker - Visiting attribute path : lastName
[DEBUG] 2019-04-25 17:36:54.415 [http-nio-8080-exec-1] MetamodelGraphWalker - Visiting attribute path : password
[DEBUG] 2019-04-25 17:36:54.415 [http-nio-8080-exec-1] MetamodelGraphWalker - Visiting attribute path : steamID
[DEBUG] 2019-04-25 17:36:54.415 [http-nio-8080-exec-1] MetamodelGraphWalker - Visiting attribute path : userName
[DEBUG] 2019-04-25 17:36:54.415 [http-nio-8080-exec-1] FetchStyleLoadPlanBuildingAssociationVisitationStrategy - Building LoadPlan...
[DEBUG] 2019-04-25 17:36:54.416 [http-nio-8080-exec-1] LoadQueryJoinAndFetchProcessor - processing queryspace <gen:0>
[DEBUG] 2019-04-25 17:36:54.416 [http-nio-8080-exec-1] LoadPlanTreePrinter - LoadPlan(entity=edu.matc.entity.User)
    - Returns
       - EntityReturnImpl(entity=edu.matc.entity.User, querySpaceUid=<gen:0>, path=edu.matc.entity.User)
    - QuerySpaces
       - EntityQuerySpaceImpl(uid=<gen:0>, entity=edu.matc.entity.User)
          - SQL table alias mapping - user0_
          - alias suffix - 0_
          - suffixed key columns - {id1_1_0_}

[DEBUG] 2019-04-25 17:36:54.416 [http-nio-8080-exec-1] EntityLoader - Static select for entity edu.matc.entity.User [FORCE]: select user0_.id as id1_1_0_, user0_.first_name as first_na2_1_0_, user0_.last_name as last_nam3_1_0_, user0_.password as password4_1_0_, user0_.steamid as steamid5_1_0_, user0_.user_name as user_nam6_1_0_ from users user0_ where user0_.id=? for update
[DEBUG] 2019-04-25 17:36:54.416 [http-nio-8080-exec-1] QuerySpacesImpl - Adding QuerySpace : uid = <gen:0> -> org.hibernate.loader.plan.build.internal.spaces.EntityQuerySpaceImpl@17808628]
[DEBUG] 2019-04-25 17:36:54.416 [http-nio-8080-exec-1] MetamodelGraphWalker - Visiting attribute path : firstName
[DEBUG] 2019-04-25 17:36:54.416 [http-nio-8080-exec-1] MetamodelGraphWalker - Visiting attribute path : lastName
[DEBUG] 2019-04-25 17:36:54.416 [http-nio-8080-exec-1] MetamodelGraphWalker - Visiting attribute path : password
[DEBUG] 2019-04-25 17:36:54.416 [http-nio-8080-exec-1] MetamodelGraphWalker - Visiting attribute path : steamID
[DEBUG] 2019-04-25 17:36:54.416 [http-nio-8080-exec-1] MetamodelGraphWalker - Visiting attribute path : userName
[DEBUG] 2019-04-25 17:36:54.416 [http-nio-8080-exec-1] FetchStyleLoadPlanBuildingAssociationVisitationStrategy - Building LoadPlan...
[DEBUG] 2019-04-25 17:36:54.416 [http-nio-8080-exec-1] LoadQueryJoinAndFetchProcessor - processing queryspace <gen:0>
[DEBUG] 2019-04-25 17:36:54.416 [http-nio-8080-exec-1] LoadPlanTreePrinter - LoadPlan(entity=edu.matc.entity.User)
    - Returns
       - EntityReturnImpl(entity=edu.matc.entity.User, querySpaceUid=<gen:0>, path=edu.matc.entity.User)
    - QuerySpaces
       - EntityQuerySpaceImpl(uid=<gen:0>, entity=edu.matc.entity.User)
          - SQL table alias mapping - user0_
          - alias suffix - 0_
          - suffixed key columns - {id1_1_0_}

[DEBUG] 2019-04-25 17:36:54.417 [http-nio-8080-exec-1] EntityLoader - Static select for entity edu.matc.entity.User [PESSIMISTIC_READ]: select user0_.id as id1_1_0_, user0_.first_name as first_na2_1_0_, user0_.last_name as last_nam3_1_0_, user0_.password as password4_1_0_, user0_.steamid as steamid5_1_0_, user0_.user_name as user_nam6_1_0_ from users user0_ where user0_.id=? lock in share mode
[DEBUG] 2019-04-25 17:36:54.417 [http-nio-8080-exec-1] QuerySpacesImpl - Adding QuerySpace : uid = <gen:0> -> org.hibernate.loader.plan.build.internal.spaces.EntityQuerySpaceImpl@234a6832]
[DEBUG] 2019-04-25 17:36:54.417 [http-nio-8080-exec-1] MetamodelGraphWalker - Visiting attribute path : firstName
[DEBUG] 2019-04-25 17:36:54.417 [http-nio-8080-exec-1] MetamodelGraphWalker - Visiting attribute path : lastName
[DEBUG] 2019-04-25 17:36:54.417 [http-nio-8080-exec-1] MetamodelGraphWalker - Visiting attribute path : password
[DEBUG] 2019-04-25 17:36:54.417 [http-nio-8080-exec-1] MetamodelGraphWalker - Visiting attribute path : steamID
[DEBUG] 2019-04-25 17:36:54.417 [http-nio-8080-exec-1] MetamodelGraphWalker - Visiting attribute path : userName
[DEBUG] 2019-04-25 17:36:54.417 [http-nio-8080-exec-1] FetchStyleLoadPlanBuildingAssociationVisitationStrategy - Building LoadPlan...
[DEBUG] 2019-04-25 17:36:54.417 [http-nio-8080-exec-1] LoadQueryJoinAndFetchProcessor - processing queryspace <gen:0>
[DEBUG] 2019-04-25 17:36:54.417 [http-nio-8080-exec-1] LoadPlanTreePrinter - LoadPlan(entity=edu.matc.entity.User)
    - Returns
       - EntityReturnImpl(entity=edu.matc.entity.User, querySpaceUid=<gen:0>, path=edu.matc.entity.User)
    - QuerySpaces
       - EntityQuerySpaceImpl(uid=<gen:0>, entity=edu.matc.entity.User)
          - SQL table alias mapping - user0_
          - alias suffix - 0_
          - suffixed key columns - {id1_1_0_}

[DEBUG] 2019-04-25 17:36:54.417 [http-nio-8080-exec-1] EntityLoader - Static select for entity edu.matc.entity.User [PESSIMISTIC_WRITE]: select user0_.id as id1_1_0_, user0_.first_name as first_na2_1_0_, user0_.last_name as last_nam3_1_0_, user0_.password as password4_1_0_, user0_.steamid as steamid5_1_0_, user0_.user_name as user_nam6_1_0_ from users user0_ where user0_.id=? for update
[DEBUG] 2019-04-25 17:36:54.417 [http-nio-8080-exec-1] QuerySpacesImpl - Adding QuerySpace : uid = <gen:0> -> org.hibernate.loader.plan.build.internal.spaces.EntityQuerySpaceImpl@1bec04a5]
[DEBUG] 2019-04-25 17:36:54.418 [http-nio-8080-exec-1] MetamodelGraphWalker - Visiting attribute path : firstName
[DEBUG] 2019-04-25 17:36:54.418 [http-nio-8080-exec-1] MetamodelGraphWalker - Visiting attribute path : lastName
[DEBUG] 2019-04-25 17:36:54.418 [http-nio-8080-exec-1] MetamodelGraphWalker - Visiting attribute path : password
[DEBUG] 2019-04-25 17:36:54.418 [http-nio-8080-exec-1] MetamodelGraphWalker - Visiting attribute path : steamID
[DEBUG] 2019-04-25 17:36:54.418 [http-nio-8080-exec-1] MetamodelGraphWalker - Visiting attribute path : userName
[DEBUG] 2019-04-25 17:36:54.418 [http-nio-8080-exec-1] FetchStyleLoadPlanBuildingAssociationVisitationStrategy - Building LoadPlan...
[DEBUG] 2019-04-25 17:36:54.418 [http-nio-8080-exec-1] LoadQueryJoinAndFetchProcessor - processing queryspace <gen:0>
[DEBUG] 2019-04-25 17:36:54.419 [http-nio-8080-exec-1] LoadPlanTreePrinter - LoadPlan(entity=edu.matc.entity.User)
    - Returns
       - EntityReturnImpl(entity=edu.matc.entity.User, querySpaceUid=<gen:0>, path=edu.matc.entity.User)
    - QuerySpaces
       - EntityQuerySpaceImpl(uid=<gen:0>, entity=edu.matc.entity.User)
          - SQL table alias mapping - user0_
          - alias suffix - 0_
          - suffixed key columns - {id1_1_0_}

[DEBUG] 2019-04-25 17:36:54.419 [http-nio-8080-exec-1] EntityLoader - Static select for entity edu.matc.entity.User [PESSIMISTIC_FORCE_INCREMENT]: select user0_.id as id1_1_0_, user0_.first_name as first_na2_1_0_, user0_.last_name as last_nam3_1_0_, user0_.password as password4_1_0_, user0_.steamid as steamid5_1_0_, user0_.user_name as user_nam6_1_0_ from users user0_ where user0_.id=? for update
[DEBUG] 2019-04-25 17:36:54.419 [http-nio-8080-exec-1] QuerySpacesImpl - Adding QuerySpace : uid = <gen:0> -> org.hibernate.loader.plan.build.internal.spaces.EntityQuerySpaceImpl@24df32cb]
[DEBUG] 2019-04-25 17:36:54.419 [http-nio-8080-exec-1] MetamodelGraphWalker - Visiting attribute path : firstName
[DEBUG] 2019-04-25 17:36:54.419 [http-nio-8080-exec-1] MetamodelGraphWalker - Visiting attribute path : lastName
[DEBUG] 2019-04-25 17:36:54.419 [http-nio-8080-exec-1] MetamodelGraphWalker - Visiting attribute path : password
[DEBUG] 2019-04-25 17:36:54.419 [http-nio-8080-exec-1] MetamodelGraphWalker - Visiting attribute path : steamID
[DEBUG] 2019-04-25 17:36:54.419 [http-nio-8080-exec-1] MetamodelGraphWalker - Visiting attribute path : userName
[DEBUG] 2019-04-25 17:36:54.419 [http-nio-8080-exec-1] FetchStyleLoadPlanBuildingAssociationVisitationStrategy - Building LoadPlan...
[DEBUG] 2019-04-25 17:36:54.419 [http-nio-8080-exec-1] LoadQueryJoinAndFetchProcessor - processing queryspace <gen:0>
[DEBUG] 2019-04-25 17:36:54.421 [http-nio-8080-exec-1] LoadPlanTreePrinter - LoadPlan(entity=edu.matc.entity.User)
    - Returns
       - EntityReturnImpl(entity=edu.matc.entity.User, querySpaceUid=<gen:0>, path=edu.matc.entity.User)
    - QuerySpaces
       - EntityQuerySpaceImpl(uid=<gen:0>, entity=edu.matc.entity.User)
          - SQL table alias mapping - user0_
          - alias suffix - 0_
          - suffixed key columns - {id1_1_0_}

[DEBUG] 2019-04-25 17:36:54.421 [http-nio-8080-exec-1] EntityLoader - Static select for entity edu.matc.entity.User [OPTIMISTIC]: select user0_.id as id1_1_0_, user0_.first_name as first_na2_1_0_, user0_.last_name as last_nam3_1_0_, user0_.password as password4_1_0_, user0_.steamid as steamid5_1_0_, user0_.user_name as user_nam6_1_0_ from users user0_ where user0_.id=?
[DEBUG] 2019-04-25 17:36:54.421 [http-nio-8080-exec-1] QuerySpacesImpl - Adding QuerySpace : uid = <gen:0> -> org.hibernate.loader.plan.build.internal.spaces.EntityQuerySpaceImpl@24ca6616]
[DEBUG] 2019-04-25 17:36:54.422 [http-nio-8080-exec-1] MetamodelGraphWalker - Visiting attribute path : firstName
[DEBUG] 2019-04-25 17:36:54.422 [http-nio-8080-exec-1] MetamodelGraphWalker - Visiting attribute path : lastName
[DEBUG] 2019-04-25 17:36:54.422 [http-nio-8080-exec-1] MetamodelGraphWalker - Visiting attribute path : password
[DEBUG] 2019-04-25 17:36:54.422 [http-nio-8080-exec-1] MetamodelGraphWalker - Visiting attribute path : steamID
[DEBUG] 2019-04-25 17:36:54.422 [http-nio-8080-exec-1] MetamodelGraphWalker - Visiting attribute path : userName
[DEBUG] 2019-04-25 17:36:54.422 [http-nio-8080-exec-1] FetchStyleLoadPlanBuildingAssociationVisitationStrategy - Building LoadPlan...
[DEBUG] 2019-04-25 17:36:54.422 [http-nio-8080-exec-1] LoadQueryJoinAndFetchProcessor - processing queryspace <gen:0>
[DEBUG] 2019-04-25 17:36:54.422 [http-nio-8080-exec-1] LoadPlanTreePrinter - LoadPlan(entity=edu.matc.entity.User)
    - Returns
       - EntityReturnImpl(entity=edu.matc.entity.User, querySpaceUid=<gen:0>, path=edu.matc.entity.User)
    - QuerySpaces
       - EntityQuerySpaceImpl(uid=<gen:0>, entity=edu.matc.entity.User)
          - SQL table alias mapping - user0_
          - alias suffix - 0_
          - suffixed key columns - {id1_1_0_}

[DEBUG] 2019-04-25 17:36:54.422 [http-nio-8080-exec-1] EntityLoader - Static select for entity edu.matc.entity.User [OPTIMISTIC_FORCE_INCREMENT]: select user0_.id as id1_1_0_, user0_.first_name as first_na2_1_0_, user0_.last_name as last_nam3_1_0_, user0_.password as password4_1_0_, user0_.steamid as steamid5_1_0_, user0_.user_name as user_nam6_1_0_ from users user0_ where user0_.id=?
[DEBUG] 2019-04-25 17:36:54.434 [http-nio-8080-exec-1] Loader - Static select for action ACTION_MERGE on entity edu.matc.entity.User: select user0_.id as id1_1_0_, user0_.first_name as first_na2_1_0_, user0_.last_name as last_nam3_1_0_, user0_.password as password4_1_0_, user0_.steamid as steamid5_1_0_, user0_.user_name as user_nam6_1_0_ from users user0_ where user0_.id=?
[DEBUG] 2019-04-25 17:36:54.436 [http-nio-8080-exec-1] Loader - Static select for action ACTION_REFRESH on entity edu.matc.entity.User: select user0_.id as id1_1_0_, user0_.first_name as first_na2_1_0_, user0_.last_name as last_nam3_1_0_, user0_.password as password4_1_0_, user0_.steamid as steamid5_1_0_, user0_.user_name as user_nam6_1_0_ from users user0_ where user0_.id=?
[DEBUG] 2019-04-25 17:36:54.437 [http-nio-8080-exec-1] AbstractEntityPersister - Static SQL for entity: edu.matc.entity.Role
[DEBUG] 2019-04-25 17:36:54.438 [http-nio-8080-exec-1] AbstractEntityPersister -  Version select: select id from roles where id =?
[DEBUG] 2019-04-25 17:36:54.438 [http-nio-8080-exec-1] AbstractEntityPersister -  Snapshot select: select role_.id, role_.role_title as role_tit2_0_, role_.user_id as user_id3_0_ from roles role_ where role_.id=?
[DEBUG] 2019-04-25 17:36:54.438 [http-nio-8080-exec-1] AbstractEntityPersister -  Insert 0: insert into roles (role_title, user_id, id) values (?, ?, ?)
[DEBUG] 2019-04-25 17:36:54.440 [http-nio-8080-exec-1] AbstractEntityPersister -  Update 0: update roles set role_title=?, user_id=? where id=?
[DEBUG] 2019-04-25 17:36:54.440 [http-nio-8080-exec-1] AbstractEntityPersister -  Delete 0: delete from roles where id=?
[DEBUG] 2019-04-25 17:36:54.440 [http-nio-8080-exec-1] AbstractEntityPersister -  Identity insert: insert into roles (role_title, user_id) values (?, ?)
[DEBUG] 2019-04-25 17:36:54.440 [http-nio-8080-exec-1] QuerySpacesImpl - Adding QuerySpace : uid = <gen:0> -> org.hibernate.loader.plan.build.internal.spaces.EntityQuerySpaceImpl@6d28c873]
[DEBUG] 2019-04-25 17:36:54.440 [http-nio-8080-exec-1] MetamodelGraphWalker - Visiting attribute path : role
[DEBUG] 2019-04-25 17:36:54.440 [http-nio-8080-exec-1] MetamodelGraphWalker - Visiting attribute path : user
[DEBUG] 2019-04-25 17:36:54.444 [http-nio-8080-exec-1] QuerySpacesImpl - Adding QuerySpace : uid = <gen:1> -> org.hibernate.loader.plan.build.internal.spaces.EntityQuerySpaceImpl@20a4469a]
[DEBUG] 2019-04-25 17:36:54.445 [http-nio-8080-exec-1] MetamodelGraphWalker - Visiting attribute path : user.firstName
[DEBUG] 2019-04-25 17:36:54.445 [http-nio-8080-exec-1] MetamodelGraphWalker - Visiting attribute path : user.lastName
[DEBUG] 2019-04-25 17:36:54.445 [http-nio-8080-exec-1] MetamodelGraphWalker - Visiting attribute path : user.password
[DEBUG] 2019-04-25 17:36:54.445 [http-nio-8080-exec-1] MetamodelGraphWalker - Visiting attribute path : user.steamID
[DEBUG] 2019-04-25 17:36:54.445 [http-nio-8080-exec-1] MetamodelGraphWalker - Visiting attribute path : user.userName
[DEBUG] 2019-04-25 17:36:54.445 [http-nio-8080-exec-1] FetchStyleLoadPlanBuildingAssociationVisitationStrategy - Building LoadPlan...
[DEBUG] 2019-04-25 17:36:54.446 [http-nio-8080-exec-1] LoadQueryJoinAndFetchProcessor - processing queryspace <gen:0>
[DEBUG] 2019-04-25 17:36:54.447 [http-nio-8080-exec-1] LoadPlanTreePrinter - LoadPlan(entity=edu.matc.entity.Role)
    - Returns
       - EntityReturnImpl(entity=edu.matc.entity.Role, querySpaceUid=<gen:0>, path=edu.matc.entity.Role)
          - EntityAttributeFetchImpl(entity=edu.matc.entity.User, querySpaceUid=<gen:1>, path=edu.matc.entity.Role.user)
    - QuerySpaces
       - EntityQuerySpaceImpl(uid=<gen:0>, entity=edu.matc.entity.Role)
          - SQL table alias mapping - role0_
          - alias suffix - 0_
          - suffixed key columns - {id1_0_0_}
          - JOIN (JoinDefinedByMetadata(user)) : <gen:0> -> <gen:1>
             - EntityQuerySpaceImpl(uid=<gen:1>, entity=edu.matc.entity.User)
                - SQL table alias mapping - user1_
                - alias suffix - 1_
                - suffixed key columns - {id1_1_1_}

[DEBUG] 2019-04-25 17:36:54.447 [http-nio-8080-exec-1] EntityLoader - Static select for entity edu.matc.entity.Role [NONE]: select role0_.id as id1_0_0_, role0_.role_title as role_tit2_0_0_, role0_.user_id as user_id3_0_0_, user1_.id as id1_1_1_, user1_.first_name as first_na2_1_1_, user1_.last_name as last_nam3_1_1_, user1_.password as password4_1_1_, user1_.steamid as steamid5_1_1_, user1_.user_name as user_nam6_1_1_ from roles role0_ left outer join users user1_ on role0_.user_id=user1_.id where role0_.id=?
[DEBUG] 2019-04-25 17:36:54.447 [http-nio-8080-exec-1] QuerySpacesImpl - Adding QuerySpace : uid = <gen:0> -> org.hibernate.loader.plan.build.internal.spaces.EntityQuerySpaceImpl@33c669f3]
[DEBUG] 2019-04-25 17:36:54.447 [http-nio-8080-exec-1] MetamodelGraphWalker - Visiting attribute path : role
[DEBUG] 2019-04-25 17:36:54.447 [http-nio-8080-exec-1] MetamodelGraphWalker - Visiting attribute path : user
[DEBUG] 2019-04-25 17:36:54.447 [http-nio-8080-exec-1] QuerySpacesImpl - Adding QuerySpace : uid = <gen:1> -> org.hibernate.loader.plan.build.internal.spaces.EntityQuerySpaceImpl@3251d0e3]
[DEBUG] 2019-04-25 17:36:54.447 [http-nio-8080-exec-1] MetamodelGraphWalker - Visiting attribute path : user.firstName
[DEBUG] 2019-04-25 17:36:54.447 [http-nio-8080-exec-1] MetamodelGraphWalker - Visiting attribute path : user.lastName
[DEBUG] 2019-04-25 17:36:54.447 [http-nio-8080-exec-1] MetamodelGraphWalker - Visiting attribute path : user.password
[DEBUG] 2019-04-25 17:36:54.447 [http-nio-8080-exec-1] MetamodelGraphWalker - Visiting attribute path : user.steamID
[DEBUG] 2019-04-25 17:36:54.447 [http-nio-8080-exec-1] MetamodelGraphWalker - Visiting attribute path : user.userName
[DEBUG] 2019-04-25 17:36:54.447 [http-nio-8080-exec-1] FetchStyleLoadPlanBuildingAssociationVisitationStrategy - Building LoadPlan...
[DEBUG] 2019-04-25 17:36:54.447 [http-nio-8080-exec-1] LoadQueryJoinAndFetchProcessor - processing queryspace <gen:0>
[DEBUG] 2019-04-25 17:36:54.448 [http-nio-8080-exec-1] LoadPlanTreePrinter - LoadPlan(entity=edu.matc.entity.Role)
    - Returns
       - EntityReturnImpl(entity=edu.matc.entity.Role, querySpaceUid=<gen:0>, path=edu.matc.entity.Role)
          - EntityAttributeFetchImpl(entity=edu.matc.entity.User, querySpaceUid=<gen:1>, path=edu.matc.entity.Role.user)
    - QuerySpaces
       - EntityQuerySpaceImpl(uid=<gen:0>, entity=edu.matc.entity.Role)
          - SQL table alias mapping - role0_
          - alias suffix - 0_
          - suffixed key columns - {id1_0_0_}
          - JOIN (JoinDefinedByMetadata(user)) : <gen:0> -> <gen:1>
             - EntityQuerySpaceImpl(uid=<gen:1>, entity=edu.matc.entity.User)
                - SQL table alias mapping - user1_
                - alias suffix - 1_
                - suffixed key columns - {id1_1_1_}

[DEBUG] 2019-04-25 17:36:54.448 [http-nio-8080-exec-1] EntityLoader - Static select for entity edu.matc.entity.Role [READ]: select role0_.id as id1_0_0_, role0_.role_title as role_tit2_0_0_, role0_.user_id as user_id3_0_0_, user1_.id as id1_1_1_, user1_.first_name as first_na2_1_1_, user1_.last_name as last_nam3_1_1_, user1_.password as password4_1_1_, user1_.steamid as steamid5_1_1_, user1_.user_name as user_nam6_1_1_ from roles role0_ left outer join users user1_ on role0_.user_id=user1_.id where role0_.id=?
[DEBUG] 2019-04-25 17:36:54.449 [http-nio-8080-exec-1] QuerySpacesImpl - Adding QuerySpace : uid = <gen:0> -> org.hibernate.loader.plan.build.internal.spaces.EntityQuerySpaceImpl@5649b52d]
[DEBUG] 2019-04-25 17:36:54.449 [http-nio-8080-exec-1] MetamodelGraphWalker - Visiting attribute path : role
[DEBUG] 2019-04-25 17:36:54.449 [http-nio-8080-exec-1] MetamodelGraphWalker - Visiting attribute path : user
[DEBUG] 2019-04-25 17:36:54.449 [http-nio-8080-exec-1] QuerySpacesImpl - Adding QuerySpace : uid = <gen:1> -> org.hibernate.loader.plan.build.internal.spaces.EntityQuerySpaceImpl@713131a1]
[DEBUG] 2019-04-25 17:36:54.449 [http-nio-8080-exec-1] FetchStyleLoadPlanBuildingAssociationVisitationStrategy - Building LoadPlan...
[DEBUG] 2019-04-25 17:36:54.449 [http-nio-8080-exec-1] LoadQueryJoinAndFetchProcessor - processing queryspace <gen:0>
[DEBUG] 2019-04-25 17:36:54.449 [http-nio-8080-exec-1] LoadPlanTreePrinter - LoadPlan(entity=edu.matc.entity.Role)
    - Returns
       - EntityReturnImpl(entity=edu.matc.entity.Role, querySpaceUid=<gen:0>, path=edu.matc.entity.Role)
          - EntityAttributeFetchImpl(entity=edu.matc.entity.User, querySpaceUid=<gen:1>, path=edu.matc.entity.Role.user)
    - QuerySpaces
       - EntityQuerySpaceImpl(uid=<gen:0>, entity=edu.matc.entity.Role)
          - SQL table alias mapping - role0_
          - alias suffix - 0_
          - suffixed key columns - {id1_0_0_}

[DEBUG] 2019-04-25 17:36:54.449 [http-nio-8080-exec-1] EntityLoader - Static select for entity edu.matc.entity.Role [UPGRADE]: select role0_.id as id1_0_0_, role0_.role_title as role_tit2_0_0_, role0_.user_id as user_id3_0_0_ from roles role0_ where role0_.id=? for update
[DEBUG] 2019-04-25 17:36:54.449 [http-nio-8080-exec-1] QuerySpacesImpl - Adding QuerySpace : uid = <gen:0> -> org.hibernate.loader.plan.build.internal.spaces.EntityQuerySpaceImpl@211ebf9f]
[DEBUG] 2019-04-25 17:36:54.449 [http-nio-8080-exec-1] MetamodelGraphWalker - Visiting attribute path : role
[DEBUG] 2019-04-25 17:36:54.449 [http-nio-8080-exec-1] MetamodelGraphWalker - Visiting attribute path : user
[DEBUG] 2019-04-25 17:36:54.449 [http-nio-8080-exec-1] QuerySpacesImpl - Adding QuerySpace : uid = <gen:1> -> org.hibernate.loader.plan.build.internal.spaces.EntityQuerySpaceImpl@2e1bd59f]
[DEBUG] 2019-04-25 17:36:54.449 [http-nio-8080-exec-1] FetchStyleLoadPlanBuildingAssociationVisitationStrategy - Building LoadPlan...
[DEBUG] 2019-04-25 17:36:54.450 [http-nio-8080-exec-1] LoadQueryJoinAndFetchProcessor - processing queryspace <gen:0>
[DEBUG] 2019-04-25 17:36:54.450 [http-nio-8080-exec-1] LoadPlanTreePrinter - LoadPlan(entity=edu.matc.entity.Role)
    - Returns
       - EntityReturnImpl(entity=edu.matc.entity.Role, querySpaceUid=<gen:0>, path=edu.matc.entity.Role)
          - EntityAttributeFetchImpl(entity=edu.matc.entity.User, querySpaceUid=<gen:1>, path=edu.matc.entity.Role.user)
    - QuerySpaces
       - EntityQuerySpaceImpl(uid=<gen:0>, entity=edu.matc.entity.Role)
          - SQL table alias mapping - role0_
          - alias suffix - 0_
          - suffixed key columns - {id1_0_0_}

[DEBUG] 2019-04-25 17:36:54.451 [http-nio-8080-exec-1] EntityLoader - Static select for entity edu.matc.entity.Role [UPGRADE_NOWAIT]: select role0_.id as id1_0_0_, role0_.role_title as role_tit2_0_0_, role0_.user_id as user_id3_0_0_ from roles role0_ where role0_.id=? for update
[DEBUG] 2019-04-25 17:36:54.451 [http-nio-8080-exec-1] QuerySpacesImpl - Adding QuerySpace : uid = <gen:0> -> org.hibernate.loader.plan.build.internal.spaces.EntityQuerySpaceImpl@565f55c4]
[DEBUG] 2019-04-25 17:36:54.451 [http-nio-8080-exec-1] MetamodelGraphWalker - Visiting attribute path : role
[DEBUG] 2019-04-25 17:36:54.451 [http-nio-8080-exec-1] MetamodelGraphWalker - Visiting attribute path : user
[DEBUG] 2019-04-25 17:36:54.451 [http-nio-8080-exec-1] QuerySpacesImpl - Adding QuerySpace : uid = <gen:1> -> org.hibernate.loader.plan.build.internal.spaces.EntityQuerySpaceImpl@14a85b30]
[DEBUG] 2019-04-25 17:36:54.451 [http-nio-8080-exec-1] FetchStyleLoadPlanBuildingAssociationVisitationStrategy - Building LoadPlan...
[DEBUG] 2019-04-25 17:36:54.451 [http-nio-8080-exec-1] LoadQueryJoinAndFetchProcessor - processing queryspace <gen:0>
[DEBUG] 2019-04-25 17:36:54.451 [http-nio-8080-exec-1] LoadPlanTreePrinter - LoadPlan(entity=edu.matc.entity.Role)
    - Returns
       - EntityReturnImpl(entity=edu.matc.entity.Role, querySpaceUid=<gen:0>, path=edu.matc.entity.Role)
          - EntityAttributeFetchImpl(entity=edu.matc.entity.User, querySpaceUid=<gen:1>, path=edu.matc.entity.Role.user)
    - QuerySpaces
       - EntityQuerySpaceImpl(uid=<gen:0>, entity=edu.matc.entity.Role)
          - SQL table alias mapping - role0_
          - alias suffix - 0_
          - suffixed key columns - {id1_0_0_}

[DEBUG] 2019-04-25 17:36:54.451 [http-nio-8080-exec-1] EntityLoader - Static select for entity edu.matc.entity.Role [UPGRADE_SKIPLOCKED]: select role0_.id as id1_0_0_, role0_.role_title as role_tit2_0_0_, role0_.user_id as user_id3_0_0_ from roles role0_ where role0_.id=? for update
[DEBUG] 2019-04-25 17:36:54.451 [http-nio-8080-exec-1] QuerySpacesImpl - Adding QuerySpace : uid = <gen:0> -> org.hibernate.loader.plan.build.internal.spaces.EntityQuerySpaceImpl@64efd317]
[DEBUG] 2019-04-25 17:36:54.451 [http-nio-8080-exec-1] MetamodelGraphWalker - Visiting attribute path : role
[DEBUG] 2019-04-25 17:36:54.451 [http-nio-8080-exec-1] MetamodelGraphWalker - Visiting attribute path : user
[DEBUG] 2019-04-25 17:36:54.451 [http-nio-8080-exec-1] QuerySpacesImpl - Adding QuerySpace : uid = <gen:1> -> org.hibernate.loader.plan.build.internal.spaces.EntityQuerySpaceImpl@5403fb8]
[DEBUG] 2019-04-25 17:36:54.451 [http-nio-8080-exec-1] FetchStyleLoadPlanBuildingAssociationVisitationStrategy - Building LoadPlan...
[DEBUG] 2019-04-25 17:36:54.452 [http-nio-8080-exec-1] LoadQueryJoinAndFetchProcessor - processing queryspace <gen:0>
[DEBUG] 2019-04-25 17:36:54.452 [http-nio-8080-exec-1] LoadPlanTreePrinter - LoadPlan(entity=edu.matc.entity.Role)
    - Returns
       - EntityReturnImpl(entity=edu.matc.entity.Role, querySpaceUid=<gen:0>, path=edu.matc.entity.Role)
          - EntityAttributeFetchImpl(entity=edu.matc.entity.User, querySpaceUid=<gen:1>, path=edu.matc.entity.Role.user)
    - QuerySpaces
       - EntityQuerySpaceImpl(uid=<gen:0>, entity=edu.matc.entity.Role)
          - SQL table alias mapping - role0_
          - alias suffix - 0_
          - suffixed key columns - {id1_0_0_}

[DEBUG] 2019-04-25 17:36:54.452 [http-nio-8080-exec-1] EntityLoader - Static select for entity edu.matc.entity.Role [FORCE]: select role0_.id as id1_0_0_, role0_.role_title as role_tit2_0_0_, role0_.user_id as user_id3_0_0_ from roles role0_ where role0_.id=? for update
[DEBUG] 2019-04-25 17:36:54.452 [http-nio-8080-exec-1] QuerySpacesImpl - Adding QuerySpace : uid = <gen:0> -> org.hibernate.loader.plan.build.internal.spaces.EntityQuerySpaceImpl@53e795fb]
[DEBUG] 2019-04-25 17:36:54.452 [http-nio-8080-exec-1] MetamodelGraphWalker - Visiting attribute path : role
[DEBUG] 2019-04-25 17:36:54.452 [http-nio-8080-exec-1] MetamodelGraphWalker - Visiting attribute path : user
[DEBUG] 2019-04-25 17:36:54.453 [http-nio-8080-exec-1] QuerySpacesImpl - Adding QuerySpace : uid = <gen:1> -> org.hibernate.loader.plan.build.internal.spaces.EntityQuerySpaceImpl@13bbe272]
[DEBUG] 2019-04-25 17:36:54.453 [http-nio-8080-exec-1] FetchStyleLoadPlanBuildingAssociationVisitationStrategy - Building LoadPlan...
[DEBUG] 2019-04-25 17:36:54.453 [http-nio-8080-exec-1] LoadQueryJoinAndFetchProcessor - processing queryspace <gen:0>
[DEBUG] 2019-04-25 17:36:54.453 [http-nio-8080-exec-1] LoadPlanTreePrinter - LoadPlan(entity=edu.matc.entity.Role)
    - Returns
       - EntityReturnImpl(entity=edu.matc.entity.Role, querySpaceUid=<gen:0>, path=edu.matc.entity.Role)
          - EntityAttributeFetchImpl(entity=edu.matc.entity.User, querySpaceUid=<gen:1>, path=edu.matc.entity.Role.user)
    - QuerySpaces
       - EntityQuerySpaceImpl(uid=<gen:0>, entity=edu.matc.entity.Role)
          - SQL table alias mapping - role0_
          - alias suffix - 0_
          - suffixed key columns - {id1_0_0_}

[DEBUG] 2019-04-25 17:36:54.453 [http-nio-8080-exec-1] EntityLoader - Static select for entity edu.matc.entity.Role [PESSIMISTIC_READ]: select role0_.id as id1_0_0_, role0_.role_title as role_tit2_0_0_, role0_.user_id as user_id3_0_0_ from roles role0_ where role0_.id=? lock in share mode
[DEBUG] 2019-04-25 17:36:54.453 [http-nio-8080-exec-1] QuerySpacesImpl - Adding QuerySpace : uid = <gen:0> -> org.hibernate.loader.plan.build.internal.spaces.EntityQuerySpaceImpl@1702a242]
[DEBUG] 2019-04-25 17:36:54.454 [http-nio-8080-exec-1] MetamodelGraphWalker - Visiting attribute path : role
[DEBUG] 2019-04-25 17:36:54.454 [http-nio-8080-exec-1] MetamodelGraphWalker - Visiting attribute path : user
[DEBUG] 2019-04-25 17:36:54.454 [http-nio-8080-exec-1] QuerySpacesImpl - Adding QuerySpace : uid = <gen:1> -> org.hibernate.loader.plan.build.internal.spaces.EntityQuerySpaceImpl@652de4b0]
[DEBUG] 2019-04-25 17:36:54.454 [http-nio-8080-exec-1] FetchStyleLoadPlanBuildingAssociationVisitationStrategy - Building LoadPlan...
[DEBUG] 2019-04-25 17:36:54.454 [http-nio-8080-exec-1] LoadQueryJoinAndFetchProcessor - processing queryspace <gen:0>
[DEBUG] 2019-04-25 17:36:54.455 [http-nio-8080-exec-1] LoadPlanTreePrinter - LoadPlan(entity=edu.matc.entity.Role)
    - Returns
       - EntityReturnImpl(entity=edu.matc.entity.Role, querySpaceUid=<gen:0>, path=edu.matc.entity.Role)
          - EntityAttributeFetchImpl(entity=edu.matc.entity.User, querySpaceUid=<gen:1>, path=edu.matc.entity.Role.user)
    - QuerySpaces
       - EntityQuerySpaceImpl(uid=<gen:0>, entity=edu.matc.entity.Role)
          - SQL table alias mapping - role0_
          - alias suffix - 0_
          - suffixed key columns - {id1_0_0_}

[DEBUG] 2019-04-25 17:36:54.455 [http-nio-8080-exec-1] EntityLoader - Static select for entity edu.matc.entity.Role [PESSIMISTIC_WRITE]: select role0_.id as id1_0_0_, role0_.role_title as role_tit2_0_0_, role0_.user_id as user_id3_0_0_ from roles role0_ where role0_.id=? for update
[DEBUG] 2019-04-25 17:36:54.455 [http-nio-8080-exec-1] QuerySpacesImpl - Adding QuerySpace : uid = <gen:0> -> org.hibernate.loader.plan.build.internal.spaces.EntityQuerySpaceImpl@29493215]
[DEBUG] 2019-04-25 17:36:54.455 [http-nio-8080-exec-1] MetamodelGraphWalker - Visiting attribute path : role
[DEBUG] 2019-04-25 17:36:54.455 [http-nio-8080-exec-1] MetamodelGraphWalker - Visiting attribute path : user
[DEBUG] 2019-04-25 17:36:54.455 [http-nio-8080-exec-1] QuerySpacesImpl - Adding QuerySpace : uid = <gen:1> -> org.hibernate.loader.plan.build.internal.spaces.EntityQuerySpaceImpl@7e0318b6]
[DEBUG] 2019-04-25 17:36:54.455 [http-nio-8080-exec-1] FetchStyleLoadPlanBuildingAssociationVisitationStrategy - Building LoadPlan...
[DEBUG] 2019-04-25 17:36:54.455 [http-nio-8080-exec-1] LoadQueryJoinAndFetchProcessor - processing queryspace <gen:0>
[DEBUG] 2019-04-25 17:36:54.455 [http-nio-8080-exec-1] LoadPlanTreePrinter - LoadPlan(entity=edu.matc.entity.Role)
    - Returns
       - EntityReturnImpl(entity=edu.matc.entity.Role, querySpaceUid=<gen:0>, path=edu.matc.entity.Role)
          - EntityAttributeFetchImpl(entity=edu.matc.entity.User, querySpaceUid=<gen:1>, path=edu.matc.entity.Role.user)
    - QuerySpaces
       - EntityQuerySpaceImpl(uid=<gen:0>, entity=edu.matc.entity.Role)
          - SQL table alias mapping - role0_
          - alias suffix - 0_
          - suffixed key columns - {id1_0_0_}

[DEBUG] 2019-04-25 17:36:54.458 [http-nio-8080-exec-1] EntityLoader - Static select for entity edu.matc.entity.Role [PESSIMISTIC_FORCE_INCREMENT]: select role0_.id as id1_0_0_, role0_.role_title as role_tit2_0_0_, role0_.user_id as user_id3_0_0_ from roles role0_ where role0_.id=? for update
[DEBUG] 2019-04-25 17:36:54.458 [http-nio-8080-exec-1] QuerySpacesImpl - Adding QuerySpace : uid = <gen:0> -> org.hibernate.loader.plan.build.internal.spaces.EntityQuerySpaceImpl@74017ba2]
[DEBUG] 2019-04-25 17:36:54.458 [http-nio-8080-exec-1] MetamodelGraphWalker - Visiting attribute path : role
[DEBUG] 2019-04-25 17:36:54.458 [http-nio-8080-exec-1] MetamodelGraphWalker - Visiting attribute path : user
[DEBUG] 2019-04-25 17:36:54.458 [http-nio-8080-exec-1] QuerySpacesImpl - Adding QuerySpace : uid = <gen:1> -> org.hibernate.loader.plan.build.internal.spaces.EntityQuerySpaceImpl@633ab403]
[DEBUG] 2019-04-25 17:36:54.459 [http-nio-8080-exec-1] FetchStyleLoadPlanBuildingAssociationVisitationStrategy - Building LoadPlan...
[DEBUG] 2019-04-25 17:36:54.459 [http-nio-8080-exec-1] LoadQueryJoinAndFetchProcessor - processing queryspace <gen:0>
[DEBUG] 2019-04-25 17:36:54.459 [http-nio-8080-exec-1] LoadPlanTreePrinter - LoadPlan(entity=edu.matc.entity.Role)
    - Returns
       - EntityReturnImpl(entity=edu.matc.entity.Role, querySpaceUid=<gen:0>, path=edu.matc.entity.Role)
          - EntityAttributeFetchImpl(entity=edu.matc.entity.User, querySpaceUid=<gen:1>, path=edu.matc.entity.Role.user)
    - QuerySpaces
       - EntityQuerySpaceImpl(uid=<gen:0>, entity=edu.matc.entity.Role)
          - SQL table alias mapping - role0_
          - alias suffix - 0_
          - suffixed key columns - {id1_0_0_}

[DEBUG] 2019-04-25 17:36:54.460 [http-nio-8080-exec-1] EntityLoader - Static select for entity edu.matc.entity.Role [OPTIMISTIC]: select role0_.id as id1_0_0_, role0_.role_title as role_tit2_0_0_, role0_.user_id as user_id3_0_0_ from roles role0_ where role0_.id=?
[DEBUG] 2019-04-25 17:36:54.460 [http-nio-8080-exec-1] QuerySpacesImpl - Adding QuerySpace : uid = <gen:0> -> org.hibernate.loader.plan.build.internal.spaces.EntityQuerySpaceImpl@59ac67a]
[DEBUG] 2019-04-25 17:36:54.460 [http-nio-8080-exec-1] MetamodelGraphWalker - Visiting attribute path : role
[DEBUG] 2019-04-25 17:36:54.460 [http-nio-8080-exec-1] MetamodelGraphWalker - Visiting attribute path : user
[DEBUG] 2019-04-25 17:36:54.460 [http-nio-8080-exec-1] QuerySpacesImpl - Adding QuerySpace : uid = <gen:1> -> org.hibernate.loader.plan.build.internal.spaces.EntityQuerySpaceImpl@2fe1adb4]
[DEBUG] 2019-04-25 17:36:54.460 [http-nio-8080-exec-1] FetchStyleLoadPlanBuildingAssociationVisitationStrategy - Building LoadPlan...
[DEBUG] 2019-04-25 17:36:54.460 [http-nio-8080-exec-1] LoadQueryJoinAndFetchProcessor - processing queryspace <gen:0>
[DEBUG] 2019-04-25 17:36:54.461 [http-nio-8080-exec-1] LoadPlanTreePrinter - LoadPlan(entity=edu.matc.entity.Role)
    - Returns
       - EntityReturnImpl(entity=edu.matc.entity.Role, querySpaceUid=<gen:0>, path=edu.matc.entity.Role)
          - EntityAttributeFetchImpl(entity=edu.matc.entity.User, querySpaceUid=<gen:1>, path=edu.matc.entity.Role.user)
    - QuerySpaces
       - EntityQuerySpaceImpl(uid=<gen:0>, entity=edu.matc.entity.Role)
          - SQL table alias mapping - role0_
          - alias suffix - 0_
          - suffixed key columns - {id1_0_0_}

[DEBUG] 2019-04-25 17:36:54.461 [http-nio-8080-exec-1] EntityLoader - Static select for entity edu.matc.entity.Role [OPTIMISTIC_FORCE_INCREMENT]: select role0_.id as id1_0_0_, role0_.role_title as role_tit2_0_0_, role0_.user_id as user_id3_0_0_ from roles role0_ where role0_.id=?
[DEBUG] 2019-04-25 17:36:54.461 [http-nio-8080-exec-1] Loader - Static select for action ACTION_MERGE on entity edu.matc.entity.Role: select role0_.id as id1_0_0_, role0_.role_title as role_tit2_0_0_, role0_.user_id as user_id3_0_0_ from roles role0_ where role0_.id=?
[DEBUG] 2019-04-25 17:36:54.461 [http-nio-8080-exec-1] Loader - Static select for action ACTION_REFRESH on entity edu.matc.entity.Role: select role0_.id as id1_0_0_, role0_.role_title as role_tit2_0_0_, role0_.user_id as user_id3_0_0_ from roles role0_ where role0_.id=?
[DEBUG] 2019-04-25 17:36:54.483 [http-nio-8080-exec-1] SchemaManagementToolCoordinator - No actions specified; doing nothing
[DEBUG] 2019-04-25 17:36:54.484 [http-nio-8080-exec-1] JtaPlatformInitiator - No JtaPlatform was specified, checking resolver
[DEBUG] 2019-04-25 17:36:54.484 [http-nio-8080-exec-1] JtaPlatformResolverInitiator - No JtaPlatformResolver was specified, using default [org.hibernate.engine.transaction.jta.platform.internal.StandardJtaPlatformResolver]
[DEBUG] 2019-04-25 17:36:54.490 [http-nio-8080-exec-1] StandardJtaPlatformResolver - Could not resolve JtaPlatform, using default [org.hibernate.engine.transaction.jta.platform.internal.NoJtaPlatform]
[DEBUG] 2019-04-25 17:36:54.490 [http-nio-8080-exec-1] NamedQueryRepository - Checking 0 named HQL queries
[DEBUG] 2019-04-25 17:36:54.491 [http-nio-8080-exec-1] NamedQueryRepository - Checking 0 named SQL queries
[DEBUG] 2019-04-25 17:36:54.494 [http-nio-8080-exec-1] SessionFactoryRegistry - Initializing SessionFactoryRegistry : org.hibernate.internal.SessionFactoryRegistry@2295ec20
[DEBUG] 2019-04-25 17:36:54.495 [http-nio-8080-exec-1] SessionFactoryRegistry - Registering SessionFactory: 1df9054f-8b22-4a5e-bc05-b8abfef0242c (<unnamed>)
[DEBUG] 2019-04-25 17:36:54.495 [http-nio-8080-exec-1] SessionFactoryRegistry - Not binding SessionFactory to JNDI, no JNDI name configured
[DEBUG] 2019-04-25 17:36:54.563 [http-nio-8080-exec-1] StatisticsInitiator - Statistics initialized [enabled=false]
[DEBUG] 2019-04-25 17:36:54.605 [http-nio-8080-exec-1] CriteriaQueryImpl - Rendered criteria query -> select generatedAlias0 from User as generatedAlias0 where generatedAlias0.userName like :param0
[DEBUG] 2019-04-25 17:36:54.625 [http-nio-8080-exec-1] QueryTranslatorFactoryInitiator - QueryTranslatorFactory : org.hibernate.hql.internal.ast.ASTQueryTranslatorFactory@b9bb474
[INFO ] 2019-04-25 17:36:54.625 [http-nio-8080-exec-1] QueryTranslatorFactoryInitiator - HHH000397: Using ASTQueryTranslatorFactory
[DEBUG] 2019-04-25 17:36:54.665 [http-nio-8080-exec-1] QueryTranslatorImpl - parse() - HQL: select generatedAlias0 from edu.matc.entity.User as generatedAlias0 where generatedAlias0.userName like :param0
[DEBUG] 2019-04-25 17:36:54.671 [http-nio-8080-exec-1] ErrorCounter - throwQueryException() : no errors
[DEBUG] 2019-04-25 17:36:54.673 [http-nio-8080-exec-1] QueryTranslatorImpl - --- HQL AST ---
 \-[QUERY] Node: 'query'
    +-[SELECT_FROM] Node: 'SELECT_FROM'
    |  +-[FROM] Node: 'from'
    |  |  \-[RANGE] Node: 'RANGE'
    |  |     +-[DOT] Node: '.'
    |  |     |  +-[DOT] Node: '.'
    |  |     |  |  +-[DOT] Node: '.'
    |  |     |  |  |  +-[IDENT] Node: 'edu'
    |  |     |  |  |  \-[IDENT] Node: 'matc'
    |  |     |  |  \-[IDENT] Node: 'entity'
    |  |     |  \-[IDENT] Node: 'User'
    |  |     \-[ALIAS] Node: 'generatedAlias0'
    |  \-[SELECT] Node: 'select'
    |     \-[IDENT] Node: 'generatedAlias0'
    \-[WHERE] Node: 'where'
       \-[LIKE] Node: 'like'
          +-[DOT] Node: '.'
          |  +-[IDENT] Node: 'generatedAlias0'
          |  \-[IDENT] Node: 'userName'
          \-[COLON] Node: ':'
             \-[IDENT] Node: 'param0'

[DEBUG] 2019-04-25 17:36:54.697 [http-nio-8080-exec-1] HqlSqlBaseWalker - select << begin [level=1, statement=select]
[DEBUG] 2019-04-25 17:36:54.711 [http-nio-8080-exec-1] FromElement - FromClause{level=1} : edu.matc.entity.User (generatedAlias0) -> user0_
[DEBUG] 2019-04-25 17:36:54.712 [http-nio-8080-exec-1] FromReferenceNode - Resolved : generatedAlias0 -> user0_.id
[DEBUG] 2019-04-25 17:36:54.714 [http-nio-8080-exec-1] FromReferenceNode - Resolved : generatedAlias0 -> user0_.id
[DEBUG] 2019-04-25 17:36:54.715 [http-nio-8080-exec-1] DotNode - getDataType() : userName -> org.hibernate.type.StringType@4ceaf8fe
[DEBUG] 2019-04-25 17:36:54.716 [http-nio-8080-exec-1] FromReferenceNode - Resolved : generatedAlias0.userName -> user0_.user_name
[DEBUG] 2019-04-25 17:36:54.718 [http-nio-8080-exec-1] HqlSqlBaseWalker - select : finishing up [level=1, statement=select]
[DEBUG] 2019-04-25 17:36:54.718 [http-nio-8080-exec-1] HqlSqlWalker - processQuery() :  ( SELECT ( {select clause} user0_.id ) ( FromClause{level=1} users user0_ ) ( where ( like ( user0_.user_name user0_.id userName ) ? ) ) )
[DEBUG] 2019-04-25 17:36:54.726 [http-nio-8080-exec-1] JoinProcessor - Using FROM fragment [users user0_]
[DEBUG] 2019-04-25 17:36:54.727 [http-nio-8080-exec-1] HqlSqlBaseWalker - select >> end [level=1, statement=select]
[DEBUG] 2019-04-25 17:36:54.727 [http-nio-8080-exec-1] QueryTranslatorImpl - --- SQL AST ---
 \-[SELECT] QueryNode: 'SELECT'  querySpaces (users)
    +-[SELECT_CLAUSE] SelectClause: '{select clause}'
    |  +-[ALIAS_REF] IdentNode: 'user0_.id as id1_1_' {alias=generatedAlias0, className=edu.matc.entity.User, tableAlias=user0_}
    |  \-[SQL_TOKEN] SqlFragment: 'user0_.first_name as first_na2_1_, user0_.last_name as last_nam3_1_, user0_.password as password4_1_, user0_.steamid as steamid5_1_, user0_.user_name as user_nam6_1_'
    +-[FROM] FromClause: 'from' FromClause{level=1, fromElementCounter=1, fromElements=1, fromElementByClassAlias=[generatedAlias0], fromElementByTableAlias=[user0_], fromElementsByPath=[], collectionJoinFromElementsByPath=[], impliedElements=[]}
    |  \-[FROM_FRAGMENT] FromElement: 'users user0_' FromElement{explicit,not a collection join,not a fetch join,fetch non-lazy properties,classAlias=generatedAlias0,role=null,tableName=users,tableAlias=user0_,origin=null,columns={,className=edu.matc.entity.User}}
    \-[WHERE] SqlNode: 'where'
       \-[LIKE] BinaryLogicOperatorNode: 'like'
          +-[DOT] DotNode: 'user0_.user_name' {propertyName=userName,dereferenceType=PRIMITIVE,getPropertyPath=userName,path=generatedAlias0.userName,tableAlias=user0_,className=edu.matc.entity.User,classAlias=generatedAlias0}
          |  +-[ALIAS_REF] IdentNode: 'user0_.id' {alias=generatedAlias0, className=edu.matc.entity.User, tableAlias=user0_}
          |  \-[IDENT] IdentNode: 'userName' {originalText=userName}
          \-[NAMED_PARAM] ParameterNode: '?' {name=param0, expectedType=org.hibernate.type.StringType@4ceaf8fe}

[DEBUG] 2019-04-25 17:36:54.727 [http-nio-8080-exec-1] ErrorCounter - throwQueryException() : no errors
[DEBUG] 2019-04-25 17:36:54.733 [http-nio-8080-exec-1] QueryTranslatorImpl - HQL: select generatedAlias0 from edu.matc.entity.User as generatedAlias0 where generatedAlias0.userName like :param0
[DEBUG] 2019-04-25 17:36:54.733 [http-nio-8080-exec-1] QueryTranslatorImpl - SQL: select user0_.id as id1_1_, user0_.first_name as first_na2_1_, user0_.last_name as last_nam3_1_, user0_.password as password4_1_, user0_.steamid as steamid5_1_, user0_.user_name as user_nam6_1_ from users user0_ where user0_.user_name like ?
[DEBUG] 2019-04-25 17:36:54.733 [http-nio-8080-exec-1] ErrorCounter - throwQueryException() : no errors
[DEBUG] 2019-04-25 17:36:54.752 [http-nio-8080-exec-1] SQL - select user0_.id as id1_1_, user0_.first_name as first_na2_1_, user0_.last_name as last_nam3_1_, user0_.password as password4_1_, user0_.steamid as steamid5_1_, user0_.user_name as user_nam6_1_ from users user0_ where user0_.user_name like ?
[DEBUG] 2019-04-25 17:36:54.771 [http-nio-8080-exec-1] Loader - Result set row: 0
[DEBUG] 2019-04-25 17:36:54.774 [http-nio-8080-exec-1] Loader - Result row: EntityKey[edu.matc.entity.User#1]
[DEBUG] 2019-04-25 17:36:54.781 [http-nio-8080-exec-1] TwoPhaseLoad - Resolving associations for [edu.matc.entity.User#1]
[DEBUG] 2019-04-25 17:36:54.782 [http-nio-8080-exec-1] TwoPhaseLoad - Done materializing entity [edu.matc.entity.User#1]
[DEBUG] 2019-04-25 17:36:54.784 [http-nio-8080-exec-1] LogicalConnectionManagedImpl - Initiating JDBC connection release from afterTransaction
